[2023-09-05T06:08:16.448+0000] {logging_mixin.py:151} INFO - Changing /opt/***/logs/dag_id=dataset_consumes_1/run_id=manual__2023-09-05T06:08:11.490678+00:00/task_id=consuming_1 permission to 509
[2023-09-05T06:08:16.503+0000] {logging_mixin.py:151} INFO - Changing /opt/***/logs/dag_id=dataset_consumes_1/run_id=manual__2023-09-05T06:08:11.490678+00:00/task_id=consuming_1 permission to 509
[2023-09-05T06:08:16.569+0000] {taskinstance.py:1159} INFO - Dependencies all met for dep_context=non-requeueable deps ti=<TaskInstance: dataset_consumes_1.consuming_1 manual__2023-09-05T06:08:11.490678+00:00 [queued]>
[2023-09-05T06:08:16.581+0000] {taskinstance.py:1159} INFO - Dependencies all met for dep_context=requeueable deps ti=<TaskInstance: dataset_consumes_1.consuming_1 manual__2023-09-05T06:08:11.490678+00:00 [queued]>
[2023-09-05T06:08:16.582+0000] {taskinstance.py:1361} INFO - Starting attempt 1 of 1
[2023-09-05T06:08:16.605+0000] {taskinstance.py:1382} INFO - Executing <Task(BashOperator): consuming_1> on 2023-09-05 06:08:11.490678+00:00
[2023-09-05T06:08:16.612+0000] {standard_task_runner.py:57} INFO - Started process 1359 to run task
[2023-09-05T06:08:16.626+0000] {standard_task_runner.py:84} INFO - Running: ['***', 'tasks', 'run', 'dataset_consumes_1', 'consuming_1', 'manual__2023-09-05T06:08:11.490678+00:00', '--job-id', '3', '--raw', '--subdir', '/home/***/.local/lib/python3.8/site-packages/***/example_dags/example_datasets.py', '--cfg-path', '/tmp/tmpi3zyvew5']
[2023-09-05T06:08:16.657+0000] {standard_task_runner.py:85} INFO - Job 3: Subtask consuming_1
[2023-09-05T06:08:16.869+0000] {logging_mixin.py:151} INFO - Changing /opt/***/logs/dag_id=dataset_consumes_1/run_id=manual__2023-09-05T06:08:11.490678+00:00/task_id=consuming_1 permission to 509
[2023-09-05T06:08:16.878+0000] {task_command.py:415} INFO - Running <TaskInstance: dataset_consumes_1.consuming_1 manual__2023-09-05T06:08:11.490678+00:00 [running]> on host 9ec97e3f56b0
[2023-09-05T06:08:17.062+0000] {taskinstance.py:1660} INFO - Exporting env vars: AIRFLOW_CTX_DAG_OWNER='***' AIRFLOW_CTX_DAG_ID='dataset_consumes_1' AIRFLOW_CTX_TASK_ID='consuming_1' AIRFLOW_CTX_EXECUTION_DATE='2023-09-05T06:08:11.490678+00:00' AIRFLOW_CTX_TRY_NUMBER='1' AIRFLOW_CTX_DAG_RUN_ID='manual__2023-09-05T06:08:11.490678+00:00'
[2023-09-05T06:08:17.065+0000] {subprocess.py:63} INFO - Tmp dir root location: /tmp
[2023-09-05T06:08:17.068+0000] {subprocess.py:75} INFO - Running command: ['/bin/bash', '-c', 'sleep 5']
[2023-09-05T06:08:17.096+0000] {subprocess.py:86} INFO - Output:
[2023-09-05T06:08:22.111+0000] {subprocess.py:97} INFO - Command exited with return code 0
[2023-09-05T06:08:22.156+0000] {logging_mixin.py:151} WARNING - /home/***/.local/lib/python3.8/site-packages/***/models/baseoperator.py:1472 RemovedInAirflow3Warning: Passing 'execution_date' to 'TaskInstance.xcom_push()' is deprecated.
[2023-09-05T06:08:22.183+0000] {taskinstance.py:1400} INFO - Marking task as SUCCESS. dag_id=dataset_consumes_1, task_id=consuming_1, execution_date=20230905T060811, start_date=20230905T060816, end_date=20230905T060822
[2023-09-05T06:08:22.235+0000] {local_task_job_runner.py:228} INFO - Task exited with return code 0
[2023-09-05T06:08:22.250+0000] {taskinstance.py:2784} INFO - 0 downstream tasks scheduled from follow-on schedule check
