[2023-09-05T06:31:58.425+0000] {processor.py:157} INFO - Started process (PID=297) to work on /home/airflow/.local/lib/python3.8/site-packages/airflow/example_dags/example_setup_teardown_taskflow.py
[2023-09-05T06:31:58.427+0000] {processor.py:829} INFO - Processing file /home/airflow/.local/lib/python3.8/site-packages/airflow/example_dags/example_setup_teardown_taskflow.py for tasks to queue
[2023-09-05T06:31:58.429+0000] {logging_mixin.py:151} INFO - [2023-09-05T06:31:58.429+0000] {dagbag.py:539} INFO - Filling up the DagBag from /home/airflow/.local/lib/python3.8/site-packages/airflow/example_dags/example_setup_teardown_taskflow.py
[2023-09-05T06:31:58.460+0000] {processor.py:839} INFO - DAG(s) dict_keys(['example_setup_teardown_taskflow']) retrieved from /home/airflow/.local/lib/python3.8/site-packages/airflow/example_dags/example_setup_teardown_taskflow.py
[2023-09-05T06:31:58.524+0000] {logging_mixin.py:151} INFO - [2023-09-05T06:31:58.524+0000] {dag.py:2907} INFO - Sync 1 DAGs
[2023-09-05T06:31:58.627+0000] {logging_mixin.py:151} INFO - [2023-09-05T06:31:58.626+0000] {dag.py:3677} INFO - Setting next_dagrun for example_setup_teardown_taskflow to 2023-09-04T06:31:58.626486+00:00, run_after=2023-09-05T06:31:58.626486+00:00
[2023-09-05T06:31:58.706+0000] {processor.py:179} INFO - Processing /home/airflow/.local/lib/python3.8/site-packages/airflow/example_dags/example_setup_teardown_taskflow.py took 0.286 seconds
[2023-09-05T06:32:29.392+0000] {processor.py:157} INFO - Started process (PID=536) to work on /home/airflow/.local/lib/python3.8/site-packages/airflow/example_dags/example_setup_teardown_taskflow.py
[2023-09-05T06:32:29.393+0000] {processor.py:829} INFO - Processing file /home/airflow/.local/lib/python3.8/site-packages/airflow/example_dags/example_setup_teardown_taskflow.py for tasks to queue
[2023-09-05T06:32:29.394+0000] {logging_mixin.py:151} INFO - [2023-09-05T06:32:29.394+0000] {dagbag.py:539} INFO - Filling up the DagBag from /home/airflow/.local/lib/python3.8/site-packages/airflow/example_dags/example_setup_teardown_taskflow.py
[2023-09-05T06:32:29.414+0000] {processor.py:839} INFO - DAG(s) dict_keys(['example_setup_teardown_taskflow']) retrieved from /home/airflow/.local/lib/python3.8/site-packages/airflow/example_dags/example_setup_teardown_taskflow.py
[2023-09-05T06:32:29.427+0000] {logging_mixin.py:151} INFO - [2023-09-05T06:32:29.427+0000] {dag.py:2907} INFO - Sync 1 DAGs
[2023-09-05T06:32:29.460+0000] {logging_mixin.py:151} INFO - [2023-09-05T06:32:29.459+0000] {dag.py:3677} INFO - Setting next_dagrun for example_setup_teardown_taskflow to 2023-09-04T06:32:29.459690+00:00, run_after=2023-09-05T06:32:29.459690+00:00
[2023-09-05T06:32:29.486+0000] {processor.py:179} INFO - Processing /home/airflow/.local/lib/python3.8/site-packages/airflow/example_dags/example_setup_teardown_taskflow.py took 0.100 seconds
[2023-09-05T06:33:00.194+0000] {processor.py:157} INFO - Started process (PID=773) to work on /home/airflow/.local/lib/python3.8/site-packages/airflow/example_dags/example_setup_teardown_taskflow.py
[2023-09-05T06:33:00.195+0000] {processor.py:829} INFO - Processing file /home/airflow/.local/lib/python3.8/site-packages/airflow/example_dags/example_setup_teardown_taskflow.py for tasks to queue
[2023-09-05T06:33:00.197+0000] {logging_mixin.py:151} INFO - [2023-09-05T06:33:00.196+0000] {dagbag.py:539} INFO - Filling up the DagBag from /home/airflow/.local/lib/python3.8/site-packages/airflow/example_dags/example_setup_teardown_taskflow.py
[2023-09-05T06:33:00.214+0000] {processor.py:839} INFO - DAG(s) dict_keys(['example_setup_teardown_taskflow']) retrieved from /home/airflow/.local/lib/python3.8/site-packages/airflow/example_dags/example_setup_teardown_taskflow.py
[2023-09-05T06:33:00.228+0000] {logging_mixin.py:151} INFO - [2023-09-05T06:33:00.227+0000] {dag.py:2907} INFO - Sync 1 DAGs
[2023-09-05T06:33:00.255+0000] {logging_mixin.py:151} INFO - [2023-09-05T06:33:00.255+0000] {dag.py:3677} INFO - Setting next_dagrun for example_setup_teardown_taskflow to 2023-09-04T06:33:00.255285+00:00, run_after=2023-09-05T06:33:00.255285+00:00
[2023-09-05T06:33:00.396+0000] {processor.py:179} INFO - Processing /home/airflow/.local/lib/python3.8/site-packages/airflow/example_dags/example_setup_teardown_taskflow.py took 0.208 seconds
[2023-09-05T06:33:31.017+0000] {processor.py:157} INFO - Started process (PID=1011) to work on /home/airflow/.local/lib/python3.8/site-packages/airflow/example_dags/example_setup_teardown_taskflow.py
[2023-09-05T06:33:31.018+0000] {processor.py:829} INFO - Processing file /home/airflow/.local/lib/python3.8/site-packages/airflow/example_dags/example_setup_teardown_taskflow.py for tasks to queue
[2023-09-05T06:33:31.019+0000] {logging_mixin.py:151} INFO - [2023-09-05T06:33:31.019+0000] {dagbag.py:539} INFO - Filling up the DagBag from /home/airflow/.local/lib/python3.8/site-packages/airflow/example_dags/example_setup_teardown_taskflow.py
[2023-09-05T06:33:31.032+0000] {processor.py:839} INFO - DAG(s) dict_keys(['example_setup_teardown_taskflow']) retrieved from /home/airflow/.local/lib/python3.8/site-packages/airflow/example_dags/example_setup_teardown_taskflow.py
[2023-09-05T06:33:31.062+0000] {logging_mixin.py:151} INFO - [2023-09-05T06:33:31.062+0000] {dag.py:2907} INFO - Sync 1 DAGs
[2023-09-05T06:33:31.088+0000] {logging_mixin.py:151} INFO - [2023-09-05T06:33:31.087+0000] {dag.py:3677} INFO - Setting next_dagrun for example_setup_teardown_taskflow to 2023-09-04T06:33:31.087461+00:00, run_after=2023-09-05T06:33:31.087461+00:00
[2023-09-05T06:33:31.114+0000] {processor.py:179} INFO - Processing /home/airflow/.local/lib/python3.8/site-packages/airflow/example_dags/example_setup_teardown_taskflow.py took 0.102 seconds
[2023-09-05T06:34:01.433+0000] {processor.py:157} INFO - Started process (PID=1249) to work on /home/airflow/.local/lib/python3.8/site-packages/airflow/example_dags/example_setup_teardown_taskflow.py
[2023-09-05T06:34:01.434+0000] {processor.py:829} INFO - Processing file /home/airflow/.local/lib/python3.8/site-packages/airflow/example_dags/example_setup_teardown_taskflow.py for tasks to queue
[2023-09-05T06:34:01.436+0000] {logging_mixin.py:151} INFO - [2023-09-05T06:34:01.435+0000] {dagbag.py:539} INFO - Filling up the DagBag from /home/airflow/.local/lib/python3.8/site-packages/airflow/example_dags/example_setup_teardown_taskflow.py
[2023-09-05T06:34:01.448+0000] {processor.py:839} INFO - DAG(s) dict_keys(['example_setup_teardown_taskflow']) retrieved from /home/airflow/.local/lib/python3.8/site-packages/airflow/example_dags/example_setup_teardown_taskflow.py
[2023-09-05T06:34:01.475+0000] {logging_mixin.py:151} INFO - [2023-09-05T06:34:01.474+0000] {dag.py:2907} INFO - Sync 1 DAGs
[2023-09-05T06:34:01.502+0000] {logging_mixin.py:151} INFO - [2023-09-05T06:34:01.502+0000] {dag.py:3677} INFO - Setting next_dagrun for example_setup_teardown_taskflow to 2023-09-04T06:34:01.501869+00:00, run_after=2023-09-05T06:34:01.501869+00:00
[2023-09-05T06:34:01.541+0000] {processor.py:179} INFO - Processing /home/airflow/.local/lib/python3.8/site-packages/airflow/example_dags/example_setup_teardown_taskflow.py took 0.112 seconds
[2023-09-05T06:34:31.859+0000] {processor.py:157} INFO - Started process (PID=1487) to work on /home/airflow/.local/lib/python3.8/site-packages/airflow/example_dags/example_setup_teardown_taskflow.py
[2023-09-05T06:34:31.862+0000] {processor.py:829} INFO - Processing file /home/airflow/.local/lib/python3.8/site-packages/airflow/example_dags/example_setup_teardown_taskflow.py for tasks to queue
[2023-09-05T06:34:31.863+0000] {logging_mixin.py:151} INFO - [2023-09-05T06:34:31.863+0000] {dagbag.py:539} INFO - Filling up the DagBag from /home/airflow/.local/lib/python3.8/site-packages/airflow/example_dags/example_setup_teardown_taskflow.py
[2023-09-05T06:34:31.883+0000] {processor.py:839} INFO - DAG(s) dict_keys(['example_setup_teardown_taskflow']) retrieved from /home/airflow/.local/lib/python3.8/site-packages/airflow/example_dags/example_setup_teardown_taskflow.py
[2023-09-05T06:34:31.927+0000] {logging_mixin.py:151} INFO - [2023-09-05T06:34:31.925+0000] {dag.py:2907} INFO - Sync 1 DAGs
[2023-09-05T06:34:31.960+0000] {logging_mixin.py:151} INFO - [2023-09-05T06:34:31.959+0000] {dag.py:3677} INFO - Setting next_dagrun for example_setup_teardown_taskflow to 2023-09-04T06:34:31.959484+00:00, run_after=2023-09-05T06:34:31.959484+00:00
[2023-09-05T06:34:31.985+0000] {processor.py:179} INFO - Processing /home/airflow/.local/lib/python3.8/site-packages/airflow/example_dags/example_setup_teardown_taskflow.py took 0.130 seconds
[2023-09-05T06:35:02.213+0000] {processor.py:157} INFO - Started process (PID=1725) to work on /home/airflow/.local/lib/python3.8/site-packages/airflow/example_dags/example_setup_teardown_taskflow.py
[2023-09-05T06:35:02.214+0000] {processor.py:829} INFO - Processing file /home/airflow/.local/lib/python3.8/site-packages/airflow/example_dags/example_setup_teardown_taskflow.py for tasks to queue
[2023-09-05T06:35:02.216+0000] {logging_mixin.py:151} INFO - [2023-09-05T06:35:02.215+0000] {dagbag.py:539} INFO - Filling up the DagBag from /home/airflow/.local/lib/python3.8/site-packages/airflow/example_dags/example_setup_teardown_taskflow.py
[2023-09-05T06:35:02.231+0000] {processor.py:839} INFO - DAG(s) dict_keys(['example_setup_teardown_taskflow']) retrieved from /home/airflow/.local/lib/python3.8/site-packages/airflow/example_dags/example_setup_teardown_taskflow.py
[2023-09-05T06:35:02.266+0000] {logging_mixin.py:151} INFO - [2023-09-05T06:35:02.265+0000] {dag.py:2907} INFO - Sync 1 DAGs
[2023-09-05T06:35:02.293+0000] {logging_mixin.py:151} INFO - [2023-09-05T06:35:02.293+0000] {dag.py:3677} INFO - Setting next_dagrun for example_setup_teardown_taskflow to 2023-09-04T06:35:02.293213+00:00, run_after=2023-09-05T06:35:02.293213+00:00
[2023-09-05T06:35:02.315+0000] {processor.py:179} INFO - Processing /home/airflow/.local/lib/python3.8/site-packages/airflow/example_dags/example_setup_teardown_taskflow.py took 0.106 seconds
[2023-09-05T06:35:33.927+0000] {processor.py:157} INFO - Started process (PID=1963) to work on /home/airflow/.local/lib/python3.8/site-packages/airflow/example_dags/example_setup_teardown_taskflow.py
[2023-09-05T06:35:33.929+0000] {processor.py:829} INFO - Processing file /home/airflow/.local/lib/python3.8/site-packages/airflow/example_dags/example_setup_teardown_taskflow.py for tasks to queue
[2023-09-05T06:35:33.930+0000] {logging_mixin.py:151} INFO - [2023-09-05T06:35:33.930+0000] {dagbag.py:539} INFO - Filling up the DagBag from /home/airflow/.local/lib/python3.8/site-packages/airflow/example_dags/example_setup_teardown_taskflow.py
[2023-09-05T06:35:33.957+0000] {processor.py:839} INFO - DAG(s) dict_keys(['example_setup_teardown_taskflow']) retrieved from /home/airflow/.local/lib/python3.8/site-packages/airflow/example_dags/example_setup_teardown_taskflow.py
[2023-09-05T06:35:33.993+0000] {logging_mixin.py:151} INFO - [2023-09-05T06:35:33.993+0000] {dag.py:2907} INFO - Sync 1 DAGs
[2023-09-05T06:35:34.025+0000] {logging_mixin.py:151} INFO - [2023-09-05T06:35:34.025+0000] {dag.py:3677} INFO - Setting next_dagrun for example_setup_teardown_taskflow to 2023-09-04T06:35:34.025414+00:00, run_after=2023-09-05T06:35:34.025414+00:00
[2023-09-05T06:35:34.057+0000] {processor.py:179} INFO - Processing /home/airflow/.local/lib/python3.8/site-packages/airflow/example_dags/example_setup_teardown_taskflow.py took 0.138 seconds
[2023-09-05T06:36:04.605+0000] {processor.py:157} INFO - Started process (PID=2201) to work on /home/airflow/.local/lib/python3.8/site-packages/airflow/example_dags/example_setup_teardown_taskflow.py
[2023-09-05T06:36:04.606+0000] {processor.py:829} INFO - Processing file /home/airflow/.local/lib/python3.8/site-packages/airflow/example_dags/example_setup_teardown_taskflow.py for tasks to queue
[2023-09-05T06:36:04.607+0000] {logging_mixin.py:151} INFO - [2023-09-05T06:36:04.607+0000] {dagbag.py:539} INFO - Filling up the DagBag from /home/airflow/.local/lib/python3.8/site-packages/airflow/example_dags/example_setup_teardown_taskflow.py
[2023-09-05T06:36:04.623+0000] {processor.py:839} INFO - DAG(s) dict_keys(['example_setup_teardown_taskflow']) retrieved from /home/airflow/.local/lib/python3.8/site-packages/airflow/example_dags/example_setup_teardown_taskflow.py
[2023-09-05T06:36:04.655+0000] {logging_mixin.py:151} INFO - [2023-09-05T06:36:04.654+0000] {dag.py:2907} INFO - Sync 1 DAGs
[2023-09-05T06:36:04.690+0000] {logging_mixin.py:151} INFO - [2023-09-05T06:36:04.690+0000] {dag.py:3677} INFO - Setting next_dagrun for example_setup_teardown_taskflow to 2023-09-04T06:36:04.690240+00:00, run_after=2023-09-05T06:36:04.690240+00:00
[2023-09-05T06:36:04.736+0000] {processor.py:179} INFO - Processing /home/airflow/.local/lib/python3.8/site-packages/airflow/example_dags/example_setup_teardown_taskflow.py took 0.136 seconds
