[2023-09-05T06:31:57.770+0000] {processor.py:157} INFO - Started process (PID=282) to work on /home/airflow/.local/lib/python3.8/site-packages/airflow/example_dags/example_python_operator.py
[2023-09-05T06:31:57.774+0000] {processor.py:829} INFO - Processing file /home/airflow/.local/lib/python3.8/site-packages/airflow/example_dags/example_python_operator.py for tasks to queue
[2023-09-05T06:31:57.784+0000] {logging_mixin.py:151} INFO - [2023-09-05T06:31:57.779+0000] {dagbag.py:539} INFO - Filling up the DagBag from /home/airflow/.local/lib/python3.8/site-packages/airflow/example_dags/example_python_operator.py
[2023-09-05T06:31:57.824+0000] {processor.py:839} INFO - DAG(s) dict_keys(['example_python_operator']) retrieved from /home/airflow/.local/lib/python3.8/site-packages/airflow/example_dags/example_python_operator.py
[2023-09-05T06:31:58.263+0000] {logging_mixin.py:151} INFO - [2023-09-05T06:31:58.263+0000] {dag.py:2907} INFO - Sync 1 DAGs
[2023-09-05T06:31:58.283+0000] {logging_mixin.py:151} INFO - [2023-09-05T06:31:58.283+0000] {dag.py:3677} INFO - Setting next_dagrun for example_python_operator to None, run_after=None
[2023-09-05T06:31:58.342+0000] {processor.py:179} INFO - Processing /home/airflow/.local/lib/python3.8/site-packages/airflow/example_dags/example_python_operator.py took 0.577 seconds
[2023-09-05T06:32:29.238+0000] {processor.py:157} INFO - Started process (PID=528) to work on /home/airflow/.local/lib/python3.8/site-packages/airflow/example_dags/example_python_operator.py
[2023-09-05T06:32:29.240+0000] {processor.py:829} INFO - Processing file /home/airflow/.local/lib/python3.8/site-packages/airflow/example_dags/example_python_operator.py for tasks to queue
[2023-09-05T06:32:29.241+0000] {logging_mixin.py:151} INFO - [2023-09-05T06:32:29.241+0000] {dagbag.py:539} INFO - Filling up the DagBag from /home/airflow/.local/lib/python3.8/site-packages/airflow/example_dags/example_python_operator.py
[2023-09-05T06:32:29.264+0000] {processor.py:839} INFO - DAG(s) dict_keys(['example_python_operator']) retrieved from /home/airflow/.local/lib/python3.8/site-packages/airflow/example_dags/example_python_operator.py
[2023-09-05T06:32:29.292+0000] {logging_mixin.py:151} INFO - [2023-09-05T06:32:29.292+0000] {dag.py:2907} INFO - Sync 1 DAGs
[2023-09-05T06:32:29.321+0000] {logging_mixin.py:151} INFO - [2023-09-05T06:32:29.320+0000] {dag.py:3677} INFO - Setting next_dagrun for example_python_operator to None, run_after=None
[2023-09-05T06:32:29.352+0000] {processor.py:179} INFO - Processing /home/airflow/.local/lib/python3.8/site-packages/airflow/example_dags/example_python_operator.py took 0.121 seconds
[2023-09-05T06:33:00.078+0000] {processor.py:157} INFO - Started process (PID=765) to work on /home/airflow/.local/lib/python3.8/site-packages/airflow/example_dags/example_python_operator.py
[2023-09-05T06:33:00.079+0000] {processor.py:829} INFO - Processing file /home/airflow/.local/lib/python3.8/site-packages/airflow/example_dags/example_python_operator.py for tasks to queue
[2023-09-05T06:33:00.080+0000] {logging_mixin.py:151} INFO - [2023-09-05T06:33:00.080+0000] {dagbag.py:539} INFO - Filling up the DagBag from /home/airflow/.local/lib/python3.8/site-packages/airflow/example_dags/example_python_operator.py
[2023-09-05T06:33:00.093+0000] {processor.py:839} INFO - DAG(s) dict_keys(['example_python_operator']) retrieved from /home/airflow/.local/lib/python3.8/site-packages/airflow/example_dags/example_python_operator.py
[2023-09-05T06:33:00.106+0000] {logging_mixin.py:151} INFO - [2023-09-05T06:33:00.106+0000] {dag.py:2907} INFO - Sync 1 DAGs
[2023-09-05T06:33:00.130+0000] {logging_mixin.py:151} INFO - [2023-09-05T06:33:00.129+0000] {dag.py:3677} INFO - Setting next_dagrun for example_python_operator to None, run_after=None
[2023-09-05T06:33:00.157+0000] {processor.py:179} INFO - Processing /home/airflow/.local/lib/python3.8/site-packages/airflow/example_dags/example_python_operator.py took 0.083 seconds
[2023-09-05T06:33:30.727+0000] {processor.py:157} INFO - Started process (PID=998) to work on /home/airflow/.local/lib/python3.8/site-packages/airflow/example_dags/example_python_operator.py
[2023-09-05T06:33:30.728+0000] {processor.py:829} INFO - Processing file /home/airflow/.local/lib/python3.8/site-packages/airflow/example_dags/example_python_operator.py for tasks to queue
[2023-09-05T06:33:30.729+0000] {logging_mixin.py:151} INFO - [2023-09-05T06:33:30.729+0000] {dagbag.py:539} INFO - Filling up the DagBag from /home/airflow/.local/lib/python3.8/site-packages/airflow/example_dags/example_python_operator.py
[2023-09-05T06:33:30.740+0000] {processor.py:839} INFO - DAG(s) dict_keys(['example_python_operator']) retrieved from /home/airflow/.local/lib/python3.8/site-packages/airflow/example_dags/example_python_operator.py
[2023-09-05T06:33:30.941+0000] {logging_mixin.py:151} INFO - [2023-09-05T06:33:30.940+0000] {dag.py:2907} INFO - Sync 1 DAGs
[2023-09-05T06:33:30.954+0000] {logging_mixin.py:151} INFO - [2023-09-05T06:33:30.953+0000] {dag.py:3677} INFO - Setting next_dagrun for example_python_operator to None, run_after=None
[2023-09-05T06:33:30.976+0000] {processor.py:179} INFO - Processing /home/airflow/.local/lib/python3.8/site-packages/airflow/example_dags/example_python_operator.py took 0.253 seconds
[2023-09-05T06:34:01.304+0000] {processor.py:157} INFO - Started process (PID=1239) to work on /home/airflow/.local/lib/python3.8/site-packages/airflow/example_dags/example_python_operator.py
[2023-09-05T06:34:01.305+0000] {processor.py:829} INFO - Processing file /home/airflow/.local/lib/python3.8/site-packages/airflow/example_dags/example_python_operator.py for tasks to queue
[2023-09-05T06:34:01.307+0000] {logging_mixin.py:151} INFO - [2023-09-05T06:34:01.306+0000] {dagbag.py:539} INFO - Filling up the DagBag from /home/airflow/.local/lib/python3.8/site-packages/airflow/example_dags/example_python_operator.py
[2023-09-05T06:34:01.318+0000] {processor.py:839} INFO - DAG(s) dict_keys(['example_python_operator']) retrieved from /home/airflow/.local/lib/python3.8/site-packages/airflow/example_dags/example_python_operator.py
[2023-09-05T06:34:01.348+0000] {logging_mixin.py:151} INFO - [2023-09-05T06:34:01.348+0000] {dag.py:2907} INFO - Sync 1 DAGs
[2023-09-05T06:34:01.367+0000] {logging_mixin.py:151} INFO - [2023-09-05T06:34:01.366+0000] {dag.py:3677} INFO - Setting next_dagrun for example_python_operator to None, run_after=None
[2023-09-05T06:34:01.390+0000] {processor.py:179} INFO - Processing /home/airflow/.local/lib/python3.8/site-packages/airflow/example_dags/example_python_operator.py took 0.090 seconds
[2023-09-05T06:34:31.578+0000] {processor.py:157} INFO - Started process (PID=1472) to work on /home/airflow/.local/lib/python3.8/site-packages/airflow/example_dags/example_python_operator.py
[2023-09-05T06:34:31.579+0000] {processor.py:829} INFO - Processing file /home/airflow/.local/lib/python3.8/site-packages/airflow/example_dags/example_python_operator.py for tasks to queue
[2023-09-05T06:34:31.581+0000] {logging_mixin.py:151} INFO - [2023-09-05T06:34:31.580+0000] {dagbag.py:539} INFO - Filling up the DagBag from /home/airflow/.local/lib/python3.8/site-packages/airflow/example_dags/example_python_operator.py
[2023-09-05T06:34:31.597+0000] {processor.py:839} INFO - DAG(s) dict_keys(['example_python_operator']) retrieved from /home/airflow/.local/lib/python3.8/site-packages/airflow/example_dags/example_python_operator.py
[2023-09-05T06:34:31.628+0000] {logging_mixin.py:151} INFO - [2023-09-05T06:34:31.628+0000] {dag.py:2907} INFO - Sync 1 DAGs
[2023-09-05T06:34:31.646+0000] {logging_mixin.py:151} INFO - [2023-09-05T06:34:31.646+0000] {dag.py:3677} INFO - Setting next_dagrun for example_python_operator to None, run_after=None
[2023-09-05T06:34:31.687+0000] {processor.py:179} INFO - Processing /home/airflow/.local/lib/python3.8/site-packages/airflow/example_dags/example_python_operator.py took 0.114 seconds
[2023-09-05T06:35:01.982+0000] {processor.py:157} INFO - Started process (PID=1710) to work on /home/airflow/.local/lib/python3.8/site-packages/airflow/example_dags/example_python_operator.py
[2023-09-05T06:35:01.984+0000] {processor.py:829} INFO - Processing file /home/airflow/.local/lib/python3.8/site-packages/airflow/example_dags/example_python_operator.py for tasks to queue
[2023-09-05T06:35:01.985+0000] {logging_mixin.py:151} INFO - [2023-09-05T06:35:01.984+0000] {dagbag.py:539} INFO - Filling up the DagBag from /home/airflow/.local/lib/python3.8/site-packages/airflow/example_dags/example_python_operator.py
[2023-09-05T06:35:01.997+0000] {processor.py:839} INFO - DAG(s) dict_keys(['example_python_operator']) retrieved from /home/airflow/.local/lib/python3.8/site-packages/airflow/example_dags/example_python_operator.py
[2023-09-05T06:35:02.027+0000] {logging_mixin.py:151} INFO - [2023-09-05T06:35:02.027+0000] {dag.py:2907} INFO - Sync 1 DAGs
[2023-09-05T06:35:02.043+0000] {logging_mixin.py:151} INFO - [2023-09-05T06:35:02.043+0000] {dag.py:3677} INFO - Setting next_dagrun for example_python_operator to None, run_after=None
[2023-09-05T06:35:02.070+0000] {processor.py:179} INFO - Processing /home/airflow/.local/lib/python3.8/site-packages/airflow/example_dags/example_python_operator.py took 0.092 seconds
[2023-09-05T06:35:33.554+0000] {processor.py:157} INFO - Started process (PID=1948) to work on /home/airflow/.local/lib/python3.8/site-packages/airflow/example_dags/example_python_operator.py
[2023-09-05T06:35:33.556+0000] {processor.py:829} INFO - Processing file /home/airflow/.local/lib/python3.8/site-packages/airflow/example_dags/example_python_operator.py for tasks to queue
[2023-09-05T06:35:33.557+0000] {logging_mixin.py:151} INFO - [2023-09-05T06:35:33.557+0000] {dagbag.py:539} INFO - Filling up the DagBag from /home/airflow/.local/lib/python3.8/site-packages/airflow/example_dags/example_python_operator.py
[2023-09-05T06:35:33.572+0000] {processor.py:839} INFO - DAG(s) dict_keys(['example_python_operator']) retrieved from /home/airflow/.local/lib/python3.8/site-packages/airflow/example_dags/example_python_operator.py
[2023-09-05T06:35:33.602+0000] {logging_mixin.py:151} INFO - [2023-09-05T06:35:33.602+0000] {dag.py:2907} INFO - Sync 1 DAGs
[2023-09-05T06:35:33.619+0000] {logging_mixin.py:151} INFO - [2023-09-05T06:35:33.618+0000] {dag.py:3677} INFO - Setting next_dagrun for example_python_operator to None, run_after=None
[2023-09-05T06:35:33.647+0000] {processor.py:179} INFO - Processing /home/airflow/.local/lib/python3.8/site-packages/airflow/example_dags/example_python_operator.py took 0.097 seconds
[2023-09-05T06:36:04.351+0000] {processor.py:157} INFO - Started process (PID=2186) to work on /home/airflow/.local/lib/python3.8/site-packages/airflow/example_dags/example_python_operator.py
[2023-09-05T06:36:04.352+0000] {processor.py:829} INFO - Processing file /home/airflow/.local/lib/python3.8/site-packages/airflow/example_dags/example_python_operator.py for tasks to queue
[2023-09-05T06:36:04.354+0000] {logging_mixin.py:151} INFO - [2023-09-05T06:36:04.353+0000] {dagbag.py:539} INFO - Filling up the DagBag from /home/airflow/.local/lib/python3.8/site-packages/airflow/example_dags/example_python_operator.py
[2023-09-05T06:36:04.369+0000] {processor.py:839} INFO - DAG(s) dict_keys(['example_python_operator']) retrieved from /home/airflow/.local/lib/python3.8/site-packages/airflow/example_dags/example_python_operator.py
[2023-09-05T06:36:04.403+0000] {logging_mixin.py:151} INFO - [2023-09-05T06:36:04.402+0000] {dag.py:2907} INFO - Sync 1 DAGs
[2023-09-05T06:36:04.424+0000] {logging_mixin.py:151} INFO - [2023-09-05T06:36:04.424+0000] {dag.py:3677} INFO - Setting next_dagrun for example_python_operator to None, run_after=None
[2023-09-05T06:36:04.460+0000] {processor.py:179} INFO - Processing /home/airflow/.local/lib/python3.8/site-packages/airflow/example_dags/example_python_operator.py took 0.114 seconds
