[2023-09-05T06:31:57.429+0000] {processor.py:157} INFO - Started process (PID=277) to work on /home/airflow/.local/lib/python3.8/site-packages/airflow/example_dags/example_task_group_decorator.py
[2023-09-05T06:31:57.431+0000] {processor.py:829} INFO - Processing file /home/airflow/.local/lib/python3.8/site-packages/airflow/example_dags/example_task_group_decorator.py for tasks to queue
[2023-09-05T06:31:57.434+0000] {logging_mixin.py:151} INFO - [2023-09-05T06:31:57.434+0000] {dagbag.py:539} INFO - Filling up the DagBag from /home/airflow/.local/lib/python3.8/site-packages/airflow/example_dags/example_task_group_decorator.py
[2023-09-05T06:31:57.472+0000] {processor.py:839} INFO - DAG(s) dict_keys(['example_task_group_decorator']) retrieved from /home/airflow/.local/lib/python3.8/site-packages/airflow/example_dags/example_task_group_decorator.py
[2023-09-05T06:31:57.576+0000] {logging_mixin.py:151} INFO - [2023-09-05T06:31:57.576+0000] {dag.py:2907} INFO - Sync 1 DAGs
[2023-09-05T06:31:57.655+0000] {logging_mixin.py:151} INFO - [2023-09-05T06:31:57.655+0000] {dag.py:3677} INFO - Setting next_dagrun for example_task_group_decorator to 2023-09-04T06:31:57.655143+00:00, run_after=2023-09-05T06:31:57.655143+00:00
[2023-09-05T06:31:57.734+0000] {processor.py:179} INFO - Processing /home/airflow/.local/lib/python3.8/site-packages/airflow/example_dags/example_task_group_decorator.py took 0.311 seconds
[2023-09-05T06:32:28.054+0000] {processor.py:157} INFO - Started process (PID=518) to work on /home/airflow/.local/lib/python3.8/site-packages/airflow/example_dags/example_task_group_decorator.py
[2023-09-05T06:32:28.056+0000] {processor.py:829} INFO - Processing file /home/airflow/.local/lib/python3.8/site-packages/airflow/example_dags/example_task_group_decorator.py for tasks to queue
[2023-09-05T06:32:28.057+0000] {logging_mixin.py:151} INFO - [2023-09-05T06:32:28.057+0000] {dagbag.py:539} INFO - Filling up the DagBag from /home/airflow/.local/lib/python3.8/site-packages/airflow/example_dags/example_task_group_decorator.py
[2023-09-05T06:32:28.070+0000] {processor.py:839} INFO - DAG(s) dict_keys(['example_task_group_decorator']) retrieved from /home/airflow/.local/lib/python3.8/site-packages/airflow/example_dags/example_task_group_decorator.py
[2023-09-05T06:32:28.082+0000] {logging_mixin.py:151} INFO - [2023-09-05T06:32:28.081+0000] {dag.py:2907} INFO - Sync 1 DAGs
[2023-09-05T06:32:28.113+0000] {logging_mixin.py:151} INFO - [2023-09-05T06:32:28.112+0000] {dag.py:3677} INFO - Setting next_dagrun for example_task_group_decorator to 2023-09-04T06:32:28.112584+00:00, run_after=2023-09-05T06:32:28.112584+00:00
[2023-09-05T06:32:28.130+0000] {processor.py:179} INFO - Processing /home/airflow/.local/lib/python3.8/site-packages/airflow/example_dags/example_task_group_decorator.py took 0.079 seconds
[2023-09-05T06:32:58.915+0000] {processor.py:157} INFO - Started process (PID=753) to work on /home/airflow/.local/lib/python3.8/site-packages/airflow/example_dags/example_task_group_decorator.py
[2023-09-05T06:32:58.917+0000] {processor.py:829} INFO - Processing file /home/airflow/.local/lib/python3.8/site-packages/airflow/example_dags/example_task_group_decorator.py for tasks to queue
[2023-09-05T06:32:58.918+0000] {logging_mixin.py:151} INFO - [2023-09-05T06:32:58.918+0000] {dagbag.py:539} INFO - Filling up the DagBag from /home/airflow/.local/lib/python3.8/site-packages/airflow/example_dags/example_task_group_decorator.py
[2023-09-05T06:32:58.939+0000] {processor.py:839} INFO - DAG(s) dict_keys(['example_task_group_decorator']) retrieved from /home/airflow/.local/lib/python3.8/site-packages/airflow/example_dags/example_task_group_decorator.py
[2023-09-05T06:32:58.954+0000] {logging_mixin.py:151} INFO - [2023-09-05T06:32:58.953+0000] {dag.py:2907} INFO - Sync 1 DAGs
[2023-09-05T06:32:58.989+0000] {logging_mixin.py:151} INFO - [2023-09-05T06:32:58.989+0000] {dag.py:3677} INFO - Setting next_dagrun for example_task_group_decorator to 2023-09-04T06:32:58.986528+00:00, run_after=2023-09-05T06:32:58.986528+00:00
[2023-09-05T06:32:59.027+0000] {processor.py:179} INFO - Processing /home/airflow/.local/lib/python3.8/site-packages/airflow/example_dags/example_task_group_decorator.py took 0.116 seconds
[2023-09-05T06:33:30.569+0000] {processor.py:157} INFO - Started process (PID=993) to work on /home/airflow/.local/lib/python3.8/site-packages/airflow/example_dags/example_task_group_decorator.py
[2023-09-05T06:33:30.570+0000] {processor.py:829} INFO - Processing file /home/airflow/.local/lib/python3.8/site-packages/airflow/example_dags/example_task_group_decorator.py for tasks to queue
[2023-09-05T06:33:30.572+0000] {logging_mixin.py:151} INFO - [2023-09-05T06:33:30.571+0000] {dagbag.py:539} INFO - Filling up the DagBag from /home/airflow/.local/lib/python3.8/site-packages/airflow/example_dags/example_task_group_decorator.py
[2023-09-05T06:33:30.596+0000] {processor.py:839} INFO - DAG(s) dict_keys(['example_task_group_decorator']) retrieved from /home/airflow/.local/lib/python3.8/site-packages/airflow/example_dags/example_task_group_decorator.py
[2023-09-05T06:33:30.634+0000] {logging_mixin.py:151} INFO - [2023-09-05T06:33:30.633+0000] {dag.py:2907} INFO - Sync 1 DAGs
[2023-09-05T06:33:30.662+0000] {logging_mixin.py:151} INFO - [2023-09-05T06:33:30.662+0000] {dag.py:3677} INFO - Setting next_dagrun for example_task_group_decorator to 2023-09-04T06:33:30.662091+00:00, run_after=2023-09-05T06:33:30.662091+00:00
[2023-09-05T06:33:30.682+0000] {processor.py:179} INFO - Processing /home/airflow/.local/lib/python3.8/site-packages/airflow/example_dags/example_task_group_decorator.py took 0.116 seconds
[2023-09-05T06:34:01.147+0000] {processor.py:157} INFO - Started process (PID=1229) to work on /home/airflow/.local/lib/python3.8/site-packages/airflow/example_dags/example_task_group_decorator.py
[2023-09-05T06:34:01.148+0000] {processor.py:829} INFO - Processing file /home/airflow/.local/lib/python3.8/site-packages/airflow/example_dags/example_task_group_decorator.py for tasks to queue
[2023-09-05T06:34:01.150+0000] {logging_mixin.py:151} INFO - [2023-09-05T06:34:01.149+0000] {dagbag.py:539} INFO - Filling up the DagBag from /home/airflow/.local/lib/python3.8/site-packages/airflow/example_dags/example_task_group_decorator.py
[2023-09-05T06:34:01.169+0000] {processor.py:839} INFO - DAG(s) dict_keys(['example_task_group_decorator']) retrieved from /home/airflow/.local/lib/python3.8/site-packages/airflow/example_dags/example_task_group_decorator.py
[2023-09-05T06:34:01.202+0000] {logging_mixin.py:151} INFO - [2023-09-05T06:34:01.202+0000] {dag.py:2907} INFO - Sync 1 DAGs
[2023-09-05T06:34:01.239+0000] {logging_mixin.py:151} INFO - [2023-09-05T06:34:01.239+0000] {dag.py:3677} INFO - Setting next_dagrun for example_task_group_decorator to 2023-09-04T06:34:01.239035+00:00, run_after=2023-09-05T06:34:01.239035+00:00
[2023-09-05T06:34:01.267+0000] {processor.py:179} INFO - Processing /home/airflow/.local/lib/python3.8/site-packages/airflow/example_dags/example_task_group_decorator.py took 0.124 seconds
[2023-09-05T06:34:31.503+0000] {processor.py:157} INFO - Started process (PID=1467) to work on /home/airflow/.local/lib/python3.8/site-packages/airflow/example_dags/example_task_group_decorator.py
[2023-09-05T06:34:31.504+0000] {processor.py:829} INFO - Processing file /home/airflow/.local/lib/python3.8/site-packages/airflow/example_dags/example_task_group_decorator.py for tasks to queue
[2023-09-05T06:34:31.505+0000] {logging_mixin.py:151} INFO - [2023-09-05T06:34:31.505+0000] {dagbag.py:539} INFO - Filling up the DagBag from /home/airflow/.local/lib/python3.8/site-packages/airflow/example_dags/example_task_group_decorator.py
[2023-09-05T06:34:31.529+0000] {processor.py:839} INFO - DAG(s) dict_keys(['example_task_group_decorator']) retrieved from /home/airflow/.local/lib/python3.8/site-packages/airflow/example_dags/example_task_group_decorator.py
[2023-09-05T06:34:31.585+0000] {logging_mixin.py:151} INFO - [2023-09-05T06:34:31.585+0000] {dag.py:2907} INFO - Sync 1 DAGs
[2023-09-05T06:34:31.618+0000] {logging_mixin.py:151} INFO - [2023-09-05T06:34:31.617+0000] {dag.py:3677} INFO - Setting next_dagrun for example_task_group_decorator to 2023-09-04T06:34:31.617523+00:00, run_after=2023-09-05T06:34:31.617523+00:00
[2023-09-05T06:34:31.648+0000] {processor.py:179} INFO - Processing /home/airflow/.local/lib/python3.8/site-packages/airflow/example_dags/example_task_group_decorator.py took 0.149 seconds
[2023-09-05T06:35:01.896+0000] {processor.py:157} INFO - Started process (PID=1705) to work on /home/airflow/.local/lib/python3.8/site-packages/airflow/example_dags/example_task_group_decorator.py
[2023-09-05T06:35:01.898+0000] {processor.py:829} INFO - Processing file /home/airflow/.local/lib/python3.8/site-packages/airflow/example_dags/example_task_group_decorator.py for tasks to queue
[2023-09-05T06:35:01.899+0000] {logging_mixin.py:151} INFO - [2023-09-05T06:35:01.899+0000] {dagbag.py:539} INFO - Filling up the DagBag from /home/airflow/.local/lib/python3.8/site-packages/airflow/example_dags/example_task_group_decorator.py
[2023-09-05T06:35:01.952+0000] {processor.py:839} INFO - DAG(s) dict_keys(['example_task_group_decorator']) retrieved from /home/airflow/.local/lib/python3.8/site-packages/airflow/example_dags/example_task_group_decorator.py
[2023-09-05T06:35:01.990+0000] {logging_mixin.py:151} INFO - [2023-09-05T06:35:01.990+0000] {dag.py:2907} INFO - Sync 1 DAGs
[2023-09-05T06:35:02.014+0000] {logging_mixin.py:151} INFO - [2023-09-05T06:35:02.013+0000] {dag.py:3677} INFO - Setting next_dagrun for example_task_group_decorator to 2023-09-04T06:35:02.013661+00:00, run_after=2023-09-05T06:35:02.013661+00:00
[2023-09-05T06:35:02.034+0000] {processor.py:179} INFO - Processing /home/airflow/.local/lib/python3.8/site-packages/airflow/example_dags/example_task_group_decorator.py took 0.141 seconds
[2023-09-05T06:35:33.553+0000] {processor.py:157} INFO - Started process (PID=1945) to work on /home/airflow/.local/lib/python3.8/site-packages/airflow/example_dags/example_task_group_decorator.py
[2023-09-05T06:35:33.554+0000] {processor.py:829} INFO - Processing file /home/airflow/.local/lib/python3.8/site-packages/airflow/example_dags/example_task_group_decorator.py for tasks to queue
[2023-09-05T06:35:33.556+0000] {logging_mixin.py:151} INFO - [2023-09-05T06:35:33.555+0000] {dagbag.py:539} INFO - Filling up the DagBag from /home/airflow/.local/lib/python3.8/site-packages/airflow/example_dags/example_task_group_decorator.py
[2023-09-05T06:35:33.577+0000] {processor.py:839} INFO - DAG(s) dict_keys(['example_task_group_decorator']) retrieved from /home/airflow/.local/lib/python3.8/site-packages/airflow/example_dags/example_task_group_decorator.py
[2023-09-05T06:35:33.609+0000] {logging_mixin.py:151} INFO - [2023-09-05T06:35:33.609+0000] {dag.py:2907} INFO - Sync 1 DAGs
[2023-09-05T06:35:33.640+0000] {logging_mixin.py:151} INFO - [2023-09-05T06:35:33.639+0000] {dag.py:3677} INFO - Setting next_dagrun for example_task_group_decorator to 2023-09-04T06:35:33.639631+00:00, run_after=2023-09-05T06:35:33.639631+00:00
[2023-09-05T06:35:33.670+0000] {processor.py:179} INFO - Processing /home/airflow/.local/lib/python3.8/site-packages/airflow/example_dags/example_task_group_decorator.py took 0.121 seconds
[2023-09-05T06:36:04.254+0000] {processor.py:157} INFO - Started process (PID=2181) to work on /home/airflow/.local/lib/python3.8/site-packages/airflow/example_dags/example_task_group_decorator.py
[2023-09-05T06:36:04.256+0000] {processor.py:829} INFO - Processing file /home/airflow/.local/lib/python3.8/site-packages/airflow/example_dags/example_task_group_decorator.py for tasks to queue
[2023-09-05T06:36:04.258+0000] {logging_mixin.py:151} INFO - [2023-09-05T06:36:04.257+0000] {dagbag.py:539} INFO - Filling up the DagBag from /home/airflow/.local/lib/python3.8/site-packages/airflow/example_dags/example_task_group_decorator.py
[2023-09-05T06:36:04.279+0000] {processor.py:839} INFO - DAG(s) dict_keys(['example_task_group_decorator']) retrieved from /home/airflow/.local/lib/python3.8/site-packages/airflow/example_dags/example_task_group_decorator.py
[2023-09-05T06:36:04.314+0000] {logging_mixin.py:151} INFO - [2023-09-05T06:36:04.314+0000] {dag.py:2907} INFO - Sync 1 DAGs
[2023-09-05T06:36:04.360+0000] {logging_mixin.py:151} INFO - [2023-09-05T06:36:04.359+0000] {dag.py:3677} INFO - Setting next_dagrun for example_task_group_decorator to 2023-09-04T06:36:04.359511+00:00, run_after=2023-09-05T06:36:04.359511+00:00
[2023-09-05T06:36:04.392+0000] {processor.py:179} INFO - Processing /home/airflow/.local/lib/python3.8/site-packages/airflow/example_dags/example_task_group_decorator.py took 0.145 seconds
