[2023-09-05T06:31:55.340+0000] {processor.py:157} INFO - Started process (PID=197) to work on /home/airflow/.local/lib/python3.8/site-packages/airflow/example_dags/example_latest_only.py
[2023-09-05T06:31:55.343+0000] {processor.py:829} INFO - Processing file /home/airflow/.local/lib/python3.8/site-packages/airflow/example_dags/example_latest_only.py for tasks to queue
[2023-09-05T06:31:55.360+0000] {logging_mixin.py:151} INFO - [2023-09-05T06:31:55.359+0000] {dagbag.py:539} INFO - Filling up the DagBag from /home/airflow/.local/lib/python3.8/site-packages/airflow/example_dags/example_latest_only.py
[2023-09-05T06:31:55.380+0000] {processor.py:839} INFO - DAG(s) dict_keys(['latest_only']) retrieved from /home/airflow/.local/lib/python3.8/site-packages/airflow/example_dags/example_latest_only.py
[2023-09-05T06:31:55.432+0000] {logging_mixin.py:151} INFO - [2023-09-05T06:31:55.432+0000] {dag.py:2907} INFO - Sync 1 DAGs
[2023-09-05T06:31:55.501+0000] {logging_mixin.py:151} INFO - [2023-09-05T06:31:55.501+0000] {dag.py:3677} INFO - Setting next_dagrun for latest_only to 2023-09-05T02:31:55.498459+00:00, run_after=2023-09-05T06:31:55.498459+00:00
[2023-09-05T06:31:55.559+0000] {processor.py:179} INFO - Processing /home/airflow/.local/lib/python3.8/site-packages/airflow/example_dags/example_latest_only.py took 0.230 seconds
[2023-09-05T06:32:25.862+0000] {processor.py:157} INFO - Started process (PID=436) to work on /home/airflow/.local/lib/python3.8/site-packages/airflow/example_dags/example_latest_only.py
[2023-09-05T06:32:25.863+0000] {processor.py:829} INFO - Processing file /home/airflow/.local/lib/python3.8/site-packages/airflow/example_dags/example_latest_only.py for tasks to queue
[2023-09-05T06:32:25.865+0000] {logging_mixin.py:151} INFO - [2023-09-05T06:32:25.864+0000] {dagbag.py:539} INFO - Filling up the DagBag from /home/airflow/.local/lib/python3.8/site-packages/airflow/example_dags/example_latest_only.py
[2023-09-05T06:32:25.871+0000] {processor.py:839} INFO - DAG(s) dict_keys(['latest_only']) retrieved from /home/airflow/.local/lib/python3.8/site-packages/airflow/example_dags/example_latest_only.py
[2023-09-05T06:32:25.885+0000] {logging_mixin.py:151} INFO - [2023-09-05T06:32:25.884+0000] {dag.py:2907} INFO - Sync 1 DAGs
[2023-09-05T06:32:25.910+0000] {logging_mixin.py:151} INFO - [2023-09-05T06:32:25.909+0000] {dag.py:3677} INFO - Setting next_dagrun for latest_only to 2023-09-05T02:32:25.909596+00:00, run_after=2023-09-05T06:32:25.909596+00:00
[2023-09-05T06:32:25.933+0000] {processor.py:179} INFO - Processing /home/airflow/.local/lib/python3.8/site-packages/airflow/example_dags/example_latest_only.py took 0.074 seconds
[2023-09-05T06:32:57.418+0000] {processor.py:157} INFO - Started process (PID=673) to work on /home/airflow/.local/lib/python3.8/site-packages/airflow/example_dags/example_latest_only.py
[2023-09-05T06:32:57.420+0000] {processor.py:829} INFO - Processing file /home/airflow/.local/lib/python3.8/site-packages/airflow/example_dags/example_latest_only.py for tasks to queue
[2023-09-05T06:32:57.424+0000] {logging_mixin.py:151} INFO - [2023-09-05T06:32:57.422+0000] {dagbag.py:539} INFO - Filling up the DagBag from /home/airflow/.local/lib/python3.8/site-packages/airflow/example_dags/example_latest_only.py
[2023-09-05T06:32:57.441+0000] {processor.py:839} INFO - DAG(s) dict_keys(['latest_only']) retrieved from /home/airflow/.local/lib/python3.8/site-packages/airflow/example_dags/example_latest_only.py
[2023-09-05T06:32:57.480+0000] {logging_mixin.py:151} INFO - [2023-09-05T06:32:57.480+0000] {dag.py:2907} INFO - Sync 1 DAGs
[2023-09-05T06:32:57.549+0000] {logging_mixin.py:151} INFO - [2023-09-05T06:32:57.549+0000] {dag.py:3677} INFO - Setting next_dagrun for latest_only to 2023-09-05T02:32:57.549149+00:00, run_after=2023-09-05T06:32:57.549149+00:00
[2023-09-05T06:32:57.583+0000] {processor.py:179} INFO - Processing /home/airflow/.local/lib/python3.8/site-packages/airflow/example_dags/example_latest_only.py took 0.170 seconds
[2023-09-05T06:33:28.253+0000] {processor.py:157} INFO - Started process (PID=913) to work on /home/airflow/.local/lib/python3.8/site-packages/airflow/example_dags/example_latest_only.py
[2023-09-05T06:33:28.254+0000] {processor.py:829} INFO - Processing file /home/airflow/.local/lib/python3.8/site-packages/airflow/example_dags/example_latest_only.py for tasks to queue
[2023-09-05T06:33:28.255+0000] {logging_mixin.py:151} INFO - [2023-09-05T06:33:28.255+0000] {dagbag.py:539} INFO - Filling up the DagBag from /home/airflow/.local/lib/python3.8/site-packages/airflow/example_dags/example_latest_only.py
[2023-09-05T06:33:28.426+0000] {processor.py:839} INFO - DAG(s) dict_keys(['latest_only']) retrieved from /home/airflow/.local/lib/python3.8/site-packages/airflow/example_dags/example_latest_only.py
[2023-09-05T06:33:28.450+0000] {logging_mixin.py:151} INFO - [2023-09-05T06:33:28.450+0000] {dag.py:2907} INFO - Sync 1 DAGs
[2023-09-05T06:33:28.471+0000] {logging_mixin.py:151} INFO - [2023-09-05T06:33:28.471+0000] {dag.py:3677} INFO - Setting next_dagrun for latest_only to 2023-09-05T02:33:28.471569+00:00, run_after=2023-09-05T06:33:28.471569+00:00
[2023-09-05T06:33:28.501+0000] {processor.py:179} INFO - Processing /home/airflow/.local/lib/python3.8/site-packages/airflow/example_dags/example_latest_only.py took 0.253 seconds
[2023-09-05T06:33:59.742+0000] {processor.py:157} INFO - Started process (PID=1151) to work on /home/airflow/.local/lib/python3.8/site-packages/airflow/example_dags/example_latest_only.py
[2023-09-05T06:33:59.743+0000] {processor.py:829} INFO - Processing file /home/airflow/.local/lib/python3.8/site-packages/airflow/example_dags/example_latest_only.py for tasks to queue
[2023-09-05T06:33:59.745+0000] {logging_mixin.py:151} INFO - [2023-09-05T06:33:59.744+0000] {dagbag.py:539} INFO - Filling up the DagBag from /home/airflow/.local/lib/python3.8/site-packages/airflow/example_dags/example_latest_only.py
[2023-09-05T06:33:59.755+0000] {processor.py:839} INFO - DAG(s) dict_keys(['latest_only']) retrieved from /home/airflow/.local/lib/python3.8/site-packages/airflow/example_dags/example_latest_only.py
[2023-09-05T06:33:59.781+0000] {logging_mixin.py:151} INFO - [2023-09-05T06:33:59.780+0000] {dag.py:2907} INFO - Sync 1 DAGs
[2023-09-05T06:33:59.822+0000] {logging_mixin.py:151} INFO - [2023-09-05T06:33:59.821+0000] {dag.py:3677} INFO - Setting next_dagrun for latest_only to 2023-09-05T02:33:59.821316+00:00, run_after=2023-09-05T06:33:59.821316+00:00
[2023-09-05T06:33:59.890+0000] {processor.py:179} INFO - Processing /home/airflow/.local/lib/python3.8/site-packages/airflow/example_dags/example_latest_only.py took 0.151 seconds
[2023-09-05T06:34:30.242+0000] {processor.py:157} INFO - Started process (PID=1387) to work on /home/airflow/.local/lib/python3.8/site-packages/airflow/example_dags/example_latest_only.py
[2023-09-05T06:34:30.249+0000] {processor.py:829} INFO - Processing file /home/airflow/.local/lib/python3.8/site-packages/airflow/example_dags/example_latest_only.py for tasks to queue
[2023-09-05T06:34:30.251+0000] {logging_mixin.py:151} INFO - [2023-09-05T06:34:30.251+0000] {dagbag.py:539} INFO - Filling up the DagBag from /home/airflow/.local/lib/python3.8/site-packages/airflow/example_dags/example_latest_only.py
[2023-09-05T06:34:30.263+0000] {processor.py:839} INFO - DAG(s) dict_keys(['latest_only']) retrieved from /home/airflow/.local/lib/python3.8/site-packages/airflow/example_dags/example_latest_only.py
[2023-09-05T06:34:30.298+0000] {logging_mixin.py:151} INFO - [2023-09-05T06:34:30.298+0000] {dag.py:2907} INFO - Sync 1 DAGs
[2023-09-05T06:34:30.345+0000] {logging_mixin.py:151} INFO - [2023-09-05T06:34:30.345+0000] {dag.py:3677} INFO - Setting next_dagrun for latest_only to 2023-09-05T02:34:30.344718+00:00, run_after=2023-09-05T06:34:30.344718+00:00
[2023-09-05T06:34:30.367+0000] {processor.py:179} INFO - Processing /home/airflow/.local/lib/python3.8/site-packages/airflow/example_dags/example_latest_only.py took 0.130 seconds
[2023-09-05T06:35:00.600+0000] {processor.py:157} INFO - Started process (PID=1625) to work on /home/airflow/.local/lib/python3.8/site-packages/airflow/example_dags/example_latest_only.py
[2023-09-05T06:35:00.602+0000] {processor.py:829} INFO - Processing file /home/airflow/.local/lib/python3.8/site-packages/airflow/example_dags/example_latest_only.py for tasks to queue
[2023-09-05T06:35:00.604+0000] {logging_mixin.py:151} INFO - [2023-09-05T06:35:00.603+0000] {dagbag.py:539} INFO - Filling up the DagBag from /home/airflow/.local/lib/python3.8/site-packages/airflow/example_dags/example_latest_only.py
[2023-09-05T06:35:00.611+0000] {processor.py:839} INFO - DAG(s) dict_keys(['latest_only']) retrieved from /home/airflow/.local/lib/python3.8/site-packages/airflow/example_dags/example_latest_only.py
[2023-09-05T06:35:00.639+0000] {logging_mixin.py:151} INFO - [2023-09-05T06:35:00.638+0000] {dag.py:2907} INFO - Sync 1 DAGs
[2023-09-05T06:35:00.667+0000] {logging_mixin.py:151} INFO - [2023-09-05T06:35:00.667+0000] {dag.py:3677} INFO - Setting next_dagrun for latest_only to 2023-09-05T02:35:00.667286+00:00, run_after=2023-09-05T06:35:00.667286+00:00
[2023-09-05T06:35:00.698+0000] {processor.py:179} INFO - Processing /home/airflow/.local/lib/python3.8/site-packages/airflow/example_dags/example_latest_only.py took 0.102 seconds
[2023-09-05T06:35:31.851+0000] {processor.py:157} INFO - Started process (PID=1863) to work on /home/airflow/.local/lib/python3.8/site-packages/airflow/example_dags/example_latest_only.py
[2023-09-05T06:35:31.852+0000] {processor.py:829} INFO - Processing file /home/airflow/.local/lib/python3.8/site-packages/airflow/example_dags/example_latest_only.py for tasks to queue
[2023-09-05T06:35:31.854+0000] {logging_mixin.py:151} INFO - [2023-09-05T06:35:31.853+0000] {dagbag.py:539} INFO - Filling up the DagBag from /home/airflow/.local/lib/python3.8/site-packages/airflow/example_dags/example_latest_only.py
[2023-09-05T06:35:31.864+0000] {processor.py:839} INFO - DAG(s) dict_keys(['latest_only']) retrieved from /home/airflow/.local/lib/python3.8/site-packages/airflow/example_dags/example_latest_only.py
[2023-09-05T06:35:31.890+0000] {logging_mixin.py:151} INFO - [2023-09-05T06:35:31.889+0000] {dag.py:2907} INFO - Sync 1 DAGs
[2023-09-05T06:35:31.919+0000] {logging_mixin.py:151} INFO - [2023-09-05T06:35:31.919+0000] {dag.py:3677} INFO - Setting next_dagrun for latest_only to 2023-09-05T02:35:31.919176+00:00, run_after=2023-09-05T06:35:31.919176+00:00
[2023-09-05T06:35:31.943+0000] {processor.py:179} INFO - Processing /home/airflow/.local/lib/python3.8/site-packages/airflow/example_dags/example_latest_only.py took 0.097 seconds
[2023-09-05T06:36:02.617+0000] {processor.py:157} INFO - Started process (PID=2098) to work on /home/airflow/.local/lib/python3.8/site-packages/airflow/example_dags/example_latest_only.py
[2023-09-05T06:36:02.618+0000] {processor.py:829} INFO - Processing file /home/airflow/.local/lib/python3.8/site-packages/airflow/example_dags/example_latest_only.py for tasks to queue
[2023-09-05T06:36:02.619+0000] {logging_mixin.py:151} INFO - [2023-09-05T06:36:02.619+0000] {dagbag.py:539} INFO - Filling up the DagBag from /home/airflow/.local/lib/python3.8/site-packages/airflow/example_dags/example_latest_only.py
[2023-09-05T06:36:02.626+0000] {processor.py:839} INFO - DAG(s) dict_keys(['latest_only']) retrieved from /home/airflow/.local/lib/python3.8/site-packages/airflow/example_dags/example_latest_only.py
[2023-09-05T06:36:02.650+0000] {logging_mixin.py:151} INFO - [2023-09-05T06:36:02.650+0000] {dag.py:2907} INFO - Sync 1 DAGs
[2023-09-05T06:36:02.679+0000] {logging_mixin.py:151} INFO - [2023-09-05T06:36:02.678+0000] {dag.py:3677} INFO - Setting next_dagrun for latest_only to 2023-09-05T02:36:02.678645+00:00, run_after=2023-09-05T06:36:02.678645+00:00
[2023-09-05T06:36:02.707+0000] {processor.py:179} INFO - Processing /home/airflow/.local/lib/python3.8/site-packages/airflow/example_dags/example_latest_only.py took 0.094 seconds
