[2023-09-05T06:31:55.435+0000] {processor.py:157} INFO - Started process (PID=202) to work on /home/airflow/.local/lib/python3.8/site-packages/airflow/example_dags/example_branch_day_of_week_operator.py
[2023-09-05T06:31:55.437+0000] {processor.py:829} INFO - Processing file /home/airflow/.local/lib/python3.8/site-packages/airflow/example_dags/example_branch_day_of_week_operator.py for tasks to queue
[2023-09-05T06:31:55.438+0000] {logging_mixin.py:151} INFO - [2023-09-05T06:31:55.438+0000] {dagbag.py:539} INFO - Filling up the DagBag from /home/airflow/.local/lib/python3.8/site-packages/airflow/example_dags/example_branch_day_of_week_operator.py
[2023-09-05T06:31:55.456+0000] {processor.py:839} INFO - DAG(s) dict_keys(['example_weekday_branch_operator']) retrieved from /home/airflow/.local/lib/python3.8/site-packages/airflow/example_dags/example_branch_day_of_week_operator.py
[2023-09-05T06:31:55.535+0000] {logging_mixin.py:151} INFO - [2023-09-05T06:31:55.535+0000] {dag.py:2907} INFO - Sync 1 DAGs
[2023-09-05T06:31:55.604+0000] {logging_mixin.py:151} INFO - [2023-09-05T06:31:55.604+0000] {dag.py:3677} INFO - Setting next_dagrun for example_weekday_branch_operator to 2023-09-04T00:00:00+00:00, run_after=2023-09-05T00:00:00+00:00
[2023-09-05T06:31:55.661+0000] {processor.py:179} INFO - Processing /home/airflow/.local/lib/python3.8/site-packages/airflow/example_dags/example_branch_day_of_week_operator.py took 0.230 seconds
[2023-09-05T06:32:25.978+0000] {processor.py:157} INFO - Started process (PID=443) to work on /home/airflow/.local/lib/python3.8/site-packages/airflow/example_dags/example_branch_day_of_week_operator.py
[2023-09-05T06:32:25.979+0000] {processor.py:829} INFO - Processing file /home/airflow/.local/lib/python3.8/site-packages/airflow/example_dags/example_branch_day_of_week_operator.py for tasks to queue
[2023-09-05T06:32:25.980+0000] {logging_mixin.py:151} INFO - [2023-09-05T06:32:25.980+0000] {dagbag.py:539} INFO - Filling up the DagBag from /home/airflow/.local/lib/python3.8/site-packages/airflow/example_dags/example_branch_day_of_week_operator.py
[2023-09-05T06:32:25.988+0000] {processor.py:839} INFO - DAG(s) dict_keys(['example_weekday_branch_operator']) retrieved from /home/airflow/.local/lib/python3.8/site-packages/airflow/example_dags/example_branch_day_of_week_operator.py
[2023-09-05T06:32:25.999+0000] {logging_mixin.py:151} INFO - [2023-09-05T06:32:25.999+0000] {dag.py:2907} INFO - Sync 1 DAGs
[2023-09-05T06:32:26.021+0000] {logging_mixin.py:151} INFO - [2023-09-05T06:32:26.021+0000] {dag.py:3677} INFO - Setting next_dagrun for example_weekday_branch_operator to 2023-09-04T00:00:00+00:00, run_after=2023-09-05T00:00:00+00:00
[2023-09-05T06:32:26.040+0000] {processor.py:179} INFO - Processing /home/airflow/.local/lib/python3.8/site-packages/airflow/example_dags/example_branch_day_of_week_operator.py took 0.066 seconds
[2023-09-05T06:32:57.605+0000] {processor.py:157} INFO - Started process (PID=678) to work on /home/airflow/.local/lib/python3.8/site-packages/airflow/example_dags/example_branch_day_of_week_operator.py
[2023-09-05T06:32:57.607+0000] {processor.py:829} INFO - Processing file /home/airflow/.local/lib/python3.8/site-packages/airflow/example_dags/example_branch_day_of_week_operator.py for tasks to queue
[2023-09-05T06:32:57.610+0000] {logging_mixin.py:151} INFO - [2023-09-05T06:32:57.609+0000] {dagbag.py:539} INFO - Filling up the DagBag from /home/airflow/.local/lib/python3.8/site-packages/airflow/example_dags/example_branch_day_of_week_operator.py
[2023-09-05T06:32:57.624+0000] {processor.py:839} INFO - DAG(s) dict_keys(['example_weekday_branch_operator']) retrieved from /home/airflow/.local/lib/python3.8/site-packages/airflow/example_dags/example_branch_day_of_week_operator.py
[2023-09-05T06:32:57.640+0000] {logging_mixin.py:151} INFO - [2023-09-05T06:32:57.640+0000] {dag.py:2907} INFO - Sync 1 DAGs
[2023-09-05T06:32:57.676+0000] {logging_mixin.py:151} INFO - [2023-09-05T06:32:57.676+0000] {dag.py:3677} INFO - Setting next_dagrun for example_weekday_branch_operator to 2023-09-04T00:00:00+00:00, run_after=2023-09-05T00:00:00+00:00
[2023-09-05T06:32:57.719+0000] {processor.py:179} INFO - Processing /home/airflow/.local/lib/python3.8/site-packages/airflow/example_dags/example_branch_day_of_week_operator.py took 0.123 seconds
[2023-09-05T06:33:28.254+0000] {processor.py:157} INFO - Started process (PID=916) to work on /home/airflow/.local/lib/python3.8/site-packages/airflow/example_dags/example_branch_day_of_week_operator.py
[2023-09-05T06:33:28.256+0000] {processor.py:829} INFO - Processing file /home/airflow/.local/lib/python3.8/site-packages/airflow/example_dags/example_branch_day_of_week_operator.py for tasks to queue
[2023-09-05T06:33:28.257+0000] {logging_mixin.py:151} INFO - [2023-09-05T06:33:28.256+0000] {dagbag.py:539} INFO - Filling up the DagBag from /home/airflow/.local/lib/python3.8/site-packages/airflow/example_dags/example_branch_day_of_week_operator.py
[2023-09-05T06:33:28.265+0000] {processor.py:839} INFO - DAG(s) dict_keys(['example_weekday_branch_operator']) retrieved from /home/airflow/.local/lib/python3.8/site-packages/airflow/example_dags/example_branch_day_of_week_operator.py
[2023-09-05T06:33:28.459+0000] {logging_mixin.py:151} INFO - [2023-09-05T06:33:28.459+0000] {dag.py:2907} INFO - Sync 1 DAGs
[2023-09-05T06:33:28.485+0000] {logging_mixin.py:151} INFO - [2023-09-05T06:33:28.484+0000] {dag.py:3677} INFO - Setting next_dagrun for example_weekday_branch_operator to 2023-09-04T00:00:00+00:00, run_after=2023-09-05T00:00:00+00:00
[2023-09-05T06:33:28.508+0000] {processor.py:179} INFO - Processing /home/airflow/.local/lib/python3.8/site-packages/airflow/example_dags/example_branch_day_of_week_operator.py took 0.258 seconds
[2023-09-05T06:33:59.743+0000] {processor.py:157} INFO - Started process (PID=1154) to work on /home/airflow/.local/lib/python3.8/site-packages/airflow/example_dags/example_branch_day_of_week_operator.py
[2023-09-05T06:33:59.744+0000] {processor.py:829} INFO - Processing file /home/airflow/.local/lib/python3.8/site-packages/airflow/example_dags/example_branch_day_of_week_operator.py for tasks to queue
[2023-09-05T06:33:59.745+0000] {logging_mixin.py:151} INFO - [2023-09-05T06:33:59.745+0000] {dagbag.py:539} INFO - Filling up the DagBag from /home/airflow/.local/lib/python3.8/site-packages/airflow/example_dags/example_branch_day_of_week_operator.py
[2023-09-05T06:33:59.755+0000] {processor.py:839} INFO - DAG(s) dict_keys(['example_weekday_branch_operator']) retrieved from /home/airflow/.local/lib/python3.8/site-packages/airflow/example_dags/example_branch_day_of_week_operator.py
[2023-09-05T06:33:59.788+0000] {logging_mixin.py:151} INFO - [2023-09-05T06:33:59.787+0000] {dag.py:2907} INFO - Sync 1 DAGs
[2023-09-05T06:33:59.845+0000] {logging_mixin.py:151} INFO - [2023-09-05T06:33:59.844+0000] {dag.py:3677} INFO - Setting next_dagrun for example_weekday_branch_operator to 2023-09-04T00:00:00+00:00, run_after=2023-09-05T00:00:00+00:00
[2023-09-05T06:33:59.884+0000] {processor.py:179} INFO - Processing /home/airflow/.local/lib/python3.8/site-packages/airflow/example_dags/example_branch_day_of_week_operator.py took 0.145 seconds
[2023-09-05T06:34:30.413+0000] {processor.py:157} INFO - Started process (PID=1392) to work on /home/airflow/.local/lib/python3.8/site-packages/airflow/example_dags/example_branch_day_of_week_operator.py
[2023-09-05T06:34:30.414+0000] {processor.py:829} INFO - Processing file /home/airflow/.local/lib/python3.8/site-packages/airflow/example_dags/example_branch_day_of_week_operator.py for tasks to queue
[2023-09-05T06:34:30.415+0000] {logging_mixin.py:151} INFO - [2023-09-05T06:34:30.415+0000] {dagbag.py:539} INFO - Filling up the DagBag from /home/airflow/.local/lib/python3.8/site-packages/airflow/example_dags/example_branch_day_of_week_operator.py
[2023-09-05T06:34:30.425+0000] {processor.py:839} INFO - DAG(s) dict_keys(['example_weekday_branch_operator']) retrieved from /home/airflow/.local/lib/python3.8/site-packages/airflow/example_dags/example_branch_day_of_week_operator.py
[2023-09-05T06:34:30.456+0000] {logging_mixin.py:151} INFO - [2023-09-05T06:34:30.455+0000] {dag.py:2907} INFO - Sync 1 DAGs
[2023-09-05T06:34:30.486+0000] {logging_mixin.py:151} INFO - [2023-09-05T06:34:30.486+0000] {dag.py:3677} INFO - Setting next_dagrun for example_weekday_branch_operator to 2023-09-04T00:00:00+00:00, run_after=2023-09-05T00:00:00+00:00
[2023-09-05T06:34:30.508+0000] {processor.py:179} INFO - Processing /home/airflow/.local/lib/python3.8/site-packages/airflow/example_dags/example_branch_day_of_week_operator.py took 0.099 seconds
[2023-09-05T06:35:00.739+0000] {processor.py:157} INFO - Started process (PID=1630) to work on /home/airflow/.local/lib/python3.8/site-packages/airflow/example_dags/example_branch_day_of_week_operator.py
[2023-09-05T06:35:00.741+0000] {processor.py:829} INFO - Processing file /home/airflow/.local/lib/python3.8/site-packages/airflow/example_dags/example_branch_day_of_week_operator.py for tasks to queue
[2023-09-05T06:35:00.742+0000] {logging_mixin.py:151} INFO - [2023-09-05T06:35:00.742+0000] {dagbag.py:539} INFO - Filling up the DagBag from /home/airflow/.local/lib/python3.8/site-packages/airflow/example_dags/example_branch_day_of_week_operator.py
[2023-09-05T06:35:00.752+0000] {processor.py:839} INFO - DAG(s) dict_keys(['example_weekday_branch_operator']) retrieved from /home/airflow/.local/lib/python3.8/site-packages/airflow/example_dags/example_branch_day_of_week_operator.py
[2023-09-05T06:35:00.781+0000] {logging_mixin.py:151} INFO - [2023-09-05T06:35:00.781+0000] {dag.py:2907} INFO - Sync 1 DAGs
[2023-09-05T06:35:00.806+0000] {logging_mixin.py:151} INFO - [2023-09-05T06:35:00.806+0000] {dag.py:3677} INFO - Setting next_dagrun for example_weekday_branch_operator to 2023-09-04T00:00:00+00:00, run_after=2023-09-05T00:00:00+00:00
[2023-09-05T06:35:00.828+0000] {processor.py:179} INFO - Processing /home/airflow/.local/lib/python3.8/site-packages/airflow/example_dags/example_branch_day_of_week_operator.py took 0.093 seconds
[2023-09-05T06:35:31.991+0000] {processor.py:157} INFO - Started process (PID=1868) to work on /home/airflow/.local/lib/python3.8/site-packages/airflow/example_dags/example_branch_day_of_week_operator.py
[2023-09-05T06:35:31.993+0000] {processor.py:829} INFO - Processing file /home/airflow/.local/lib/python3.8/site-packages/airflow/example_dags/example_branch_day_of_week_operator.py for tasks to queue
[2023-09-05T06:35:31.994+0000] {logging_mixin.py:151} INFO - [2023-09-05T06:35:31.994+0000] {dagbag.py:539} INFO - Filling up the DagBag from /home/airflow/.local/lib/python3.8/site-packages/airflow/example_dags/example_branch_day_of_week_operator.py
[2023-09-05T06:35:32.007+0000] {processor.py:839} INFO - DAG(s) dict_keys(['example_weekday_branch_operator']) retrieved from /home/airflow/.local/lib/python3.8/site-packages/airflow/example_dags/example_branch_day_of_week_operator.py
[2023-09-05T06:35:32.036+0000] {logging_mixin.py:151} INFO - [2023-09-05T06:35:32.036+0000] {dag.py:2907} INFO - Sync 1 DAGs
[2023-09-05T06:35:32.074+0000] {logging_mixin.py:151} INFO - [2023-09-05T06:35:32.073+0000] {dag.py:3677} INFO - Setting next_dagrun for example_weekday_branch_operator to 2023-09-04T00:00:00+00:00, run_after=2023-09-05T00:00:00+00:00
[2023-09-05T06:35:32.102+0000] {processor.py:179} INFO - Processing /home/airflow/.local/lib/python3.8/site-packages/airflow/example_dags/example_branch_day_of_week_operator.py took 0.115 seconds
[2023-09-05T06:36:02.767+0000] {processor.py:157} INFO - Started process (PID=2106) to work on /home/airflow/.local/lib/python3.8/site-packages/airflow/example_dags/example_branch_day_of_week_operator.py
[2023-09-05T06:36:02.769+0000] {processor.py:829} INFO - Processing file /home/airflow/.local/lib/python3.8/site-packages/airflow/example_dags/example_branch_day_of_week_operator.py for tasks to queue
[2023-09-05T06:36:02.771+0000] {logging_mixin.py:151} INFO - [2023-09-05T06:36:02.771+0000] {dagbag.py:539} INFO - Filling up the DagBag from /home/airflow/.local/lib/python3.8/site-packages/airflow/example_dags/example_branch_day_of_week_operator.py
[2023-09-05T06:36:02.786+0000] {processor.py:839} INFO - DAG(s) dict_keys(['example_weekday_branch_operator']) retrieved from /home/airflow/.local/lib/python3.8/site-packages/airflow/example_dags/example_branch_day_of_week_operator.py
[2023-09-05T06:36:02.817+0000] {logging_mixin.py:151} INFO - [2023-09-05T06:36:02.816+0000] {dag.py:2907} INFO - Sync 1 DAGs
[2023-09-05T06:36:02.850+0000] {logging_mixin.py:151} INFO - [2023-09-05T06:36:02.849+0000] {dag.py:3677} INFO - Setting next_dagrun for example_weekday_branch_operator to 2023-09-04T00:00:00+00:00, run_after=2023-09-05T00:00:00+00:00
[2023-09-05T06:36:02.876+0000] {processor.py:179} INFO - Processing /home/airflow/.local/lib/python3.8/site-packages/airflow/example_dags/example_branch_day_of_week_operator.py took 0.112 seconds
