[2023-09-05T06:31:59.213+0000] {processor.py:157} INFO - Started process (PID=309) to work on /home/airflow/.local/lib/python3.8/site-packages/airflow/example_dags/example_external_task_marker_dag.py
[2023-09-05T06:31:59.215+0000] {processor.py:829} INFO - Processing file /home/airflow/.local/lib/python3.8/site-packages/airflow/example_dags/example_external_task_marker_dag.py for tasks to queue
[2023-09-05T06:31:59.228+0000] {logging_mixin.py:151} INFO - [2023-09-05T06:31:59.227+0000] {dagbag.py:539} INFO - Filling up the DagBag from /home/airflow/.local/lib/python3.8/site-packages/airflow/example_dags/example_external_task_marker_dag.py
[2023-09-05T06:31:59.249+0000] {processor.py:839} INFO - DAG(s) dict_keys(['example_external_task_marker_child', 'example_external_task_marker_parent']) retrieved from /home/airflow/.local/lib/python3.8/site-packages/airflow/example_dags/example_external_task_marker_dag.py
[2023-09-05T06:31:59.337+0000] {logging_mixin.py:151} INFO - [2023-09-05T06:31:59.336+0000] {dag.py:2907} INFO - Sync 2 DAGs
[2023-09-05T06:31:59.537+0000] {logging_mixin.py:151} INFO - [2023-09-05T06:31:59.536+0000] {dag.py:3677} INFO - Setting next_dagrun for example_external_task_marker_child to None, run_after=None
[2023-09-05T06:31:59.553+0000] {logging_mixin.py:151} INFO - [2023-09-05T06:31:59.552+0000] {dag.py:3677} INFO - Setting next_dagrun for example_external_task_marker_parent to None, run_after=None
[2023-09-05T06:31:59.627+0000] {processor.py:179} INFO - Processing /home/airflow/.local/lib/python3.8/site-packages/airflow/example_dags/example_external_task_marker_dag.py took 0.418 seconds
[2023-09-05T06:32:30.532+0000] {processor.py:157} INFO - Started process (PID=548) to work on /home/airflow/.local/lib/python3.8/site-packages/airflow/example_dags/example_external_task_marker_dag.py
[2023-09-05T06:32:30.534+0000] {processor.py:829} INFO - Processing file /home/airflow/.local/lib/python3.8/site-packages/airflow/example_dags/example_external_task_marker_dag.py for tasks to queue
[2023-09-05T06:32:30.536+0000] {logging_mixin.py:151} INFO - [2023-09-05T06:32:30.535+0000] {dagbag.py:539} INFO - Filling up the DagBag from /home/airflow/.local/lib/python3.8/site-packages/airflow/example_dags/example_external_task_marker_dag.py
[2023-09-05T06:32:30.542+0000] {processor.py:839} INFO - DAG(s) dict_keys(['example_external_task_marker_child', 'example_external_task_marker_parent']) retrieved from /home/airflow/.local/lib/python3.8/site-packages/airflow/example_dags/example_external_task_marker_dag.py
[2023-09-05T06:32:30.558+0000] {logging_mixin.py:151} INFO - [2023-09-05T06:32:30.557+0000] {dag.py:2907} INFO - Sync 2 DAGs
[2023-09-05T06:32:30.574+0000] {logging_mixin.py:151} INFO - [2023-09-05T06:32:30.573+0000] {dag.py:3677} INFO - Setting next_dagrun for example_external_task_marker_child to None, run_after=None
[2023-09-05T06:32:30.578+0000] {logging_mixin.py:151} INFO - [2023-09-05T06:32:30.578+0000] {dag.py:3677} INFO - Setting next_dagrun for example_external_task_marker_parent to None, run_after=None
[2023-09-05T06:32:30.598+0000] {processor.py:179} INFO - Processing /home/airflow/.local/lib/python3.8/site-packages/airflow/example_dags/example_external_task_marker_dag.py took 0.069 seconds
[2023-09-05T06:33:01.345+0000] {processor.py:157} INFO - Started process (PID=785) to work on /home/airflow/.local/lib/python3.8/site-packages/airflow/example_dags/example_external_task_marker_dag.py
[2023-09-05T06:33:01.346+0000] {processor.py:829} INFO - Processing file /home/airflow/.local/lib/python3.8/site-packages/airflow/example_dags/example_external_task_marker_dag.py for tasks to queue
[2023-09-05T06:33:01.348+0000] {logging_mixin.py:151} INFO - [2023-09-05T06:33:01.347+0000] {dagbag.py:539} INFO - Filling up the DagBag from /home/airflow/.local/lib/python3.8/site-packages/airflow/example_dags/example_external_task_marker_dag.py
[2023-09-05T06:33:01.354+0000] {processor.py:839} INFO - DAG(s) dict_keys(['example_external_task_marker_child', 'example_external_task_marker_parent']) retrieved from /home/airflow/.local/lib/python3.8/site-packages/airflow/example_dags/example_external_task_marker_dag.py
[2023-09-05T06:33:01.370+0000] {logging_mixin.py:151} INFO - [2023-09-05T06:33:01.369+0000] {dag.py:2907} INFO - Sync 2 DAGs
[2023-09-05T06:33:01.387+0000] {logging_mixin.py:151} INFO - [2023-09-05T06:33:01.387+0000] {dag.py:3677} INFO - Setting next_dagrun for example_external_task_marker_child to None, run_after=None
[2023-09-05T06:33:01.391+0000] {logging_mixin.py:151} INFO - [2023-09-05T06:33:01.391+0000] {dag.py:3677} INFO - Setting next_dagrun for example_external_task_marker_parent to None, run_after=None
[2023-09-05T06:33:01.410+0000] {processor.py:179} INFO - Processing /home/airflow/.local/lib/python3.8/site-packages/airflow/example_dags/example_external_task_marker_dag.py took 0.069 seconds
[2023-09-05T06:33:32.184+0000] {processor.py:157} INFO - Started process (PID=1023) to work on /home/airflow/.local/lib/python3.8/site-packages/airflow/example_dags/example_external_task_marker_dag.py
[2023-09-05T06:33:32.185+0000] {processor.py:829} INFO - Processing file /home/airflow/.local/lib/python3.8/site-packages/airflow/example_dags/example_external_task_marker_dag.py for tasks to queue
[2023-09-05T06:33:32.186+0000] {logging_mixin.py:151} INFO - [2023-09-05T06:33:32.186+0000] {dagbag.py:539} INFO - Filling up the DagBag from /home/airflow/.local/lib/python3.8/site-packages/airflow/example_dags/example_external_task_marker_dag.py
[2023-09-05T06:33:32.193+0000] {processor.py:839} INFO - DAG(s) dict_keys(['example_external_task_marker_parent', 'example_external_task_marker_child']) retrieved from /home/airflow/.local/lib/python3.8/site-packages/airflow/example_dags/example_external_task_marker_dag.py
[2023-09-05T06:33:32.223+0000] {logging_mixin.py:151} INFO - [2023-09-05T06:33:32.222+0000] {dag.py:2907} INFO - Sync 2 DAGs
[2023-09-05T06:33:32.238+0000] {logging_mixin.py:151} INFO - [2023-09-05T06:33:32.238+0000] {dag.py:3677} INFO - Setting next_dagrun for example_external_task_marker_child to None, run_after=None
[2023-09-05T06:33:32.243+0000] {logging_mixin.py:151} INFO - [2023-09-05T06:33:32.243+0000] {dag.py:3677} INFO - Setting next_dagrun for example_external_task_marker_parent to None, run_after=None
[2023-09-05T06:33:32.267+0000] {processor.py:179} INFO - Processing /home/airflow/.local/lib/python3.8/site-packages/airflow/example_dags/example_external_task_marker_dag.py took 0.086 seconds
[2023-09-05T06:34:02.598+0000] {processor.py:157} INFO - Started process (PID=1261) to work on /home/airflow/.local/lib/python3.8/site-packages/airflow/example_dags/example_external_task_marker_dag.py
[2023-09-05T06:34:02.599+0000] {processor.py:829} INFO - Processing file /home/airflow/.local/lib/python3.8/site-packages/airflow/example_dags/example_external_task_marker_dag.py for tasks to queue
[2023-09-05T06:34:02.601+0000] {logging_mixin.py:151} INFO - [2023-09-05T06:34:02.600+0000] {dagbag.py:539} INFO - Filling up the DagBag from /home/airflow/.local/lib/python3.8/site-packages/airflow/example_dags/example_external_task_marker_dag.py
[2023-09-05T06:34:02.608+0000] {processor.py:839} INFO - DAG(s) dict_keys(['example_external_task_marker_child', 'example_external_task_marker_parent']) retrieved from /home/airflow/.local/lib/python3.8/site-packages/airflow/example_dags/example_external_task_marker_dag.py
[2023-09-05T06:34:02.648+0000] {logging_mixin.py:151} INFO - [2023-09-05T06:34:02.648+0000] {dag.py:2907} INFO - Sync 2 DAGs
[2023-09-05T06:34:02.670+0000] {logging_mixin.py:151} INFO - [2023-09-05T06:34:02.670+0000] {dag.py:3677} INFO - Setting next_dagrun for example_external_task_marker_child to None, run_after=None
[2023-09-05T06:34:02.675+0000] {logging_mixin.py:151} INFO - [2023-09-05T06:34:02.674+0000] {dag.py:3677} INFO - Setting next_dagrun for example_external_task_marker_parent to None, run_after=None
[2023-09-05T06:34:02.700+0000] {processor.py:179} INFO - Processing /home/airflow/.local/lib/python3.8/site-packages/airflow/example_dags/example_external_task_marker_dag.py took 0.106 seconds
[2023-09-05T06:34:33.041+0000] {processor.py:157} INFO - Started process (PID=1499) to work on /home/airflow/.local/lib/python3.8/site-packages/airflow/example_dags/example_external_task_marker_dag.py
[2023-09-05T06:34:33.042+0000] {processor.py:829} INFO - Processing file /home/airflow/.local/lib/python3.8/site-packages/airflow/example_dags/example_external_task_marker_dag.py for tasks to queue
[2023-09-05T06:34:33.044+0000] {logging_mixin.py:151} INFO - [2023-09-05T06:34:33.044+0000] {dagbag.py:539} INFO - Filling up the DagBag from /home/airflow/.local/lib/python3.8/site-packages/airflow/example_dags/example_external_task_marker_dag.py
[2023-09-05T06:34:33.051+0000] {processor.py:839} INFO - DAG(s) dict_keys(['example_external_task_marker_child', 'example_external_task_marker_parent']) retrieved from /home/airflow/.local/lib/python3.8/site-packages/airflow/example_dags/example_external_task_marker_dag.py
[2023-09-05T06:34:33.082+0000] {logging_mixin.py:151} INFO - [2023-09-05T06:34:33.081+0000] {dag.py:2907} INFO - Sync 2 DAGs
[2023-09-05T06:34:33.098+0000] {logging_mixin.py:151} INFO - [2023-09-05T06:34:33.097+0000] {dag.py:3677} INFO - Setting next_dagrun for example_external_task_marker_child to None, run_after=None
[2023-09-05T06:34:33.101+0000] {logging_mixin.py:151} INFO - [2023-09-05T06:34:33.101+0000] {dag.py:3677} INFO - Setting next_dagrun for example_external_task_marker_parent to None, run_after=None
[2023-09-05T06:34:33.122+0000] {processor.py:179} INFO - Processing /home/airflow/.local/lib/python3.8/site-packages/airflow/example_dags/example_external_task_marker_dag.py took 0.084 seconds
[2023-09-05T06:35:03.363+0000] {processor.py:157} INFO - Started process (PID=1737) to work on /home/airflow/.local/lib/python3.8/site-packages/airflow/example_dags/example_external_task_marker_dag.py
[2023-09-05T06:35:03.367+0000] {processor.py:829} INFO - Processing file /home/airflow/.local/lib/python3.8/site-packages/airflow/example_dags/example_external_task_marker_dag.py for tasks to queue
[2023-09-05T06:35:03.369+0000] {logging_mixin.py:151} INFO - [2023-09-05T06:35:03.368+0000] {dagbag.py:539} INFO - Filling up the DagBag from /home/airflow/.local/lib/python3.8/site-packages/airflow/example_dags/example_external_task_marker_dag.py
[2023-09-05T06:35:03.376+0000] {processor.py:839} INFO - DAG(s) dict_keys(['example_external_task_marker_parent', 'example_external_task_marker_child']) retrieved from /home/airflow/.local/lib/python3.8/site-packages/airflow/example_dags/example_external_task_marker_dag.py
[2023-09-05T06:35:03.405+0000] {logging_mixin.py:151} INFO - [2023-09-05T06:35:03.405+0000] {dag.py:2907} INFO - Sync 2 DAGs
[2023-09-05T06:35:03.420+0000] {logging_mixin.py:151} INFO - [2023-09-05T06:35:03.419+0000] {dag.py:3677} INFO - Setting next_dagrun for example_external_task_marker_child to None, run_after=None
[2023-09-05T06:35:03.424+0000] {logging_mixin.py:151} INFO - [2023-09-05T06:35:03.424+0000] {dag.py:3677} INFO - Setting next_dagrun for example_external_task_marker_parent to None, run_after=None
[2023-09-05T06:35:03.445+0000] {processor.py:179} INFO - Processing /home/airflow/.local/lib/python3.8/site-packages/airflow/example_dags/example_external_task_marker_dag.py took 0.085 seconds
[2023-09-05T06:35:34.101+0000] {processor.py:157} INFO - Started process (PID=1973) to work on /home/airflow/.local/lib/python3.8/site-packages/airflow/example_dags/example_external_task_marker_dag.py
[2023-09-05T06:35:34.102+0000] {processor.py:829} INFO - Processing file /home/airflow/.local/lib/python3.8/site-packages/airflow/example_dags/example_external_task_marker_dag.py for tasks to queue
[2023-09-05T06:35:34.106+0000] {logging_mixin.py:151} INFO - [2023-09-05T06:35:34.105+0000] {dagbag.py:539} INFO - Filling up the DagBag from /home/airflow/.local/lib/python3.8/site-packages/airflow/example_dags/example_external_task_marker_dag.py
[2023-09-05T06:35:34.115+0000] {processor.py:839} INFO - DAG(s) dict_keys(['example_external_task_marker_parent', 'example_external_task_marker_child']) retrieved from /home/airflow/.local/lib/python3.8/site-packages/airflow/example_dags/example_external_task_marker_dag.py
[2023-09-05T06:35:34.156+0000] {logging_mixin.py:151} INFO - [2023-09-05T06:35:34.156+0000] {dag.py:2907} INFO - Sync 2 DAGs
[2023-09-05T06:35:34.175+0000] {logging_mixin.py:151} INFO - [2023-09-05T06:35:34.175+0000] {dag.py:3677} INFO - Setting next_dagrun for example_external_task_marker_child to None, run_after=None
[2023-09-05T06:35:34.179+0000] {logging_mixin.py:151} INFO - [2023-09-05T06:35:34.179+0000] {dag.py:3677} INFO - Setting next_dagrun for example_external_task_marker_parent to None, run_after=None
[2023-09-05T06:35:34.202+0000] {processor.py:179} INFO - Processing /home/airflow/.local/lib/python3.8/site-packages/airflow/example_dags/example_external_task_marker_dag.py took 0.107 seconds
[2023-09-05T06:36:04.785+0000] {processor.py:157} INFO - Started process (PID=2211) to work on /home/airflow/.local/lib/python3.8/site-packages/airflow/example_dags/example_external_task_marker_dag.py
[2023-09-05T06:36:04.788+0000] {processor.py:829} INFO - Processing file /home/airflow/.local/lib/python3.8/site-packages/airflow/example_dags/example_external_task_marker_dag.py for tasks to queue
[2023-09-05T06:36:04.790+0000] {logging_mixin.py:151} INFO - [2023-09-05T06:36:04.789+0000] {dagbag.py:539} INFO - Filling up the DagBag from /home/airflow/.local/lib/python3.8/site-packages/airflow/example_dags/example_external_task_marker_dag.py
[2023-09-05T06:36:04.798+0000] {processor.py:839} INFO - DAG(s) dict_keys(['example_external_task_marker_child', 'example_external_task_marker_parent']) retrieved from /home/airflow/.local/lib/python3.8/site-packages/airflow/example_dags/example_external_task_marker_dag.py
[2023-09-05T06:36:04.834+0000] {logging_mixin.py:151} INFO - [2023-09-05T06:36:04.833+0000] {dag.py:2907} INFO - Sync 2 DAGs
[2023-09-05T06:36:04.863+0000] {logging_mixin.py:151} INFO - [2023-09-05T06:36:04.863+0000] {dag.py:3677} INFO - Setting next_dagrun for example_external_task_marker_child to None, run_after=None
[2023-09-05T06:36:04.870+0000] {logging_mixin.py:151} INFO - [2023-09-05T06:36:04.870+0000] {dag.py:3677} INFO - Setting next_dagrun for example_external_task_marker_parent to None, run_after=None
[2023-09-05T06:36:04.891+0000] {processor.py:179} INFO - Processing /home/airflow/.local/lib/python3.8/site-packages/airflow/example_dags/example_external_task_marker_dag.py took 0.112 seconds
