[2023-09-05T06:31:58.825+0000] {processor.py:157} INFO - Started process (PID=304) to work on /home/airflow/.local/lib/python3.8/site-packages/airflow/example_dags/example_dynamic_task_mapping_with_no_taskflow_operators.py
[2023-09-05T06:31:58.834+0000] {processor.py:829} INFO - Processing file /home/airflow/.local/lib/python3.8/site-packages/airflow/example_dags/example_dynamic_task_mapping_with_no_taskflow_operators.py for tasks to queue
[2023-09-05T06:31:58.835+0000] {logging_mixin.py:151} INFO - [2023-09-05T06:31:58.835+0000] {dagbag.py:539} INFO - Filling up the DagBag from /home/airflow/.local/lib/python3.8/site-packages/airflow/example_dags/example_dynamic_task_mapping_with_no_taskflow_operators.py
[2023-09-05T06:31:58.849+0000] {processor.py:839} INFO - DAG(s) dict_keys(['example_dynamic_task_mapping_with_no_taskflow_operators']) retrieved from /home/airflow/.local/lib/python3.8/site-packages/airflow/example_dags/example_dynamic_task_mapping_with_no_taskflow_operators.py
[2023-09-05T06:31:58.907+0000] {logging_mixin.py:151} INFO - [2023-09-05T06:31:58.906+0000] {dag.py:2907} INFO - Sync 1 DAGs
[2023-09-05T06:31:58.976+0000] {logging_mixin.py:151} INFO - [2023-09-05T06:31:58.976+0000] {dag.py:3677} INFO - Setting next_dagrun for example_dynamic_task_mapping_with_no_taskflow_operators to 2023-09-04T06:31:58.976423+00:00, run_after=2023-09-05T06:31:58.976423+00:00
[2023-09-05T06:31:59.037+0000] {processor.py:179} INFO - Processing /home/airflow/.local/lib/python3.8/site-packages/airflow/example_dags/example_dynamic_task_mapping_with_no_taskflow_operators.py took 0.217 seconds
[2023-09-05T06:32:29.457+0000] {processor.py:157} INFO - Started process (PID=541) to work on /home/airflow/.local/lib/python3.8/site-packages/airflow/example_dags/example_dynamic_task_mapping_with_no_taskflow_operators.py
[2023-09-05T06:32:29.459+0000] {processor.py:829} INFO - Processing file /home/airflow/.local/lib/python3.8/site-packages/airflow/example_dags/example_dynamic_task_mapping_with_no_taskflow_operators.py for tasks to queue
[2023-09-05T06:32:29.461+0000] {logging_mixin.py:151} INFO - [2023-09-05T06:32:29.460+0000] {dagbag.py:539} INFO - Filling up the DagBag from /home/airflow/.local/lib/python3.8/site-packages/airflow/example_dags/example_dynamic_task_mapping_with_no_taskflow_operators.py
[2023-09-05T06:32:29.468+0000] {processor.py:839} INFO - DAG(s) dict_keys(['example_dynamic_task_mapping_with_no_taskflow_operators']) retrieved from /home/airflow/.local/lib/python3.8/site-packages/airflow/example_dags/example_dynamic_task_mapping_with_no_taskflow_operators.py
[2023-09-05T06:32:29.483+0000] {logging_mixin.py:151} INFO - [2023-09-05T06:32:29.482+0000] {dag.py:2907} INFO - Sync 1 DAGs
[2023-09-05T06:32:29.511+0000] {logging_mixin.py:151} INFO - [2023-09-05T06:32:29.511+0000] {dag.py:3677} INFO - Setting next_dagrun for example_dynamic_task_mapping_with_no_taskflow_operators to 2023-09-04T06:32:29.511356+00:00, run_after=2023-09-05T06:32:29.511356+00:00
[2023-09-05T06:32:29.529+0000] {processor.py:179} INFO - Processing /home/airflow/.local/lib/python3.8/site-packages/airflow/example_dags/example_dynamic_task_mapping_with_no_taskflow_operators.py took 0.076 seconds
[2023-09-05T06:33:00.226+0000] {processor.py:157} INFO - Started process (PID=778) to work on /home/airflow/.local/lib/python3.8/site-packages/airflow/example_dags/example_dynamic_task_mapping_with_no_taskflow_operators.py
[2023-09-05T06:33:00.228+0000] {processor.py:829} INFO - Processing file /home/airflow/.local/lib/python3.8/site-packages/airflow/example_dags/example_dynamic_task_mapping_with_no_taskflow_operators.py for tasks to queue
[2023-09-05T06:33:00.229+0000] {logging_mixin.py:151} INFO - [2023-09-05T06:33:00.229+0000] {dagbag.py:539} INFO - Filling up the DagBag from /home/airflow/.local/lib/python3.8/site-packages/airflow/example_dags/example_dynamic_task_mapping_with_no_taskflow_operators.py
[2023-09-05T06:33:00.238+0000] {processor.py:839} INFO - DAG(s) dict_keys(['example_dynamic_task_mapping_with_no_taskflow_operators']) retrieved from /home/airflow/.local/lib/python3.8/site-packages/airflow/example_dags/example_dynamic_task_mapping_with_no_taskflow_operators.py
[2023-09-05T06:33:00.254+0000] {logging_mixin.py:151} INFO - [2023-09-05T06:33:00.253+0000] {dag.py:2907} INFO - Sync 1 DAGs
[2023-09-05T06:33:00.280+0000] {logging_mixin.py:151} INFO - [2023-09-05T06:33:00.279+0000] {dag.py:3677} INFO - Setting next_dagrun for example_dynamic_task_mapping_with_no_taskflow_operators to 2023-09-04T06:33:00.279574+00:00, run_after=2023-09-05T06:33:00.279574+00:00
[2023-09-05T06:33:00.301+0000] {processor.py:179} INFO - Processing /home/airflow/.local/lib/python3.8/site-packages/airflow/example_dags/example_dynamic_task_mapping_with_no_taskflow_operators.py took 0.078 seconds
[2023-09-05T06:33:31.073+0000] {processor.py:157} INFO - Started process (PID=1016) to work on /home/airflow/.local/lib/python3.8/site-packages/airflow/example_dags/example_dynamic_task_mapping_with_no_taskflow_operators.py
[2023-09-05T06:33:31.074+0000] {processor.py:829} INFO - Processing file /home/airflow/.local/lib/python3.8/site-packages/airflow/example_dags/example_dynamic_task_mapping_with_no_taskflow_operators.py for tasks to queue
[2023-09-05T06:33:31.076+0000] {logging_mixin.py:151} INFO - [2023-09-05T06:33:31.076+0000] {dagbag.py:539} INFO - Filling up the DagBag from /home/airflow/.local/lib/python3.8/site-packages/airflow/example_dags/example_dynamic_task_mapping_with_no_taskflow_operators.py
[2023-09-05T06:33:31.085+0000] {processor.py:839} INFO - DAG(s) dict_keys(['example_dynamic_task_mapping_with_no_taskflow_operators']) retrieved from /home/airflow/.local/lib/python3.8/site-packages/airflow/example_dags/example_dynamic_task_mapping_with_no_taskflow_operators.py
[2023-09-05T06:33:31.111+0000] {logging_mixin.py:151} INFO - [2023-09-05T06:33:31.111+0000] {dag.py:2907} INFO - Sync 1 DAGs
[2023-09-05T06:33:31.158+0000] {logging_mixin.py:151} INFO - [2023-09-05T06:33:31.157+0000] {dag.py:3677} INFO - Setting next_dagrun for example_dynamic_task_mapping_with_no_taskflow_operators to 2023-09-04T06:33:31.157370+00:00, run_after=2023-09-05T06:33:31.157370+00:00
[2023-09-05T06:33:31.179+0000] {processor.py:179} INFO - Processing /home/airflow/.local/lib/python3.8/site-packages/airflow/example_dags/example_dynamic_task_mapping_with_no_taskflow_operators.py took 0.109 seconds
[2023-09-05T06:34:01.549+0000] {processor.py:157} INFO - Started process (PID=1254) to work on /home/airflow/.local/lib/python3.8/site-packages/airflow/example_dags/example_dynamic_task_mapping_with_no_taskflow_operators.py
[2023-09-05T06:34:01.551+0000] {processor.py:829} INFO - Processing file /home/airflow/.local/lib/python3.8/site-packages/airflow/example_dags/example_dynamic_task_mapping_with_no_taskflow_operators.py for tasks to queue
[2023-09-05T06:34:01.553+0000] {logging_mixin.py:151} INFO - [2023-09-05T06:34:01.553+0000] {dagbag.py:539} INFO - Filling up the DagBag from /home/airflow/.local/lib/python3.8/site-packages/airflow/example_dags/example_dynamic_task_mapping_with_no_taskflow_operators.py
[2023-09-05T06:34:01.561+0000] {processor.py:839} INFO - DAG(s) dict_keys(['example_dynamic_task_mapping_with_no_taskflow_operators']) retrieved from /home/airflow/.local/lib/python3.8/site-packages/airflow/example_dags/example_dynamic_task_mapping_with_no_taskflow_operators.py
[2023-09-05T06:34:01.580+0000] {logging_mixin.py:151} INFO - [2023-09-05T06:34:01.580+0000] {dag.py:2907} INFO - Sync 1 DAGs
[2023-09-05T06:34:01.599+0000] {logging_mixin.py:151} INFO - [2023-09-05T06:34:01.598+0000] {dag.py:3677} INFO - Setting next_dagrun for example_dynamic_task_mapping_with_no_taskflow_operators to 2023-09-04T06:34:01.598713+00:00, run_after=2023-09-05T06:34:01.598713+00:00
[2023-09-05T06:34:01.619+0000] {processor.py:179} INFO - Processing /home/airflow/.local/lib/python3.8/site-packages/airflow/example_dags/example_dynamic_task_mapping_with_no_taskflow_operators.py took 0.074 seconds
[2023-09-05T06:34:31.940+0000] {processor.py:157} INFO - Started process (PID=1492) to work on /home/airflow/.local/lib/python3.8/site-packages/airflow/example_dags/example_dynamic_task_mapping_with_no_taskflow_operators.py
[2023-09-05T06:34:31.944+0000] {processor.py:829} INFO - Processing file /home/airflow/.local/lib/python3.8/site-packages/airflow/example_dags/example_dynamic_task_mapping_with_no_taskflow_operators.py for tasks to queue
[2023-09-05T06:34:31.946+0000] {logging_mixin.py:151} INFO - [2023-09-05T06:34:31.945+0000] {dagbag.py:539} INFO - Filling up the DagBag from /home/airflow/.local/lib/python3.8/site-packages/airflow/example_dags/example_dynamic_task_mapping_with_no_taskflow_operators.py
[2023-09-05T06:34:31.956+0000] {processor.py:839} INFO - DAG(s) dict_keys(['example_dynamic_task_mapping_with_no_taskflow_operators']) retrieved from /home/airflow/.local/lib/python3.8/site-packages/airflow/example_dags/example_dynamic_task_mapping_with_no_taskflow_operators.py
[2023-09-05T06:34:31.981+0000] {logging_mixin.py:151} INFO - [2023-09-05T06:34:31.981+0000] {dag.py:2907} INFO - Sync 1 DAGs
[2023-09-05T06:34:32.016+0000] {logging_mixin.py:151} INFO - [2023-09-05T06:34:32.016+0000] {dag.py:3677} INFO - Setting next_dagrun for example_dynamic_task_mapping_with_no_taskflow_operators to 2023-09-04T06:34:32.016271+00:00, run_after=2023-09-05T06:34:32.016271+00:00
[2023-09-05T06:34:32.042+0000] {processor.py:179} INFO - Processing /home/airflow/.local/lib/python3.8/site-packages/airflow/example_dags/example_dynamic_task_mapping_with_no_taskflow_operators.py took 0.105 seconds
[2023-09-05T06:35:02.287+0000] {processor.py:157} INFO - Started process (PID=1730) to work on /home/airflow/.local/lib/python3.8/site-packages/airflow/example_dags/example_dynamic_task_mapping_with_no_taskflow_operators.py
[2023-09-05T06:35:02.289+0000] {processor.py:829} INFO - Processing file /home/airflow/.local/lib/python3.8/site-packages/airflow/example_dags/example_dynamic_task_mapping_with_no_taskflow_operators.py for tasks to queue
[2023-09-05T06:35:02.291+0000] {logging_mixin.py:151} INFO - [2023-09-05T06:35:02.290+0000] {dagbag.py:539} INFO - Filling up the DagBag from /home/airflow/.local/lib/python3.8/site-packages/airflow/example_dags/example_dynamic_task_mapping_with_no_taskflow_operators.py
[2023-09-05T06:35:02.298+0000] {processor.py:839} INFO - DAG(s) dict_keys(['example_dynamic_task_mapping_with_no_taskflow_operators']) retrieved from /home/airflow/.local/lib/python3.8/site-packages/airflow/example_dags/example_dynamic_task_mapping_with_no_taskflow_operators.py
[2023-09-05T06:35:02.322+0000] {logging_mixin.py:151} INFO - [2023-09-05T06:35:02.322+0000] {dag.py:2907} INFO - Sync 1 DAGs
[2023-09-05T06:35:02.347+0000] {logging_mixin.py:151} INFO - [2023-09-05T06:35:02.346+0000] {dag.py:3677} INFO - Setting next_dagrun for example_dynamic_task_mapping_with_no_taskflow_operators to 2023-09-04T06:35:02.346728+00:00, run_after=2023-09-05T06:35:02.346728+00:00
[2023-09-05T06:35:02.362+0000] {processor.py:179} INFO - Processing /home/airflow/.local/lib/python3.8/site-packages/airflow/example_dags/example_dynamic_task_mapping_with_no_taskflow_operators.py took 0.078 seconds
[2023-09-05T06:35:33.974+0000] {processor.py:157} INFO - Started process (PID=1968) to work on /home/airflow/.local/lib/python3.8/site-packages/airflow/example_dags/example_dynamic_task_mapping_with_no_taskflow_operators.py
[2023-09-05T06:35:33.977+0000] {processor.py:829} INFO - Processing file /home/airflow/.local/lib/python3.8/site-packages/airflow/example_dags/example_dynamic_task_mapping_with_no_taskflow_operators.py for tasks to queue
[2023-09-05T06:35:33.979+0000] {logging_mixin.py:151} INFO - [2023-09-05T06:35:33.978+0000] {dagbag.py:539} INFO - Filling up the DagBag from /home/airflow/.local/lib/python3.8/site-packages/airflow/example_dags/example_dynamic_task_mapping_with_no_taskflow_operators.py
[2023-09-05T06:35:33.989+0000] {processor.py:839} INFO - DAG(s) dict_keys(['example_dynamic_task_mapping_with_no_taskflow_operators']) retrieved from /home/airflow/.local/lib/python3.8/site-packages/airflow/example_dags/example_dynamic_task_mapping_with_no_taskflow_operators.py
[2023-09-05T06:35:34.027+0000] {logging_mixin.py:151} INFO - [2023-09-05T06:35:34.026+0000] {dag.py:2907} INFO - Sync 1 DAGs
[2023-09-05T06:35:34.064+0000] {logging_mixin.py:151} INFO - [2023-09-05T06:35:34.063+0000] {dag.py:3677} INFO - Setting next_dagrun for example_dynamic_task_mapping_with_no_taskflow_operators to 2023-09-04T06:35:34.063544+00:00, run_after=2023-09-05T06:35:34.063544+00:00
[2023-09-05T06:35:34.101+0000] {processor.py:179} INFO - Processing /home/airflow/.local/lib/python3.8/site-packages/airflow/example_dags/example_dynamic_task_mapping_with_no_taskflow_operators.py took 0.131 seconds
[2023-09-05T06:36:04.715+0000] {processor.py:157} INFO - Started process (PID=2206) to work on /home/airflow/.local/lib/python3.8/site-packages/airflow/example_dags/example_dynamic_task_mapping_with_no_taskflow_operators.py
[2023-09-05T06:36:04.717+0000] {processor.py:829} INFO - Processing file /home/airflow/.local/lib/python3.8/site-packages/airflow/example_dags/example_dynamic_task_mapping_with_no_taskflow_operators.py for tasks to queue
[2023-09-05T06:36:04.718+0000] {logging_mixin.py:151} INFO - [2023-09-05T06:36:04.718+0000] {dagbag.py:539} INFO - Filling up the DagBag from /home/airflow/.local/lib/python3.8/site-packages/airflow/example_dags/example_dynamic_task_mapping_with_no_taskflow_operators.py
[2023-09-05T06:36:04.727+0000] {processor.py:839} INFO - DAG(s) dict_keys(['example_dynamic_task_mapping_with_no_taskflow_operators']) retrieved from /home/airflow/.local/lib/python3.8/site-packages/airflow/example_dags/example_dynamic_task_mapping_with_no_taskflow_operators.py
[2023-09-05T06:36:04.763+0000] {logging_mixin.py:151} INFO - [2023-09-05T06:36:04.762+0000] {dag.py:2907} INFO - Sync 1 DAGs
[2023-09-05T06:36:04.797+0000] {logging_mixin.py:151} INFO - [2023-09-05T06:36:04.797+0000] {dag.py:3677} INFO - Setting next_dagrun for example_dynamic_task_mapping_with_no_taskflow_operators to 2023-09-04T06:36:04.796995+00:00, run_after=2023-09-05T06:36:04.796995+00:00
[2023-09-05T06:36:04.826+0000] {processor.py:179} INFO - Processing /home/airflow/.local/lib/python3.8/site-packages/airflow/example_dags/example_dynamic_task_mapping_with_no_taskflow_operators.py took 0.117 seconds
