[2023-09-05T06:31:55.982+0000] {processor.py:157} INFO - Started process (PID=217) to work on /home/airflow/.local/lib/python3.8/site-packages/airflow/example_dags/example_trigger_target_dag.py
[2023-09-05T06:31:55.983+0000] {processor.py:829} INFO - Processing file /home/airflow/.local/lib/python3.8/site-packages/airflow/example_dags/example_trigger_target_dag.py for tasks to queue
[2023-09-05T06:31:55.984+0000] {logging_mixin.py:151} INFO - [2023-09-05T06:31:55.984+0000] {dagbag.py:539} INFO - Filling up the DagBag from /home/airflow/.local/lib/python3.8/site-packages/airflow/example_dags/example_trigger_target_dag.py
[2023-09-05T06:31:56.003+0000] {processor.py:839} INFO - DAG(s) dict_keys(['example_trigger_target_dag']) retrieved from /home/airflow/.local/lib/python3.8/site-packages/airflow/example_dags/example_trigger_target_dag.py
[2023-09-05T06:31:56.070+0000] {logging_mixin.py:151} INFO - [2023-09-05T06:31:56.070+0000] {dag.py:2907} INFO - Sync 1 DAGs
[2023-09-05T06:31:56.106+0000] {logging_mixin.py:151} INFO - [2023-09-05T06:31:56.106+0000] {dag.py:3677} INFO - Setting next_dagrun for example_trigger_target_dag to None, run_after=None
[2023-09-05T06:31:56.135+0000] {processor.py:179} INFO - Processing /home/airflow/.local/lib/python3.8/site-packages/airflow/example_dags/example_trigger_target_dag.py took 0.159 seconds
[2023-09-05T06:32:26.183+0000] {processor.py:157} INFO - Started process (PID=456) to work on /home/airflow/.local/lib/python3.8/site-packages/airflow/example_dags/example_trigger_target_dag.py
[2023-09-05T06:32:26.184+0000] {processor.py:829} INFO - Processing file /home/airflow/.local/lib/python3.8/site-packages/airflow/example_dags/example_trigger_target_dag.py for tasks to queue
[2023-09-05T06:32:26.186+0000] {logging_mixin.py:151} INFO - [2023-09-05T06:32:26.185+0000] {dagbag.py:539} INFO - Filling up the DagBag from /home/airflow/.local/lib/python3.8/site-packages/airflow/example_dags/example_trigger_target_dag.py
[2023-09-05T06:32:26.193+0000] {processor.py:839} INFO - DAG(s) dict_keys(['example_trigger_target_dag']) retrieved from /home/airflow/.local/lib/python3.8/site-packages/airflow/example_dags/example_trigger_target_dag.py
[2023-09-05T06:32:26.217+0000] {logging_mixin.py:151} INFO - [2023-09-05T06:32:26.216+0000] {dag.py:2907} INFO - Sync 1 DAGs
[2023-09-05T06:32:26.233+0000] {logging_mixin.py:151} INFO - [2023-09-05T06:32:26.233+0000] {dag.py:3677} INFO - Setting next_dagrun for example_trigger_target_dag to None, run_after=None
[2023-09-05T06:32:26.259+0000] {processor.py:179} INFO - Processing /home/airflow/.local/lib/python3.8/site-packages/airflow/example_dags/example_trigger_target_dag.py took 0.079 seconds
[2023-09-05T06:32:57.832+0000] {processor.py:157} INFO - Started process (PID=693) to work on /home/airflow/.local/lib/python3.8/site-packages/airflow/example_dags/example_trigger_target_dag.py
[2023-09-05T06:32:57.833+0000] {processor.py:829} INFO - Processing file /home/airflow/.local/lib/python3.8/site-packages/airflow/example_dags/example_trigger_target_dag.py for tasks to queue
[2023-09-05T06:32:57.834+0000] {logging_mixin.py:151} INFO - [2023-09-05T06:32:57.834+0000] {dagbag.py:539} INFO - Filling up the DagBag from /home/airflow/.local/lib/python3.8/site-packages/airflow/example_dags/example_trigger_target_dag.py
[2023-09-05T06:32:57.844+0000] {processor.py:839} INFO - DAG(s) dict_keys(['example_trigger_target_dag']) retrieved from /home/airflow/.local/lib/python3.8/site-packages/airflow/example_dags/example_trigger_target_dag.py
[2023-09-05T06:32:57.860+0000] {logging_mixin.py:151} INFO - [2023-09-05T06:32:57.860+0000] {dag.py:2907} INFO - Sync 1 DAGs
[2023-09-05T06:32:57.882+0000] {logging_mixin.py:151} INFO - [2023-09-05T06:32:57.882+0000] {dag.py:3677} INFO - Setting next_dagrun for example_trigger_target_dag to None, run_after=None
[2023-09-05T06:32:57.921+0000] {processor.py:179} INFO - Processing /home/airflow/.local/lib/python3.8/site-packages/airflow/example_dags/example_trigger_target_dag.py took 0.092 seconds
[2023-09-05T06:33:28.857+0000] {processor.py:157} INFO - Started process (PID=928) to work on /home/airflow/.local/lib/python3.8/site-packages/airflow/example_dags/example_trigger_target_dag.py
[2023-09-05T06:33:28.858+0000] {processor.py:829} INFO - Processing file /home/airflow/.local/lib/python3.8/site-packages/airflow/example_dags/example_trigger_target_dag.py for tasks to queue
[2023-09-05T06:33:28.859+0000] {logging_mixin.py:151} INFO - [2023-09-05T06:33:28.859+0000] {dagbag.py:539} INFO - Filling up the DagBag from /home/airflow/.local/lib/python3.8/site-packages/airflow/example_dags/example_trigger_target_dag.py
[2023-09-05T06:33:29.002+0000] {processor.py:839} INFO - DAG(s) dict_keys(['example_trigger_target_dag']) retrieved from /home/airflow/.local/lib/python3.8/site-packages/airflow/example_dags/example_trigger_target_dag.py
[2023-09-05T06:33:29.025+0000] {logging_mixin.py:151} INFO - [2023-09-05T06:33:29.025+0000] {dag.py:2907} INFO - Sync 1 DAGs
[2023-09-05T06:33:29.037+0000] {logging_mixin.py:151} INFO - [2023-09-05T06:33:29.036+0000] {dag.py:3677} INFO - Setting next_dagrun for example_trigger_target_dag to None, run_after=None
[2023-09-05T06:33:29.072+0000] {processor.py:179} INFO - Processing /home/airflow/.local/lib/python3.8/site-packages/airflow/example_dags/example_trigger_target_dag.py took 0.219 seconds
[2023-09-05T06:34:00.098+0000] {processor.py:157} INFO - Started process (PID=1169) to work on /home/airflow/.local/lib/python3.8/site-packages/airflow/example_dags/example_trigger_target_dag.py
[2023-09-05T06:34:00.100+0000] {processor.py:829} INFO - Processing file /home/airflow/.local/lib/python3.8/site-packages/airflow/example_dags/example_trigger_target_dag.py for tasks to queue
[2023-09-05T06:34:00.102+0000] {logging_mixin.py:151} INFO - [2023-09-05T06:34:00.101+0000] {dagbag.py:539} INFO - Filling up the DagBag from /home/airflow/.local/lib/python3.8/site-packages/airflow/example_dags/example_trigger_target_dag.py
[2023-09-05T06:34:00.110+0000] {processor.py:839} INFO - DAG(s) dict_keys(['example_trigger_target_dag']) retrieved from /home/airflow/.local/lib/python3.8/site-packages/airflow/example_dags/example_trigger_target_dag.py
[2023-09-05T06:34:00.137+0000] {logging_mixin.py:151} INFO - [2023-09-05T06:34:00.137+0000] {dag.py:2907} INFO - Sync 1 DAGs
[2023-09-05T06:34:00.153+0000] {logging_mixin.py:151} INFO - [2023-09-05T06:34:00.153+0000] {dag.py:3677} INFO - Setting next_dagrun for example_trigger_target_dag to None, run_after=None
[2023-09-05T06:34:00.176+0000] {processor.py:179} INFO - Processing /home/airflow/.local/lib/python3.8/site-packages/airflow/example_dags/example_trigger_target_dag.py took 0.081 seconds
[2023-09-05T06:34:30.605+0000] {processor.py:157} INFO - Started process (PID=1407) to work on /home/airflow/.local/lib/python3.8/site-packages/airflow/example_dags/example_trigger_target_dag.py
[2023-09-05T06:34:30.606+0000] {processor.py:829} INFO - Processing file /home/airflow/.local/lib/python3.8/site-packages/airflow/example_dags/example_trigger_target_dag.py for tasks to queue
[2023-09-05T06:34:30.608+0000] {logging_mixin.py:151} INFO - [2023-09-05T06:34:30.607+0000] {dagbag.py:539} INFO - Filling up the DagBag from /home/airflow/.local/lib/python3.8/site-packages/airflow/example_dags/example_trigger_target_dag.py
[2023-09-05T06:34:30.616+0000] {processor.py:839} INFO - DAG(s) dict_keys(['example_trigger_target_dag']) retrieved from /home/airflow/.local/lib/python3.8/site-packages/airflow/example_dags/example_trigger_target_dag.py
[2023-09-05T06:34:30.641+0000] {logging_mixin.py:151} INFO - [2023-09-05T06:34:30.640+0000] {dag.py:2907} INFO - Sync 1 DAGs
[2023-09-05T06:34:30.660+0000] {logging_mixin.py:151} INFO - [2023-09-05T06:34:30.659+0000] {dag.py:3677} INFO - Setting next_dagrun for example_trigger_target_dag to None, run_after=None
[2023-09-05T06:34:30.685+0000] {processor.py:179} INFO - Processing /home/airflow/.local/lib/python3.8/site-packages/airflow/example_dags/example_trigger_target_dag.py took 0.084 seconds
[2023-09-05T06:35:01.050+0000] {processor.py:157} INFO - Started process (PID=1645) to work on /home/airflow/.local/lib/python3.8/site-packages/airflow/example_dags/example_trigger_target_dag.py
[2023-09-05T06:35:01.052+0000] {processor.py:829} INFO - Processing file /home/airflow/.local/lib/python3.8/site-packages/airflow/example_dags/example_trigger_target_dag.py for tasks to queue
[2023-09-05T06:35:01.053+0000] {logging_mixin.py:151} INFO - [2023-09-05T06:35:01.053+0000] {dagbag.py:539} INFO - Filling up the DagBag from /home/airflow/.local/lib/python3.8/site-packages/airflow/example_dags/example_trigger_target_dag.py
[2023-09-05T06:35:01.061+0000] {processor.py:839} INFO - DAG(s) dict_keys(['example_trigger_target_dag']) retrieved from /home/airflow/.local/lib/python3.8/site-packages/airflow/example_dags/example_trigger_target_dag.py
[2023-09-05T06:35:01.084+0000] {logging_mixin.py:151} INFO - [2023-09-05T06:35:01.084+0000] {dag.py:2907} INFO - Sync 1 DAGs
[2023-09-05T06:35:01.107+0000] {logging_mixin.py:151} INFO - [2023-09-05T06:35:01.107+0000] {dag.py:3677} INFO - Setting next_dagrun for example_trigger_target_dag to None, run_after=None
[2023-09-05T06:35:01.133+0000] {processor.py:179} INFO - Processing /home/airflow/.local/lib/python3.8/site-packages/airflow/example_dags/example_trigger_target_dag.py took 0.087 seconds
[2023-09-05T06:35:32.187+0000] {processor.py:157} INFO - Started process (PID=1883) to work on /home/airflow/.local/lib/python3.8/site-packages/airflow/example_dags/example_trigger_target_dag.py
[2023-09-05T06:35:32.188+0000] {processor.py:829} INFO - Processing file /home/airflow/.local/lib/python3.8/site-packages/airflow/example_dags/example_trigger_target_dag.py for tasks to queue
[2023-09-05T06:35:32.190+0000] {logging_mixin.py:151} INFO - [2023-09-05T06:35:32.190+0000] {dagbag.py:539} INFO - Filling up the DagBag from /home/airflow/.local/lib/python3.8/site-packages/airflow/example_dags/example_trigger_target_dag.py
[2023-09-05T06:35:32.198+0000] {processor.py:839} INFO - DAG(s) dict_keys(['example_trigger_target_dag']) retrieved from /home/airflow/.local/lib/python3.8/site-packages/airflow/example_dags/example_trigger_target_dag.py
[2023-09-05T06:35:32.225+0000] {logging_mixin.py:151} INFO - [2023-09-05T06:35:32.225+0000] {dag.py:2907} INFO - Sync 1 DAGs
[2023-09-05T06:35:32.242+0000] {logging_mixin.py:151} INFO - [2023-09-05T06:35:32.241+0000] {dag.py:3677} INFO - Setting next_dagrun for example_trigger_target_dag to None, run_after=None
[2023-09-05T06:35:32.271+0000] {processor.py:179} INFO - Processing /home/airflow/.local/lib/python3.8/site-packages/airflow/example_dags/example_trigger_target_dag.py took 0.089 seconds
[2023-09-05T06:36:03.095+0000] {processor.py:157} INFO - Started process (PID=2121) to work on /home/airflow/.local/lib/python3.8/site-packages/airflow/example_dags/example_trigger_target_dag.py
[2023-09-05T06:36:03.096+0000] {processor.py:829} INFO - Processing file /home/airflow/.local/lib/python3.8/site-packages/airflow/example_dags/example_trigger_target_dag.py for tasks to queue
[2023-09-05T06:36:03.097+0000] {logging_mixin.py:151} INFO - [2023-09-05T06:36:03.097+0000] {dagbag.py:539} INFO - Filling up the DagBag from /home/airflow/.local/lib/python3.8/site-packages/airflow/example_dags/example_trigger_target_dag.py
[2023-09-05T06:36:03.106+0000] {processor.py:839} INFO - DAG(s) dict_keys(['example_trigger_target_dag']) retrieved from /home/airflow/.local/lib/python3.8/site-packages/airflow/example_dags/example_trigger_target_dag.py
[2023-09-05T06:36:03.135+0000] {logging_mixin.py:151} INFO - [2023-09-05T06:36:03.135+0000] {dag.py:2907} INFO - Sync 1 DAGs
[2023-09-05T06:36:03.157+0000] {logging_mixin.py:151} INFO - [2023-09-05T06:36:03.156+0000] {dag.py:3677} INFO - Setting next_dagrun for example_trigger_target_dag to None, run_after=None
[2023-09-05T06:36:03.188+0000] {processor.py:179} INFO - Processing /home/airflow/.local/lib/python3.8/site-packages/airflow/example_dags/example_trigger_target_dag.py took 0.097 seconds
