[2023-09-05T06:31:56.201+0000] {processor.py:157} INFO - Started process (PID=227) to work on /home/airflow/.local/lib/python3.8/site-packages/airflow/example_dags/example_trigger_controller_dag.py
[2023-09-05T06:31:56.202+0000] {processor.py:829} INFO - Processing file /home/airflow/.local/lib/python3.8/site-packages/airflow/example_dags/example_trigger_controller_dag.py for tasks to queue
[2023-09-05T06:31:56.204+0000] {logging_mixin.py:151} INFO - [2023-09-05T06:31:56.203+0000] {dagbag.py:539} INFO - Filling up the DagBag from /home/airflow/.local/lib/python3.8/site-packages/airflow/example_dags/example_trigger_controller_dag.py
[2023-09-05T06:31:56.219+0000] {processor.py:839} INFO - DAG(s) dict_keys(['example_trigger_controller_dag']) retrieved from /home/airflow/.local/lib/python3.8/site-packages/airflow/example_dags/example_trigger_controller_dag.py
[2023-09-05T06:31:56.257+0000] {logging_mixin.py:151} INFO - [2023-09-05T06:31:56.257+0000] {dag.py:2907} INFO - Sync 1 DAGs
[2023-09-05T06:31:56.300+0000] {logging_mixin.py:151} INFO - [2023-09-05T06:31:56.299+0000] {dag.py:3677} INFO - Setting next_dagrun for example_trigger_controller_dag to 2021-01-01T00:00:00+00:00, run_after=2021-01-01T00:00:00+00:00
[2023-09-05T06:31:56.336+0000] {processor.py:179} INFO - Processing /home/airflow/.local/lib/python3.8/site-packages/airflow/example_dags/example_trigger_controller_dag.py took 0.138 seconds
[2023-09-05T06:32:26.418+0000] {processor.py:157} INFO - Started process (PID=468) to work on /home/airflow/.local/lib/python3.8/site-packages/airflow/example_dags/example_trigger_controller_dag.py
[2023-09-05T06:32:26.420+0000] {processor.py:829} INFO - Processing file /home/airflow/.local/lib/python3.8/site-packages/airflow/example_dags/example_trigger_controller_dag.py for tasks to queue
[2023-09-05T06:32:26.420+0000] {logging_mixin.py:151} INFO - [2023-09-05T06:32:26.420+0000] {dagbag.py:539} INFO - Filling up the DagBag from /home/airflow/.local/lib/python3.8/site-packages/airflow/example_dags/example_trigger_controller_dag.py
[2023-09-05T06:32:26.425+0000] {processor.py:839} INFO - DAG(s) dict_keys(['example_trigger_controller_dag']) retrieved from /home/airflow/.local/lib/python3.8/site-packages/airflow/example_dags/example_trigger_controller_dag.py
[2023-09-05T06:32:26.436+0000] {logging_mixin.py:151} INFO - [2023-09-05T06:32:26.436+0000] {dag.py:2907} INFO - Sync 1 DAGs
[2023-09-05T06:32:26.457+0000] {logging_mixin.py:151} INFO - [2023-09-05T06:32:26.456+0000] {dag.py:3677} INFO - Setting next_dagrun for example_trigger_controller_dag to 2021-01-01T00:00:00+00:00, run_after=2021-01-01T00:00:00+00:00
[2023-09-05T06:32:26.479+0000] {processor.py:179} INFO - Processing /home/airflow/.local/lib/python3.8/site-packages/airflow/example_dags/example_trigger_controller_dag.py took 0.063 seconds
[2023-09-05T06:32:58.013+0000] {processor.py:157} INFO - Started process (PID=703) to work on /home/airflow/.local/lib/python3.8/site-packages/airflow/example_dags/example_trigger_controller_dag.py
[2023-09-05T06:32:58.014+0000] {processor.py:829} INFO - Processing file /home/airflow/.local/lib/python3.8/site-packages/airflow/example_dags/example_trigger_controller_dag.py for tasks to queue
[2023-09-05T06:32:58.015+0000] {logging_mixin.py:151} INFO - [2023-09-05T06:32:58.015+0000] {dagbag.py:539} INFO - Filling up the DagBag from /home/airflow/.local/lib/python3.8/site-packages/airflow/example_dags/example_trigger_controller_dag.py
[2023-09-05T06:32:58.028+0000] {processor.py:839} INFO - DAG(s) dict_keys(['example_trigger_controller_dag']) retrieved from /home/airflow/.local/lib/python3.8/site-packages/airflow/example_dags/example_trigger_controller_dag.py
[2023-09-05T06:32:58.048+0000] {logging_mixin.py:151} INFO - [2023-09-05T06:32:58.048+0000] {dag.py:2907} INFO - Sync 1 DAGs
[2023-09-05T06:32:58.101+0000] {logging_mixin.py:151} INFO - [2023-09-05T06:32:58.101+0000] {dag.py:3677} INFO - Setting next_dagrun for example_trigger_controller_dag to 2021-01-01T00:00:00+00:00, run_after=2021-01-01T00:00:00+00:00
[2023-09-05T06:32:58.133+0000] {processor.py:179} INFO - Processing /home/airflow/.local/lib/python3.8/site-packages/airflow/example_dags/example_trigger_controller_dag.py took 0.124 seconds
[2023-09-05T06:33:29.522+0000] {processor.py:157} INFO - Started process (PID=943) to work on /home/airflow/.local/lib/python3.8/site-packages/airflow/example_dags/example_trigger_controller_dag.py
[2023-09-05T06:33:29.523+0000] {processor.py:829} INFO - Processing file /home/airflow/.local/lib/python3.8/site-packages/airflow/example_dags/example_trigger_controller_dag.py for tasks to queue
[2023-09-05T06:33:29.525+0000] {logging_mixin.py:151} INFO - [2023-09-05T06:33:29.524+0000] {dagbag.py:539} INFO - Filling up the DagBag from /home/airflow/.local/lib/python3.8/site-packages/airflow/example_dags/example_trigger_controller_dag.py
[2023-09-05T06:33:29.654+0000] {processor.py:839} INFO - DAG(s) dict_keys(['example_trigger_controller_dag']) retrieved from /home/airflow/.local/lib/python3.8/site-packages/airflow/example_dags/example_trigger_controller_dag.py
[2023-09-05T06:33:29.672+0000] {logging_mixin.py:151} INFO - [2023-09-05T06:33:29.672+0000] {dag.py:2907} INFO - Sync 1 DAGs
[2023-09-05T06:33:29.694+0000] {logging_mixin.py:151} INFO - [2023-09-05T06:33:29.694+0000] {dag.py:3677} INFO - Setting next_dagrun for example_trigger_controller_dag to 2021-01-01T00:00:00+00:00, run_after=2021-01-01T00:00:00+00:00
[2023-09-05T06:33:29.714+0000] {processor.py:179} INFO - Processing /home/airflow/.local/lib/python3.8/site-packages/airflow/example_dags/example_trigger_controller_dag.py took 0.196 seconds
[2023-09-05T06:34:00.250+0000] {processor.py:157} INFO - Started process (PID=1179) to work on /home/airflow/.local/lib/python3.8/site-packages/airflow/example_dags/example_trigger_controller_dag.py
[2023-09-05T06:34:00.252+0000] {processor.py:829} INFO - Processing file /home/airflow/.local/lib/python3.8/site-packages/airflow/example_dags/example_trigger_controller_dag.py for tasks to queue
[2023-09-05T06:34:00.253+0000] {logging_mixin.py:151} INFO - [2023-09-05T06:34:00.252+0000] {dagbag.py:539} INFO - Filling up the DagBag from /home/airflow/.local/lib/python3.8/site-packages/airflow/example_dags/example_trigger_controller_dag.py
[2023-09-05T06:34:00.259+0000] {processor.py:839} INFO - DAG(s) dict_keys(['example_trigger_controller_dag']) retrieved from /home/airflow/.local/lib/python3.8/site-packages/airflow/example_dags/example_trigger_controller_dag.py
[2023-09-05T06:34:00.285+0000] {logging_mixin.py:151} INFO - [2023-09-05T06:34:00.284+0000] {dag.py:2907} INFO - Sync 1 DAGs
[2023-09-05T06:34:00.315+0000] {logging_mixin.py:151} INFO - [2023-09-05T06:34:00.314+0000] {dag.py:3677} INFO - Setting next_dagrun for example_trigger_controller_dag to 2021-01-01T00:00:00+00:00, run_after=2021-01-01T00:00:00+00:00
[2023-09-05T06:34:00.349+0000] {processor.py:179} INFO - Processing /home/airflow/.local/lib/python3.8/site-packages/airflow/example_dags/example_trigger_controller_dag.py took 0.104 seconds
[2023-09-05T06:34:30.721+0000] {processor.py:157} INFO - Started process (PID=1417) to work on /home/airflow/.local/lib/python3.8/site-packages/airflow/example_dags/example_trigger_controller_dag.py
[2023-09-05T06:34:30.722+0000] {processor.py:829} INFO - Processing file /home/airflow/.local/lib/python3.8/site-packages/airflow/example_dags/example_trigger_controller_dag.py for tasks to queue
[2023-09-05T06:34:30.723+0000] {logging_mixin.py:151} INFO - [2023-09-05T06:34:30.723+0000] {dagbag.py:539} INFO - Filling up the DagBag from /home/airflow/.local/lib/python3.8/site-packages/airflow/example_dags/example_trigger_controller_dag.py
[2023-09-05T06:34:30.729+0000] {processor.py:839} INFO - DAG(s) dict_keys(['example_trigger_controller_dag']) retrieved from /home/airflow/.local/lib/python3.8/site-packages/airflow/example_dags/example_trigger_controller_dag.py
[2023-09-05T06:34:30.752+0000] {logging_mixin.py:151} INFO - [2023-09-05T06:34:30.752+0000] {dag.py:2907} INFO - Sync 1 DAGs
[2023-09-05T06:34:30.777+0000] {logging_mixin.py:151} INFO - [2023-09-05T06:34:30.777+0000] {dag.py:3677} INFO - Setting next_dagrun for example_trigger_controller_dag to 2021-01-01T00:00:00+00:00, run_after=2021-01-01T00:00:00+00:00
[2023-09-05T06:34:30.807+0000] {processor.py:179} INFO - Processing /home/airflow/.local/lib/python3.8/site-packages/airflow/example_dags/example_trigger_controller_dag.py took 0.090 seconds
[2023-09-05T06:35:01.171+0000] {processor.py:157} INFO - Started process (PID=1655) to work on /home/airflow/.local/lib/python3.8/site-packages/airflow/example_dags/example_trigger_controller_dag.py
[2023-09-05T06:35:01.173+0000] {processor.py:829} INFO - Processing file /home/airflow/.local/lib/python3.8/site-packages/airflow/example_dags/example_trigger_controller_dag.py for tasks to queue
[2023-09-05T06:35:01.174+0000] {logging_mixin.py:151} INFO - [2023-09-05T06:35:01.174+0000] {dagbag.py:539} INFO - Filling up the DagBag from /home/airflow/.local/lib/python3.8/site-packages/airflow/example_dags/example_trigger_controller_dag.py
[2023-09-05T06:35:01.180+0000] {processor.py:839} INFO - DAG(s) dict_keys(['example_trigger_controller_dag']) retrieved from /home/airflow/.local/lib/python3.8/site-packages/airflow/example_dags/example_trigger_controller_dag.py
[2023-09-05T06:35:01.202+0000] {logging_mixin.py:151} INFO - [2023-09-05T06:35:01.201+0000] {dag.py:2907} INFO - Sync 1 DAGs
[2023-09-05T06:35:01.229+0000] {logging_mixin.py:151} INFO - [2023-09-05T06:35:01.229+0000] {dag.py:3677} INFO - Setting next_dagrun for example_trigger_controller_dag to 2021-01-01T00:00:00+00:00, run_after=2021-01-01T00:00:00+00:00
[2023-09-05T06:35:01.253+0000] {processor.py:179} INFO - Processing /home/airflow/.local/lib/python3.8/site-packages/airflow/example_dags/example_trigger_controller_dag.py took 0.086 seconds
[2023-09-05T06:35:32.310+0000] {processor.py:157} INFO - Started process (PID=1893) to work on /home/airflow/.local/lib/python3.8/site-packages/airflow/example_dags/example_trigger_controller_dag.py
[2023-09-05T06:35:32.312+0000] {processor.py:829} INFO - Processing file /home/airflow/.local/lib/python3.8/site-packages/airflow/example_dags/example_trigger_controller_dag.py for tasks to queue
[2023-09-05T06:35:32.314+0000] {logging_mixin.py:151} INFO - [2023-09-05T06:35:32.313+0000] {dagbag.py:539} INFO - Filling up the DagBag from /home/airflow/.local/lib/python3.8/site-packages/airflow/example_dags/example_trigger_controller_dag.py
[2023-09-05T06:35:32.321+0000] {processor.py:839} INFO - DAG(s) dict_keys(['example_trigger_controller_dag']) retrieved from /home/airflow/.local/lib/python3.8/site-packages/airflow/example_dags/example_trigger_controller_dag.py
[2023-09-05T06:35:32.349+0000] {logging_mixin.py:151} INFO - [2023-09-05T06:35:32.349+0000] {dag.py:2907} INFO - Sync 1 DAGs
[2023-09-05T06:35:32.380+0000] {logging_mixin.py:151} INFO - [2023-09-05T06:35:32.380+0000] {dag.py:3677} INFO - Setting next_dagrun for example_trigger_controller_dag to 2021-01-01T00:00:00+00:00, run_after=2021-01-01T00:00:00+00:00
[2023-09-05T06:35:32.409+0000] {processor.py:179} INFO - Processing /home/airflow/.local/lib/python3.8/site-packages/airflow/example_dags/example_trigger_controller_dag.py took 0.104 seconds
[2023-09-05T06:36:03.244+0000] {processor.py:157} INFO - Started process (PID=2131) to work on /home/airflow/.local/lib/python3.8/site-packages/airflow/example_dags/example_trigger_controller_dag.py
[2023-09-05T06:36:03.245+0000] {processor.py:829} INFO - Processing file /home/airflow/.local/lib/python3.8/site-packages/airflow/example_dags/example_trigger_controller_dag.py for tasks to queue
[2023-09-05T06:36:03.247+0000] {logging_mixin.py:151} INFO - [2023-09-05T06:36:03.246+0000] {dagbag.py:539} INFO - Filling up the DagBag from /home/airflow/.local/lib/python3.8/site-packages/airflow/example_dags/example_trigger_controller_dag.py
[2023-09-05T06:36:03.255+0000] {processor.py:839} INFO - DAG(s) dict_keys(['example_trigger_controller_dag']) retrieved from /home/airflow/.local/lib/python3.8/site-packages/airflow/example_dags/example_trigger_controller_dag.py
[2023-09-05T06:36:03.290+0000] {logging_mixin.py:151} INFO - [2023-09-05T06:36:03.289+0000] {dag.py:2907} INFO - Sync 1 DAGs
[2023-09-05T06:36:03.329+0000] {logging_mixin.py:151} INFO - [2023-09-05T06:36:03.329+0000] {dag.py:3677} INFO - Setting next_dagrun for example_trigger_controller_dag to 2021-01-01T00:00:00+00:00, run_after=2021-01-01T00:00:00+00:00
[2023-09-05T06:36:03.363+0000] {processor.py:179} INFO - Processing /home/airflow/.local/lib/python3.8/site-packages/airflow/example_dags/example_trigger_controller_dag.py took 0.124 seconds
