[2023-09-05T06:31:52.175+0000] {processor.py:157} INFO - Started process (PID=164) to work on /home/airflow/.local/lib/python3.8/site-packages/airflow/example_dags/example_skip_dag.py
[2023-09-05T06:31:52.180+0000] {processor.py:829} INFO - Processing file /home/airflow/.local/lib/python3.8/site-packages/airflow/example_dags/example_skip_dag.py for tasks to queue
[2023-09-05T06:31:52.183+0000] {logging_mixin.py:151} INFO - [2023-09-05T06:31:52.182+0000] {dagbag.py:539} INFO - Filling up the DagBag from /home/airflow/.local/lib/python3.8/site-packages/airflow/example_dags/example_skip_dag.py
[2023-09-05T06:31:52.268+0000] {processor.py:839} INFO - DAG(s) dict_keys(['example_skip_dag']) retrieved from /home/airflow/.local/lib/python3.8/site-packages/airflow/example_dags/example_skip_dag.py
[2023-09-05T06:31:52.600+0000] {logging_mixin.py:151} INFO - [2023-09-05T06:31:52.600+0000] {dag.py:2907} INFO - Sync 1 DAGs
[2023-09-05T06:31:52.671+0000] {logging_mixin.py:151} INFO - [2023-09-05T06:31:52.670+0000] {dag.py:3677} INFO - Setting next_dagrun for example_skip_dag to 2023-09-04T06:31:52.669823+00:00, run_after=2023-09-05T06:31:52.669823+00:00
[2023-09-05T06:31:52.741+0000] {processor.py:179} INFO - Processing /home/airflow/.local/lib/python3.8/site-packages/airflow/example_dags/example_skip_dag.py took 0.585 seconds
[2023-09-05T06:32:23.064+0000] {processor.py:157} INFO - Started process (PID=403) to work on /home/airflow/.local/lib/python3.8/site-packages/airflow/example_dags/example_skip_dag.py
[2023-09-05T06:32:23.065+0000] {processor.py:829} INFO - Processing file /home/airflow/.local/lib/python3.8/site-packages/airflow/example_dags/example_skip_dag.py for tasks to queue
[2023-09-05T06:32:23.067+0000] {logging_mixin.py:151} INFO - [2023-09-05T06:32:23.067+0000] {dagbag.py:539} INFO - Filling up the DagBag from /home/airflow/.local/lib/python3.8/site-packages/airflow/example_dags/example_skip_dag.py
[2023-09-05T06:32:23.078+0000] {processor.py:839} INFO - DAG(s) dict_keys(['example_skip_dag']) retrieved from /home/airflow/.local/lib/python3.8/site-packages/airflow/example_dags/example_skip_dag.py
[2023-09-05T06:32:23.095+0000] {logging_mixin.py:151} INFO - [2023-09-05T06:32:23.095+0000] {dag.py:2907} INFO - Sync 1 DAGs
[2023-09-05T06:32:23.145+0000] {logging_mixin.py:151} INFO - [2023-09-05T06:32:23.144+0000] {dag.py:3677} INFO - Setting next_dagrun for example_skip_dag to 2023-09-04T06:32:23.144471+00:00, run_after=2023-09-05T06:32:23.144471+00:00
[2023-09-05T06:32:23.169+0000] {processor.py:179} INFO - Processing /home/airflow/.local/lib/python3.8/site-packages/airflow/example_dags/example_skip_dag.py took 0.111 seconds
[2023-09-05T06:32:53.615+0000] {processor.py:157} INFO - Started process (PID=640) to work on /home/airflow/.local/lib/python3.8/site-packages/airflow/example_dags/example_skip_dag.py
[2023-09-05T06:32:53.619+0000] {processor.py:829} INFO - Processing file /home/airflow/.local/lib/python3.8/site-packages/airflow/example_dags/example_skip_dag.py for tasks to queue
[2023-09-05T06:32:53.627+0000] {logging_mixin.py:151} INFO - [2023-09-05T06:32:53.625+0000] {dagbag.py:539} INFO - Filling up the DagBag from /home/airflow/.local/lib/python3.8/site-packages/airflow/example_dags/example_skip_dag.py
[2023-09-05T06:32:53.638+0000] {processor.py:839} INFO - DAG(s) dict_keys(['example_skip_dag']) retrieved from /home/airflow/.local/lib/python3.8/site-packages/airflow/example_dags/example_skip_dag.py
[2023-09-05T06:32:53.668+0000] {logging_mixin.py:151} INFO - [2023-09-05T06:32:53.668+0000] {dag.py:2907} INFO - Sync 1 DAGs
[2023-09-05T06:32:53.726+0000] {logging_mixin.py:151} INFO - [2023-09-05T06:32:53.726+0000] {dag.py:3677} INFO - Setting next_dagrun for example_skip_dag to 2023-09-04T06:32:53.726227+00:00, run_after=2023-09-05T06:32:53.726227+00:00
[2023-09-05T06:32:53.769+0000] {processor.py:179} INFO - Processing /home/airflow/.local/lib/python3.8/site-packages/airflow/example_dags/example_skip_dag.py took 0.164 seconds
[2023-09-05T06:33:23.863+0000] {processor.py:157} INFO - Started process (PID=878) to work on /home/airflow/.local/lib/python3.8/site-packages/airflow/example_dags/example_skip_dag.py
[2023-09-05T06:33:23.864+0000] {processor.py:829} INFO - Processing file /home/airflow/.local/lib/python3.8/site-packages/airflow/example_dags/example_skip_dag.py for tasks to queue
[2023-09-05T06:33:23.865+0000] {logging_mixin.py:151} INFO - [2023-09-05T06:33:23.865+0000] {dagbag.py:539} INFO - Filling up the DagBag from /home/airflow/.local/lib/python3.8/site-packages/airflow/example_dags/example_skip_dag.py
[2023-09-05T06:33:23.873+0000] {processor.py:839} INFO - DAG(s) dict_keys(['example_skip_dag']) retrieved from /home/airflow/.local/lib/python3.8/site-packages/airflow/example_dags/example_skip_dag.py
[2023-09-05T06:33:23.897+0000] {logging_mixin.py:151} INFO - [2023-09-05T06:33:23.897+0000] {dag.py:2907} INFO - Sync 1 DAGs
[2023-09-05T06:33:24.079+0000] {logging_mixin.py:151} INFO - [2023-09-05T06:33:24.079+0000] {dag.py:3677} INFO - Setting next_dagrun for example_skip_dag to 2023-09-04T06:33:24.078961+00:00, run_after=2023-09-05T06:33:24.078961+00:00
[2023-09-05T06:33:24.102+0000] {processor.py:179} INFO - Processing /home/airflow/.local/lib/python3.8/site-packages/airflow/example_dags/example_skip_dag.py took 0.243 seconds
[2023-09-05T06:33:54.557+0000] {processor.py:157} INFO - Started process (PID=1116) to work on /home/airflow/.local/lib/python3.8/site-packages/airflow/example_dags/example_skip_dag.py
[2023-09-05T06:33:54.559+0000] {processor.py:829} INFO - Processing file /home/airflow/.local/lib/python3.8/site-packages/airflow/example_dags/example_skip_dag.py for tasks to queue
[2023-09-05T06:33:54.560+0000] {logging_mixin.py:151} INFO - [2023-09-05T06:33:54.560+0000] {dagbag.py:539} INFO - Filling up the DagBag from /home/airflow/.local/lib/python3.8/site-packages/airflow/example_dags/example_skip_dag.py
[2023-09-05T06:33:54.569+0000] {processor.py:839} INFO - DAG(s) dict_keys(['example_skip_dag']) retrieved from /home/airflow/.local/lib/python3.8/site-packages/airflow/example_dags/example_skip_dag.py
[2023-09-05T06:33:54.598+0000] {logging_mixin.py:151} INFO - [2023-09-05T06:33:54.598+0000] {dag.py:2907} INFO - Sync 1 DAGs
[2023-09-05T06:33:54.635+0000] {logging_mixin.py:151} INFO - [2023-09-05T06:33:54.634+0000] {dag.py:3677} INFO - Setting next_dagrun for example_skip_dag to 2023-09-04T06:33:54.634611+00:00, run_after=2023-09-05T06:33:54.634611+00:00
[2023-09-05T06:33:54.657+0000] {processor.py:179} INFO - Processing /home/airflow/.local/lib/python3.8/site-packages/airflow/example_dags/example_skip_dag.py took 0.103 seconds
[2023-09-05T06:34:25.013+0000] {processor.py:157} INFO - Started process (PID=1354) to work on /home/airflow/.local/lib/python3.8/site-packages/airflow/example_dags/example_skip_dag.py
[2023-09-05T06:34:25.016+0000] {processor.py:829} INFO - Processing file /home/airflow/.local/lib/python3.8/site-packages/airflow/example_dags/example_skip_dag.py for tasks to queue
[2023-09-05T06:34:25.017+0000] {logging_mixin.py:151} INFO - [2023-09-05T06:34:25.017+0000] {dagbag.py:539} INFO - Filling up the DagBag from /home/airflow/.local/lib/python3.8/site-packages/airflow/example_dags/example_skip_dag.py
[2023-09-05T06:34:25.032+0000] {processor.py:839} INFO - DAG(s) dict_keys(['example_skip_dag']) retrieved from /home/airflow/.local/lib/python3.8/site-packages/airflow/example_dags/example_skip_dag.py
[2023-09-05T06:34:25.073+0000] {logging_mixin.py:151} INFO - [2023-09-05T06:34:25.073+0000] {dag.py:2907} INFO - Sync 1 DAGs
[2023-09-05T06:34:25.140+0000] {logging_mixin.py:151} INFO - [2023-09-05T06:34:25.139+0000] {dag.py:3677} INFO - Setting next_dagrun for example_skip_dag to 2023-09-04T06:34:25.138574+00:00, run_after=2023-09-05T06:34:25.138574+00:00
[2023-09-05T06:34:25.197+0000] {processor.py:179} INFO - Processing /home/airflow/.local/lib/python3.8/site-packages/airflow/example_dags/example_skip_dag.py took 0.191 seconds
[2023-09-05T06:34:55.664+0000] {processor.py:157} INFO - Started process (PID=1592) to work on /home/airflow/.local/lib/python3.8/site-packages/airflow/example_dags/example_skip_dag.py
[2023-09-05T06:34:55.666+0000] {processor.py:829} INFO - Processing file /home/airflow/.local/lib/python3.8/site-packages/airflow/example_dags/example_skip_dag.py for tasks to queue
[2023-09-05T06:34:55.667+0000] {logging_mixin.py:151} INFO - [2023-09-05T06:34:55.667+0000] {dagbag.py:539} INFO - Filling up the DagBag from /home/airflow/.local/lib/python3.8/site-packages/airflow/example_dags/example_skip_dag.py
[2023-09-05T06:34:55.676+0000] {processor.py:839} INFO - DAG(s) dict_keys(['example_skip_dag']) retrieved from /home/airflow/.local/lib/python3.8/site-packages/airflow/example_dags/example_skip_dag.py
[2023-09-05T06:34:55.699+0000] {logging_mixin.py:151} INFO - [2023-09-05T06:34:55.699+0000] {dag.py:2907} INFO - Sync 1 DAGs
[2023-09-05T06:34:55.723+0000] {logging_mixin.py:151} INFO - [2023-09-05T06:34:55.723+0000] {dag.py:3677} INFO - Setting next_dagrun for example_skip_dag to 2023-09-04T06:34:55.723456+00:00, run_after=2023-09-05T06:34:55.723456+00:00
[2023-09-05T06:34:55.745+0000] {processor.py:179} INFO - Processing /home/airflow/.local/lib/python3.8/site-packages/airflow/example_dags/example_skip_dag.py took 0.084 seconds
[2023-09-05T06:35:25.952+0000] {processor.py:157} INFO - Started process (PID=1830) to work on /home/airflow/.local/lib/python3.8/site-packages/airflow/example_dags/example_skip_dag.py
[2023-09-05T06:35:25.957+0000] {processor.py:829} INFO - Processing file /home/airflow/.local/lib/python3.8/site-packages/airflow/example_dags/example_skip_dag.py for tasks to queue
[2023-09-05T06:35:25.960+0000] {logging_mixin.py:151} INFO - [2023-09-05T06:35:25.959+0000] {dagbag.py:539} INFO - Filling up the DagBag from /home/airflow/.local/lib/python3.8/site-packages/airflow/example_dags/example_skip_dag.py
[2023-09-05T06:35:25.981+0000] {processor.py:839} INFO - DAG(s) dict_keys(['example_skip_dag']) retrieved from /home/airflow/.local/lib/python3.8/site-packages/airflow/example_dags/example_skip_dag.py
[2023-09-05T06:35:26.052+0000] {logging_mixin.py:151} INFO - [2023-09-05T06:35:26.051+0000] {dag.py:2907} INFO - Sync 1 DAGs
[2023-09-05T06:35:26.081+0000] {logging_mixin.py:151} INFO - [2023-09-05T06:35:26.081+0000] {dag.py:3677} INFO - Setting next_dagrun for example_skip_dag to 2023-09-04T06:35:26.080713+00:00, run_after=2023-09-05T06:35:26.080713+00:00
[2023-09-05T06:35:26.105+0000] {processor.py:179} INFO - Processing /home/airflow/.local/lib/python3.8/site-packages/airflow/example_dags/example_skip_dag.py took 0.175 seconds
[2023-09-05T06:35:56.695+0000] {processor.py:157} INFO - Started process (PID=2068) to work on /home/airflow/.local/lib/python3.8/site-packages/airflow/example_dags/example_skip_dag.py
[2023-09-05T06:35:56.697+0000] {processor.py:829} INFO - Processing file /home/airflow/.local/lib/python3.8/site-packages/airflow/example_dags/example_skip_dag.py for tasks to queue
[2023-09-05T06:35:56.698+0000] {logging_mixin.py:151} INFO - [2023-09-05T06:35:56.697+0000] {dagbag.py:539} INFO - Filling up the DagBag from /home/airflow/.local/lib/python3.8/site-packages/airflow/example_dags/example_skip_dag.py
[2023-09-05T06:35:56.713+0000] {processor.py:839} INFO - DAG(s) dict_keys(['example_skip_dag']) retrieved from /home/airflow/.local/lib/python3.8/site-packages/airflow/example_dags/example_skip_dag.py
[2023-09-05T06:35:56.743+0000] {logging_mixin.py:151} INFO - [2023-09-05T06:35:56.743+0000] {dag.py:2907} INFO - Sync 1 DAGs
[2023-09-05T06:35:56.780+0000] {logging_mixin.py:151} INFO - [2023-09-05T06:35:56.780+0000] {dag.py:3677} INFO - Setting next_dagrun for example_skip_dag to 2023-09-04T06:35:56.779579+00:00, run_after=2023-09-05T06:35:56.779579+00:00
[2023-09-05T06:35:56.810+0000] {processor.py:179} INFO - Processing /home/airflow/.local/lib/python3.8/site-packages/airflow/example_dags/example_skip_dag.py took 0.119 seconds
[2023-09-05T06:36:27.157+0000] {processor.py:157} INFO - Started process (PID=2306) to work on /home/airflow/.local/lib/python3.8/site-packages/airflow/example_dags/example_skip_dag.py
[2023-09-05T06:36:27.158+0000] {processor.py:829} INFO - Processing file /home/airflow/.local/lib/python3.8/site-packages/airflow/example_dags/example_skip_dag.py for tasks to queue
[2023-09-05T06:36:27.160+0000] {logging_mixin.py:151} INFO - [2023-09-05T06:36:27.159+0000] {dagbag.py:539} INFO - Filling up the DagBag from /home/airflow/.local/lib/python3.8/site-packages/airflow/example_dags/example_skip_dag.py
[2023-09-05T06:36:27.170+0000] {processor.py:839} INFO - DAG(s) dict_keys(['example_skip_dag']) retrieved from /home/airflow/.local/lib/python3.8/site-packages/airflow/example_dags/example_skip_dag.py
[2023-09-05T06:36:27.196+0000] {logging_mixin.py:151} INFO - [2023-09-05T06:36:27.196+0000] {dag.py:2907} INFO - Sync 1 DAGs
[2023-09-05T06:36:27.221+0000] {logging_mixin.py:151} INFO - [2023-09-05T06:36:27.221+0000] {dag.py:3677} INFO - Setting next_dagrun for example_skip_dag to 2023-09-04T06:36:27.220910+00:00, run_after=2023-09-05T06:36:27.220910+00:00
[2023-09-05T06:36:27.246+0000] {processor.py:179} INFO - Processing /home/airflow/.local/lib/python3.8/site-packages/airflow/example_dags/example_skip_dag.py took 0.092 seconds
