[2023-09-05T06:32:00.526+0000] {processor.py:157} INFO - Started process (PID=342) to work on /home/airflow/.local/lib/python3.8/site-packages/airflow/example_dags/example_sensor_decorator.py
[2023-09-05T06:32:00.528+0000] {processor.py:829} INFO - Processing file /home/airflow/.local/lib/python3.8/site-packages/airflow/example_dags/example_sensor_decorator.py for tasks to queue
[2023-09-05T06:32:00.531+0000] {logging_mixin.py:151} INFO - [2023-09-05T06:32:00.531+0000] {dagbag.py:539} INFO - Filling up the DagBag from /home/airflow/.local/lib/python3.8/site-packages/airflow/example_dags/example_sensor_decorator.py
[2023-09-05T06:32:00.549+0000] {processor.py:839} INFO - DAG(s) dict_keys(['example_sensor_decorator']) retrieved from /home/airflow/.local/lib/python3.8/site-packages/airflow/example_dags/example_sensor_decorator.py
[2023-09-05T06:32:00.599+0000] {logging_mixin.py:151} INFO - [2023-09-05T06:32:00.599+0000] {dag.py:2907} INFO - Sync 1 DAGs
[2023-09-05T06:32:00.626+0000] {logging_mixin.py:151} INFO - [2023-09-05T06:32:00.626+0000] {dag.py:3677} INFO - Setting next_dagrun for example_sensor_decorator to None, run_after=None
[2023-09-05T06:32:00.664+0000] {processor.py:179} INFO - Processing /home/airflow/.local/lib/python3.8/site-packages/airflow/example_dags/example_sensor_decorator.py took 0.142 seconds
[2023-09-05T06:32:30.930+0000] {processor.py:157} INFO - Started process (PID=581) to work on /home/airflow/.local/lib/python3.8/site-packages/airflow/example_dags/example_sensor_decorator.py
[2023-09-05T06:32:30.931+0000] {processor.py:829} INFO - Processing file /home/airflow/.local/lib/python3.8/site-packages/airflow/example_dags/example_sensor_decorator.py for tasks to queue
[2023-09-05T06:32:30.933+0000] {logging_mixin.py:151} INFO - [2023-09-05T06:32:30.932+0000] {dagbag.py:539} INFO - Filling up the DagBag from /home/airflow/.local/lib/python3.8/site-packages/airflow/example_dags/example_sensor_decorator.py
[2023-09-05T06:32:30.939+0000] {processor.py:839} INFO - DAG(s) dict_keys(['example_sensor_decorator']) retrieved from /home/airflow/.local/lib/python3.8/site-packages/airflow/example_dags/example_sensor_decorator.py
[2023-09-05T06:32:30.952+0000] {logging_mixin.py:151} INFO - [2023-09-05T06:32:30.952+0000] {dag.py:2907} INFO - Sync 1 DAGs
[2023-09-05T06:32:30.974+0000] {logging_mixin.py:151} INFO - [2023-09-05T06:32:30.973+0000] {dag.py:3677} INFO - Setting next_dagrun for example_sensor_decorator to None, run_after=None
[2023-09-05T06:32:30.998+0000] {processor.py:179} INFO - Processing /home/airflow/.local/lib/python3.8/site-packages/airflow/example_dags/example_sensor_decorator.py took 0.071 seconds
[2023-09-05T06:33:01.811+0000] {processor.py:157} INFO - Started process (PID=818) to work on /home/airflow/.local/lib/python3.8/site-packages/airflow/example_dags/example_sensor_decorator.py
[2023-09-05T06:33:01.812+0000] {processor.py:829} INFO - Processing file /home/airflow/.local/lib/python3.8/site-packages/airflow/example_dags/example_sensor_decorator.py for tasks to queue
[2023-09-05T06:33:01.813+0000] {logging_mixin.py:151} INFO - [2023-09-05T06:33:01.813+0000] {dagbag.py:539} INFO - Filling up the DagBag from /home/airflow/.local/lib/python3.8/site-packages/airflow/example_dags/example_sensor_decorator.py
[2023-09-05T06:33:01.820+0000] {processor.py:839} INFO - DAG(s) dict_keys(['example_sensor_decorator']) retrieved from /home/airflow/.local/lib/python3.8/site-packages/airflow/example_dags/example_sensor_decorator.py
[2023-09-05T06:33:01.833+0000] {logging_mixin.py:151} INFO - [2023-09-05T06:33:01.833+0000] {dag.py:2907} INFO - Sync 1 DAGs
[2023-09-05T06:33:01.849+0000] {logging_mixin.py:151} INFO - [2023-09-05T06:33:01.848+0000] {dag.py:3677} INFO - Setting next_dagrun for example_sensor_decorator to None, run_after=None
[2023-09-05T06:33:01.875+0000] {processor.py:179} INFO - Processing /home/airflow/.local/lib/python3.8/site-packages/airflow/example_dags/example_sensor_decorator.py took 0.067 seconds
[2023-09-05T06:33:32.653+0000] {processor.py:157} INFO - Started process (PID=1056) to work on /home/airflow/.local/lib/python3.8/site-packages/airflow/example_dags/example_sensor_decorator.py
[2023-09-05T06:33:32.654+0000] {processor.py:829} INFO - Processing file /home/airflow/.local/lib/python3.8/site-packages/airflow/example_dags/example_sensor_decorator.py for tasks to queue
[2023-09-05T06:33:32.656+0000] {logging_mixin.py:151} INFO - [2023-09-05T06:33:32.655+0000] {dagbag.py:539} INFO - Filling up the DagBag from /home/airflow/.local/lib/python3.8/site-packages/airflow/example_dags/example_sensor_decorator.py
[2023-09-05T06:33:32.663+0000] {processor.py:839} INFO - DAG(s) dict_keys(['example_sensor_decorator']) retrieved from /home/airflow/.local/lib/python3.8/site-packages/airflow/example_dags/example_sensor_decorator.py
[2023-09-05T06:33:32.695+0000] {logging_mixin.py:151} INFO - [2023-09-05T06:33:32.695+0000] {dag.py:2907} INFO - Sync 1 DAGs
[2023-09-05T06:33:32.714+0000] {logging_mixin.py:151} INFO - [2023-09-05T06:33:32.713+0000] {dag.py:3677} INFO - Setting next_dagrun for example_sensor_decorator to None, run_after=None
[2023-09-05T06:33:32.737+0000] {processor.py:179} INFO - Processing /home/airflow/.local/lib/python3.8/site-packages/airflow/example_dags/example_sensor_decorator.py took 0.087 seconds
[2023-09-05T06:34:03.084+0000] {processor.py:157} INFO - Started process (PID=1294) to work on /home/airflow/.local/lib/python3.8/site-packages/airflow/example_dags/example_sensor_decorator.py
[2023-09-05T06:34:03.085+0000] {processor.py:829} INFO - Processing file /home/airflow/.local/lib/python3.8/site-packages/airflow/example_dags/example_sensor_decorator.py for tasks to queue
[2023-09-05T06:34:03.086+0000] {logging_mixin.py:151} INFO - [2023-09-05T06:34:03.086+0000] {dagbag.py:539} INFO - Filling up the DagBag from /home/airflow/.local/lib/python3.8/site-packages/airflow/example_dags/example_sensor_decorator.py
[2023-09-05T06:34:03.093+0000] {processor.py:839} INFO - DAG(s) dict_keys(['example_sensor_decorator']) retrieved from /home/airflow/.local/lib/python3.8/site-packages/airflow/example_dags/example_sensor_decorator.py
[2023-09-05T06:34:03.119+0000] {logging_mixin.py:151} INFO - [2023-09-05T06:34:03.118+0000] {dag.py:2907} INFO - Sync 1 DAGs
[2023-09-05T06:34:03.139+0000] {logging_mixin.py:151} INFO - [2023-09-05T06:34:03.139+0000] {dag.py:3677} INFO - Setting next_dagrun for example_sensor_decorator to None, run_after=None
[2023-09-05T06:34:03.168+0000] {processor.py:179} INFO - Processing /home/airflow/.local/lib/python3.8/site-packages/airflow/example_dags/example_sensor_decorator.py took 0.088 seconds
[2023-09-05T06:34:33.589+0000] {processor.py:157} INFO - Started process (PID=1532) to work on /home/airflow/.local/lib/python3.8/site-packages/airflow/example_dags/example_sensor_decorator.py
[2023-09-05T06:34:33.599+0000] {processor.py:829} INFO - Processing file /home/airflow/.local/lib/python3.8/site-packages/airflow/example_dags/example_sensor_decorator.py for tasks to queue
[2023-09-05T06:34:33.601+0000] {logging_mixin.py:151} INFO - [2023-09-05T06:34:33.600+0000] {dagbag.py:539} INFO - Filling up the DagBag from /home/airflow/.local/lib/python3.8/site-packages/airflow/example_dags/example_sensor_decorator.py
[2023-09-05T06:34:33.620+0000] {processor.py:839} INFO - DAG(s) dict_keys(['example_sensor_decorator']) retrieved from /home/airflow/.local/lib/python3.8/site-packages/airflow/example_dags/example_sensor_decorator.py
[2023-09-05T06:34:33.675+0000] {logging_mixin.py:151} INFO - [2023-09-05T06:34:33.675+0000] {dag.py:2907} INFO - Sync 1 DAGs
[2023-09-05T06:34:33.724+0000] {logging_mixin.py:151} INFO - [2023-09-05T06:34:33.724+0000] {dag.py:3677} INFO - Setting next_dagrun for example_sensor_decorator to None, run_after=None
[2023-09-05T06:34:33.807+0000] {processor.py:179} INFO - Processing /home/airflow/.local/lib/python3.8/site-packages/airflow/example_dags/example_sensor_decorator.py took 0.222 seconds
[2023-09-05T06:35:03.876+0000] {processor.py:157} INFO - Started process (PID=1772) to work on /home/airflow/.local/lib/python3.8/site-packages/airflow/example_dags/example_sensor_decorator.py
[2023-09-05T06:35:03.877+0000] {processor.py:829} INFO - Processing file /home/airflow/.local/lib/python3.8/site-packages/airflow/example_dags/example_sensor_decorator.py for tasks to queue
[2023-09-05T06:35:03.879+0000] {logging_mixin.py:151} INFO - [2023-09-05T06:35:03.878+0000] {dagbag.py:539} INFO - Filling up the DagBag from /home/airflow/.local/lib/python3.8/site-packages/airflow/example_dags/example_sensor_decorator.py
[2023-09-05T06:35:03.885+0000] {processor.py:839} INFO - DAG(s) dict_keys(['example_sensor_decorator']) retrieved from /home/airflow/.local/lib/python3.8/site-packages/airflow/example_dags/example_sensor_decorator.py
[2023-09-05T06:35:03.904+0000] {logging_mixin.py:151} INFO - [2023-09-05T06:35:03.904+0000] {dag.py:2907} INFO - Sync 1 DAGs
[2023-09-05T06:35:03.917+0000] {logging_mixin.py:151} INFO - [2023-09-05T06:35:03.917+0000] {dag.py:3677} INFO - Setting next_dagrun for example_sensor_decorator to None, run_after=None
[2023-09-05T06:35:03.935+0000] {processor.py:179} INFO - Processing /home/airflow/.local/lib/python3.8/site-packages/airflow/example_dags/example_sensor_decorator.py took 0.062 seconds
[2023-09-05T06:35:34.653+0000] {processor.py:157} INFO - Started process (PID=2008) to work on /home/airflow/.local/lib/python3.8/site-packages/airflow/example_dags/example_sensor_decorator.py
[2023-09-05T06:35:34.654+0000] {processor.py:829} INFO - Processing file /home/airflow/.local/lib/python3.8/site-packages/airflow/example_dags/example_sensor_decorator.py for tasks to queue
[2023-09-05T06:35:34.656+0000] {logging_mixin.py:151} INFO - [2023-09-05T06:35:34.656+0000] {dagbag.py:539} INFO - Filling up the DagBag from /home/airflow/.local/lib/python3.8/site-packages/airflow/example_dags/example_sensor_decorator.py
[2023-09-05T06:35:34.672+0000] {processor.py:839} INFO - DAG(s) dict_keys(['example_sensor_decorator']) retrieved from /home/airflow/.local/lib/python3.8/site-packages/airflow/example_dags/example_sensor_decorator.py
[2023-09-05T06:35:34.700+0000] {logging_mixin.py:151} INFO - [2023-09-05T06:35:34.700+0000] {dag.py:2907} INFO - Sync 1 DAGs
[2023-09-05T06:35:34.725+0000] {logging_mixin.py:151} INFO - [2023-09-05T06:35:34.725+0000] {dag.py:3677} INFO - Setting next_dagrun for example_sensor_decorator to None, run_after=None
[2023-09-05T06:35:34.760+0000] {processor.py:179} INFO - Processing /home/airflow/.local/lib/python3.8/site-packages/airflow/example_dags/example_sensor_decorator.py took 0.116 seconds
[2023-09-05T06:36:05.391+0000] {processor.py:157} INFO - Started process (PID=2246) to work on /home/airflow/.local/lib/python3.8/site-packages/airflow/example_dags/example_sensor_decorator.py
[2023-09-05T06:36:05.393+0000] {processor.py:829} INFO - Processing file /home/airflow/.local/lib/python3.8/site-packages/airflow/example_dags/example_sensor_decorator.py for tasks to queue
[2023-09-05T06:36:05.395+0000] {logging_mixin.py:151} INFO - [2023-09-05T06:36:05.395+0000] {dagbag.py:539} INFO - Filling up the DagBag from /home/airflow/.local/lib/python3.8/site-packages/airflow/example_dags/example_sensor_decorator.py
[2023-09-05T06:36:05.409+0000] {processor.py:839} INFO - DAG(s) dict_keys(['example_sensor_decorator']) retrieved from /home/airflow/.local/lib/python3.8/site-packages/airflow/example_dags/example_sensor_decorator.py
[2023-09-05T06:36:05.436+0000] {logging_mixin.py:151} INFO - [2023-09-05T06:36:05.435+0000] {dag.py:2907} INFO - Sync 1 DAGs
[2023-09-05T06:36:05.450+0000] {logging_mixin.py:151} INFO - [2023-09-05T06:36:05.449+0000] {dag.py:3677} INFO - Setting next_dagrun for example_sensor_decorator to None, run_after=None
[2023-09-05T06:36:05.477+0000] {processor.py:179} INFO - Processing /home/airflow/.local/lib/python3.8/site-packages/airflow/example_dags/example_sensor_decorator.py took 0.090 seconds
