[2023-09-05T06:31:56.304+0000] {processor.py:157} INFO - Started process (PID=232) to work on /home/airflow/.local/lib/python3.8/site-packages/airflow/example_dags/example_nested_branch_dag.py
[2023-09-05T06:31:56.306+0000] {processor.py:829} INFO - Processing file /home/airflow/.local/lib/python3.8/site-packages/airflow/example_dags/example_nested_branch_dag.py for tasks to queue
[2023-09-05T06:31:56.307+0000] {logging_mixin.py:151} INFO - [2023-09-05T06:31:56.307+0000] {dagbag.py:539} INFO - Filling up the DagBag from /home/airflow/.local/lib/python3.8/site-packages/airflow/example_dags/example_nested_branch_dag.py
[2023-09-05T06:31:56.326+0000] {processor.py:839} INFO - DAG(s) dict_keys(['example_nested_branch_dag']) retrieved from /home/airflow/.local/lib/python3.8/site-packages/airflow/example_dags/example_nested_branch_dag.py
[2023-09-05T06:31:56.363+0000] {logging_mixin.py:151} INFO - [2023-09-05T06:31:56.362+0000] {dag.py:2907} INFO - Sync 1 DAGs
[2023-09-05T06:31:56.397+0000] {logging_mixin.py:151} INFO - [2023-09-05T06:31:56.397+0000] {dag.py:3677} INFO - Setting next_dagrun for example_nested_branch_dag to 2023-09-04T00:00:00+00:00, run_after=2023-09-05T00:00:00+00:00
[2023-09-05T06:31:56.458+0000] {processor.py:179} INFO - Processing /home/airflow/.local/lib/python3.8/site-packages/airflow/example_dags/example_nested_branch_dag.py took 0.159 seconds
[2023-09-05T06:32:26.525+0000] {processor.py:157} INFO - Started process (PID=473) to work on /home/airflow/.local/lib/python3.8/site-packages/airflow/example_dags/example_nested_branch_dag.py
[2023-09-05T06:32:26.526+0000] {processor.py:829} INFO - Processing file /home/airflow/.local/lib/python3.8/site-packages/airflow/example_dags/example_nested_branch_dag.py for tasks to queue
[2023-09-05T06:32:26.527+0000] {logging_mixin.py:151} INFO - [2023-09-05T06:32:26.527+0000] {dagbag.py:539} INFO - Filling up the DagBag from /home/airflow/.local/lib/python3.8/site-packages/airflow/example_dags/example_nested_branch_dag.py
[2023-09-05T06:32:26.536+0000] {processor.py:839} INFO - DAG(s) dict_keys(['example_nested_branch_dag']) retrieved from /home/airflow/.local/lib/python3.8/site-packages/airflow/example_dags/example_nested_branch_dag.py
[2023-09-05T06:32:26.548+0000] {logging_mixin.py:151} INFO - [2023-09-05T06:32:26.548+0000] {dag.py:2907} INFO - Sync 1 DAGs
[2023-09-05T06:32:26.573+0000] {logging_mixin.py:151} INFO - [2023-09-05T06:32:26.573+0000] {dag.py:3677} INFO - Setting next_dagrun for example_nested_branch_dag to 2023-09-04T00:00:00+00:00, run_after=2023-09-05T00:00:00+00:00
[2023-09-05T06:32:26.593+0000] {processor.py:179} INFO - Processing /home/airflow/.local/lib/python3.8/site-packages/airflow/example_dags/example_nested_branch_dag.py took 0.071 seconds
[2023-09-05T06:32:58.149+0000] {processor.py:157} INFO - Started process (PID=708) to work on /home/airflow/.local/lib/python3.8/site-packages/airflow/example_dags/example_nested_branch_dag.py
[2023-09-05T06:32:58.150+0000] {processor.py:829} INFO - Processing file /home/airflow/.local/lib/python3.8/site-packages/airflow/example_dags/example_nested_branch_dag.py for tasks to queue
[2023-09-05T06:32:58.152+0000] {logging_mixin.py:151} INFO - [2023-09-05T06:32:58.151+0000] {dagbag.py:539} INFO - Filling up the DagBag from /home/airflow/.local/lib/python3.8/site-packages/airflow/example_dags/example_nested_branch_dag.py
[2023-09-05T06:32:58.176+0000] {processor.py:839} INFO - DAG(s) dict_keys(['example_nested_branch_dag']) retrieved from /home/airflow/.local/lib/python3.8/site-packages/airflow/example_dags/example_nested_branch_dag.py
[2023-09-05T06:32:58.190+0000] {logging_mixin.py:151} INFO - [2023-09-05T06:32:58.190+0000] {dag.py:2907} INFO - Sync 1 DAGs
[2023-09-05T06:32:58.236+0000] {logging_mixin.py:151} INFO - [2023-09-05T06:32:58.236+0000] {dag.py:3677} INFO - Setting next_dagrun for example_nested_branch_dag to 2023-09-04T00:00:00+00:00, run_after=2023-09-05T00:00:00+00:00
[2023-09-05T06:32:58.269+0000] {processor.py:179} INFO - Processing /home/airflow/.local/lib/python3.8/site-packages/airflow/example_dags/example_nested_branch_dag.py took 0.125 seconds
[2023-09-05T06:33:29.531+0000] {processor.py:157} INFO - Started process (PID=946) to work on /home/airflow/.local/lib/python3.8/site-packages/airflow/example_dags/example_nested_branch_dag.py
[2023-09-05T06:33:29.532+0000] {processor.py:829} INFO - Processing file /home/airflow/.local/lib/python3.8/site-packages/airflow/example_dags/example_nested_branch_dag.py for tasks to queue
[2023-09-05T06:33:29.533+0000] {logging_mixin.py:151} INFO - [2023-09-05T06:33:29.533+0000] {dagbag.py:539} INFO - Filling up the DagBag from /home/airflow/.local/lib/python3.8/site-packages/airflow/example_dags/example_nested_branch_dag.py
[2023-09-05T06:33:29.674+0000] {processor.py:839} INFO - DAG(s) dict_keys(['example_nested_branch_dag']) retrieved from /home/airflow/.local/lib/python3.8/site-packages/airflow/example_dags/example_nested_branch_dag.py
[2023-09-05T06:33:29.696+0000] {logging_mixin.py:151} INFO - [2023-09-05T06:33:29.696+0000] {dag.py:2907} INFO - Sync 1 DAGs
[2023-09-05T06:33:29.721+0000] {logging_mixin.py:151} INFO - [2023-09-05T06:33:29.720+0000] {dag.py:3677} INFO - Setting next_dagrun for example_nested_branch_dag to 2023-09-04T00:00:00+00:00, run_after=2023-09-05T00:00:00+00:00
[2023-09-05T06:33:29.743+0000] {processor.py:179} INFO - Processing /home/airflow/.local/lib/python3.8/site-packages/airflow/example_dags/example_nested_branch_dag.py took 0.217 seconds
[2023-09-05T06:34:00.371+0000] {processor.py:157} INFO - Started process (PID=1184) to work on /home/airflow/.local/lib/python3.8/site-packages/airflow/example_dags/example_nested_branch_dag.py
[2023-09-05T06:34:00.374+0000] {processor.py:829} INFO - Processing file /home/airflow/.local/lib/python3.8/site-packages/airflow/example_dags/example_nested_branch_dag.py for tasks to queue
[2023-09-05T06:34:00.375+0000] {logging_mixin.py:151} INFO - [2023-09-05T06:34:00.375+0000] {dagbag.py:539} INFO - Filling up the DagBag from /home/airflow/.local/lib/python3.8/site-packages/airflow/example_dags/example_nested_branch_dag.py
[2023-09-05T06:34:00.394+0000] {processor.py:839} INFO - DAG(s) dict_keys(['example_nested_branch_dag']) retrieved from /home/airflow/.local/lib/python3.8/site-packages/airflow/example_dags/example_nested_branch_dag.py
[2023-09-05T06:34:00.427+0000] {logging_mixin.py:151} INFO - [2023-09-05T06:34:00.427+0000] {dag.py:2907} INFO - Sync 1 DAGs
[2023-09-05T06:34:00.458+0000] {logging_mixin.py:151} INFO - [2023-09-05T06:34:00.458+0000] {dag.py:3677} INFO - Setting next_dagrun for example_nested_branch_dag to 2023-09-04T00:00:00+00:00, run_after=2023-09-05T00:00:00+00:00
[2023-09-05T06:34:00.485+0000] {processor.py:179} INFO - Processing /home/airflow/.local/lib/python3.8/site-packages/airflow/example_dags/example_nested_branch_dag.py took 0.117 seconds
[2023-09-05T06:34:30.817+0000] {processor.py:157} INFO - Started process (PID=1422) to work on /home/airflow/.local/lib/python3.8/site-packages/airflow/example_dags/example_nested_branch_dag.py
[2023-09-05T06:34:30.819+0000] {processor.py:829} INFO - Processing file /home/airflow/.local/lib/python3.8/site-packages/airflow/example_dags/example_nested_branch_dag.py for tasks to queue
[2023-09-05T06:34:30.823+0000] {logging_mixin.py:151} INFO - [2023-09-05T06:34:30.822+0000] {dagbag.py:539} INFO - Filling up the DagBag from /home/airflow/.local/lib/python3.8/site-packages/airflow/example_dags/example_nested_branch_dag.py
[2023-09-05T06:34:30.839+0000] {processor.py:839} INFO - DAG(s) dict_keys(['example_nested_branch_dag']) retrieved from /home/airflow/.local/lib/python3.8/site-packages/airflow/example_dags/example_nested_branch_dag.py
[2023-09-05T06:34:30.869+0000] {logging_mixin.py:151} INFO - [2023-09-05T06:34:30.868+0000] {dag.py:2907} INFO - Sync 1 DAGs
[2023-09-05T06:34:30.897+0000] {logging_mixin.py:151} INFO - [2023-09-05T06:34:30.897+0000] {dag.py:3677} INFO - Setting next_dagrun for example_nested_branch_dag to 2023-09-04T00:00:00+00:00, run_after=2023-09-05T00:00:00+00:00
[2023-09-05T06:34:30.917+0000] {processor.py:179} INFO - Processing /home/airflow/.local/lib/python3.8/site-packages/airflow/example_dags/example_nested_branch_dag.py took 0.105 seconds
[2023-09-05T06:35:01.259+0000] {processor.py:157} INFO - Started process (PID=1660) to work on /home/airflow/.local/lib/python3.8/site-packages/airflow/example_dags/example_nested_branch_dag.py
[2023-09-05T06:35:01.260+0000] {processor.py:829} INFO - Processing file /home/airflow/.local/lib/python3.8/site-packages/airflow/example_dags/example_nested_branch_dag.py for tasks to queue
[2023-09-05T06:35:01.262+0000] {logging_mixin.py:151} INFO - [2023-09-05T06:35:01.261+0000] {dagbag.py:539} INFO - Filling up the DagBag from /home/airflow/.local/lib/python3.8/site-packages/airflow/example_dags/example_nested_branch_dag.py
[2023-09-05T06:35:01.279+0000] {processor.py:839} INFO - DAG(s) dict_keys(['example_nested_branch_dag']) retrieved from /home/airflow/.local/lib/python3.8/site-packages/airflow/example_dags/example_nested_branch_dag.py
[2023-09-05T06:35:01.302+0000] {logging_mixin.py:151} INFO - [2023-09-05T06:35:01.302+0000] {dag.py:2907} INFO - Sync 1 DAGs
[2023-09-05T06:35:01.330+0000] {logging_mixin.py:151} INFO - [2023-09-05T06:35:01.329+0000] {dag.py:3677} INFO - Setting next_dagrun for example_nested_branch_dag to 2023-09-04T00:00:00+00:00, run_after=2023-09-05T00:00:00+00:00
[2023-09-05T06:35:01.355+0000] {processor.py:179} INFO - Processing /home/airflow/.local/lib/python3.8/site-packages/airflow/example_dags/example_nested_branch_dag.py took 0.101 seconds
[2023-09-05T06:35:32.450+0000] {processor.py:157} INFO - Started process (PID=1900) to work on /home/airflow/.local/lib/python3.8/site-packages/airflow/example_dags/example_nested_branch_dag.py
[2023-09-05T06:35:32.451+0000] {processor.py:829} INFO - Processing file /home/airflow/.local/lib/python3.8/site-packages/airflow/example_dags/example_nested_branch_dag.py for tasks to queue
[2023-09-05T06:35:32.452+0000] {logging_mixin.py:151} INFO - [2023-09-05T06:35:32.452+0000] {dagbag.py:539} INFO - Filling up the DagBag from /home/airflow/.local/lib/python3.8/site-packages/airflow/example_dags/example_nested_branch_dag.py
[2023-09-05T06:35:32.463+0000] {processor.py:839} INFO - DAG(s) dict_keys(['example_nested_branch_dag']) retrieved from /home/airflow/.local/lib/python3.8/site-packages/airflow/example_dags/example_nested_branch_dag.py
[2023-09-05T06:35:32.488+0000] {logging_mixin.py:151} INFO - [2023-09-05T06:35:32.488+0000] {dag.py:2907} INFO - Sync 1 DAGs
[2023-09-05T06:35:32.513+0000] {logging_mixin.py:151} INFO - [2023-09-05T06:35:32.513+0000] {dag.py:3677} INFO - Setting next_dagrun for example_nested_branch_dag to 2023-09-04T00:00:00+00:00, run_after=2023-09-05T00:00:00+00:00
[2023-09-05T06:35:32.536+0000] {processor.py:179} INFO - Processing /home/airflow/.local/lib/python3.8/site-packages/airflow/example_dags/example_nested_branch_dag.py took 0.089 seconds
[2023-09-05T06:36:03.353+0000] {processor.py:157} INFO - Started process (PID=2136) to work on /home/airflow/.local/lib/python3.8/site-packages/airflow/example_dags/example_nested_branch_dag.py
[2023-09-05T06:36:03.355+0000] {processor.py:829} INFO - Processing file /home/airflow/.local/lib/python3.8/site-packages/airflow/example_dags/example_nested_branch_dag.py for tasks to queue
[2023-09-05T06:36:03.357+0000] {logging_mixin.py:151} INFO - [2023-09-05T06:36:03.356+0000] {dagbag.py:539} INFO - Filling up the DagBag from /home/airflow/.local/lib/python3.8/site-packages/airflow/example_dags/example_nested_branch_dag.py
[2023-09-05T06:36:03.372+0000] {processor.py:839} INFO - DAG(s) dict_keys(['example_nested_branch_dag']) retrieved from /home/airflow/.local/lib/python3.8/site-packages/airflow/example_dags/example_nested_branch_dag.py
[2023-09-05T06:36:03.413+0000] {logging_mixin.py:151} INFO - [2023-09-05T06:36:03.413+0000] {dag.py:2907} INFO - Sync 1 DAGs
[2023-09-05T06:36:03.452+0000] {logging_mixin.py:151} INFO - [2023-09-05T06:36:03.452+0000] {dag.py:3677} INFO - Setting next_dagrun for example_nested_branch_dag to 2023-09-04T00:00:00+00:00, run_after=2023-09-05T00:00:00+00:00
[2023-09-05T06:36:03.481+0000] {processor.py:179} INFO - Processing /home/airflow/.local/lib/python3.8/site-packages/airflow/example_dags/example_nested_branch_dag.py took 0.132 seconds
