[2023-09-05T06:32:00.953+0000] {processor.py:157} INFO - Started process (PID=357) to work on /home/airflow/.local/lib/python3.8/site-packages/airflow/example_dags/example_branch_python_dop_operator_3.py
[2023-09-05T06:32:00.955+0000] {processor.py:829} INFO - Processing file /home/airflow/.local/lib/python3.8/site-packages/airflow/example_dags/example_branch_python_dop_operator_3.py for tasks to queue
[2023-09-05T06:32:00.956+0000] {logging_mixin.py:151} INFO - [2023-09-05T06:32:00.956+0000] {dagbag.py:539} INFO - Filling up the DagBag from /home/airflow/.local/lib/python3.8/site-packages/airflow/example_dags/example_branch_python_dop_operator_3.py
[2023-09-05T06:32:01.011+0000] {processor.py:839} INFO - DAG(s) dict_keys(['example_branch_dop_operator_v3']) retrieved from /home/airflow/.local/lib/python3.8/site-packages/airflow/example_dags/example_branch_python_dop_operator_3.py
[2023-09-05T06:32:01.065+0000] {logging_mixin.py:151} INFO - [2023-09-05T06:32:01.064+0000] {dag.py:2907} INFO - Sync 1 DAGs
[2023-09-05T06:32:01.145+0000] {logging_mixin.py:151} INFO - [2023-09-05T06:32:01.144+0000] {dag.py:3677} INFO - Setting next_dagrun for example_branch_dop_operator_v3 to 2023-09-05T06:31:00+00:00, run_after=2023-09-05T06:32:00+00:00
[2023-09-05T06:32:01.215+0000] {processor.py:179} INFO - Processing /home/airflow/.local/lib/python3.8/site-packages/airflow/example_dags/example_branch_python_dop_operator_3.py took 0.267 seconds
[2023-09-05T06:32:32.109+0000] {processor.py:157} INFO - Started process (PID=598) to work on /home/airflow/.local/lib/python3.8/site-packages/airflow/example_dags/example_branch_python_dop_operator_3.py
[2023-09-05T06:32:32.110+0000] {processor.py:829} INFO - Processing file /home/airflow/.local/lib/python3.8/site-packages/airflow/example_dags/example_branch_python_dop_operator_3.py for tasks to queue
[2023-09-05T06:32:32.111+0000] {logging_mixin.py:151} INFO - [2023-09-05T06:32:32.111+0000] {dagbag.py:539} INFO - Filling up the DagBag from /home/airflow/.local/lib/python3.8/site-packages/airflow/example_dags/example_branch_python_dop_operator_3.py
[2023-09-05T06:32:32.123+0000] {processor.py:839} INFO - DAG(s) dict_keys(['example_branch_dop_operator_v3']) retrieved from /home/airflow/.local/lib/python3.8/site-packages/airflow/example_dags/example_branch_python_dop_operator_3.py
[2023-09-05T06:32:32.138+0000] {logging_mixin.py:151} INFO - [2023-09-05T06:32:32.138+0000] {dag.py:2907} INFO - Sync 1 DAGs
[2023-09-05T06:32:32.174+0000] {logging_mixin.py:151} INFO - [2023-09-05T06:32:32.173+0000] {dag.py:3677} INFO - Setting next_dagrun for example_branch_dop_operator_v3 to 2023-09-05T06:31:00+00:00, run_after=2023-09-05T06:32:00+00:00
[2023-09-05T06:32:32.198+0000] {processor.py:179} INFO - Processing /home/airflow/.local/lib/python3.8/site-packages/airflow/example_dags/example_branch_python_dop_operator_3.py took 0.093 seconds
[2023-09-05T06:33:03.173+0000] {processor.py:157} INFO - Started process (PID=835) to work on /home/airflow/.local/lib/python3.8/site-packages/airflow/example_dags/example_branch_python_dop_operator_3.py
[2023-09-05T06:33:03.175+0000] {processor.py:829} INFO - Processing file /home/airflow/.local/lib/python3.8/site-packages/airflow/example_dags/example_branch_python_dop_operator_3.py for tasks to queue
[2023-09-05T06:33:03.176+0000] {logging_mixin.py:151} INFO - [2023-09-05T06:33:03.176+0000] {dagbag.py:539} INFO - Filling up the DagBag from /home/airflow/.local/lib/python3.8/site-packages/airflow/example_dags/example_branch_python_dop_operator_3.py
[2023-09-05T06:33:03.188+0000] {processor.py:839} INFO - DAG(s) dict_keys(['example_branch_dop_operator_v3']) retrieved from /home/airflow/.local/lib/python3.8/site-packages/airflow/example_dags/example_branch_python_dop_operator_3.py
[2023-09-05T06:33:03.205+0000] {logging_mixin.py:151} INFO - [2023-09-05T06:33:03.205+0000] {dag.py:2907} INFO - Sync 1 DAGs
[2023-09-05T06:33:03.243+0000] {logging_mixin.py:151} INFO - [2023-09-05T06:33:03.242+0000] {dag.py:3677} INFO - Setting next_dagrun for example_branch_dop_operator_v3 to 2023-09-05T06:32:00+00:00, run_after=2023-09-05T06:33:00+00:00
[2023-09-05T06:33:03.378+0000] {processor.py:179} INFO - Processing /home/airflow/.local/lib/python3.8/site-packages/airflow/example_dags/example_branch_python_dop_operator_3.py took 0.214 seconds
[2023-09-05T06:33:33.907+0000] {processor.py:157} INFO - Started process (PID=1073) to work on /home/airflow/.local/lib/python3.8/site-packages/airflow/example_dags/example_branch_python_dop_operator_3.py
[2023-09-05T06:33:33.908+0000] {processor.py:829} INFO - Processing file /home/airflow/.local/lib/python3.8/site-packages/airflow/example_dags/example_branch_python_dop_operator_3.py for tasks to queue
[2023-09-05T06:33:33.910+0000] {logging_mixin.py:151} INFO - [2023-09-05T06:33:33.909+0000] {dagbag.py:539} INFO - Filling up the DagBag from /home/airflow/.local/lib/python3.8/site-packages/airflow/example_dags/example_branch_python_dop_operator_3.py
[2023-09-05T06:33:33.919+0000] {processor.py:839} INFO - DAG(s) dict_keys(['example_branch_dop_operator_v3']) retrieved from /home/airflow/.local/lib/python3.8/site-packages/airflow/example_dags/example_branch_python_dop_operator_3.py
[2023-09-05T06:33:33.944+0000] {logging_mixin.py:151} INFO - [2023-09-05T06:33:33.944+0000] {dag.py:2907} INFO - Sync 1 DAGs
[2023-09-05T06:33:33.975+0000] {logging_mixin.py:151} INFO - [2023-09-05T06:33:33.975+0000] {dag.py:3677} INFO - Setting next_dagrun for example_branch_dop_operator_v3 to 2023-09-05T06:32:00+00:00, run_after=2023-09-05T06:33:00+00:00
[2023-09-05T06:33:33.996+0000] {processor.py:179} INFO - Processing /home/airflow/.local/lib/python3.8/site-packages/airflow/example_dags/example_branch_python_dop_operator_3.py took 0.093 seconds
[2023-09-05T06:34:04.323+0000] {processor.py:157} INFO - Started process (PID=1311) to work on /home/airflow/.local/lib/python3.8/site-packages/airflow/example_dags/example_branch_python_dop_operator_3.py
[2023-09-05T06:34:04.325+0000] {processor.py:829} INFO - Processing file /home/airflow/.local/lib/python3.8/site-packages/airflow/example_dags/example_branch_python_dop_operator_3.py for tasks to queue
[2023-09-05T06:34:04.326+0000] {logging_mixin.py:151} INFO - [2023-09-05T06:34:04.326+0000] {dagbag.py:539} INFO - Filling up the DagBag from /home/airflow/.local/lib/python3.8/site-packages/airflow/example_dags/example_branch_python_dop_operator_3.py
[2023-09-05T06:34:04.339+0000] {processor.py:839} INFO - DAG(s) dict_keys(['example_branch_dop_operator_v3']) retrieved from /home/airflow/.local/lib/python3.8/site-packages/airflow/example_dags/example_branch_python_dop_operator_3.py
[2023-09-05T06:34:04.364+0000] {logging_mixin.py:151} INFO - [2023-09-05T06:34:04.364+0000] {dag.py:2907} INFO - Sync 1 DAGs
[2023-09-05T06:34:04.397+0000] {logging_mixin.py:151} INFO - [2023-09-05T06:34:04.397+0000] {dag.py:3677} INFO - Setting next_dagrun for example_branch_dop_operator_v3 to 2023-09-05T06:33:00+00:00, run_after=2023-09-05T06:34:00+00:00
[2023-09-05T06:34:04.425+0000] {processor.py:179} INFO - Processing /home/airflow/.local/lib/python3.8/site-packages/airflow/example_dags/example_branch_python_dop_operator_3.py took 0.106 seconds
[2023-09-05T06:34:35.056+0000] {processor.py:157} INFO - Started process (PID=1549) to work on /home/airflow/.local/lib/python3.8/site-packages/airflow/example_dags/example_branch_python_dop_operator_3.py
[2023-09-05T06:34:35.058+0000] {processor.py:829} INFO - Processing file /home/airflow/.local/lib/python3.8/site-packages/airflow/example_dags/example_branch_python_dop_operator_3.py for tasks to queue
[2023-09-05T06:34:35.059+0000] {logging_mixin.py:151} INFO - [2023-09-05T06:34:35.059+0000] {dagbag.py:539} INFO - Filling up the DagBag from /home/airflow/.local/lib/python3.8/site-packages/airflow/example_dags/example_branch_python_dop_operator_3.py
[2023-09-05T06:34:35.068+0000] {processor.py:839} INFO - DAG(s) dict_keys(['example_branch_dop_operator_v3']) retrieved from /home/airflow/.local/lib/python3.8/site-packages/airflow/example_dags/example_branch_python_dop_operator_3.py
[2023-09-05T06:34:35.092+0000] {logging_mixin.py:151} INFO - [2023-09-05T06:34:35.091+0000] {dag.py:2907} INFO - Sync 1 DAGs
[2023-09-05T06:34:35.121+0000] {logging_mixin.py:151} INFO - [2023-09-05T06:34:35.121+0000] {dag.py:3677} INFO - Setting next_dagrun for example_branch_dop_operator_v3 to 2023-09-05T06:33:00+00:00, run_after=2023-09-05T06:34:00+00:00
[2023-09-05T06:34:35.142+0000] {processor.py:179} INFO - Processing /home/airflow/.local/lib/python3.8/site-packages/airflow/example_dags/example_branch_python_dop_operator_3.py took 0.090 seconds
[2023-09-05T06:35:05.989+0000] {processor.py:157} INFO - Started process (PID=1787) to work on /home/airflow/.local/lib/python3.8/site-packages/airflow/example_dags/example_branch_python_dop_operator_3.py
[2023-09-05T06:35:05.993+0000] {processor.py:829} INFO - Processing file /home/airflow/.local/lib/python3.8/site-packages/airflow/example_dags/example_branch_python_dop_operator_3.py for tasks to queue
[2023-09-05T06:35:05.994+0000] {logging_mixin.py:151} INFO - [2023-09-05T06:35:05.994+0000] {dagbag.py:539} INFO - Filling up the DagBag from /home/airflow/.local/lib/python3.8/site-packages/airflow/example_dags/example_branch_python_dop_operator_3.py
[2023-09-05T06:35:06.007+0000] {processor.py:839} INFO - DAG(s) dict_keys(['example_branch_dop_operator_v3']) retrieved from /home/airflow/.local/lib/python3.8/site-packages/airflow/example_dags/example_branch_python_dop_operator_3.py
[2023-09-05T06:35:06.034+0000] {logging_mixin.py:151} INFO - [2023-09-05T06:35:06.034+0000] {dag.py:2907} INFO - Sync 1 DAGs
[2023-09-05T06:35:06.067+0000] {logging_mixin.py:151} INFO - [2023-09-05T06:35:06.067+0000] {dag.py:3677} INFO - Setting next_dagrun for example_branch_dop_operator_v3 to 2023-09-05T06:34:00+00:00, run_after=2023-09-05T06:35:00+00:00
[2023-09-05T06:35:06.087+0000] {processor.py:179} INFO - Processing /home/airflow/.local/lib/python3.8/site-packages/airflow/example_dags/example_branch_python_dop_operator_3.py took 0.102 seconds
[2023-09-05T06:35:37.006+0000] {processor.py:157} INFO - Started process (PID=2025) to work on /home/airflow/.local/lib/python3.8/site-packages/airflow/example_dags/example_branch_python_dop_operator_3.py
[2023-09-05T06:35:37.008+0000] {processor.py:829} INFO - Processing file /home/airflow/.local/lib/python3.8/site-packages/airflow/example_dags/example_branch_python_dop_operator_3.py for tasks to queue
[2023-09-05T06:35:37.009+0000] {logging_mixin.py:151} INFO - [2023-09-05T06:35:37.009+0000] {dagbag.py:539} INFO - Filling up the DagBag from /home/airflow/.local/lib/python3.8/site-packages/airflow/example_dags/example_branch_python_dop_operator_3.py
[2023-09-05T06:35:37.021+0000] {processor.py:839} INFO - DAG(s) dict_keys(['example_branch_dop_operator_v3']) retrieved from /home/airflow/.local/lib/python3.8/site-packages/airflow/example_dags/example_branch_python_dop_operator_3.py
[2023-09-05T06:35:37.048+0000] {logging_mixin.py:151} INFO - [2023-09-05T06:35:37.048+0000] {dag.py:2907} INFO - Sync 1 DAGs
[2023-09-05T06:35:37.088+0000] {logging_mixin.py:151} INFO - [2023-09-05T06:35:37.087+0000] {dag.py:3677} INFO - Setting next_dagrun for example_branch_dop_operator_v3 to 2023-09-05T06:34:00+00:00, run_after=2023-09-05T06:35:00+00:00
[2023-09-05T06:35:37.115+0000] {processor.py:179} INFO - Processing /home/airflow/.local/lib/python3.8/site-packages/airflow/example_dags/example_branch_python_dop_operator_3.py took 0.116 seconds
[2023-09-05T06:36:07.535+0000] {processor.py:157} INFO - Started process (PID=2263) to work on /home/airflow/.local/lib/python3.8/site-packages/airflow/example_dags/example_branch_python_dop_operator_3.py
[2023-09-05T06:36:07.536+0000] {processor.py:829} INFO - Processing file /home/airflow/.local/lib/python3.8/site-packages/airflow/example_dags/example_branch_python_dop_operator_3.py for tasks to queue
[2023-09-05T06:36:07.537+0000] {logging_mixin.py:151} INFO - [2023-09-05T06:36:07.537+0000] {dagbag.py:539} INFO - Filling up the DagBag from /home/airflow/.local/lib/python3.8/site-packages/airflow/example_dags/example_branch_python_dop_operator_3.py
[2023-09-05T06:36:07.552+0000] {processor.py:839} INFO - DAG(s) dict_keys(['example_branch_dop_operator_v3']) retrieved from /home/airflow/.local/lib/python3.8/site-packages/airflow/example_dags/example_branch_python_dop_operator_3.py
[2023-09-05T06:36:07.577+0000] {logging_mixin.py:151} INFO - [2023-09-05T06:36:07.576+0000] {dag.py:2907} INFO - Sync 1 DAGs
[2023-09-05T06:36:07.611+0000] {logging_mixin.py:151} INFO - [2023-09-05T06:36:07.610+0000] {dag.py:3677} INFO - Setting next_dagrun for example_branch_dop_operator_v3 to 2023-09-05T06:35:00+00:00, run_after=2023-09-05T06:36:00+00:00
[2023-09-05T06:36:07.639+0000] {processor.py:179} INFO - Processing /home/airflow/.local/lib/python3.8/site-packages/airflow/example_dags/example_branch_python_dop_operator_3.py took 0.109 seconds
