[2023-09-05T06:32:00.737+0000] {processor.py:157} INFO - Started process (PID=352) to work on /home/airflow/.local/lib/python3.8/site-packages/airflow/example_dags/example_sensors.py
[2023-09-05T06:32:00.741+0000] {processor.py:829} INFO - Processing file /home/airflow/.local/lib/python3.8/site-packages/airflow/example_dags/example_sensors.py for tasks to queue
[2023-09-05T06:32:00.743+0000] {logging_mixin.py:151} INFO - [2023-09-05T06:32:00.742+0000] {dagbag.py:539} INFO - Filling up the DagBag from /home/airflow/.local/lib/python3.8/site-packages/airflow/example_dags/example_sensors.py
[2023-09-05T06:32:00.764+0000] {processor.py:839} INFO - DAG(s) dict_keys(['example_sensors']) retrieved from /home/airflow/.local/lib/python3.8/site-packages/airflow/example_dags/example_sensors.py
[2023-09-05T06:32:00.896+0000] {logging_mixin.py:151} INFO - [2023-09-05T06:32:00.895+0000] {dag.py:2907} INFO - Sync 1 DAGs
[2023-09-05T06:32:00.945+0000] {logging_mixin.py:151} INFO - [2023-09-05T06:32:00.944+0000] {dag.py:3677} INFO - Setting next_dagrun for example_sensors to None, run_after=None
[2023-09-05T06:32:00.989+0000] {processor.py:179} INFO - Processing /home/airflow/.local/lib/python3.8/site-packages/airflow/example_dags/example_sensors.py took 0.260 seconds
[2023-09-05T06:32:31.105+0000] {processor.py:157} INFO - Started process (PID=593) to work on /home/airflow/.local/lib/python3.8/site-packages/airflow/example_dags/example_sensors.py
[2023-09-05T06:32:31.106+0000] {processor.py:829} INFO - Processing file /home/airflow/.local/lib/python3.8/site-packages/airflow/example_dags/example_sensors.py for tasks to queue
[2023-09-05T06:32:31.107+0000] {logging_mixin.py:151} INFO - [2023-09-05T06:32:31.107+0000] {dagbag.py:539} INFO - Filling up the DagBag from /home/airflow/.local/lib/python3.8/site-packages/airflow/example_dags/example_sensors.py
[2023-09-05T06:32:31.118+0000] {processor.py:839} INFO - DAG(s) dict_keys(['example_sensors']) retrieved from /home/airflow/.local/lib/python3.8/site-packages/airflow/example_dags/example_sensors.py
[2023-09-05T06:32:31.132+0000] {logging_mixin.py:151} INFO - [2023-09-05T06:32:31.132+0000] {dag.py:2907} INFO - Sync 1 DAGs
[2023-09-05T06:32:31.148+0000] {logging_mixin.py:151} INFO - [2023-09-05T06:32:31.148+0000] {dag.py:3677} INFO - Setting next_dagrun for example_sensors to None, run_after=None
[2023-09-05T06:32:31.165+0000] {processor.py:179} INFO - Processing /home/airflow/.local/lib/python3.8/site-packages/airflow/example_dags/example_sensors.py took 0.064 seconds
[2023-09-05T06:33:02.043+0000] {processor.py:157} INFO - Started process (PID=828) to work on /home/airflow/.local/lib/python3.8/site-packages/airflow/example_dags/example_sensors.py
[2023-09-05T06:33:02.045+0000] {processor.py:829} INFO - Processing file /home/airflow/.local/lib/python3.8/site-packages/airflow/example_dags/example_sensors.py for tasks to queue
[2023-09-05T06:33:02.046+0000] {logging_mixin.py:151} INFO - [2023-09-05T06:33:02.046+0000] {dagbag.py:539} INFO - Filling up the DagBag from /home/airflow/.local/lib/python3.8/site-packages/airflow/example_dags/example_sensors.py
[2023-09-05T06:33:02.061+0000] {processor.py:839} INFO - DAG(s) dict_keys(['example_sensors']) retrieved from /home/airflow/.local/lib/python3.8/site-packages/airflow/example_dags/example_sensors.py
[2023-09-05T06:33:02.075+0000] {logging_mixin.py:151} INFO - [2023-09-05T06:33:02.074+0000] {dag.py:2907} INFO - Sync 1 DAGs
[2023-09-05T06:33:02.091+0000] {logging_mixin.py:151} INFO - [2023-09-05T06:33:02.090+0000] {dag.py:3677} INFO - Setting next_dagrun for example_sensors to None, run_after=None
[2023-09-05T06:33:02.114+0000] {processor.py:179} INFO - Processing /home/airflow/.local/lib/python3.8/site-packages/airflow/example_dags/example_sensors.py took 0.074 seconds
[2023-09-05T06:33:32.774+0000] {processor.py:157} INFO - Started process (PID=1066) to work on /home/airflow/.local/lib/python3.8/site-packages/airflow/example_dags/example_sensors.py
[2023-09-05T06:33:32.777+0000] {processor.py:829} INFO - Processing file /home/airflow/.local/lib/python3.8/site-packages/airflow/example_dags/example_sensors.py for tasks to queue
[2023-09-05T06:33:32.778+0000] {logging_mixin.py:151} INFO - [2023-09-05T06:33:32.778+0000] {dagbag.py:539} INFO - Filling up the DagBag from /home/airflow/.local/lib/python3.8/site-packages/airflow/example_dags/example_sensors.py
[2023-09-05T06:33:32.800+0000] {processor.py:839} INFO - DAG(s) dict_keys(['example_sensors']) retrieved from /home/airflow/.local/lib/python3.8/site-packages/airflow/example_dags/example_sensors.py
[2023-09-05T06:33:32.855+0000] {logging_mixin.py:151} INFO - [2023-09-05T06:33:32.854+0000] {dag.py:2907} INFO - Sync 1 DAGs
[2023-09-05T06:33:32.871+0000] {logging_mixin.py:151} INFO - [2023-09-05T06:33:32.871+0000] {dag.py:3677} INFO - Setting next_dagrun for example_sensors to None, run_after=None
[2023-09-05T06:33:32.890+0000] {processor.py:179} INFO - Processing /home/airflow/.local/lib/python3.8/site-packages/airflow/example_dags/example_sensors.py took 0.123 seconds
[2023-09-05T06:34:03.211+0000] {processor.py:157} INFO - Started process (PID=1304) to work on /home/airflow/.local/lib/python3.8/site-packages/airflow/example_dags/example_sensors.py
[2023-09-05T06:34:03.212+0000] {processor.py:829} INFO - Processing file /home/airflow/.local/lib/python3.8/site-packages/airflow/example_dags/example_sensors.py for tasks to queue
[2023-09-05T06:34:03.215+0000] {logging_mixin.py:151} INFO - [2023-09-05T06:34:03.214+0000] {dagbag.py:539} INFO - Filling up the DagBag from /home/airflow/.local/lib/python3.8/site-packages/airflow/example_dags/example_sensors.py
[2023-09-05T06:34:03.227+0000] {processor.py:839} INFO - DAG(s) dict_keys(['example_sensors']) retrieved from /home/airflow/.local/lib/python3.8/site-packages/airflow/example_dags/example_sensors.py
[2023-09-05T06:34:03.264+0000] {logging_mixin.py:151} INFO - [2023-09-05T06:34:03.263+0000] {dag.py:2907} INFO - Sync 1 DAGs
[2023-09-05T06:34:03.281+0000] {logging_mixin.py:151} INFO - [2023-09-05T06:34:03.280+0000] {dag.py:3677} INFO - Setting next_dagrun for example_sensors to None, run_after=None
[2023-09-05T06:34:03.300+0000] {processor.py:179} INFO - Processing /home/airflow/.local/lib/python3.8/site-packages/airflow/example_dags/example_sensors.py took 0.093 seconds
[2023-09-05T06:34:33.908+0000] {processor.py:157} INFO - Started process (PID=1542) to work on /home/airflow/.local/lib/python3.8/site-packages/airflow/example_dags/example_sensors.py
[2023-09-05T06:34:33.913+0000] {processor.py:829} INFO - Processing file /home/airflow/.local/lib/python3.8/site-packages/airflow/example_dags/example_sensors.py for tasks to queue
[2023-09-05T06:34:33.915+0000] {logging_mixin.py:151} INFO - [2023-09-05T06:34:33.914+0000] {dagbag.py:539} INFO - Filling up the DagBag from /home/airflow/.local/lib/python3.8/site-packages/airflow/example_dags/example_sensors.py
[2023-09-05T06:34:33.928+0000] {processor.py:839} INFO - DAG(s) dict_keys(['example_sensors']) retrieved from /home/airflow/.local/lib/python3.8/site-packages/airflow/example_dags/example_sensors.py
[2023-09-05T06:34:33.970+0000] {logging_mixin.py:151} INFO - [2023-09-05T06:34:33.969+0000] {dag.py:2907} INFO - Sync 1 DAGs
[2023-09-05T06:34:33.987+0000] {logging_mixin.py:151} INFO - [2023-09-05T06:34:33.986+0000] {dag.py:3677} INFO - Setting next_dagrun for example_sensors to None, run_after=None
[2023-09-05T06:34:34.025+0000] {processor.py:179} INFO - Processing /home/airflow/.local/lib/python3.8/site-packages/airflow/example_dags/example_sensors.py took 0.121 seconds
[2023-09-05T06:35:04.901+0000] {processor.py:157} INFO - Started process (PID=1780) to work on /home/airflow/.local/lib/python3.8/site-packages/airflow/example_dags/example_sensors.py
[2023-09-05T06:35:04.902+0000] {processor.py:829} INFO - Processing file /home/airflow/.local/lib/python3.8/site-packages/airflow/example_dags/example_sensors.py for tasks to queue
[2023-09-05T06:35:04.903+0000] {logging_mixin.py:151} INFO - [2023-09-05T06:35:04.903+0000] {dagbag.py:539} INFO - Filling up the DagBag from /home/airflow/.local/lib/python3.8/site-packages/airflow/example_dags/example_sensors.py
[2023-09-05T06:35:04.915+0000] {processor.py:839} INFO - DAG(s) dict_keys(['example_sensors']) retrieved from /home/airflow/.local/lib/python3.8/site-packages/airflow/example_dags/example_sensors.py
[2023-09-05T06:35:04.950+0000] {logging_mixin.py:151} INFO - [2023-09-05T06:35:04.949+0000] {dag.py:2907} INFO - Sync 1 DAGs
[2023-09-05T06:35:04.966+0000] {logging_mixin.py:151} INFO - [2023-09-05T06:35:04.966+0000] {dag.py:3677} INFO - Setting next_dagrun for example_sensors to None, run_after=None
[2023-09-05T06:35:04.991+0000] {processor.py:179} INFO - Processing /home/airflow/.local/lib/python3.8/site-packages/airflow/example_dags/example_sensors.py took 0.095 seconds
[2023-09-05T06:35:35.837+0000] {processor.py:157} INFO - Started process (PID=2018) to work on /home/airflow/.local/lib/python3.8/site-packages/airflow/example_dags/example_sensors.py
[2023-09-05T06:35:35.838+0000] {processor.py:829} INFO - Processing file /home/airflow/.local/lib/python3.8/site-packages/airflow/example_dags/example_sensors.py for tasks to queue
[2023-09-05T06:35:35.840+0000] {logging_mixin.py:151} INFO - [2023-09-05T06:35:35.839+0000] {dagbag.py:539} INFO - Filling up the DagBag from /home/airflow/.local/lib/python3.8/site-packages/airflow/example_dags/example_sensors.py
[2023-09-05T06:35:35.857+0000] {processor.py:839} INFO - DAG(s) dict_keys(['example_sensors']) retrieved from /home/airflow/.local/lib/python3.8/site-packages/airflow/example_dags/example_sensors.py
[2023-09-05T06:35:35.891+0000] {logging_mixin.py:151} INFO - [2023-09-05T06:35:35.891+0000] {dag.py:2907} INFO - Sync 1 DAGs
[2023-09-05T06:35:35.910+0000] {logging_mixin.py:151} INFO - [2023-09-05T06:35:35.909+0000] {dag.py:3677} INFO - Setting next_dagrun for example_sensors to None, run_after=None
[2023-09-05T06:35:35.936+0000] {processor.py:179} INFO - Processing /home/airflow/.local/lib/python3.8/site-packages/airflow/example_dags/example_sensors.py took 0.103 seconds
[2023-09-05T06:36:06.439+0000] {processor.py:157} INFO - Started process (PID=2256) to work on /home/airflow/.local/lib/python3.8/site-packages/airflow/example_dags/example_sensors.py
[2023-09-05T06:36:06.440+0000] {processor.py:829} INFO - Processing file /home/airflow/.local/lib/python3.8/site-packages/airflow/example_dags/example_sensors.py for tasks to queue
[2023-09-05T06:36:06.442+0000] {logging_mixin.py:151} INFO - [2023-09-05T06:36:06.441+0000] {dagbag.py:539} INFO - Filling up the DagBag from /home/airflow/.local/lib/python3.8/site-packages/airflow/example_dags/example_sensors.py
[2023-09-05T06:36:06.453+0000] {processor.py:839} INFO - DAG(s) dict_keys(['example_sensors']) retrieved from /home/airflow/.local/lib/python3.8/site-packages/airflow/example_dags/example_sensors.py
[2023-09-05T06:36:06.482+0000] {logging_mixin.py:151} INFO - [2023-09-05T06:36:06.482+0000] {dag.py:2907} INFO - Sync 1 DAGs
[2023-09-05T06:36:06.500+0000] {logging_mixin.py:151} INFO - [2023-09-05T06:36:06.499+0000] {dag.py:3677} INFO - Setting next_dagrun for example_sensors to None, run_after=None
[2023-09-05T06:36:06.527+0000] {processor.py:179} INFO - Processing /home/airflow/.local/lib/python3.8/site-packages/airflow/example_dags/example_sensors.py took 0.091 seconds
