[2023-09-05T06:31:58.160+0000] {processor.py:157} INFO - Started process (PID=292) to work on /home/airflow/.local/lib/python3.8/site-packages/airflow/example_dags/example_subdag_operator.py
[2023-09-05T06:31:58.166+0000] {processor.py:829} INFO - Processing file /home/airflow/.local/lib/python3.8/site-packages/airflow/example_dags/example_subdag_operator.py for tasks to queue
[2023-09-05T06:31:58.170+0000] {logging_mixin.py:151} INFO - [2023-09-05T06:31:58.169+0000] {dagbag.py:539} INFO - Filling up the DagBag from /home/airflow/.local/lib/python3.8/site-packages/airflow/example_dags/example_subdag_operator.py
[2023-09-05T06:31:58.232+0000] {processor.py:839} INFO - DAG(s) dict_keys(['example_subdag_operator.section-1', 'example_subdag_operator.section-2', 'example_subdag_operator']) retrieved from /home/airflow/.local/lib/python3.8/site-packages/airflow/example_dags/example_subdag_operator.py
[2023-09-05T06:31:58.270+0000] {logging_mixin.py:151} INFO - [2023-09-05T06:31:58.270+0000] {dag.py:2907} INFO - Sync 3 DAGs
[2023-09-05T06:31:58.336+0000] {logging_mixin.py:151} INFO - [2023-09-05T06:31:58.335+0000] {dag.py:3677} INFO - Setting next_dagrun for example_subdag_operator to 2022-01-01T00:00:00+00:00, run_after=2022-01-01T00:00:00+00:00
[2023-09-05T06:31:58.346+0000] {logging_mixin.py:151} INFO - [2023-09-05T06:31:58.346+0000] {dag.py:3677} INFO - Setting next_dagrun for example_subdag_operator.section-1 to None, run_after=None
[2023-09-05T06:31:58.352+0000] {logging_mixin.py:151} INFO - [2023-09-05T06:31:58.351+0000] {dag.py:3677} INFO - Setting next_dagrun for example_subdag_operator.section-2 to None, run_after=None
[2023-09-05T06:31:58.389+0000] {logging_mixin.py:151} INFO - [2023-09-05T06:31:58.388+0000] {dag.py:2907} INFO - Sync 2 DAGs
[2023-09-05T06:31:58.407+0000] {logging_mixin.py:151} INFO - [2023-09-05T06:31:58.407+0000] {dag.py:3677} INFO - Setting next_dagrun for example_subdag_operator.section-1 to None, run_after=None
[2023-09-05T06:31:58.408+0000] {logging_mixin.py:151} INFO - [2023-09-05T06:31:58.408+0000] {dag.py:3677} INFO - Setting next_dagrun for example_subdag_operator.section-2 to None, run_after=None
[2023-09-05T06:31:58.536+0000] {processor.py:179} INFO - Processing /home/airflow/.local/lib/python3.8/site-packages/airflow/example_dags/example_subdag_operator.py took 0.380 seconds
[2023-09-05T06:32:29.236+0000] {processor.py:157} INFO - Started process (PID=531) to work on /home/airflow/.local/lib/python3.8/site-packages/airflow/example_dags/example_subdag_operator.py
[2023-09-05T06:32:29.238+0000] {processor.py:829} INFO - Processing file /home/airflow/.local/lib/python3.8/site-packages/airflow/example_dags/example_subdag_operator.py for tasks to queue
[2023-09-05T06:32:29.240+0000] {logging_mixin.py:151} INFO - [2023-09-05T06:32:29.239+0000] {dagbag.py:539} INFO - Filling up the DagBag from /home/airflow/.local/lib/python3.8/site-packages/airflow/example_dags/example_subdag_operator.py
[2023-09-05T06:32:29.321+0000] {processor.py:839} INFO - DAG(s) dict_keys(['example_subdag_operator.section-1', 'example_subdag_operator.section-2', 'example_subdag_operator']) retrieved from /home/airflow/.local/lib/python3.8/site-packages/airflow/example_dags/example_subdag_operator.py
[2023-09-05T06:32:29.333+0000] {logging_mixin.py:151} INFO - [2023-09-05T06:32:29.333+0000] {dag.py:2907} INFO - Sync 3 DAGs
[2023-09-05T06:32:29.374+0000] {logging_mixin.py:151} INFO - [2023-09-05T06:32:29.373+0000] {dag.py:3677} INFO - Setting next_dagrun for example_subdag_operator to 2022-01-01T00:00:00+00:00, run_after=2022-01-01T00:00:00+00:00
[2023-09-05T06:32:29.379+0000] {logging_mixin.py:151} INFO - [2023-09-05T06:32:29.379+0000] {dag.py:3677} INFO - Setting next_dagrun for example_subdag_operator.section-1 to None, run_after=None
[2023-09-05T06:32:29.383+0000] {logging_mixin.py:151} INFO - [2023-09-05T06:32:29.383+0000] {dag.py:3677} INFO - Setting next_dagrun for example_subdag_operator.section-2 to None, run_after=None
[2023-09-05T06:32:29.400+0000] {logging_mixin.py:151} INFO - [2023-09-05T06:32:29.400+0000] {dag.py:2907} INFO - Sync 2 DAGs
[2023-09-05T06:32:29.407+0000] {logging_mixin.py:151} INFO - [2023-09-05T06:32:29.407+0000] {dag.py:3677} INFO - Setting next_dagrun for example_subdag_operator.section-1 to None, run_after=None
[2023-09-05T06:32:29.408+0000] {logging_mixin.py:151} INFO - [2023-09-05T06:32:29.408+0000] {dag.py:3677} INFO - Setting next_dagrun for example_subdag_operator.section-2 to None, run_after=None
[2023-09-05T06:32:29.423+0000] {processor.py:179} INFO - Processing /home/airflow/.local/lib/python3.8/site-packages/airflow/example_dags/example_subdag_operator.py took 0.191 seconds
[2023-09-05T06:33:00.078+0000] {processor.py:157} INFO - Started process (PID=768) to work on /home/airflow/.local/lib/python3.8/site-packages/airflow/example_dags/example_subdag_operator.py
[2023-09-05T06:33:00.079+0000] {processor.py:829} INFO - Processing file /home/airflow/.local/lib/python3.8/site-packages/airflow/example_dags/example_subdag_operator.py for tasks to queue
[2023-09-05T06:33:00.080+0000] {logging_mixin.py:151} INFO - [2023-09-05T06:33:00.080+0000] {dagbag.py:539} INFO - Filling up the DagBag from /home/airflow/.local/lib/python3.8/site-packages/airflow/example_dags/example_subdag_operator.py
[2023-09-05T06:33:00.109+0000] {processor.py:839} INFO - DAG(s) dict_keys(['example_subdag_operator.section-1', 'example_subdag_operator.section-2', 'example_subdag_operator']) retrieved from /home/airflow/.local/lib/python3.8/site-packages/airflow/example_dags/example_subdag_operator.py
[2023-09-05T06:33:00.114+0000] {logging_mixin.py:151} INFO - [2023-09-05T06:33:00.113+0000] {dag.py:2907} INFO - Sync 3 DAGs
[2023-09-05T06:33:00.143+0000] {logging_mixin.py:151} INFO - [2023-09-05T06:33:00.143+0000] {dag.py:3677} INFO - Setting next_dagrun for example_subdag_operator to 2022-01-01T00:00:00+00:00, run_after=2022-01-01T00:00:00+00:00
[2023-09-05T06:33:00.148+0000] {logging_mixin.py:151} INFO - [2023-09-05T06:33:00.147+0000] {dag.py:3677} INFO - Setting next_dagrun for example_subdag_operator.section-1 to None, run_after=None
[2023-09-05T06:33:00.150+0000] {logging_mixin.py:151} INFO - [2023-09-05T06:33:00.150+0000] {dag.py:3677} INFO - Setting next_dagrun for example_subdag_operator.section-2 to None, run_after=None
[2023-09-05T06:33:00.160+0000] {logging_mixin.py:151} INFO - [2023-09-05T06:33:00.160+0000] {dag.py:2907} INFO - Sync 2 DAGs
[2023-09-05T06:33:00.169+0000] {logging_mixin.py:151} INFO - [2023-09-05T06:33:00.168+0000] {dag.py:3677} INFO - Setting next_dagrun for example_subdag_operator.section-1 to None, run_after=None
[2023-09-05T06:33:00.170+0000] {logging_mixin.py:151} INFO - [2023-09-05T06:33:00.169+0000] {dag.py:3677} INFO - Setting next_dagrun for example_subdag_operator.section-2 to None, run_after=None
[2023-09-05T06:33:00.189+0000] {processor.py:179} INFO - Processing /home/airflow/.local/lib/python3.8/site-packages/airflow/example_dags/example_subdag_operator.py took 0.114 seconds
[2023-09-05T06:33:30.914+0000] {processor.py:157} INFO - Started process (PID=1006) to work on /home/airflow/.local/lib/python3.8/site-packages/airflow/example_dags/example_subdag_operator.py
[2023-09-05T06:33:30.915+0000] {processor.py:829} INFO - Processing file /home/airflow/.local/lib/python3.8/site-packages/airflow/example_dags/example_subdag_operator.py for tasks to queue
[2023-09-05T06:33:30.917+0000] {logging_mixin.py:151} INFO - [2023-09-05T06:33:30.916+0000] {dagbag.py:539} INFO - Filling up the DagBag from /home/airflow/.local/lib/python3.8/site-packages/airflow/example_dags/example_subdag_operator.py
[2023-09-05T06:33:30.947+0000] {processor.py:839} INFO - DAG(s) dict_keys(['example_subdag_operator.section-1', 'example_subdag_operator.section-2', 'example_subdag_operator']) retrieved from /home/airflow/.local/lib/python3.8/site-packages/airflow/example_dags/example_subdag_operator.py
[2023-09-05T06:33:30.967+0000] {logging_mixin.py:151} INFO - [2023-09-05T06:33:30.966+0000] {dag.py:2907} INFO - Sync 3 DAGs
[2023-09-05T06:33:30.997+0000] {logging_mixin.py:151} INFO - [2023-09-05T06:33:30.997+0000] {dag.py:3677} INFO - Setting next_dagrun for example_subdag_operator to 2022-01-01T00:00:00+00:00, run_after=2022-01-01T00:00:00+00:00
[2023-09-05T06:33:31.003+0000] {logging_mixin.py:151} INFO - [2023-09-05T06:33:31.002+0000] {dag.py:3677} INFO - Setting next_dagrun for example_subdag_operator.section-1 to None, run_after=None
[2023-09-05T06:33:31.005+0000] {logging_mixin.py:151} INFO - [2023-09-05T06:33:31.005+0000] {dag.py:3677} INFO - Setting next_dagrun for example_subdag_operator.section-2 to None, run_after=None
[2023-09-05T06:33:31.016+0000] {logging_mixin.py:151} INFO - [2023-09-05T06:33:31.016+0000] {dag.py:2907} INFO - Sync 2 DAGs
[2023-09-05T06:33:31.024+0000] {logging_mixin.py:151} INFO - [2023-09-05T06:33:31.024+0000] {dag.py:3677} INFO - Setting next_dagrun for example_subdag_operator.section-1 to None, run_after=None
[2023-09-05T06:33:31.025+0000] {logging_mixin.py:151} INFO - [2023-09-05T06:33:31.025+0000] {dag.py:3677} INFO - Setting next_dagrun for example_subdag_operator.section-2 to None, run_after=None
[2023-09-05T06:33:31.039+0000] {processor.py:179} INFO - Processing /home/airflow/.local/lib/python3.8/site-packages/airflow/example_dags/example_subdag_operator.py took 0.129 seconds
[2023-09-05T06:34:01.376+0000] {processor.py:157} INFO - Started process (PID=1244) to work on /home/airflow/.local/lib/python3.8/site-packages/airflow/example_dags/example_subdag_operator.py
[2023-09-05T06:34:01.377+0000] {processor.py:829} INFO - Processing file /home/airflow/.local/lib/python3.8/site-packages/airflow/example_dags/example_subdag_operator.py for tasks to queue
[2023-09-05T06:34:01.379+0000] {logging_mixin.py:151} INFO - [2023-09-05T06:34:01.378+0000] {dagbag.py:539} INFO - Filling up the DagBag from /home/airflow/.local/lib/python3.8/site-packages/airflow/example_dags/example_subdag_operator.py
[2023-09-05T06:34:01.407+0000] {processor.py:839} INFO - DAG(s) dict_keys(['example_subdag_operator.section-1', 'example_subdag_operator.section-2', 'example_subdag_operator']) retrieved from /home/airflow/.local/lib/python3.8/site-packages/airflow/example_dags/example_subdag_operator.py
[2023-09-05T06:34:01.432+0000] {logging_mixin.py:151} INFO - [2023-09-05T06:34:01.432+0000] {dag.py:2907} INFO - Sync 3 DAGs
[2023-09-05T06:34:01.459+0000] {logging_mixin.py:151} INFO - [2023-09-05T06:34:01.456+0000] {dag.py:3677} INFO - Setting next_dagrun for example_subdag_operator to 2022-01-01T00:00:00+00:00, run_after=2022-01-01T00:00:00+00:00
[2023-09-05T06:34:01.469+0000] {logging_mixin.py:151} INFO - [2023-09-05T06:34:01.468+0000] {dag.py:3677} INFO - Setting next_dagrun for example_subdag_operator.section-1 to None, run_after=None
[2023-09-05T06:34:01.471+0000] {logging_mixin.py:151} INFO - [2023-09-05T06:34:01.471+0000] {dag.py:3677} INFO - Setting next_dagrun for example_subdag_operator.section-2 to None, run_after=None
[2023-09-05T06:34:01.485+0000] {logging_mixin.py:151} INFO - [2023-09-05T06:34:01.484+0000] {dag.py:2907} INFO - Sync 2 DAGs
[2023-09-05T06:34:01.491+0000] {logging_mixin.py:151} INFO - [2023-09-05T06:34:01.491+0000] {dag.py:3677} INFO - Setting next_dagrun for example_subdag_operator.section-1 to None, run_after=None
[2023-09-05T06:34:01.492+0000] {logging_mixin.py:151} INFO - [2023-09-05T06:34:01.492+0000] {dag.py:3677} INFO - Setting next_dagrun for example_subdag_operator.section-2 to None, run_after=None
[2023-09-05T06:34:01.506+0000] {processor.py:179} INFO - Processing /home/airflow/.local/lib/python3.8/site-packages/airflow/example_dags/example_subdag_operator.py took 0.134 seconds
[2023-09-05T06:34:31.733+0000] {processor.py:157} INFO - Started process (PID=1482) to work on /home/airflow/.local/lib/python3.8/site-packages/airflow/example_dags/example_subdag_operator.py
[2023-09-05T06:34:31.735+0000] {processor.py:829} INFO - Processing file /home/airflow/.local/lib/python3.8/site-packages/airflow/example_dags/example_subdag_operator.py for tasks to queue
[2023-09-05T06:34:31.736+0000] {logging_mixin.py:151} INFO - [2023-09-05T06:34:31.735+0000] {dagbag.py:539} INFO - Filling up the DagBag from /home/airflow/.local/lib/python3.8/site-packages/airflow/example_dags/example_subdag_operator.py
[2023-09-05T06:34:31.770+0000] {processor.py:839} INFO - DAG(s) dict_keys(['example_subdag_operator.section-1', 'example_subdag_operator.section-2', 'example_subdag_operator']) retrieved from /home/airflow/.local/lib/python3.8/site-packages/airflow/example_dags/example_subdag_operator.py
[2023-09-05T06:34:31.794+0000] {logging_mixin.py:151} INFO - [2023-09-05T06:34:31.794+0000] {dag.py:2907} INFO - Sync 3 DAGs
[2023-09-05T06:34:31.830+0000] {logging_mixin.py:151} INFO - [2023-09-05T06:34:31.829+0000] {dag.py:3677} INFO - Setting next_dagrun for example_subdag_operator to 2022-01-01T00:00:00+00:00, run_after=2022-01-01T00:00:00+00:00
[2023-09-05T06:34:31.836+0000] {logging_mixin.py:151} INFO - [2023-09-05T06:34:31.836+0000] {dag.py:3677} INFO - Setting next_dagrun for example_subdag_operator.section-1 to None, run_after=None
[2023-09-05T06:34:31.838+0000] {logging_mixin.py:151} INFO - [2023-09-05T06:34:31.838+0000] {dag.py:3677} INFO - Setting next_dagrun for example_subdag_operator.section-2 to None, run_after=None
[2023-09-05T06:34:31.856+0000] {logging_mixin.py:151} INFO - [2023-09-05T06:34:31.855+0000] {dag.py:2907} INFO - Sync 2 DAGs
[2023-09-05T06:34:31.867+0000] {logging_mixin.py:151} INFO - [2023-09-05T06:34:31.867+0000] {dag.py:3677} INFO - Setting next_dagrun for example_subdag_operator.section-1 to None, run_after=None
[2023-09-05T06:34:31.869+0000] {logging_mixin.py:151} INFO - [2023-09-05T06:34:31.868+0000] {dag.py:3677} INFO - Setting next_dagrun for example_subdag_operator.section-2 to None, run_after=None
[2023-09-05T06:34:31.889+0000] {processor.py:179} INFO - Processing /home/airflow/.local/lib/python3.8/site-packages/airflow/example_dags/example_subdag_operator.py took 0.159 seconds
[2023-09-05T06:35:02.111+0000] {processor.py:157} INFO - Started process (PID=1720) to work on /home/airflow/.local/lib/python3.8/site-packages/airflow/example_dags/example_subdag_operator.py
[2023-09-05T06:35:02.112+0000] {processor.py:829} INFO - Processing file /home/airflow/.local/lib/python3.8/site-packages/airflow/example_dags/example_subdag_operator.py for tasks to queue
[2023-09-05T06:35:02.114+0000] {logging_mixin.py:151} INFO - [2023-09-05T06:35:02.113+0000] {dagbag.py:539} INFO - Filling up the DagBag from /home/airflow/.local/lib/python3.8/site-packages/airflow/example_dags/example_subdag_operator.py
[2023-09-05T06:35:02.145+0000] {processor.py:839} INFO - DAG(s) dict_keys(['example_subdag_operator.section-1', 'example_subdag_operator.section-2', 'example_subdag_operator']) retrieved from /home/airflow/.local/lib/python3.8/site-packages/airflow/example_dags/example_subdag_operator.py
[2023-09-05T06:35:02.166+0000] {logging_mixin.py:151} INFO - [2023-09-05T06:35:02.166+0000] {dag.py:2907} INFO - Sync 3 DAGs
[2023-09-05T06:35:02.199+0000] {logging_mixin.py:151} INFO - [2023-09-05T06:35:02.199+0000] {dag.py:3677} INFO - Setting next_dagrun for example_subdag_operator to 2022-01-01T00:00:00+00:00, run_after=2022-01-01T00:00:00+00:00
[2023-09-05T06:35:02.204+0000] {logging_mixin.py:151} INFO - [2023-09-05T06:35:02.204+0000] {dag.py:3677} INFO - Setting next_dagrun for example_subdag_operator.section-1 to None, run_after=None
[2023-09-05T06:35:02.206+0000] {logging_mixin.py:151} INFO - [2023-09-05T06:35:02.206+0000] {dag.py:3677} INFO - Setting next_dagrun for example_subdag_operator.section-2 to None, run_after=None
[2023-09-05T06:35:02.216+0000] {logging_mixin.py:151} INFO - [2023-09-05T06:35:02.216+0000] {dag.py:2907} INFO - Sync 2 DAGs
[2023-09-05T06:35:02.225+0000] {logging_mixin.py:151} INFO - [2023-09-05T06:35:02.225+0000] {dag.py:3677} INFO - Setting next_dagrun for example_subdag_operator.section-1 to None, run_after=None
[2023-09-05T06:35:02.226+0000] {logging_mixin.py:151} INFO - [2023-09-05T06:35:02.226+0000] {dag.py:3677} INFO - Setting next_dagrun for example_subdag_operator.section-2 to None, run_after=None
[2023-09-05T06:35:02.243+0000] {processor.py:179} INFO - Processing /home/airflow/.local/lib/python3.8/site-packages/airflow/example_dags/example_subdag_operator.py took 0.136 seconds
[2023-09-05T06:35:33.756+0000] {processor.py:157} INFO - Started process (PID=1958) to work on /home/airflow/.local/lib/python3.8/site-packages/airflow/example_dags/example_subdag_operator.py
[2023-09-05T06:35:33.758+0000] {processor.py:829} INFO - Processing file /home/airflow/.local/lib/python3.8/site-packages/airflow/example_dags/example_subdag_operator.py for tasks to queue
[2023-09-05T06:35:33.759+0000] {logging_mixin.py:151} INFO - [2023-09-05T06:35:33.759+0000] {dagbag.py:539} INFO - Filling up the DagBag from /home/airflow/.local/lib/python3.8/site-packages/airflow/example_dags/example_subdag_operator.py
[2023-09-05T06:35:33.802+0000] {processor.py:839} INFO - DAG(s) dict_keys(['example_subdag_operator.section-1', 'example_subdag_operator.section-2', 'example_subdag_operator']) retrieved from /home/airflow/.local/lib/python3.8/site-packages/airflow/example_dags/example_subdag_operator.py
[2023-09-05T06:35:33.830+0000] {logging_mixin.py:151} INFO - [2023-09-05T06:35:33.829+0000] {dag.py:2907} INFO - Sync 3 DAGs
[2023-09-05T06:35:33.863+0000] {logging_mixin.py:151} INFO - [2023-09-05T06:35:33.863+0000] {dag.py:3677} INFO - Setting next_dagrun for example_subdag_operator to 2022-01-01T00:00:00+00:00, run_after=2022-01-01T00:00:00+00:00
[2023-09-05T06:35:33.869+0000] {logging_mixin.py:151} INFO - [2023-09-05T06:35:33.868+0000] {dag.py:3677} INFO - Setting next_dagrun for example_subdag_operator.section-1 to None, run_after=None
[2023-09-05T06:35:33.876+0000] {logging_mixin.py:151} INFO - [2023-09-05T06:35:33.875+0000] {dag.py:3677} INFO - Setting next_dagrun for example_subdag_operator.section-2 to None, run_after=None
[2023-09-05T06:35:33.888+0000] {logging_mixin.py:151} INFO - [2023-09-05T06:35:33.887+0000] {dag.py:2907} INFO - Sync 2 DAGs
[2023-09-05T06:35:33.898+0000] {logging_mixin.py:151} INFO - [2023-09-05T06:35:33.897+0000] {dag.py:3677} INFO - Setting next_dagrun for example_subdag_operator.section-1 to None, run_after=None
[2023-09-05T06:35:33.899+0000] {logging_mixin.py:151} INFO - [2023-09-05T06:35:33.899+0000] {dag.py:3677} INFO - Setting next_dagrun for example_subdag_operator.section-2 to None, run_after=None
[2023-09-05T06:35:33.922+0000] {processor.py:179} INFO - Processing /home/airflow/.local/lib/python3.8/site-packages/airflow/example_dags/example_subdag_operator.py took 0.174 seconds
[2023-09-05T06:36:04.509+0000] {processor.py:157} INFO - Started process (PID=2196) to work on /home/airflow/.local/lib/python3.8/site-packages/airflow/example_dags/example_subdag_operator.py
[2023-09-05T06:36:04.510+0000] {processor.py:829} INFO - Processing file /home/airflow/.local/lib/python3.8/site-packages/airflow/example_dags/example_subdag_operator.py for tasks to queue
[2023-09-05T06:36:04.511+0000] {logging_mixin.py:151} INFO - [2023-09-05T06:36:04.511+0000] {dagbag.py:539} INFO - Filling up the DagBag from /home/airflow/.local/lib/python3.8/site-packages/airflow/example_dags/example_subdag_operator.py
[2023-09-05T06:36:04.555+0000] {processor.py:839} INFO - DAG(s) dict_keys(['example_subdag_operator.section-1', 'example_subdag_operator.section-2', 'example_subdag_operator']) retrieved from /home/airflow/.local/lib/python3.8/site-packages/airflow/example_dags/example_subdag_operator.py
[2023-09-05T06:36:04.585+0000] {logging_mixin.py:151} INFO - [2023-09-05T06:36:04.585+0000] {dag.py:2907} INFO - Sync 3 DAGs
[2023-09-05T06:36:04.614+0000] {logging_mixin.py:151} INFO - [2023-09-05T06:36:04.614+0000] {dag.py:3677} INFO - Setting next_dagrun for example_subdag_operator to 2022-01-01T00:00:00+00:00, run_after=2022-01-01T00:00:00+00:00
[2023-09-05T06:36:04.620+0000] {logging_mixin.py:151} INFO - [2023-09-05T06:36:04.619+0000] {dag.py:3677} INFO - Setting next_dagrun for example_subdag_operator.section-1 to None, run_after=None
[2023-09-05T06:36:04.622+0000] {logging_mixin.py:151} INFO - [2023-09-05T06:36:04.621+0000] {dag.py:3677} INFO - Setting next_dagrun for example_subdag_operator.section-2 to None, run_after=None
[2023-09-05T06:36:04.634+0000] {logging_mixin.py:151} INFO - [2023-09-05T06:36:04.634+0000] {dag.py:2907} INFO - Sync 2 DAGs
[2023-09-05T06:36:04.642+0000] {logging_mixin.py:151} INFO - [2023-09-05T06:36:04.642+0000] {dag.py:3677} INFO - Setting next_dagrun for example_subdag_operator.section-1 to None, run_after=None
[2023-09-05T06:36:04.643+0000] {logging_mixin.py:151} INFO - [2023-09-05T06:36:04.643+0000] {dag.py:3677} INFO - Setting next_dagrun for example_subdag_operator.section-2 to None, run_after=None
[2023-09-05T06:36:04.660+0000] {processor.py:179} INFO - Processing /home/airflow/.local/lib/python3.8/site-packages/airflow/example_dags/example_subdag_operator.py took 0.156 seconds
