[2023-09-05T06:31:59.214+0000] {processor.py:157} INFO - Started process (PID=310) to work on /home/airflow/.local/lib/python3.8/site-packages/airflow/example_dags/example_datasets.py
[2023-09-05T06:31:59.227+0000] {processor.py:829} INFO - Processing file /home/airflow/.local/lib/python3.8/site-packages/airflow/example_dags/example_datasets.py for tasks to queue
[2023-09-05T06:31:59.229+0000] {logging_mixin.py:151} INFO - [2023-09-05T06:31:59.229+0000] {dagbag.py:539} INFO - Filling up the DagBag from /home/airflow/.local/lib/python3.8/site-packages/airflow/example_dags/example_datasets.py
[2023-09-05T06:31:59.253+0000] {processor.py:839} INFO - DAG(s) dict_keys(['dataset_consumes_1', 'dataset_consumes_1_never_scheduled', 'dataset_produces_1', 'dataset_consumes_unknown_never_scheduled', 'dataset_produces_2', 'dataset_consumes_1_and_2']) retrieved from /home/airflow/.local/lib/python3.8/site-packages/airflow/example_dags/example_datasets.py
[2023-09-05T06:31:59.363+0000] {logging_mixin.py:151} INFO - [2023-09-05T06:31:59.362+0000] {dag.py:2907} INFO - Sync 6 DAGs
[2023-09-05T06:31:59.529+0000] {logging_mixin.py:151} INFO - [2023-09-05T06:31:59.528+0000] {dag.py:3677} INFO - Setting next_dagrun for dataset_consumes_1 to None, run_after=None
[2023-09-05T06:31:59.554+0000] {logging_mixin.py:151} INFO - [2023-09-05T06:31:59.553+0000] {dag.py:3677} INFO - Setting next_dagrun for dataset_consumes_1_and_2 to None, run_after=None
[2023-09-05T06:31:59.567+0000] {logging_mixin.py:151} INFO - [2023-09-05T06:31:59.566+0000] {dag.py:3677} INFO - Setting next_dagrun for dataset_consumes_1_never_scheduled to None, run_after=None
[2023-09-05T06:31:59.572+0000] {logging_mixin.py:151} INFO - [2023-09-05T06:31:59.571+0000] {dag.py:3677} INFO - Setting next_dagrun for dataset_consumes_unknown_never_scheduled to None, run_after=None
[2023-09-05T06:31:59.580+0000] {logging_mixin.py:151} INFO - [2023-09-05T06:31:59.578+0000] {dag.py:3677} INFO - Setting next_dagrun for dataset_produces_1 to 2023-09-04T00:00:00+00:00, run_after=2023-09-05T00:00:00+00:00
[2023-09-05T06:31:59.591+0000] {logging_mixin.py:151} INFO - [2023-09-05T06:31:59.591+0000] {dag.py:3677} INFO - Setting next_dagrun for dataset_produces_2 to None, run_after=None
[2023-09-05T06:31:59.797+0000] {processor.py:179} INFO - Processing /home/airflow/.local/lib/python3.8/site-packages/airflow/example_dags/example_datasets.py took 0.587 seconds
[2023-09-05T06:32:30.532+0000] {processor.py:157} INFO - Started process (PID=551) to work on /home/airflow/.local/lib/python3.8/site-packages/airflow/example_dags/example_datasets.py
[2023-09-05T06:32:30.534+0000] {processor.py:829} INFO - Processing file /home/airflow/.local/lib/python3.8/site-packages/airflow/example_dags/example_datasets.py for tasks to queue
[2023-09-05T06:32:30.536+0000] {logging_mixin.py:151} INFO - [2023-09-05T06:32:30.535+0000] {dagbag.py:539} INFO - Filling up the DagBag from /home/airflow/.local/lib/python3.8/site-packages/airflow/example_dags/example_datasets.py
[2023-09-05T06:32:30.548+0000] {processor.py:839} INFO - DAG(s) dict_keys(['dataset_consumes_1', 'dataset_consumes_1_never_scheduled', 'dataset_produces_2', 'dataset_consumes_unknown_never_scheduled', 'dataset_produces_1', 'dataset_consumes_1_and_2']) retrieved from /home/airflow/.local/lib/python3.8/site-packages/airflow/example_dags/example_datasets.py
[2023-09-05T06:32:30.563+0000] {logging_mixin.py:151} INFO - [2023-09-05T06:32:30.563+0000] {dag.py:2907} INFO - Sync 6 DAGs
[2023-09-05T06:32:30.591+0000] {logging_mixin.py:151} INFO - [2023-09-05T06:32:30.590+0000] {dag.py:3677} INFO - Setting next_dagrun for dataset_consumes_1 to None, run_after=None
[2023-09-05T06:32:30.595+0000] {logging_mixin.py:151} INFO - [2023-09-05T06:32:30.595+0000] {dag.py:3677} INFO - Setting next_dagrun for dataset_consumes_1_and_2 to None, run_after=None
[2023-09-05T06:32:30.597+0000] {logging_mixin.py:151} INFO - [2023-09-05T06:32:30.597+0000] {dag.py:3677} INFO - Setting next_dagrun for dataset_consumes_1_never_scheduled to None, run_after=None
[2023-09-05T06:32:30.599+0000] {logging_mixin.py:151} INFO - [2023-09-05T06:32:30.599+0000] {dag.py:3677} INFO - Setting next_dagrun for dataset_consumes_unknown_never_scheduled to None, run_after=None
[2023-09-05T06:32:30.603+0000] {logging_mixin.py:151} INFO - [2023-09-05T06:32:30.603+0000] {dag.py:3677} INFO - Setting next_dagrun for dataset_produces_1 to 2023-09-04T00:00:00+00:00, run_after=2023-09-05T00:00:00+00:00
[2023-09-05T06:32:30.608+0000] {logging_mixin.py:151} INFO - [2023-09-05T06:32:30.608+0000] {dag.py:3677} INFO - Setting next_dagrun for dataset_produces_2 to None, run_after=None
[2023-09-05T06:32:30.651+0000] {processor.py:179} INFO - Processing /home/airflow/.local/lib/python3.8/site-packages/airflow/example_dags/example_datasets.py took 0.122 seconds
[2023-09-05T06:33:01.345+0000] {processor.py:157} INFO - Started process (PID=788) to work on /home/airflow/.local/lib/python3.8/site-packages/airflow/example_dags/example_datasets.py
[2023-09-05T06:33:01.346+0000] {processor.py:829} INFO - Processing file /home/airflow/.local/lib/python3.8/site-packages/airflow/example_dags/example_datasets.py for tasks to queue
[2023-09-05T06:33:01.348+0000] {logging_mixin.py:151} INFO - [2023-09-05T06:33:01.347+0000] {dagbag.py:539} INFO - Filling up the DagBag from /home/airflow/.local/lib/python3.8/site-packages/airflow/example_dags/example_datasets.py
[2023-09-05T06:33:01.359+0000] {processor.py:839} INFO - DAG(s) dict_keys(['dataset_consumes_unknown_never_scheduled', 'dataset_produces_1', 'dataset_consumes_1', 'dataset_consumes_1_and_2', 'dataset_produces_2', 'dataset_consumes_1_never_scheduled']) retrieved from /home/airflow/.local/lib/python3.8/site-packages/airflow/example_dags/example_datasets.py
[2023-09-05T06:33:01.378+0000] {logging_mixin.py:151} INFO - [2023-09-05T06:33:01.378+0000] {dag.py:2907} INFO - Sync 6 DAGs
[2023-09-05T06:33:01.407+0000] {logging_mixin.py:151} INFO - [2023-09-05T06:33:01.407+0000] {dag.py:3677} INFO - Setting next_dagrun for dataset_consumes_1 to None, run_after=None
[2023-09-05T06:33:01.414+0000] {logging_mixin.py:151} INFO - [2023-09-05T06:33:01.414+0000] {dag.py:3677} INFO - Setting next_dagrun for dataset_consumes_1_and_2 to None, run_after=None
[2023-09-05T06:33:01.417+0000] {logging_mixin.py:151} INFO - [2023-09-05T06:33:01.416+0000] {dag.py:3677} INFO - Setting next_dagrun for dataset_consumes_1_never_scheduled to None, run_after=None
[2023-09-05T06:33:01.419+0000] {logging_mixin.py:151} INFO - [2023-09-05T06:33:01.419+0000] {dag.py:3677} INFO - Setting next_dagrun for dataset_consumes_unknown_never_scheduled to None, run_after=None
[2023-09-05T06:33:01.424+0000] {logging_mixin.py:151} INFO - [2023-09-05T06:33:01.423+0000] {dag.py:3677} INFO - Setting next_dagrun for dataset_produces_1 to 2023-09-04T00:00:00+00:00, run_after=2023-09-05T00:00:00+00:00
[2023-09-05T06:33:01.426+0000] {logging_mixin.py:151} INFO - [2023-09-05T06:33:01.426+0000] {dag.py:3677} INFO - Setting next_dagrun for dataset_produces_2 to None, run_after=None
[2023-09-05T06:33:01.597+0000] {processor.py:179} INFO - Processing /home/airflow/.local/lib/python3.8/site-packages/airflow/example_dags/example_datasets.py took 0.255 seconds
[2023-09-05T06:33:32.184+0000] {processor.py:157} INFO - Started process (PID=1026) to work on /home/airflow/.local/lib/python3.8/site-packages/airflow/example_dags/example_datasets.py
[2023-09-05T06:33:32.185+0000] {processor.py:829} INFO - Processing file /home/airflow/.local/lib/python3.8/site-packages/airflow/example_dags/example_datasets.py for tasks to queue
[2023-09-05T06:33:32.186+0000] {logging_mixin.py:151} INFO - [2023-09-05T06:33:32.186+0000] {dagbag.py:539} INFO - Filling up the DagBag from /home/airflow/.local/lib/python3.8/site-packages/airflow/example_dags/example_datasets.py
[2023-09-05T06:33:32.198+0000] {processor.py:839} INFO - DAG(s) dict_keys(['dataset_consumes_1_never_scheduled', 'dataset_produces_1', 'dataset_produces_2', 'dataset_consumes_unknown_never_scheduled', 'dataset_consumes_1', 'dataset_consumes_1_and_2']) retrieved from /home/airflow/.local/lib/python3.8/site-packages/airflow/example_dags/example_datasets.py
[2023-09-05T06:33:32.246+0000] {logging_mixin.py:151} INFO - [2023-09-05T06:33:32.246+0000] {dag.py:2907} INFO - Sync 6 DAGs
[2023-09-05T06:33:32.273+0000] {logging_mixin.py:151} INFO - [2023-09-05T06:33:32.272+0000] {dag.py:3677} INFO - Setting next_dagrun for dataset_consumes_1 to None, run_after=None
[2023-09-05T06:33:32.279+0000] {logging_mixin.py:151} INFO - [2023-09-05T06:33:32.279+0000] {dag.py:3677} INFO - Setting next_dagrun for dataset_consumes_1_and_2 to None, run_after=None
[2023-09-05T06:33:32.282+0000] {logging_mixin.py:151} INFO - [2023-09-05T06:33:32.281+0000] {dag.py:3677} INFO - Setting next_dagrun for dataset_consumes_1_never_scheduled to None, run_after=None
[2023-09-05T06:33:32.285+0000] {logging_mixin.py:151} INFO - [2023-09-05T06:33:32.285+0000] {dag.py:3677} INFO - Setting next_dagrun for dataset_consumes_unknown_never_scheduled to None, run_after=None
[2023-09-05T06:33:32.300+0000] {logging_mixin.py:151} INFO - [2023-09-05T06:33:32.300+0000] {dag.py:3677} INFO - Setting next_dagrun for dataset_produces_1 to 2023-09-04T00:00:00+00:00, run_after=2023-09-05T00:00:00+00:00
[2023-09-05T06:33:32.304+0000] {logging_mixin.py:151} INFO - [2023-09-05T06:33:32.304+0000] {dag.py:3677} INFO - Setting next_dagrun for dataset_produces_2 to None, run_after=None
[2023-09-05T06:33:32.347+0000] {processor.py:179} INFO - Processing /home/airflow/.local/lib/python3.8/site-packages/airflow/example_dags/example_datasets.py took 0.166 seconds
[2023-09-05T06:34:02.599+0000] {processor.py:157} INFO - Started process (PID=1264) to work on /home/airflow/.local/lib/python3.8/site-packages/airflow/example_dags/example_datasets.py
[2023-09-05T06:34:02.601+0000] {processor.py:829} INFO - Processing file /home/airflow/.local/lib/python3.8/site-packages/airflow/example_dags/example_datasets.py for tasks to queue
[2023-09-05T06:34:02.602+0000] {logging_mixin.py:151} INFO - [2023-09-05T06:34:02.601+0000] {dagbag.py:539} INFO - Filling up the DagBag from /home/airflow/.local/lib/python3.8/site-packages/airflow/example_dags/example_datasets.py
[2023-09-05T06:34:02.614+0000] {processor.py:839} INFO - DAG(s) dict_keys(['dataset_produces_2', 'dataset_consumes_1_never_scheduled', 'dataset_consumes_unknown_never_scheduled', 'dataset_consumes_1', 'dataset_produces_1', 'dataset_consumes_1_and_2']) retrieved from /home/airflow/.local/lib/python3.8/site-packages/airflow/example_dags/example_datasets.py
[2023-09-05T06:34:02.673+0000] {logging_mixin.py:151} INFO - [2023-09-05T06:34:02.673+0000] {dag.py:2907} INFO - Sync 6 DAGs
[2023-09-05T06:34:02.702+0000] {logging_mixin.py:151} INFO - [2023-09-05T06:34:02.702+0000] {dag.py:3677} INFO - Setting next_dagrun for dataset_consumes_1 to None, run_after=None
[2023-09-05T06:34:02.707+0000] {logging_mixin.py:151} INFO - [2023-09-05T06:34:02.707+0000] {dag.py:3677} INFO - Setting next_dagrun for dataset_consumes_1_and_2 to None, run_after=None
[2023-09-05T06:34:02.709+0000] {logging_mixin.py:151} INFO - [2023-09-05T06:34:02.709+0000] {dag.py:3677} INFO - Setting next_dagrun for dataset_consumes_1_never_scheduled to None, run_after=None
[2023-09-05T06:34:02.712+0000] {logging_mixin.py:151} INFO - [2023-09-05T06:34:02.711+0000] {dag.py:3677} INFO - Setting next_dagrun for dataset_consumes_unknown_never_scheduled to None, run_after=None
[2023-09-05T06:34:02.716+0000] {logging_mixin.py:151} INFO - [2023-09-05T06:34:02.716+0000] {dag.py:3677} INFO - Setting next_dagrun for dataset_produces_1 to 2023-09-04T00:00:00+00:00, run_after=2023-09-05T00:00:00+00:00
[2023-09-05T06:34:02.719+0000] {logging_mixin.py:151} INFO - [2023-09-05T06:34:02.718+0000] {dag.py:3677} INFO - Setting next_dagrun for dataset_produces_2 to None, run_after=None
[2023-09-05T06:34:02.760+0000] {processor.py:179} INFO - Processing /home/airflow/.local/lib/python3.8/site-packages/airflow/example_dags/example_datasets.py took 0.164 seconds
[2023-09-05T06:34:33.043+0000] {processor.py:157} INFO - Started process (PID=1502) to work on /home/airflow/.local/lib/python3.8/site-packages/airflow/example_dags/example_datasets.py
[2023-09-05T06:34:33.044+0000] {processor.py:829} INFO - Processing file /home/airflow/.local/lib/python3.8/site-packages/airflow/example_dags/example_datasets.py for tasks to queue
[2023-09-05T06:34:33.046+0000] {logging_mixin.py:151} INFO - [2023-09-05T06:34:33.045+0000] {dagbag.py:539} INFO - Filling up the DagBag from /home/airflow/.local/lib/python3.8/site-packages/airflow/example_dags/example_datasets.py
[2023-09-05T06:34:33.057+0000] {processor.py:839} INFO - DAG(s) dict_keys(['dataset_consumes_1_and_2', 'dataset_produces_1', 'dataset_produces_2', 'dataset_consumes_1_never_scheduled', 'dataset_consumes_unknown_never_scheduled', 'dataset_consumes_1']) retrieved from /home/airflow/.local/lib/python3.8/site-packages/airflow/example_dags/example_datasets.py
[2023-09-05T06:34:33.102+0000] {logging_mixin.py:151} INFO - [2023-09-05T06:34:33.102+0000] {dag.py:2907} INFO - Sync 6 DAGs
[2023-09-05T06:34:33.132+0000] {logging_mixin.py:151} INFO - [2023-09-05T06:34:33.130+0000] {dag.py:3677} INFO - Setting next_dagrun for dataset_consumes_1 to None, run_after=None
[2023-09-05T06:34:33.140+0000] {logging_mixin.py:151} INFO - [2023-09-05T06:34:33.140+0000] {dag.py:3677} INFO - Setting next_dagrun for dataset_consumes_1_and_2 to None, run_after=None
[2023-09-05T06:34:33.143+0000] {logging_mixin.py:151} INFO - [2023-09-05T06:34:33.143+0000] {dag.py:3677} INFO - Setting next_dagrun for dataset_consumes_1_never_scheduled to None, run_after=None
[2023-09-05T06:34:33.146+0000] {logging_mixin.py:151} INFO - [2023-09-05T06:34:33.145+0000] {dag.py:3677} INFO - Setting next_dagrun for dataset_consumes_unknown_never_scheduled to None, run_after=None
[2023-09-05T06:34:33.150+0000] {logging_mixin.py:151} INFO - [2023-09-05T06:34:33.150+0000] {dag.py:3677} INFO - Setting next_dagrun for dataset_produces_1 to 2023-09-04T00:00:00+00:00, run_after=2023-09-05T00:00:00+00:00
[2023-09-05T06:34:33.153+0000] {logging_mixin.py:151} INFO - [2023-09-05T06:34:33.152+0000] {dag.py:3677} INFO - Setting next_dagrun for dataset_produces_2 to None, run_after=None
[2023-09-05T06:34:33.191+0000] {processor.py:179} INFO - Processing /home/airflow/.local/lib/python3.8/site-packages/airflow/example_dags/example_datasets.py took 0.152 seconds
[2023-09-05T06:35:03.363+0000] {processor.py:157} INFO - Started process (PID=1740) to work on /home/airflow/.local/lib/python3.8/site-packages/airflow/example_dags/example_datasets.py
[2023-09-05T06:35:03.367+0000] {processor.py:829} INFO - Processing file /home/airflow/.local/lib/python3.8/site-packages/airflow/example_dags/example_datasets.py for tasks to queue
[2023-09-05T06:35:03.369+0000] {logging_mixin.py:151} INFO - [2023-09-05T06:35:03.368+0000] {dagbag.py:539} INFO - Filling up the DagBag from /home/airflow/.local/lib/python3.8/site-packages/airflow/example_dags/example_datasets.py
[2023-09-05T06:35:03.380+0000] {processor.py:839} INFO - DAG(s) dict_keys(['dataset_consumes_1_never_scheduled', 'dataset_produces_1', 'dataset_produces_2', 'dataset_consumes_1_and_2', 'dataset_consumes_1', 'dataset_consumes_unknown_never_scheduled']) retrieved from /home/airflow/.local/lib/python3.8/site-packages/airflow/example_dags/example_datasets.py
[2023-09-05T06:35:03.424+0000] {logging_mixin.py:151} INFO - [2023-09-05T06:35:03.424+0000] {dag.py:2907} INFO - Sync 6 DAGs
[2023-09-05T06:35:03.450+0000] {logging_mixin.py:151} INFO - [2023-09-05T06:35:03.450+0000] {dag.py:3677} INFO - Setting next_dagrun for dataset_consumes_1 to None, run_after=None
[2023-09-05T06:35:03.454+0000] {logging_mixin.py:151} INFO - [2023-09-05T06:35:03.454+0000] {dag.py:3677} INFO - Setting next_dagrun for dataset_consumes_1_and_2 to None, run_after=None
[2023-09-05T06:35:03.460+0000] {logging_mixin.py:151} INFO - [2023-09-05T06:35:03.459+0000] {dag.py:3677} INFO - Setting next_dagrun for dataset_consumes_1_never_scheduled to None, run_after=None
[2023-09-05T06:35:03.463+0000] {logging_mixin.py:151} INFO - [2023-09-05T06:35:03.463+0000] {dag.py:3677} INFO - Setting next_dagrun for dataset_consumes_unknown_never_scheduled to None, run_after=None
[2023-09-05T06:35:03.467+0000] {logging_mixin.py:151} INFO - [2023-09-05T06:35:03.467+0000] {dag.py:3677} INFO - Setting next_dagrun for dataset_produces_1 to 2023-09-04T00:00:00+00:00, run_after=2023-09-05T00:00:00+00:00
[2023-09-05T06:35:03.470+0000] {logging_mixin.py:151} INFO - [2023-09-05T06:35:03.470+0000] {dag.py:3677} INFO - Setting next_dagrun for dataset_produces_2 to None, run_after=None
[2023-09-05T06:35:03.507+0000] {processor.py:179} INFO - Processing /home/airflow/.local/lib/python3.8/site-packages/airflow/example_dags/example_datasets.py took 0.147 seconds
[2023-09-05T06:35:34.158+0000] {processor.py:157} INFO - Started process (PID=1978) to work on /home/airflow/.local/lib/python3.8/site-packages/airflow/example_dags/example_datasets.py
[2023-09-05T06:35:34.160+0000] {processor.py:829} INFO - Processing file /home/airflow/.local/lib/python3.8/site-packages/airflow/example_dags/example_datasets.py for tasks to queue
[2023-09-05T06:35:34.161+0000] {logging_mixin.py:151} INFO - [2023-09-05T06:35:34.161+0000] {dagbag.py:539} INFO - Filling up the DagBag from /home/airflow/.local/lib/python3.8/site-packages/airflow/example_dags/example_datasets.py
[2023-09-05T06:35:34.173+0000] {processor.py:839} INFO - DAG(s) dict_keys(['dataset_produces_2', 'dataset_consumes_1', 'dataset_consumes_1_never_scheduled', 'dataset_consumes_unknown_never_scheduled', 'dataset_consumes_1_and_2', 'dataset_produces_1']) retrieved from /home/airflow/.local/lib/python3.8/site-packages/airflow/example_dags/example_datasets.py
[2023-09-05T06:35:34.231+0000] {logging_mixin.py:151} INFO - [2023-09-05T06:35:34.230+0000] {dag.py:2907} INFO - Sync 6 DAGs
[2023-09-05T06:35:34.261+0000] {logging_mixin.py:151} INFO - [2023-09-05T06:35:34.260+0000] {dag.py:3677} INFO - Setting next_dagrun for dataset_consumes_1 to None, run_after=None
[2023-09-05T06:35:34.265+0000] {logging_mixin.py:151} INFO - [2023-09-05T06:35:34.265+0000] {dag.py:3677} INFO - Setting next_dagrun for dataset_consumes_1_and_2 to None, run_after=None
[2023-09-05T06:35:34.267+0000] {logging_mixin.py:151} INFO - [2023-09-05T06:35:34.267+0000] {dag.py:3677} INFO - Setting next_dagrun for dataset_consumes_1_never_scheduled to None, run_after=None
[2023-09-05T06:35:34.269+0000] {logging_mixin.py:151} INFO - [2023-09-05T06:35:34.269+0000] {dag.py:3677} INFO - Setting next_dagrun for dataset_consumes_unknown_never_scheduled to None, run_after=None
[2023-09-05T06:35:34.273+0000] {logging_mixin.py:151} INFO - [2023-09-05T06:35:34.272+0000] {dag.py:3677} INFO - Setting next_dagrun for dataset_produces_1 to 2023-09-04T00:00:00+00:00, run_after=2023-09-05T00:00:00+00:00
[2023-09-05T06:35:34.275+0000] {logging_mixin.py:151} INFO - [2023-09-05T06:35:34.274+0000] {dag.py:3677} INFO - Setting next_dagrun for dataset_produces_2 to None, run_after=None
[2023-09-05T06:35:34.308+0000] {processor.py:179} INFO - Processing /home/airflow/.local/lib/python3.8/site-packages/airflow/example_dags/example_datasets.py took 0.155 seconds
[2023-09-05T06:36:04.867+0000] {processor.py:157} INFO - Started process (PID=2216) to work on /home/airflow/.local/lib/python3.8/site-packages/airflow/example_dags/example_datasets.py
[2023-09-05T06:36:04.869+0000] {processor.py:829} INFO - Processing file /home/airflow/.local/lib/python3.8/site-packages/airflow/example_dags/example_datasets.py for tasks to queue
[2023-09-05T06:36:04.870+0000] {logging_mixin.py:151} INFO - [2023-09-05T06:36:04.870+0000] {dagbag.py:539} INFO - Filling up the DagBag from /home/airflow/.local/lib/python3.8/site-packages/airflow/example_dags/example_datasets.py
[2023-09-05T06:36:04.883+0000] {processor.py:839} INFO - DAG(s) dict_keys(['dataset_consumes_1', 'dataset_produces_1', 'dataset_consumes_unknown_never_scheduled', 'dataset_consumes_1_never_scheduled', 'dataset_produces_2', 'dataset_consumes_1_and_2']) retrieved from /home/airflow/.local/lib/python3.8/site-packages/airflow/example_dags/example_datasets.py
[2023-09-05T06:36:04.941+0000] {logging_mixin.py:151} INFO - [2023-09-05T06:36:04.941+0000] {dag.py:2907} INFO - Sync 6 DAGs
[2023-09-05T06:36:04.969+0000] {logging_mixin.py:151} INFO - [2023-09-05T06:36:04.969+0000] {dag.py:3677} INFO - Setting next_dagrun for dataset_consumes_1 to None, run_after=None
[2023-09-05T06:36:04.982+0000] {logging_mixin.py:151} INFO - [2023-09-05T06:36:04.981+0000] {dag.py:3677} INFO - Setting next_dagrun for dataset_consumes_1_and_2 to None, run_after=None
[2023-09-05T06:36:04.985+0000] {logging_mixin.py:151} INFO - [2023-09-05T06:36:04.985+0000] {dag.py:3677} INFO - Setting next_dagrun for dataset_consumes_1_never_scheduled to None, run_after=None
[2023-09-05T06:36:04.987+0000] {logging_mixin.py:151} INFO - [2023-09-05T06:36:04.987+0000] {dag.py:3677} INFO - Setting next_dagrun for dataset_consumes_unknown_never_scheduled to None, run_after=None
[2023-09-05T06:36:04.991+0000] {logging_mixin.py:151} INFO - [2023-09-05T06:36:04.990+0000] {dag.py:3677} INFO - Setting next_dagrun for dataset_produces_1 to 2023-09-04T00:00:00+00:00, run_after=2023-09-05T00:00:00+00:00
[2023-09-05T06:36:04.993+0000] {logging_mixin.py:151} INFO - [2023-09-05T06:36:04.993+0000] {dag.py:3677} INFO - Setting next_dagrun for dataset_produces_2 to None, run_after=None
[2023-09-05T06:36:05.047+0000] {processor.py:179} INFO - Processing /home/airflow/.local/lib/python3.8/site-packages/airflow/example_dags/example_datasets.py took 0.187 seconds
