[2023-09-05T06:31:56.945+0000] {processor.py:157} INFO - Started process (PID=262) to work on /home/airflow/.local/lib/python3.8/site-packages/airflow/example_dags/example_complex.py
[2023-09-05T06:31:56.946+0000] {processor.py:829} INFO - Processing file /home/airflow/.local/lib/python3.8/site-packages/airflow/example_dags/example_complex.py for tasks to queue
[2023-09-05T06:31:56.948+0000] {logging_mixin.py:151} INFO - [2023-09-05T06:31:56.947+0000] {dagbag.py:539} INFO - Filling up the DagBag from /home/airflow/.local/lib/python3.8/site-packages/airflow/example_dags/example_complex.py
[2023-09-05T06:31:56.974+0000] {processor.py:839} INFO - DAG(s) dict_keys(['example_complex']) retrieved from /home/airflow/.local/lib/python3.8/site-packages/airflow/example_dags/example_complex.py
[2023-09-05T06:31:57.052+0000] {logging_mixin.py:151} INFO - [2023-09-05T06:31:57.051+0000] {dag.py:2907} INFO - Sync 1 DAGs
[2023-09-05T06:31:57.092+0000] {logging_mixin.py:151} INFO - [2023-09-05T06:31:57.091+0000] {dag.py:3677} INFO - Setting next_dagrun for example_complex to None, run_after=None
[2023-09-05T06:31:57.149+0000] {processor.py:179} INFO - Processing /home/airflow/.local/lib/python3.8/site-packages/airflow/example_dags/example_complex.py took 0.208 seconds
[2023-09-05T06:32:27.805+0000] {processor.py:157} INFO - Started process (PID=501) to work on /home/airflow/.local/lib/python3.8/site-packages/airflow/example_dags/example_complex.py
[2023-09-05T06:32:27.807+0000] {processor.py:829} INFO - Processing file /home/airflow/.local/lib/python3.8/site-packages/airflow/example_dags/example_complex.py for tasks to queue
[2023-09-05T06:32:27.808+0000] {logging_mixin.py:151} INFO - [2023-09-05T06:32:27.808+0000] {dagbag.py:539} INFO - Filling up the DagBag from /home/airflow/.local/lib/python3.8/site-packages/airflow/example_dags/example_complex.py
[2023-09-05T06:32:27.820+0000] {processor.py:839} INFO - DAG(s) dict_keys(['example_complex']) retrieved from /home/airflow/.local/lib/python3.8/site-packages/airflow/example_dags/example_complex.py
[2023-09-05T06:32:27.834+0000] {logging_mixin.py:151} INFO - [2023-09-05T06:32:27.833+0000] {dag.py:2907} INFO - Sync 1 DAGs
[2023-09-05T06:32:27.850+0000] {logging_mixin.py:151} INFO - [2023-09-05T06:32:27.850+0000] {dag.py:3677} INFO - Setting next_dagrun for example_complex to None, run_after=None
[2023-09-05T06:32:27.878+0000] {processor.py:179} INFO - Processing /home/airflow/.local/lib/python3.8/site-packages/airflow/example_dags/example_complex.py took 0.077 seconds
[2023-09-05T06:32:58.716+0000] {processor.py:157} INFO - Started process (PID=738) to work on /home/airflow/.local/lib/python3.8/site-packages/airflow/example_dags/example_complex.py
[2023-09-05T06:32:58.718+0000] {processor.py:829} INFO - Processing file /home/airflow/.local/lib/python3.8/site-packages/airflow/example_dags/example_complex.py for tasks to queue
[2023-09-05T06:32:58.720+0000] {logging_mixin.py:151} INFO - [2023-09-05T06:32:58.719+0000] {dagbag.py:539} INFO - Filling up the DagBag from /home/airflow/.local/lib/python3.8/site-packages/airflow/example_dags/example_complex.py
[2023-09-05T06:32:58.736+0000] {processor.py:839} INFO - DAG(s) dict_keys(['example_complex']) retrieved from /home/airflow/.local/lib/python3.8/site-packages/airflow/example_dags/example_complex.py
[2023-09-05T06:32:58.763+0000] {logging_mixin.py:151} INFO - [2023-09-05T06:32:58.763+0000] {dag.py:2907} INFO - Sync 1 DAGs
[2023-09-05T06:32:58.786+0000] {logging_mixin.py:151} INFO - [2023-09-05T06:32:58.786+0000] {dag.py:3677} INFO - Setting next_dagrun for example_complex to None, run_after=None
[2023-09-05T06:32:58.823+0000] {processor.py:179} INFO - Processing /home/airflow/.local/lib/python3.8/site-packages/airflow/example_dags/example_complex.py took 0.110 seconds
[2023-09-05T06:33:30.280+0000] {processor.py:157} INFO - Started process (PID=978) to work on /home/airflow/.local/lib/python3.8/site-packages/airflow/example_dags/example_complex.py
[2023-09-05T06:33:30.281+0000] {processor.py:829} INFO - Processing file /home/airflow/.local/lib/python3.8/site-packages/airflow/example_dags/example_complex.py for tasks to queue
[2023-09-05T06:33:30.282+0000] {logging_mixin.py:151} INFO - [2023-09-05T06:33:30.282+0000] {dagbag.py:539} INFO - Filling up the DagBag from /home/airflow/.local/lib/python3.8/site-packages/airflow/example_dags/example_complex.py
[2023-09-05T06:33:30.293+0000] {processor.py:839} INFO - DAG(s) dict_keys(['example_complex']) retrieved from /home/airflow/.local/lib/python3.8/site-packages/airflow/example_dags/example_complex.py
[2023-09-05T06:33:30.325+0000] {logging_mixin.py:151} INFO - [2023-09-05T06:33:30.325+0000] {dag.py:2907} INFO - Sync 1 DAGs
[2023-09-05T06:33:30.337+0000] {logging_mixin.py:151} INFO - [2023-09-05T06:33:30.336+0000] {dag.py:3677} INFO - Setting next_dagrun for example_complex to None, run_after=None
[2023-09-05T06:33:30.358+0000] {processor.py:179} INFO - Processing /home/airflow/.local/lib/python3.8/site-packages/airflow/example_dags/example_complex.py took 0.081 seconds
[2023-09-05T06:34:00.953+0000] {processor.py:157} INFO - Started process (PID=1214) to work on /home/airflow/.local/lib/python3.8/site-packages/airflow/example_dags/example_complex.py
[2023-09-05T06:34:00.954+0000] {processor.py:829} INFO - Processing file /home/airflow/.local/lib/python3.8/site-packages/airflow/example_dags/example_complex.py for tasks to queue
[2023-09-05T06:34:00.955+0000] {logging_mixin.py:151} INFO - [2023-09-05T06:34:00.955+0000] {dagbag.py:539} INFO - Filling up the DagBag from /home/airflow/.local/lib/python3.8/site-packages/airflow/example_dags/example_complex.py
[2023-09-05T06:34:00.972+0000] {processor.py:839} INFO - DAG(s) dict_keys(['example_complex']) retrieved from /home/airflow/.local/lib/python3.8/site-packages/airflow/example_dags/example_complex.py
[2023-09-05T06:34:01.017+0000] {logging_mixin.py:151} INFO - [2023-09-05T06:34:01.017+0000] {dag.py:2907} INFO - Sync 1 DAGs
[2023-09-05T06:34:01.034+0000] {logging_mixin.py:151} INFO - [2023-09-05T06:34:01.033+0000] {dag.py:3677} INFO - Setting next_dagrun for example_complex to None, run_after=None
[2023-09-05T06:34:01.059+0000] {processor.py:179} INFO - Processing /home/airflow/.local/lib/python3.8/site-packages/airflow/example_dags/example_complex.py took 0.111 seconds
[2023-09-05T06:34:31.264+0000] {processor.py:157} INFO - Started process (PID=1452) to work on /home/airflow/.local/lib/python3.8/site-packages/airflow/example_dags/example_complex.py
[2023-09-05T06:34:31.266+0000] {processor.py:829} INFO - Processing file /home/airflow/.local/lib/python3.8/site-packages/airflow/example_dags/example_complex.py for tasks to queue
[2023-09-05T06:34:31.267+0000] {logging_mixin.py:151} INFO - [2023-09-05T06:34:31.267+0000] {dagbag.py:539} INFO - Filling up the DagBag from /home/airflow/.local/lib/python3.8/site-packages/airflow/example_dags/example_complex.py
[2023-09-05T06:34:31.290+0000] {processor.py:839} INFO - DAG(s) dict_keys(['example_complex']) retrieved from /home/airflow/.local/lib/python3.8/site-packages/airflow/example_dags/example_complex.py
[2023-09-05T06:34:31.342+0000] {logging_mixin.py:151} INFO - [2023-09-05T06:34:31.342+0000] {dag.py:2907} INFO - Sync 1 DAGs
[2023-09-05T06:34:31.364+0000] {logging_mixin.py:151} INFO - [2023-09-05T06:34:31.364+0000] {dag.py:3677} INFO - Setting next_dagrun for example_complex to None, run_after=None
[2023-09-05T06:34:31.389+0000] {processor.py:179} INFO - Processing /home/airflow/.local/lib/python3.8/site-packages/airflow/example_dags/example_complex.py took 0.129 seconds
[2023-09-05T06:35:01.681+0000] {processor.py:157} INFO - Started process (PID=1690) to work on /home/airflow/.local/lib/python3.8/site-packages/airflow/example_dags/example_complex.py
[2023-09-05T06:35:01.682+0000] {processor.py:829} INFO - Processing file /home/airflow/.local/lib/python3.8/site-packages/airflow/example_dags/example_complex.py for tasks to queue
[2023-09-05T06:35:01.683+0000] {logging_mixin.py:151} INFO - [2023-09-05T06:35:01.683+0000] {dagbag.py:539} INFO - Filling up the DagBag from /home/airflow/.local/lib/python3.8/site-packages/airflow/example_dags/example_complex.py
[2023-09-05T06:35:01.697+0000] {processor.py:839} INFO - DAG(s) dict_keys(['example_complex']) retrieved from /home/airflow/.local/lib/python3.8/site-packages/airflow/example_dags/example_complex.py
[2023-09-05T06:35:01.735+0000] {logging_mixin.py:151} INFO - [2023-09-05T06:35:01.735+0000] {dag.py:2907} INFO - Sync 1 DAGs
[2023-09-05T06:35:01.752+0000] {logging_mixin.py:151} INFO - [2023-09-05T06:35:01.751+0000] {dag.py:3677} INFO - Setting next_dagrun for example_complex to None, run_after=None
[2023-09-05T06:35:01.773+0000] {processor.py:179} INFO - Processing /home/airflow/.local/lib/python3.8/site-packages/airflow/example_dags/example_complex.py took 0.096 seconds
[2023-09-05T06:35:33.160+0000] {processor.py:157} INFO - Started process (PID=1928) to work on /home/airflow/.local/lib/python3.8/site-packages/airflow/example_dags/example_complex.py
[2023-09-05T06:35:33.161+0000] {processor.py:829} INFO - Processing file /home/airflow/.local/lib/python3.8/site-packages/airflow/example_dags/example_complex.py for tasks to queue
[2023-09-05T06:35:33.162+0000] {logging_mixin.py:151} INFO - [2023-09-05T06:35:33.162+0000] {dagbag.py:539} INFO - Filling up the DagBag from /home/airflow/.local/lib/python3.8/site-packages/airflow/example_dags/example_complex.py
[2023-09-05T06:35:33.196+0000] {processor.py:839} INFO - DAG(s) dict_keys(['example_complex']) retrieved from /home/airflow/.local/lib/python3.8/site-packages/airflow/example_dags/example_complex.py
[2023-09-05T06:35:33.267+0000] {logging_mixin.py:151} INFO - [2023-09-05T06:35:33.267+0000] {dag.py:2907} INFO - Sync 1 DAGs
[2023-09-05T06:35:33.284+0000] {logging_mixin.py:151} INFO - [2023-09-05T06:35:33.283+0000] {dag.py:3677} INFO - Setting next_dagrun for example_complex to None, run_after=None
[2023-09-05T06:35:33.320+0000] {processor.py:179} INFO - Processing /home/airflow/.local/lib/python3.8/site-packages/airflow/example_dags/example_complex.py took 0.165 seconds
[2023-09-05T06:36:04.016+0000] {processor.py:157} INFO - Started process (PID=2166) to work on /home/airflow/.local/lib/python3.8/site-packages/airflow/example_dags/example_complex.py
[2023-09-05T06:36:04.018+0000] {processor.py:829} INFO - Processing file /home/airflow/.local/lib/python3.8/site-packages/airflow/example_dags/example_complex.py for tasks to queue
[2023-09-05T06:36:04.020+0000] {logging_mixin.py:151} INFO - [2023-09-05T06:36:04.019+0000] {dagbag.py:539} INFO - Filling up the DagBag from /home/airflow/.local/lib/python3.8/site-packages/airflow/example_dags/example_complex.py
[2023-09-05T06:36:04.036+0000] {processor.py:839} INFO - DAG(s) dict_keys(['example_complex']) retrieved from /home/airflow/.local/lib/python3.8/site-packages/airflow/example_dags/example_complex.py
[2023-09-05T06:36:04.094+0000] {logging_mixin.py:151} INFO - [2023-09-05T06:36:04.093+0000] {dag.py:2907} INFO - Sync 1 DAGs
[2023-09-05T06:36:04.111+0000] {logging_mixin.py:151} INFO - [2023-09-05T06:36:04.111+0000] {dag.py:3677} INFO - Setting next_dagrun for example_complex to None, run_after=None
[2023-09-05T06:36:04.139+0000] {processor.py:179} INFO - Processing /home/airflow/.local/lib/python3.8/site-packages/airflow/example_dags/example_complex.py took 0.127 seconds
