[2023-09-05T06:32:00.633+0000] {processor.py:157} INFO - Started process (PID=347) to work on /home/airflow/.local/lib/python3.8/site-packages/airflow/example_dags/example_task_group.py
[2023-09-05T06:32:00.634+0000] {processor.py:829} INFO - Processing file /home/airflow/.local/lib/python3.8/site-packages/airflow/example_dags/example_task_group.py for tasks to queue
[2023-09-05T06:32:00.637+0000] {logging_mixin.py:151} INFO - [2023-09-05T06:32:00.636+0000] {dagbag.py:539} INFO - Filling up the DagBag from /home/airflow/.local/lib/python3.8/site-packages/airflow/example_dags/example_task_group.py
[2023-09-05T06:32:00.650+0000] {processor.py:839} INFO - DAG(s) dict_keys(['example_task_group']) retrieved from /home/airflow/.local/lib/python3.8/site-packages/airflow/example_dags/example_task_group.py
[2023-09-05T06:32:00.716+0000] {logging_mixin.py:151} INFO - [2023-09-05T06:32:00.716+0000] {dag.py:2907} INFO - Sync 1 DAGs
[2023-09-05T06:32:00.770+0000] {logging_mixin.py:151} INFO - [2023-09-05T06:32:00.770+0000] {dag.py:3677} INFO - Setting next_dagrun for example_task_group to 2023-09-04T06:32:00.769384+00:00, run_after=2023-09-05T06:32:00.769384+00:00
[2023-09-05T06:32:00.871+0000] {processor.py:179} INFO - Processing /home/airflow/.local/lib/python3.8/site-packages/airflow/example_dags/example_task_group.py took 0.242 seconds
[2023-09-05T06:32:30.993+0000] {processor.py:157} INFO - Started process (PID=586) to work on /home/airflow/.local/lib/python3.8/site-packages/airflow/example_dags/example_task_group.py
[2023-09-05T06:32:30.994+0000] {processor.py:829} INFO - Processing file /home/airflow/.local/lib/python3.8/site-packages/airflow/example_dags/example_task_group.py for tasks to queue
[2023-09-05T06:32:30.996+0000] {logging_mixin.py:151} INFO - [2023-09-05T06:32:30.995+0000] {dagbag.py:539} INFO - Filling up the DagBag from /home/airflow/.local/lib/python3.8/site-packages/airflow/example_dags/example_task_group.py
[2023-09-05T06:32:31.010+0000] {processor.py:839} INFO - DAG(s) dict_keys(['example_task_group']) retrieved from /home/airflow/.local/lib/python3.8/site-packages/airflow/example_dags/example_task_group.py
[2023-09-05T06:32:31.021+0000] {logging_mixin.py:151} INFO - [2023-09-05T06:32:31.021+0000] {dag.py:2907} INFO - Sync 1 DAGs
[2023-09-05T06:32:31.044+0000] {logging_mixin.py:151} INFO - [2023-09-05T06:32:31.043+0000] {dag.py:3677} INFO - Setting next_dagrun for example_task_group to 2023-09-04T06:32:31.043469+00:00, run_after=2023-09-05T06:32:31.043469+00:00
[2023-09-05T06:32:31.063+0000] {processor.py:179} INFO - Processing /home/airflow/.local/lib/python3.8/site-packages/airflow/example_dags/example_task_group.py took 0.073 seconds
[2023-09-05T06:33:01.907+0000] {processor.py:157} INFO - Started process (PID=823) to work on /home/airflow/.local/lib/python3.8/site-packages/airflow/example_dags/example_task_group.py
[2023-09-05T06:33:01.909+0000] {processor.py:829} INFO - Processing file /home/airflow/.local/lib/python3.8/site-packages/airflow/example_dags/example_task_group.py for tasks to queue
[2023-09-05T06:33:01.910+0000] {logging_mixin.py:151} INFO - [2023-09-05T06:33:01.909+0000] {dagbag.py:539} INFO - Filling up the DagBag from /home/airflow/.local/lib/python3.8/site-packages/airflow/example_dags/example_task_group.py
[2023-09-05T06:33:01.919+0000] {processor.py:839} INFO - DAG(s) dict_keys(['example_task_group']) retrieved from /home/airflow/.local/lib/python3.8/site-packages/airflow/example_dags/example_task_group.py
[2023-09-05T06:33:01.934+0000] {logging_mixin.py:151} INFO - [2023-09-05T06:33:01.933+0000] {dag.py:2907} INFO - Sync 1 DAGs
[2023-09-05T06:33:01.966+0000] {logging_mixin.py:151} INFO - [2023-09-05T06:33:01.966+0000] {dag.py:3677} INFO - Setting next_dagrun for example_task_group to 2023-09-04T06:33:01.966344+00:00, run_after=2023-09-05T06:33:01.966344+00:00
[2023-09-05T06:33:02.126+0000] {processor.py:179} INFO - Processing /home/airflow/.local/lib/python3.8/site-packages/airflow/example_dags/example_task_group.py took 0.223 seconds
[2023-09-05T06:33:32.711+0000] {processor.py:157} INFO - Started process (PID=1061) to work on /home/airflow/.local/lib/python3.8/site-packages/airflow/example_dags/example_task_group.py
[2023-09-05T06:33:32.712+0000] {processor.py:829} INFO - Processing file /home/airflow/.local/lib/python3.8/site-packages/airflow/example_dags/example_task_group.py for tasks to queue
[2023-09-05T06:33:32.713+0000] {logging_mixin.py:151} INFO - [2023-09-05T06:33:32.713+0000] {dagbag.py:539} INFO - Filling up the DagBag from /home/airflow/.local/lib/python3.8/site-packages/airflow/example_dags/example_task_group.py
[2023-09-05T06:33:32.724+0000] {processor.py:839} INFO - DAG(s) dict_keys(['example_task_group']) retrieved from /home/airflow/.local/lib/python3.8/site-packages/airflow/example_dags/example_task_group.py
[2023-09-05T06:33:32.751+0000] {logging_mixin.py:151} INFO - [2023-09-05T06:33:32.750+0000] {dag.py:2907} INFO - Sync 1 DAGs
[2023-09-05T06:33:32.797+0000] {logging_mixin.py:151} INFO - [2023-09-05T06:33:32.796+0000] {dag.py:3677} INFO - Setting next_dagrun for example_task_group to 2023-09-04T06:33:32.796014+00:00, run_after=2023-09-05T06:33:32.796014+00:00
[2023-09-05T06:33:32.837+0000] {processor.py:179} INFO - Processing /home/airflow/.local/lib/python3.8/site-packages/airflow/example_dags/example_task_group.py took 0.130 seconds
[2023-09-05T06:34:03.151+0000] {processor.py:157} INFO - Started process (PID=1299) to work on /home/airflow/.local/lib/python3.8/site-packages/airflow/example_dags/example_task_group.py
[2023-09-05T06:34:03.153+0000] {processor.py:829} INFO - Processing file /home/airflow/.local/lib/python3.8/site-packages/airflow/example_dags/example_task_group.py for tasks to queue
[2023-09-05T06:34:03.154+0000] {logging_mixin.py:151} INFO - [2023-09-05T06:34:03.154+0000] {dagbag.py:539} INFO - Filling up the DagBag from /home/airflow/.local/lib/python3.8/site-packages/airflow/example_dags/example_task_group.py
[2023-09-05T06:34:03.166+0000] {processor.py:839} INFO - DAG(s) dict_keys(['example_task_group']) retrieved from /home/airflow/.local/lib/python3.8/site-packages/airflow/example_dags/example_task_group.py
[2023-09-05T06:34:03.198+0000] {logging_mixin.py:151} INFO - [2023-09-05T06:34:03.197+0000] {dag.py:2907} INFO - Sync 1 DAGs
[2023-09-05T06:34:03.232+0000] {logging_mixin.py:151} INFO - [2023-09-05T06:34:03.232+0000] {dag.py:3677} INFO - Setting next_dagrun for example_task_group to 2023-09-04T06:34:03.232193+00:00, run_after=2023-09-05T06:34:03.232193+00:00
[2023-09-05T06:34:03.265+0000] {processor.py:179} INFO - Processing /home/airflow/.local/lib/python3.8/site-packages/airflow/example_dags/example_task_group.py took 0.117 seconds
[2023-09-05T06:34:33.872+0000] {processor.py:157} INFO - Started process (PID=1537) to work on /home/airflow/.local/lib/python3.8/site-packages/airflow/example_dags/example_task_group.py
[2023-09-05T06:34:33.874+0000] {processor.py:829} INFO - Processing file /home/airflow/.local/lib/python3.8/site-packages/airflow/example_dags/example_task_group.py for tasks to queue
[2023-09-05T06:34:33.885+0000] {logging_mixin.py:151} INFO - [2023-09-05T06:34:33.884+0000] {dagbag.py:539} INFO - Filling up the DagBag from /home/airflow/.local/lib/python3.8/site-packages/airflow/example_dags/example_task_group.py
[2023-09-05T06:34:33.901+0000] {processor.py:839} INFO - DAG(s) dict_keys(['example_task_group']) retrieved from /home/airflow/.local/lib/python3.8/site-packages/airflow/example_dags/example_task_group.py
[2023-09-05T06:34:33.933+0000] {logging_mixin.py:151} INFO - [2023-09-05T06:34:33.933+0000] {dag.py:2907} INFO - Sync 1 DAGs
[2023-09-05T06:34:33.968+0000] {logging_mixin.py:151} INFO - [2023-09-05T06:34:33.968+0000] {dag.py:3677} INFO - Setting next_dagrun for example_task_group to 2023-09-04T06:34:33.968077+00:00, run_after=2023-09-05T06:34:33.968077+00:00
[2023-09-05T06:34:34.004+0000] {processor.py:179} INFO - Processing /home/airflow/.local/lib/python3.8/site-packages/airflow/example_dags/example_task_group.py took 0.136 seconds
[2023-09-05T06:35:04.896+0000] {processor.py:157} INFO - Started process (PID=1777) to work on /home/airflow/.local/lib/python3.8/site-packages/airflow/example_dags/example_task_group.py
[2023-09-05T06:35:04.900+0000] {processor.py:829} INFO - Processing file /home/airflow/.local/lib/python3.8/site-packages/airflow/example_dags/example_task_group.py for tasks to queue
[2023-09-05T06:35:04.901+0000] {logging_mixin.py:151} INFO - [2023-09-05T06:35:04.901+0000] {dagbag.py:539} INFO - Filling up the DagBag from /home/airflow/.local/lib/python3.8/site-packages/airflow/example_dags/example_task_group.py
[2023-09-05T06:35:04.912+0000] {processor.py:839} INFO - DAG(s) dict_keys(['example_task_group']) retrieved from /home/airflow/.local/lib/python3.8/site-packages/airflow/example_dags/example_task_group.py
[2023-09-05T06:35:04.941+0000] {logging_mixin.py:151} INFO - [2023-09-05T06:35:04.941+0000] {dag.py:2907} INFO - Sync 1 DAGs
[2023-09-05T06:35:04.969+0000] {logging_mixin.py:151} INFO - [2023-09-05T06:35:04.969+0000] {dag.py:3677} INFO - Setting next_dagrun for example_task_group to 2023-09-04T06:35:04.968906+00:00, run_after=2023-09-05T06:35:04.968906+00:00
[2023-09-05T06:35:04.991+0000] {processor.py:179} INFO - Processing /home/airflow/.local/lib/python3.8/site-packages/airflow/example_dags/example_task_group.py took 0.098 seconds
[2023-09-05T06:35:35.840+0000] {processor.py:157} INFO - Started process (PID=2015) to work on /home/airflow/.local/lib/python3.8/site-packages/airflow/example_dags/example_task_group.py
[2023-09-05T06:35:35.841+0000] {processor.py:829} INFO - Processing file /home/airflow/.local/lib/python3.8/site-packages/airflow/example_dags/example_task_group.py for tasks to queue
[2023-09-05T06:35:35.842+0000] {logging_mixin.py:151} INFO - [2023-09-05T06:35:35.842+0000] {dagbag.py:539} INFO - Filling up the DagBag from /home/airflow/.local/lib/python3.8/site-packages/airflow/example_dags/example_task_group.py
[2023-09-05T06:35:35.851+0000] {processor.py:839} INFO - DAG(s) dict_keys(['example_task_group']) retrieved from /home/airflow/.local/lib/python3.8/site-packages/airflow/example_dags/example_task_group.py
[2023-09-05T06:35:35.882+0000] {logging_mixin.py:151} INFO - [2023-09-05T06:35:35.882+0000] {dag.py:2907} INFO - Sync 1 DAGs
[2023-09-05T06:35:35.909+0000] {logging_mixin.py:151} INFO - [2023-09-05T06:35:35.909+0000] {dag.py:3677} INFO - Setting next_dagrun for example_task_group to 2023-09-04T06:35:35.909371+00:00, run_after=2023-09-05T06:35:35.909371+00:00
[2023-09-05T06:35:35.944+0000] {processor.py:179} INFO - Processing /home/airflow/.local/lib/python3.8/site-packages/airflow/example_dags/example_task_group.py took 0.112 seconds
[2023-09-05T06:36:06.439+0000] {processor.py:157} INFO - Started process (PID=2253) to work on /home/airflow/.local/lib/python3.8/site-packages/airflow/example_dags/example_task_group.py
[2023-09-05T06:36:06.441+0000] {processor.py:829} INFO - Processing file /home/airflow/.local/lib/python3.8/site-packages/airflow/example_dags/example_task_group.py for tasks to queue
[2023-09-05T06:36:06.442+0000] {logging_mixin.py:151} INFO - [2023-09-05T06:36:06.441+0000] {dagbag.py:539} INFO - Filling up the DagBag from /home/airflow/.local/lib/python3.8/site-packages/airflow/example_dags/example_task_group.py
[2023-09-05T06:36:06.450+0000] {processor.py:839} INFO - DAG(s) dict_keys(['example_task_group']) retrieved from /home/airflow/.local/lib/python3.8/site-packages/airflow/example_dags/example_task_group.py
[2023-09-05T06:36:06.475+0000] {logging_mixin.py:151} INFO - [2023-09-05T06:36:06.475+0000] {dag.py:2907} INFO - Sync 1 DAGs
[2023-09-05T06:36:06.506+0000] {logging_mixin.py:151} INFO - [2023-09-05T06:36:06.505+0000] {dag.py:3677} INFO - Setting next_dagrun for example_task_group to 2023-09-04T06:36:06.505236+00:00, run_after=2023-09-05T06:36:06.505236+00:00
[2023-09-05T06:36:06.534+0000] {processor.py:179} INFO - Processing /home/airflow/.local/lib/python3.8/site-packages/airflow/example_dags/example_task_group.py took 0.098 seconds
