[2023-09-05T06:31:53.566+0000] {processor.py:157} INFO - Started process (PID=182) to work on /home/airflow/.local/lib/python3.8/site-packages/airflow/example_dags/example_local_kubernetes_executor.py
[2023-09-05T06:31:53.569+0000] {processor.py:829} INFO - Processing file /home/airflow/.local/lib/python3.8/site-packages/airflow/example_dags/example_local_kubernetes_executor.py for tasks to queue
[2023-09-05T06:31:53.573+0000] {logging_mixin.py:151} INFO - [2023-09-05T06:31:53.571+0000] {dagbag.py:539} INFO - Filling up the DagBag from /home/airflow/.local/lib/python3.8/site-packages/airflow/example_dags/example_local_kubernetes_executor.py
[2023-09-05T06:31:55.132+0000] {processor.py:839} INFO - DAG(s) dict_keys(['example_local_kubernetes_executor']) retrieved from /home/airflow/.local/lib/python3.8/site-packages/airflow/example_dags/example_local_kubernetes_executor.py
[2023-09-05T06:31:55.206+0000] {logging_mixin.py:151} INFO - [2023-09-05T06:31:55.205+0000] {dag.py:2907} INFO - Sync 1 DAGs
[2023-09-05T06:31:55.227+0000] {logging_mixin.py:151} INFO - [2023-09-05T06:31:55.227+0000] {dag.py:3677} INFO - Setting next_dagrun for example_local_kubernetes_executor to None, run_after=None
[2023-09-05T06:31:55.265+0000] {processor.py:179} INFO - Processing /home/airflow/.local/lib/python3.8/site-packages/airflow/example_dags/example_local_kubernetes_executor.py took 1.702 seconds
[2023-09-05T06:32:25.370+0000] {processor.py:157} INFO - Started process (PID=426) to work on /home/airflow/.local/lib/python3.8/site-packages/airflow/example_dags/example_local_kubernetes_executor.py
[2023-09-05T06:32:25.371+0000] {processor.py:829} INFO - Processing file /home/airflow/.local/lib/python3.8/site-packages/airflow/example_dags/example_local_kubernetes_executor.py for tasks to queue
[2023-09-05T06:32:25.373+0000] {logging_mixin.py:151} INFO - [2023-09-05T06:32:25.372+0000] {dagbag.py:539} INFO - Filling up the DagBag from /home/airflow/.local/lib/python3.8/site-packages/airflow/example_dags/example_local_kubernetes_executor.py
[2023-09-05T06:32:25.768+0000] {processor.py:839} INFO - DAG(s) dict_keys(['example_local_kubernetes_executor']) retrieved from /home/airflow/.local/lib/python3.8/site-packages/airflow/example_dags/example_local_kubernetes_executor.py
[2023-09-05T06:32:25.781+0000] {logging_mixin.py:151} INFO - [2023-09-05T06:32:25.780+0000] {dag.py:2907} INFO - Sync 1 DAGs
[2023-09-05T06:32:25.800+0000] {logging_mixin.py:151} INFO - [2023-09-05T06:32:25.800+0000] {dag.py:3677} INFO - Setting next_dagrun for example_local_kubernetes_executor to None, run_after=None
[2023-09-05T06:32:25.826+0000] {processor.py:179} INFO - Processing /home/airflow/.local/lib/python3.8/site-packages/airflow/example_dags/example_local_kubernetes_executor.py took 0.460 seconds
[2023-09-05T06:32:56.763+0000] {processor.py:157} INFO - Started process (PID=663) to work on /home/airflow/.local/lib/python3.8/site-packages/airflow/example_dags/example_local_kubernetes_executor.py
[2023-09-05T06:32:56.766+0000] {processor.py:829} INFO - Processing file /home/airflow/.local/lib/python3.8/site-packages/airflow/example_dags/example_local_kubernetes_executor.py for tasks to queue
[2023-09-05T06:32:56.767+0000] {logging_mixin.py:151} INFO - [2023-09-05T06:32:56.767+0000] {dagbag.py:539} INFO - Filling up the DagBag from /home/airflow/.local/lib/python3.8/site-packages/airflow/example_dags/example_local_kubernetes_executor.py
[2023-09-05T06:32:57.243+0000] {processor.py:839} INFO - DAG(s) dict_keys(['example_local_kubernetes_executor']) retrieved from /home/airflow/.local/lib/python3.8/site-packages/airflow/example_dags/example_local_kubernetes_executor.py
[2023-09-05T06:32:57.258+0000] {logging_mixin.py:151} INFO - [2023-09-05T06:32:57.257+0000] {dag.py:2907} INFO - Sync 1 DAGs
[2023-09-05T06:32:57.272+0000] {logging_mixin.py:151} INFO - [2023-09-05T06:32:57.271+0000] {dag.py:3677} INFO - Setting next_dagrun for example_local_kubernetes_executor to None, run_after=None
[2023-09-05T06:32:57.292+0000] {processor.py:179} INFO - Processing /home/airflow/.local/lib/python3.8/site-packages/airflow/example_dags/example_local_kubernetes_executor.py took 0.533 seconds
[2023-09-05T06:33:27.399+0000] {processor.py:157} INFO - Started process (PID=901) to work on /home/airflow/.local/lib/python3.8/site-packages/airflow/example_dags/example_local_kubernetes_executor.py
[2023-09-05T06:33:27.400+0000] {processor.py:829} INFO - Processing file /home/airflow/.local/lib/python3.8/site-packages/airflow/example_dags/example_local_kubernetes_executor.py for tasks to queue
[2023-09-05T06:33:27.402+0000] {logging_mixin.py:151} INFO - [2023-09-05T06:33:27.401+0000] {dagbag.py:539} INFO - Filling up the DagBag from /home/airflow/.local/lib/python3.8/site-packages/airflow/example_dags/example_local_kubernetes_executor.py
[2023-09-05T06:33:27.832+0000] {processor.py:839} INFO - DAG(s) dict_keys(['example_local_kubernetes_executor']) retrieved from /home/airflow/.local/lib/python3.8/site-packages/airflow/example_dags/example_local_kubernetes_executor.py
[2023-09-05T06:33:27.890+0000] {logging_mixin.py:151} INFO - [2023-09-05T06:33:27.889+0000] {dag.py:2907} INFO - Sync 1 DAGs
[2023-09-05T06:33:27.904+0000] {logging_mixin.py:151} INFO - [2023-09-05T06:33:27.903+0000] {dag.py:3677} INFO - Setting next_dagrun for example_local_kubernetes_executor to None, run_after=None
[2023-09-05T06:33:27.924+0000] {processor.py:179} INFO - Processing /home/airflow/.local/lib/python3.8/site-packages/airflow/example_dags/example_local_kubernetes_executor.py took 0.529 seconds
[2023-09-05T06:33:58.875+0000] {processor.py:157} INFO - Started process (PID=1139) to work on /home/airflow/.local/lib/python3.8/site-packages/airflow/example_dags/example_local_kubernetes_executor.py
[2023-09-05T06:33:58.877+0000] {processor.py:829} INFO - Processing file /home/airflow/.local/lib/python3.8/site-packages/airflow/example_dags/example_local_kubernetes_executor.py for tasks to queue
[2023-09-05T06:33:58.879+0000] {logging_mixin.py:151} INFO - [2023-09-05T06:33:58.878+0000] {dagbag.py:539} INFO - Filling up the DagBag from /home/airflow/.local/lib/python3.8/site-packages/airflow/example_dags/example_local_kubernetes_executor.py
[2023-09-05T06:33:59.243+0000] {processor.py:839} INFO - DAG(s) dict_keys(['example_local_kubernetes_executor']) retrieved from /home/airflow/.local/lib/python3.8/site-packages/airflow/example_dags/example_local_kubernetes_executor.py
[2023-09-05T06:33:59.325+0000] {logging_mixin.py:151} INFO - [2023-09-05T06:33:59.318+0000] {dag.py:2907} INFO - Sync 1 DAGs
[2023-09-05T06:33:59.364+0000] {logging_mixin.py:151} INFO - [2023-09-05T06:33:59.363+0000] {dag.py:3677} INFO - Setting next_dagrun for example_local_kubernetes_executor to None, run_after=None
[2023-09-05T06:33:59.420+0000] {processor.py:179} INFO - Processing /home/airflow/.local/lib/python3.8/site-packages/airflow/example_dags/example_local_kubernetes_executor.py took 0.549 seconds
[2023-09-05T06:34:29.526+0000] {processor.py:157} INFO - Started process (PID=1374) to work on /home/airflow/.local/lib/python3.8/site-packages/airflow/example_dags/example_local_kubernetes_executor.py
[2023-09-05T06:34:29.528+0000] {processor.py:829} INFO - Processing file /home/airflow/.local/lib/python3.8/site-packages/airflow/example_dags/example_local_kubernetes_executor.py for tasks to queue
[2023-09-05T06:34:29.530+0000] {logging_mixin.py:151} INFO - [2023-09-05T06:34:29.530+0000] {dagbag.py:539} INFO - Filling up the DagBag from /home/airflow/.local/lib/python3.8/site-packages/airflow/example_dags/example_local_kubernetes_executor.py
[2023-09-05T06:34:29.842+0000] {processor.py:839} INFO - DAG(s) dict_keys(['example_local_kubernetes_executor']) retrieved from /home/airflow/.local/lib/python3.8/site-packages/airflow/example_dags/example_local_kubernetes_executor.py
[2023-09-05T06:34:29.879+0000] {logging_mixin.py:151} INFO - [2023-09-05T06:34:29.877+0000] {dag.py:2907} INFO - Sync 1 DAGs
[2023-09-05T06:34:29.895+0000] {logging_mixin.py:151} INFO - [2023-09-05T06:34:29.894+0000] {dag.py:3677} INFO - Setting next_dagrun for example_local_kubernetes_executor to None, run_after=None
[2023-09-05T06:34:29.915+0000] {processor.py:179} INFO - Processing /home/airflow/.local/lib/python3.8/site-packages/airflow/example_dags/example_local_kubernetes_executor.py took 0.393 seconds
[2023-09-05T06:35:00.043+0000] {processor.py:157} INFO - Started process (PID=1612) to work on /home/airflow/.local/lib/python3.8/site-packages/airflow/example_dags/example_local_kubernetes_executor.py
[2023-09-05T06:35:00.045+0000] {processor.py:829} INFO - Processing file /home/airflow/.local/lib/python3.8/site-packages/airflow/example_dags/example_local_kubernetes_executor.py for tasks to queue
[2023-09-05T06:35:00.046+0000] {logging_mixin.py:151} INFO - [2023-09-05T06:35:00.046+0000] {dagbag.py:539} INFO - Filling up the DagBag from /home/airflow/.local/lib/python3.8/site-packages/airflow/example_dags/example_local_kubernetes_executor.py
[2023-09-05T06:35:00.281+0000] {processor.py:839} INFO - DAG(s) dict_keys(['example_local_kubernetes_executor']) retrieved from /home/airflow/.local/lib/python3.8/site-packages/airflow/example_dags/example_local_kubernetes_executor.py
[2023-09-05T06:35:00.316+0000] {logging_mixin.py:151} INFO - [2023-09-05T06:35:00.314+0000] {dag.py:2907} INFO - Sync 1 DAGs
[2023-09-05T06:35:00.328+0000] {logging_mixin.py:151} INFO - [2023-09-05T06:35:00.328+0000] {dag.py:3677} INFO - Setting next_dagrun for example_local_kubernetes_executor to None, run_after=None
[2023-09-05T06:35:00.352+0000] {processor.py:179} INFO - Processing /home/airflow/.local/lib/python3.8/site-packages/airflow/example_dags/example_local_kubernetes_executor.py took 0.314 seconds
[2023-09-05T06:35:31.310+0000] {processor.py:157} INFO - Started process (PID=1853) to work on /home/airflow/.local/lib/python3.8/site-packages/airflow/example_dags/example_local_kubernetes_executor.py
[2023-09-05T06:35:31.314+0000] {processor.py:829} INFO - Processing file /home/airflow/.local/lib/python3.8/site-packages/airflow/example_dags/example_local_kubernetes_executor.py for tasks to queue
[2023-09-05T06:35:31.315+0000] {logging_mixin.py:151} INFO - [2023-09-05T06:35:31.315+0000] {dagbag.py:539} INFO - Filling up the DagBag from /home/airflow/.local/lib/python3.8/site-packages/airflow/example_dags/example_local_kubernetes_executor.py
[2023-09-05T06:35:31.619+0000] {processor.py:839} INFO - DAG(s) dict_keys(['example_local_kubernetes_executor']) retrieved from /home/airflow/.local/lib/python3.8/site-packages/airflow/example_dags/example_local_kubernetes_executor.py
[2023-09-05T06:35:31.671+0000] {logging_mixin.py:151} INFO - [2023-09-05T06:35:31.671+0000] {dag.py:2907} INFO - Sync 1 DAGs
[2023-09-05T06:35:31.721+0000] {logging_mixin.py:151} INFO - [2023-09-05T06:35:31.720+0000] {dag.py:3677} INFO - Setting next_dagrun for example_local_kubernetes_executor to None, run_after=None
[2023-09-05T06:35:31.756+0000] {processor.py:179} INFO - Processing /home/airflow/.local/lib/python3.8/site-packages/airflow/example_dags/example_local_kubernetes_executor.py took 0.450 seconds
[2023-09-05T06:36:02.032+0000] {processor.py:157} INFO - Started process (PID=2091) to work on /home/airflow/.local/lib/python3.8/site-packages/airflow/example_dags/example_local_kubernetes_executor.py
[2023-09-05T06:36:02.034+0000] {processor.py:829} INFO - Processing file /home/airflow/.local/lib/python3.8/site-packages/airflow/example_dags/example_local_kubernetes_executor.py for tasks to queue
[2023-09-05T06:36:02.035+0000] {logging_mixin.py:151} INFO - [2023-09-05T06:36:02.034+0000] {dagbag.py:539} INFO - Filling up the DagBag from /home/airflow/.local/lib/python3.8/site-packages/airflow/example_dags/example_local_kubernetes_executor.py
[2023-09-05T06:36:02.388+0000] {processor.py:839} INFO - DAG(s) dict_keys(['example_local_kubernetes_executor']) retrieved from /home/airflow/.local/lib/python3.8/site-packages/airflow/example_dags/example_local_kubernetes_executor.py
[2023-09-05T06:36:02.450+0000] {logging_mixin.py:151} INFO - [2023-09-05T06:36:02.447+0000] {dag.py:2907} INFO - Sync 1 DAGs
[2023-09-05T06:36:02.470+0000] {logging_mixin.py:151} INFO - [2023-09-05T06:36:02.470+0000] {dag.py:3677} INFO - Setting next_dagrun for example_local_kubernetes_executor to None, run_after=None
[2023-09-05T06:36:02.533+0000] {processor.py:179} INFO - Processing /home/airflow/.local/lib/python3.8/site-packages/airflow/example_dags/example_local_kubernetes_executor.py took 0.509 seconds
