[2023-09-05T06:31:57.138+0000] {processor.py:157} INFO - Started process (PID=267) to work on /home/airflow/.local/lib/python3.8/site-packages/airflow/example_dags/example_branch_operator.py
[2023-09-05T06:31:57.139+0000] {processor.py:829} INFO - Processing file /home/airflow/.local/lib/python3.8/site-packages/airflow/example_dags/example_branch_operator.py for tasks to queue
[2023-09-05T06:31:57.141+0000] {logging_mixin.py:151} INFO - [2023-09-05T06:31:57.140+0000] {dagbag.py:539} INFO - Filling up the DagBag from /home/airflow/.local/lib/python3.8/site-packages/airflow/example_dags/example_branch_operator.py
[2023-09-05T06:31:57.203+0000] {processor.py:839} INFO - DAG(s) dict_keys(['example_branch_operator']) retrieved from /home/airflow/.local/lib/python3.8/site-packages/airflow/example_dags/example_branch_operator.py
[2023-09-05T06:31:57.248+0000] {logging_mixin.py:151} INFO - [2023-09-05T06:31:57.248+0000] {dag.py:2907} INFO - Sync 1 DAGs
[2023-09-05T06:31:57.278+0000] {logging_mixin.py:151} INFO - [2023-09-05T06:31:57.277+0000] {dag.py:3677} INFO - Setting next_dagrun for example_branch_operator to 2023-09-04T00:00:00+00:00, run_after=2023-09-05T00:00:00+00:00
[2023-09-05T06:31:57.333+0000] {processor.py:179} INFO - Processing /home/airflow/.local/lib/python3.8/site-packages/airflow/example_dags/example_branch_operator.py took 0.199 seconds
[2023-09-05T06:32:27.891+0000] {processor.py:157} INFO - Started process (PID=506) to work on /home/airflow/.local/lib/python3.8/site-packages/airflow/example_dags/example_branch_operator.py
[2023-09-05T06:32:27.893+0000] {processor.py:829} INFO - Processing file /home/airflow/.local/lib/python3.8/site-packages/airflow/example_dags/example_branch_operator.py for tasks to queue
[2023-09-05T06:32:27.895+0000] {logging_mixin.py:151} INFO - [2023-09-05T06:32:27.894+0000] {dagbag.py:539} INFO - Filling up the DagBag from /home/airflow/.local/lib/python3.8/site-packages/airflow/example_dags/example_branch_operator.py
[2023-09-05T06:32:27.905+0000] {processor.py:839} INFO - DAG(s) dict_keys(['example_branch_operator']) retrieved from /home/airflow/.local/lib/python3.8/site-packages/airflow/example_dags/example_branch_operator.py
[2023-09-05T06:32:27.918+0000] {logging_mixin.py:151} INFO - [2023-09-05T06:32:27.918+0000] {dag.py:2907} INFO - Sync 1 DAGs
[2023-09-05T06:32:27.948+0000] {logging_mixin.py:151} INFO - [2023-09-05T06:32:27.948+0000] {dag.py:3677} INFO - Setting next_dagrun for example_branch_operator to 2023-09-04T00:00:00+00:00, run_after=2023-09-05T00:00:00+00:00
[2023-09-05T06:32:27.990+0000] {processor.py:179} INFO - Processing /home/airflow/.local/lib/python3.8/site-packages/airflow/example_dags/example_branch_operator.py took 0.102 seconds
[2023-09-05T06:32:58.746+0000] {processor.py:157} INFO - Started process (PID=743) to work on /home/airflow/.local/lib/python3.8/site-packages/airflow/example_dags/example_branch_operator.py
[2023-09-05T06:32:58.748+0000] {processor.py:829} INFO - Processing file /home/airflow/.local/lib/python3.8/site-packages/airflow/example_dags/example_branch_operator.py for tasks to queue
[2023-09-05T06:32:58.749+0000] {logging_mixin.py:151} INFO - [2023-09-05T06:32:58.749+0000] {dagbag.py:539} INFO - Filling up the DagBag from /home/airflow/.local/lib/python3.8/site-packages/airflow/example_dags/example_branch_operator.py
[2023-09-05T06:32:58.766+0000] {processor.py:839} INFO - DAG(s) dict_keys(['example_branch_operator']) retrieved from /home/airflow/.local/lib/python3.8/site-packages/airflow/example_dags/example_branch_operator.py
[2023-09-05T06:32:58.784+0000] {logging_mixin.py:151} INFO - [2023-09-05T06:32:58.784+0000] {dag.py:2907} INFO - Sync 1 DAGs
[2023-09-05T06:32:58.829+0000] {logging_mixin.py:151} INFO - [2023-09-05T06:32:58.829+0000] {dag.py:3677} INFO - Setting next_dagrun for example_branch_operator to 2023-09-04T00:00:00+00:00, run_after=2023-09-05T00:00:00+00:00
[2023-09-05T06:32:58.869+0000] {processor.py:179} INFO - Processing /home/airflow/.local/lib/python3.8/site-packages/airflow/example_dags/example_branch_operator.py took 0.127 seconds
[2023-09-05T06:33:30.408+0000] {processor.py:157} INFO - Started process (PID=983) to work on /home/airflow/.local/lib/python3.8/site-packages/airflow/example_dags/example_branch_operator.py
[2023-09-05T06:33:30.410+0000] {processor.py:829} INFO - Processing file /home/airflow/.local/lib/python3.8/site-packages/airflow/example_dags/example_branch_operator.py for tasks to queue
[2023-09-05T06:33:30.411+0000] {logging_mixin.py:151} INFO - [2023-09-05T06:33:30.411+0000] {dagbag.py:539} INFO - Filling up the DagBag from /home/airflow/.local/lib/python3.8/site-packages/airflow/example_dags/example_branch_operator.py
[2023-09-05T06:33:30.423+0000] {processor.py:839} INFO - DAG(s) dict_keys(['example_branch_operator']) retrieved from /home/airflow/.local/lib/python3.8/site-packages/airflow/example_dags/example_branch_operator.py
[2023-09-05T06:33:30.454+0000] {logging_mixin.py:151} INFO - [2023-09-05T06:33:30.454+0000] {dag.py:2907} INFO - Sync 1 DAGs
[2023-09-05T06:33:30.484+0000] {logging_mixin.py:151} INFO - [2023-09-05T06:33:30.484+0000] {dag.py:3677} INFO - Setting next_dagrun for example_branch_operator to 2023-09-04T00:00:00+00:00, run_after=2023-09-05T00:00:00+00:00
[2023-09-05T06:33:30.509+0000] {processor.py:179} INFO - Processing /home/airflow/.local/lib/python3.8/site-packages/airflow/example_dags/example_branch_operator.py took 0.105 seconds
[2023-09-05T06:34:01.008+0000] {processor.py:157} INFO - Started process (PID=1219) to work on /home/airflow/.local/lib/python3.8/site-packages/airflow/example_dags/example_branch_operator.py
[2023-09-05T06:34:01.009+0000] {processor.py:829} INFO - Processing file /home/airflow/.local/lib/python3.8/site-packages/airflow/example_dags/example_branch_operator.py for tasks to queue
[2023-09-05T06:34:01.010+0000] {logging_mixin.py:151} INFO - [2023-09-05T06:34:01.010+0000] {dagbag.py:539} INFO - Filling up the DagBag from /home/airflow/.local/lib/python3.8/site-packages/airflow/example_dags/example_branch_operator.py
[2023-09-05T06:34:01.025+0000] {processor.py:839} INFO - DAG(s) dict_keys(['example_branch_operator']) retrieved from /home/airflow/.local/lib/python3.8/site-packages/airflow/example_dags/example_branch_operator.py
[2023-09-05T06:34:01.052+0000] {logging_mixin.py:151} INFO - [2023-09-05T06:34:01.051+0000] {dag.py:2907} INFO - Sync 1 DAGs
[2023-09-05T06:34:01.084+0000] {logging_mixin.py:151} INFO - [2023-09-05T06:34:01.084+0000] {dag.py:3677} INFO - Setting next_dagrun for example_branch_operator to 2023-09-04T00:00:00+00:00, run_after=2023-09-05T00:00:00+00:00
[2023-09-05T06:34:01.108+0000] {processor.py:179} INFO - Processing /home/airflow/.local/lib/python3.8/site-packages/airflow/example_dags/example_branch_operator.py took 0.104 seconds
[2023-09-05T06:34:31.329+0000] {processor.py:157} INFO - Started process (PID=1457) to work on /home/airflow/.local/lib/python3.8/site-packages/airflow/example_dags/example_branch_operator.py
[2023-09-05T06:34:31.331+0000] {processor.py:829} INFO - Processing file /home/airflow/.local/lib/python3.8/site-packages/airflow/example_dags/example_branch_operator.py for tasks to queue
[2023-09-05T06:34:31.332+0000] {logging_mixin.py:151} INFO - [2023-09-05T06:34:31.332+0000] {dagbag.py:539} INFO - Filling up the DagBag from /home/airflow/.local/lib/python3.8/site-packages/airflow/example_dags/example_branch_operator.py
[2023-09-05T06:34:31.347+0000] {processor.py:839} INFO - DAG(s) dict_keys(['example_branch_operator']) retrieved from /home/airflow/.local/lib/python3.8/site-packages/airflow/example_dags/example_branch_operator.py
[2023-09-05T06:34:31.375+0000] {logging_mixin.py:151} INFO - [2023-09-05T06:34:31.375+0000] {dag.py:2907} INFO - Sync 1 DAGs
[2023-09-05T06:34:31.423+0000] {logging_mixin.py:151} INFO - [2023-09-05T06:34:31.422+0000] {dag.py:3677} INFO - Setting next_dagrun for example_branch_operator to 2023-09-04T00:00:00+00:00, run_after=2023-09-05T00:00:00+00:00
[2023-09-05T06:34:31.453+0000] {processor.py:179} INFO - Processing /home/airflow/.local/lib/python3.8/site-packages/airflow/example_dags/example_branch_operator.py took 0.128 seconds
[2023-09-05T06:35:01.759+0000] {processor.py:157} INFO - Started process (PID=1695) to work on /home/airflow/.local/lib/python3.8/site-packages/airflow/example_dags/example_branch_operator.py
[2023-09-05T06:35:01.760+0000] {processor.py:829} INFO - Processing file /home/airflow/.local/lib/python3.8/site-packages/airflow/example_dags/example_branch_operator.py for tasks to queue
[2023-09-05T06:35:01.762+0000] {logging_mixin.py:151} INFO - [2023-09-05T06:35:01.761+0000] {dagbag.py:539} INFO - Filling up the DagBag from /home/airflow/.local/lib/python3.8/site-packages/airflow/example_dags/example_branch_operator.py
[2023-09-05T06:35:01.772+0000] {processor.py:839} INFO - DAG(s) dict_keys(['example_branch_operator']) retrieved from /home/airflow/.local/lib/python3.8/site-packages/airflow/example_dags/example_branch_operator.py
[2023-09-05T06:35:01.809+0000] {logging_mixin.py:151} INFO - [2023-09-05T06:35:01.809+0000] {dag.py:2907} INFO - Sync 1 DAGs
[2023-09-05T06:35:01.836+0000] {logging_mixin.py:151} INFO - [2023-09-05T06:35:01.836+0000] {dag.py:3677} INFO - Setting next_dagrun for example_branch_operator to 2023-09-04T00:00:00+00:00, run_after=2023-09-05T00:00:00+00:00
[2023-09-05T06:35:01.860+0000] {processor.py:179} INFO - Processing /home/airflow/.local/lib/python3.8/site-packages/airflow/example_dags/example_branch_operator.py took 0.105 seconds
[2023-09-05T06:35:33.176+0000] {processor.py:157} INFO - Started process (PID=1933) to work on /home/airflow/.local/lib/python3.8/site-packages/airflow/example_dags/example_branch_operator.py
[2023-09-05T06:35:33.179+0000] {processor.py:829} INFO - Processing file /home/airflow/.local/lib/python3.8/site-packages/airflow/example_dags/example_branch_operator.py for tasks to queue
[2023-09-05T06:35:33.180+0000] {logging_mixin.py:151} INFO - [2023-09-05T06:35:33.180+0000] {dagbag.py:539} INFO - Filling up the DagBag from /home/airflow/.local/lib/python3.8/site-packages/airflow/example_dags/example_branch_operator.py
[2023-09-05T06:35:33.197+0000] {processor.py:839} INFO - DAG(s) dict_keys(['example_branch_operator']) retrieved from /home/airflow/.local/lib/python3.8/site-packages/airflow/example_dags/example_branch_operator.py
[2023-09-05T06:35:33.239+0000] {logging_mixin.py:151} INFO - [2023-09-05T06:35:33.239+0000] {dag.py:2907} INFO - Sync 1 DAGs
[2023-09-05T06:35:33.277+0000] {logging_mixin.py:151} INFO - [2023-09-05T06:35:33.277+0000] {dag.py:3677} INFO - Setting next_dagrun for example_branch_operator to 2023-09-04T00:00:00+00:00, run_after=2023-09-05T00:00:00+00:00
[2023-09-05T06:35:33.309+0000] {processor.py:179} INFO - Processing /home/airflow/.local/lib/python3.8/site-packages/airflow/example_dags/example_branch_operator.py took 0.142 seconds
[2023-09-05T06:36:04.070+0000] {processor.py:157} INFO - Started process (PID=2171) to work on /home/airflow/.local/lib/python3.8/site-packages/airflow/example_dags/example_branch_operator.py
[2023-09-05T06:36:04.072+0000] {processor.py:829} INFO - Processing file /home/airflow/.local/lib/python3.8/site-packages/airflow/example_dags/example_branch_operator.py for tasks to queue
[2023-09-05T06:36:04.073+0000] {logging_mixin.py:151} INFO - [2023-09-05T06:36:04.073+0000] {dagbag.py:539} INFO - Filling up the DagBag from /home/airflow/.local/lib/python3.8/site-packages/airflow/example_dags/example_branch_operator.py
[2023-09-05T06:36:04.089+0000] {processor.py:839} INFO - DAG(s) dict_keys(['example_branch_operator']) retrieved from /home/airflow/.local/lib/python3.8/site-packages/airflow/example_dags/example_branch_operator.py
[2023-09-05T06:36:04.127+0000] {logging_mixin.py:151} INFO - [2023-09-05T06:36:04.126+0000] {dag.py:2907} INFO - Sync 1 DAGs
[2023-09-05T06:36:04.178+0000] {logging_mixin.py:151} INFO - [2023-09-05T06:36:04.178+0000] {dag.py:3677} INFO - Setting next_dagrun for example_branch_operator to 2023-09-04T00:00:00+00:00, run_after=2023-09-05T00:00:00+00:00
[2023-09-05T06:36:04.208+0000] {processor.py:179} INFO - Processing /home/airflow/.local/lib/python3.8/site-packages/airflow/example_dags/example_branch_operator.py took 0.143 seconds
