[2023-09-05T06:31:56.901+0000] {processor.py:157} INFO - Started process (PID=257) to work on /home/airflow/.local/lib/python3.8/site-packages/airflow/example_dags/example_setup_teardown.py
[2023-09-05T06:31:56.904+0000] {processor.py:829} INFO - Processing file /home/airflow/.local/lib/python3.8/site-packages/airflow/example_dags/example_setup_teardown.py for tasks to queue
[2023-09-05T06:31:56.911+0000] {logging_mixin.py:151} INFO - [2023-09-05T06:31:56.906+0000] {dagbag.py:539} INFO - Filling up the DagBag from /home/airflow/.local/lib/python3.8/site-packages/airflow/example_dags/example_setup_teardown.py
[2023-09-05T06:31:56.929+0000] {processor.py:839} INFO - DAG(s) dict_keys(['example_setup_teardown']) retrieved from /home/airflow/.local/lib/python3.8/site-packages/airflow/example_dags/example_setup_teardown.py
[2023-09-05T06:31:56.962+0000] {logging_mixin.py:151} INFO - [2023-09-05T06:31:56.962+0000] {dag.py:2907} INFO - Sync 1 DAGs
[2023-09-05T06:31:56.993+0000] {logging_mixin.py:151} INFO - [2023-09-05T06:31:56.992+0000] {dag.py:3677} INFO - Setting next_dagrun for example_setup_teardown to 2023-09-04T06:31:56.992223+00:00, run_after=2023-09-05T06:31:56.992223+00:00
[2023-09-05T06:31:57.028+0000] {processor.py:179} INFO - Processing /home/airflow/.local/lib/python3.8/site-packages/airflow/example_dags/example_setup_teardown.py took 0.133 seconds
[2023-09-05T06:32:27.768+0000] {processor.py:157} INFO - Started process (PID=496) to work on /home/airflow/.local/lib/python3.8/site-packages/airflow/example_dags/example_setup_teardown.py
[2023-09-05T06:32:27.770+0000] {processor.py:829} INFO - Processing file /home/airflow/.local/lib/python3.8/site-packages/airflow/example_dags/example_setup_teardown.py for tasks to queue
[2023-09-05T06:32:27.771+0000] {logging_mixin.py:151} INFO - [2023-09-05T06:32:27.771+0000] {dagbag.py:539} INFO - Filling up the DagBag from /home/airflow/.local/lib/python3.8/site-packages/airflow/example_dags/example_setup_teardown.py
[2023-09-05T06:32:27.784+0000] {processor.py:839} INFO - DAG(s) dict_keys(['example_setup_teardown']) retrieved from /home/airflow/.local/lib/python3.8/site-packages/airflow/example_dags/example_setup_teardown.py
[2023-09-05T06:32:27.799+0000] {logging_mixin.py:151} INFO - [2023-09-05T06:32:27.799+0000] {dag.py:2907} INFO - Sync 1 DAGs
[2023-09-05T06:32:27.827+0000] {logging_mixin.py:151} INFO - [2023-09-05T06:32:27.826+0000] {dag.py:3677} INFO - Setting next_dagrun for example_setup_teardown to 2023-09-04T06:32:27.826587+00:00, run_after=2023-09-05T06:32:27.826587+00:00
[2023-09-05T06:32:27.849+0000] {processor.py:179} INFO - Processing /home/airflow/.local/lib/python3.8/site-packages/airflow/example_dags/example_setup_teardown.py took 0.084 seconds
[2023-09-05T06:32:58.536+0000] {processor.py:157} INFO - Started process (PID=733) to work on /home/airflow/.local/lib/python3.8/site-packages/airflow/example_dags/example_setup_teardown.py
[2023-09-05T06:32:58.540+0000] {processor.py:829} INFO - Processing file /home/airflow/.local/lib/python3.8/site-packages/airflow/example_dags/example_setup_teardown.py for tasks to queue
[2023-09-05T06:32:58.544+0000] {logging_mixin.py:151} INFO - [2023-09-05T06:32:58.543+0000] {dagbag.py:539} INFO - Filling up the DagBag from /home/airflow/.local/lib/python3.8/site-packages/airflow/example_dags/example_setup_teardown.py
[2023-09-05T06:32:58.552+0000] {processor.py:839} INFO - DAG(s) dict_keys(['example_setup_teardown']) retrieved from /home/airflow/.local/lib/python3.8/site-packages/airflow/example_dags/example_setup_teardown.py
[2023-09-05T06:32:58.588+0000] {logging_mixin.py:151} INFO - [2023-09-05T06:32:58.587+0000] {dag.py:2907} INFO - Sync 1 DAGs
[2023-09-05T06:32:58.638+0000] {logging_mixin.py:151} INFO - [2023-09-05T06:32:58.637+0000] {dag.py:3677} INFO - Setting next_dagrun for example_setup_teardown to 2023-09-04T06:32:58.637326+00:00, run_after=2023-09-05T06:32:58.637326+00:00
[2023-09-05T06:32:58.679+0000] {processor.py:179} INFO - Processing /home/airflow/.local/lib/python3.8/site-packages/airflow/example_dags/example_setup_teardown.py took 0.148 seconds
[2023-09-05T06:33:30.146+0000] {processor.py:157} INFO - Started process (PID=971) to work on /home/airflow/.local/lib/python3.8/site-packages/airflow/example_dags/example_setup_teardown.py
[2023-09-05T06:33:30.148+0000] {processor.py:829} INFO - Processing file /home/airflow/.local/lib/python3.8/site-packages/airflow/example_dags/example_setup_teardown.py for tasks to queue
[2023-09-05T06:33:30.149+0000] {logging_mixin.py:151} INFO - [2023-09-05T06:33:30.148+0000] {dagbag.py:539} INFO - Filling up the DagBag from /home/airflow/.local/lib/python3.8/site-packages/airflow/example_dags/example_setup_teardown.py
[2023-09-05T06:33:30.157+0000] {processor.py:839} INFO - DAG(s) dict_keys(['example_setup_teardown']) retrieved from /home/airflow/.local/lib/python3.8/site-packages/airflow/example_dags/example_setup_teardown.py
[2023-09-05T06:33:30.181+0000] {logging_mixin.py:151} INFO - [2023-09-05T06:33:30.181+0000] {dag.py:2907} INFO - Sync 1 DAGs
[2023-09-05T06:33:30.205+0000] {logging_mixin.py:151} INFO - [2023-09-05T06:33:30.205+0000] {dag.py:3677} INFO - Setting next_dagrun for example_setup_teardown to 2023-09-04T06:33:30.205292+00:00, run_after=2023-09-05T06:33:30.205292+00:00
[2023-09-05T06:33:30.226+0000] {processor.py:179} INFO - Processing /home/airflow/.local/lib/python3.8/site-packages/airflow/example_dags/example_setup_teardown.py took 0.084 seconds
[2023-09-05T06:34:00.861+0000] {processor.py:157} INFO - Started process (PID=1209) to work on /home/airflow/.local/lib/python3.8/site-packages/airflow/example_dags/example_setup_teardown.py
[2023-09-05T06:34:00.864+0000] {processor.py:829} INFO - Processing file /home/airflow/.local/lib/python3.8/site-packages/airflow/example_dags/example_setup_teardown.py for tasks to queue
[2023-09-05T06:34:00.865+0000] {logging_mixin.py:151} INFO - [2023-09-05T06:34:00.865+0000] {dagbag.py:539} INFO - Filling up the DagBag from /home/airflow/.local/lib/python3.8/site-packages/airflow/example_dags/example_setup_teardown.py
[2023-09-05T06:34:00.873+0000] {processor.py:839} INFO - DAG(s) dict_keys(['example_setup_teardown']) retrieved from /home/airflow/.local/lib/python3.8/site-packages/airflow/example_dags/example_setup_teardown.py
[2023-09-05T06:34:00.905+0000] {logging_mixin.py:151} INFO - [2023-09-05T06:34:00.904+0000] {dag.py:2907} INFO - Sync 1 DAGs
[2023-09-05T06:34:00.937+0000] {logging_mixin.py:151} INFO - [2023-09-05T06:34:00.937+0000] {dag.py:3677} INFO - Setting next_dagrun for example_setup_teardown to 2023-09-04T06:34:00.936745+00:00, run_after=2023-09-05T06:34:00.936745+00:00
[2023-09-05T06:34:00.966+0000] {processor.py:179} INFO - Processing /home/airflow/.local/lib/python3.8/site-packages/airflow/example_dags/example_setup_teardown.py took 0.112 seconds
[2023-09-05T06:34:31.173+0000] {processor.py:157} INFO - Started process (PID=1447) to work on /home/airflow/.local/lib/python3.8/site-packages/airflow/example_dags/example_setup_teardown.py
[2023-09-05T06:34:31.174+0000] {processor.py:829} INFO - Processing file /home/airflow/.local/lib/python3.8/site-packages/airflow/example_dags/example_setup_teardown.py for tasks to queue
[2023-09-05T06:34:31.177+0000] {logging_mixin.py:151} INFO - [2023-09-05T06:34:31.175+0000] {dagbag.py:539} INFO - Filling up the DagBag from /home/airflow/.local/lib/python3.8/site-packages/airflow/example_dags/example_setup_teardown.py
[2023-09-05T06:34:31.189+0000] {processor.py:839} INFO - DAG(s) dict_keys(['example_setup_teardown']) retrieved from /home/airflow/.local/lib/python3.8/site-packages/airflow/example_dags/example_setup_teardown.py
[2023-09-05T06:34:31.215+0000] {logging_mixin.py:151} INFO - [2023-09-05T06:34:31.215+0000] {dag.py:2907} INFO - Sync 1 DAGs
[2023-09-05T06:34:31.252+0000] {logging_mixin.py:151} INFO - [2023-09-05T06:34:31.252+0000] {dag.py:3677} INFO - Setting next_dagrun for example_setup_teardown to 2023-09-04T06:34:31.252464+00:00, run_after=2023-09-05T06:34:31.252464+00:00
[2023-09-05T06:34:31.285+0000] {processor.py:179} INFO - Processing /home/airflow/.local/lib/python3.8/site-packages/airflow/example_dags/example_setup_teardown.py took 0.116 seconds
[2023-09-05T06:35:01.629+0000] {processor.py:157} INFO - Started process (PID=1685) to work on /home/airflow/.local/lib/python3.8/site-packages/airflow/example_dags/example_setup_teardown.py
[2023-09-05T06:35:01.630+0000] {processor.py:829} INFO - Processing file /home/airflow/.local/lib/python3.8/site-packages/airflow/example_dags/example_setup_teardown.py for tasks to queue
[2023-09-05T06:35:01.632+0000] {logging_mixin.py:151} INFO - [2023-09-05T06:35:01.631+0000] {dagbag.py:539} INFO - Filling up the DagBag from /home/airflow/.local/lib/python3.8/site-packages/airflow/example_dags/example_setup_teardown.py
[2023-09-05T06:35:01.640+0000] {processor.py:839} INFO - DAG(s) dict_keys(['example_setup_teardown']) retrieved from /home/airflow/.local/lib/python3.8/site-packages/airflow/example_dags/example_setup_teardown.py
[2023-09-05T06:35:01.671+0000] {logging_mixin.py:151} INFO - [2023-09-05T06:35:01.671+0000] {dag.py:2907} INFO - Sync 1 DAGs
[2023-09-05T06:35:01.698+0000] {logging_mixin.py:151} INFO - [2023-09-05T06:35:01.697+0000] {dag.py:3677} INFO - Setting next_dagrun for example_setup_teardown to 2023-09-04T06:35:01.697650+00:00, run_after=2023-09-05T06:35:01.697650+00:00
[2023-09-05T06:35:01.720+0000] {processor.py:179} INFO - Processing /home/airflow/.local/lib/python3.8/site-packages/airflow/example_dags/example_setup_teardown.py took 0.095 seconds
[2023-09-05T06:35:32.874+0000] {processor.py:157} INFO - Started process (PID=1923) to work on /home/airflow/.local/lib/python3.8/site-packages/airflow/example_dags/example_setup_teardown.py
[2023-09-05T06:35:32.875+0000] {processor.py:829} INFO - Processing file /home/airflow/.local/lib/python3.8/site-packages/airflow/example_dags/example_setup_teardown.py for tasks to queue
[2023-09-05T06:35:32.877+0000] {logging_mixin.py:151} INFO - [2023-09-05T06:35:32.876+0000] {dagbag.py:539} INFO - Filling up the DagBag from /home/airflow/.local/lib/python3.8/site-packages/airflow/example_dags/example_setup_teardown.py
[2023-09-05T06:35:32.889+0000] {processor.py:839} INFO - DAG(s) dict_keys(['example_setup_teardown']) retrieved from /home/airflow/.local/lib/python3.8/site-packages/airflow/example_dags/example_setup_teardown.py
[2023-09-05T06:35:32.932+0000] {logging_mixin.py:151} INFO - [2023-09-05T06:35:32.931+0000] {dag.py:2907} INFO - Sync 1 DAGs
[2023-09-05T06:35:33.012+0000] {logging_mixin.py:151} INFO - [2023-09-05T06:35:33.011+0000] {dag.py:3677} INFO - Setting next_dagrun for example_setup_teardown to 2023-09-04T06:35:33.011715+00:00, run_after=2023-09-05T06:35:33.011715+00:00
[2023-09-05T06:35:33.076+0000] {processor.py:179} INFO - Processing /home/airflow/.local/lib/python3.8/site-packages/airflow/example_dags/example_setup_teardown.py took 0.207 seconds
[2023-09-05T06:36:03.855+0000] {processor.py:157} INFO - Started process (PID=2161) to work on /home/airflow/.local/lib/python3.8/site-packages/airflow/example_dags/example_setup_teardown.py
[2023-09-05T06:36:03.856+0000] {processor.py:829} INFO - Processing file /home/airflow/.local/lib/python3.8/site-packages/airflow/example_dags/example_setup_teardown.py for tasks to queue
[2023-09-05T06:36:03.857+0000] {logging_mixin.py:151} INFO - [2023-09-05T06:36:03.857+0000] {dagbag.py:539} INFO - Filling up the DagBag from /home/airflow/.local/lib/python3.8/site-packages/airflow/example_dags/example_setup_teardown.py
[2023-09-05T06:36:03.866+0000] {processor.py:839} INFO - DAG(s) dict_keys(['example_setup_teardown']) retrieved from /home/airflow/.local/lib/python3.8/site-packages/airflow/example_dags/example_setup_teardown.py
[2023-09-05T06:36:03.892+0000] {logging_mixin.py:151} INFO - [2023-09-05T06:36:03.892+0000] {dag.py:2907} INFO - Sync 1 DAGs
[2023-09-05T06:36:03.932+0000] {logging_mixin.py:151} INFO - [2023-09-05T06:36:03.928+0000] {dag.py:3677} INFO - Setting next_dagrun for example_setup_teardown to 2023-09-04T06:36:03.927990+00:00, run_after=2023-09-05T06:36:03.927990+00:00
[2023-09-05T06:36:04.026+0000] {processor.py:179} INFO - Processing /home/airflow/.local/lib/python3.8/site-packages/airflow/example_dags/example_setup_teardown.py took 0.176 seconds
