[2023-09-05T06:32:01.081+0000] {processor.py:157} INFO - Started process (PID=362) to work on /home/airflow/.local/lib/python3.8/site-packages/airflow/example_dags/example_short_circuit_decorator.py
[2023-09-05T06:32:01.082+0000] {processor.py:829} INFO - Processing file /home/airflow/.local/lib/python3.8/site-packages/airflow/example_dags/example_short_circuit_decorator.py for tasks to queue
[2023-09-05T06:32:01.083+0000] {logging_mixin.py:151} INFO - [2023-09-05T06:32:01.083+0000] {dagbag.py:539} INFO - Filling up the DagBag from /home/airflow/.local/lib/python3.8/site-packages/airflow/example_dags/example_short_circuit_decorator.py
[2023-09-05T06:32:01.104+0000] {processor.py:839} INFO - DAG(s) dict_keys(['example_short_circuit_decorator']) retrieved from /home/airflow/.local/lib/python3.8/site-packages/airflow/example_dags/example_short_circuit_decorator.py
[2023-09-05T06:32:01.184+0000] {logging_mixin.py:151} INFO - [2023-09-05T06:32:01.183+0000] {dag.py:2907} INFO - Sync 1 DAGs
[2023-09-05T06:32:01.268+0000] {logging_mixin.py:151} INFO - [2023-09-05T06:32:01.267+0000] {dag.py:3677} INFO - Setting next_dagrun for example_short_circuit_decorator to 2023-09-04T06:32:01.265570+00:00, run_after=2023-09-05T06:32:01.265570+00:00
[2023-09-05T06:32:01.316+0000] {processor.py:179} INFO - Processing /home/airflow/.local/lib/python3.8/site-packages/airflow/example_dags/example_short_circuit_decorator.py took 0.240 seconds
[2023-09-05T06:32:32.109+0000] {processor.py:157} INFO - Started process (PID=601) to work on /home/airflow/.local/lib/python3.8/site-packages/airflow/example_dags/example_short_circuit_decorator.py
[2023-09-05T06:32:32.110+0000] {processor.py:829} INFO - Processing file /home/airflow/.local/lib/python3.8/site-packages/airflow/example_dags/example_short_circuit_decorator.py for tasks to queue
[2023-09-05T06:32:32.111+0000] {logging_mixin.py:151} INFO - [2023-09-05T06:32:32.111+0000] {dagbag.py:539} INFO - Filling up the DagBag from /home/airflow/.local/lib/python3.8/site-packages/airflow/example_dags/example_short_circuit_decorator.py
[2023-09-05T06:32:32.129+0000] {processor.py:839} INFO - DAG(s) dict_keys(['example_short_circuit_decorator']) retrieved from /home/airflow/.local/lib/python3.8/site-packages/airflow/example_dags/example_short_circuit_decorator.py
[2023-09-05T06:32:32.142+0000] {logging_mixin.py:151} INFO - [2023-09-05T06:32:32.142+0000] {dag.py:2907} INFO - Sync 1 DAGs
[2023-09-05T06:32:32.167+0000] {logging_mixin.py:151} INFO - [2023-09-05T06:32:32.167+0000] {dag.py:3677} INFO - Setting next_dagrun for example_short_circuit_decorator to 2023-09-04T06:32:32.167313+00:00, run_after=2023-09-05T06:32:32.167313+00:00
[2023-09-05T06:32:32.190+0000] {processor.py:179} INFO - Processing /home/airflow/.local/lib/python3.8/site-packages/airflow/example_dags/example_short_circuit_decorator.py took 0.085 seconds
[2023-09-05T06:33:03.177+0000] {processor.py:157} INFO - Started process (PID=838) to work on /home/airflow/.local/lib/python3.8/site-packages/airflow/example_dags/example_short_circuit_decorator.py
[2023-09-05T06:33:03.179+0000] {processor.py:829} INFO - Processing file /home/airflow/.local/lib/python3.8/site-packages/airflow/example_dags/example_short_circuit_decorator.py for tasks to queue
[2023-09-05T06:33:03.180+0000] {logging_mixin.py:151} INFO - [2023-09-05T06:33:03.179+0000] {dagbag.py:539} INFO - Filling up the DagBag from /home/airflow/.local/lib/python3.8/site-packages/airflow/example_dags/example_short_circuit_decorator.py
[2023-09-05T06:33:03.196+0000] {processor.py:839} INFO - DAG(s) dict_keys(['example_short_circuit_decorator']) retrieved from /home/airflow/.local/lib/python3.8/site-packages/airflow/example_dags/example_short_circuit_decorator.py
[2023-09-05T06:33:03.213+0000] {logging_mixin.py:151} INFO - [2023-09-05T06:33:03.213+0000] {dag.py:2907} INFO - Sync 1 DAGs
[2023-09-05T06:33:03.247+0000] {logging_mixin.py:151} INFO - [2023-09-05T06:33:03.246+0000] {dag.py:3677} INFO - Setting next_dagrun for example_short_circuit_decorator to 2023-09-04T06:33:03.246697+00:00, run_after=2023-09-05T06:33:03.246697+00:00
[2023-09-05T06:33:03.385+0000] {processor.py:179} INFO - Processing /home/airflow/.local/lib/python3.8/site-packages/airflow/example_dags/example_short_circuit_decorator.py took 0.212 seconds
[2023-09-05T06:33:33.907+0000] {processor.py:157} INFO - Started process (PID=1076) to work on /home/airflow/.local/lib/python3.8/site-packages/airflow/example_dags/example_short_circuit_decorator.py
[2023-09-05T06:33:33.908+0000] {processor.py:829} INFO - Processing file /home/airflow/.local/lib/python3.8/site-packages/airflow/example_dags/example_short_circuit_decorator.py for tasks to queue
[2023-09-05T06:33:33.910+0000] {logging_mixin.py:151} INFO - [2023-09-05T06:33:33.910+0000] {dagbag.py:539} INFO - Filling up the DagBag from /home/airflow/.local/lib/python3.8/site-packages/airflow/example_dags/example_short_circuit_decorator.py
[2023-09-05T06:33:33.921+0000] {processor.py:839} INFO - DAG(s) dict_keys(['example_short_circuit_decorator']) retrieved from /home/airflow/.local/lib/python3.8/site-packages/airflow/example_dags/example_short_circuit_decorator.py
[2023-09-05T06:33:33.948+0000] {logging_mixin.py:151} INFO - [2023-09-05T06:33:33.948+0000] {dag.py:2907} INFO - Sync 1 DAGs
[2023-09-05T06:33:33.975+0000] {logging_mixin.py:151} INFO - [2023-09-05T06:33:33.974+0000] {dag.py:3677} INFO - Setting next_dagrun for example_short_circuit_decorator to 2023-09-04T06:33:33.974653+00:00, run_after=2023-09-05T06:33:33.974653+00:00
[2023-09-05T06:33:33.999+0000] {processor.py:179} INFO - Processing /home/airflow/.local/lib/python3.8/site-packages/airflow/example_dags/example_short_circuit_decorator.py took 0.095 seconds
[2023-09-05T06:34:04.324+0000] {processor.py:157} INFO - Started process (PID=1314) to work on /home/airflow/.local/lib/python3.8/site-packages/airflow/example_dags/example_short_circuit_decorator.py
[2023-09-05T06:34:04.326+0000] {processor.py:829} INFO - Processing file /home/airflow/.local/lib/python3.8/site-packages/airflow/example_dags/example_short_circuit_decorator.py for tasks to queue
[2023-09-05T06:34:04.327+0000] {logging_mixin.py:151} INFO - [2023-09-05T06:34:04.326+0000] {dagbag.py:539} INFO - Filling up the DagBag from /home/airflow/.local/lib/python3.8/site-packages/airflow/example_dags/example_short_circuit_decorator.py
[2023-09-05T06:34:04.338+0000] {processor.py:839} INFO - DAG(s) dict_keys(['example_short_circuit_decorator']) retrieved from /home/airflow/.local/lib/python3.8/site-packages/airflow/example_dags/example_short_circuit_decorator.py
[2023-09-05T06:34:04.370+0000] {logging_mixin.py:151} INFO - [2023-09-05T06:34:04.370+0000] {dag.py:2907} INFO - Sync 1 DAGs
[2023-09-05T06:34:04.397+0000] {logging_mixin.py:151} INFO - [2023-09-05T06:34:04.397+0000] {dag.py:3677} INFO - Setting next_dagrun for example_short_circuit_decorator to 2023-09-04T06:34:04.397167+00:00, run_after=2023-09-05T06:34:04.397167+00:00
[2023-09-05T06:34:04.425+0000] {processor.py:179} INFO - Processing /home/airflow/.local/lib/python3.8/site-packages/airflow/example_dags/example_short_circuit_decorator.py took 0.104 seconds
[2023-09-05T06:34:35.058+0000] {processor.py:157} INFO - Started process (PID=1552) to work on /home/airflow/.local/lib/python3.8/site-packages/airflow/example_dags/example_short_circuit_decorator.py
[2023-09-05T06:34:35.060+0000] {processor.py:829} INFO - Processing file /home/airflow/.local/lib/python3.8/site-packages/airflow/example_dags/example_short_circuit_decorator.py for tasks to queue
[2023-09-05T06:34:35.061+0000] {logging_mixin.py:151} INFO - [2023-09-05T06:34:35.061+0000] {dagbag.py:539} INFO - Filling up the DagBag from /home/airflow/.local/lib/python3.8/site-packages/airflow/example_dags/example_short_circuit_decorator.py
[2023-09-05T06:34:35.071+0000] {processor.py:839} INFO - DAG(s) dict_keys(['example_short_circuit_decorator']) retrieved from /home/airflow/.local/lib/python3.8/site-packages/airflow/example_dags/example_short_circuit_decorator.py
[2023-09-05T06:34:35.097+0000] {logging_mixin.py:151} INFO - [2023-09-05T06:34:35.096+0000] {dag.py:2907} INFO - Sync 1 DAGs
[2023-09-05T06:34:35.119+0000] {logging_mixin.py:151} INFO - [2023-09-05T06:34:35.119+0000] {dag.py:3677} INFO - Setting next_dagrun for example_short_circuit_decorator to 2023-09-04T06:34:35.119134+00:00, run_after=2023-09-05T06:34:35.119134+00:00
[2023-09-05T06:34:35.140+0000] {processor.py:179} INFO - Processing /home/airflow/.local/lib/python3.8/site-packages/airflow/example_dags/example_short_circuit_decorator.py took 0.087 seconds
[2023-09-05T06:35:05.991+0000] {processor.py:157} INFO - Started process (PID=1790) to work on /home/airflow/.local/lib/python3.8/site-packages/airflow/example_dags/example_short_circuit_decorator.py
[2023-09-05T06:35:05.993+0000] {processor.py:829} INFO - Processing file /home/airflow/.local/lib/python3.8/site-packages/airflow/example_dags/example_short_circuit_decorator.py for tasks to queue
[2023-09-05T06:35:05.994+0000] {logging_mixin.py:151} INFO - [2023-09-05T06:35:05.994+0000] {dagbag.py:539} INFO - Filling up the DagBag from /home/airflow/.local/lib/python3.8/site-packages/airflow/example_dags/example_short_circuit_decorator.py
[2023-09-05T06:35:06.010+0000] {processor.py:839} INFO - DAG(s) dict_keys(['example_short_circuit_decorator']) retrieved from /home/airflow/.local/lib/python3.8/site-packages/airflow/example_dags/example_short_circuit_decorator.py
[2023-09-05T06:35:06.038+0000] {logging_mixin.py:151} INFO - [2023-09-05T06:35:06.037+0000] {dag.py:2907} INFO - Sync 1 DAGs
[2023-09-05T06:35:06.065+0000] {logging_mixin.py:151} INFO - [2023-09-05T06:35:06.065+0000] {dag.py:3677} INFO - Setting next_dagrun for example_short_circuit_decorator to 2023-09-04T06:35:06.065322+00:00, run_after=2023-09-05T06:35:06.065322+00:00
[2023-09-05T06:35:06.087+0000] {processor.py:179} INFO - Processing /home/airflow/.local/lib/python3.8/site-packages/airflow/example_dags/example_short_circuit_decorator.py took 0.101 seconds
[2023-09-05T06:35:37.001+0000] {processor.py:157} INFO - Started process (PID=2028) to work on /home/airflow/.local/lib/python3.8/site-packages/airflow/example_dags/example_short_circuit_decorator.py
[2023-09-05T06:35:37.002+0000] {processor.py:829} INFO - Processing file /home/airflow/.local/lib/python3.8/site-packages/airflow/example_dags/example_short_circuit_decorator.py for tasks to queue
[2023-09-05T06:35:37.004+0000] {logging_mixin.py:151} INFO - [2023-09-05T06:35:37.003+0000] {dagbag.py:539} INFO - Filling up the DagBag from /home/airflow/.local/lib/python3.8/site-packages/airflow/example_dags/example_short_circuit_decorator.py
[2023-09-05T06:35:37.021+0000] {processor.py:839} INFO - DAG(s) dict_keys(['example_short_circuit_decorator']) retrieved from /home/airflow/.local/lib/python3.8/site-packages/airflow/example_dags/example_short_circuit_decorator.py
[2023-09-05T06:35:37.048+0000] {logging_mixin.py:151} INFO - [2023-09-05T06:35:37.047+0000] {dag.py:2907} INFO - Sync 1 DAGs
[2023-09-05T06:35:37.074+0000] {logging_mixin.py:151} INFO - [2023-09-05T06:35:37.073+0000] {dag.py:3677} INFO - Setting next_dagrun for example_short_circuit_decorator to 2023-09-04T06:35:37.073500+00:00, run_after=2023-09-05T06:35:37.073500+00:00
[2023-09-05T06:35:37.102+0000] {processor.py:179} INFO - Processing /home/airflow/.local/lib/python3.8/site-packages/airflow/example_dags/example_short_circuit_decorator.py took 0.105 seconds
[2023-09-05T06:36:07.535+0000] {processor.py:157} INFO - Started process (PID=2266) to work on /home/airflow/.local/lib/python3.8/site-packages/airflow/example_dags/example_short_circuit_decorator.py
[2023-09-05T06:36:07.536+0000] {processor.py:829} INFO - Processing file /home/airflow/.local/lib/python3.8/site-packages/airflow/example_dags/example_short_circuit_decorator.py for tasks to queue
[2023-09-05T06:36:07.537+0000] {logging_mixin.py:151} INFO - [2023-09-05T06:36:07.537+0000] {dagbag.py:539} INFO - Filling up the DagBag from /home/airflow/.local/lib/python3.8/site-packages/airflow/example_dags/example_short_circuit_decorator.py
[2023-09-05T06:36:07.551+0000] {processor.py:839} INFO - DAG(s) dict_keys(['example_short_circuit_decorator']) retrieved from /home/airflow/.local/lib/python3.8/site-packages/airflow/example_dags/example_short_circuit_decorator.py
[2023-09-05T06:36:07.587+0000] {logging_mixin.py:151} INFO - [2023-09-05T06:36:07.586+0000] {dag.py:2907} INFO - Sync 1 DAGs
[2023-09-05T06:36:07.615+0000] {logging_mixin.py:151} INFO - [2023-09-05T06:36:07.615+0000] {dag.py:3677} INFO - Setting next_dagrun for example_short_circuit_decorator to 2023-09-04T06:36:07.615363+00:00, run_after=2023-09-05T06:36:07.615363+00:00
[2023-09-05T06:36:07.650+0000] {processor.py:179} INFO - Processing /home/airflow/.local/lib/python3.8/site-packages/airflow/example_dags/example_short_circuit_decorator.py took 0.119 seconds
