[2023-09-05T06:32:00.257+0000] {processor.py:157} INFO - Started process (PID=332) to work on /home/airflow/.local/lib/python3.8/site-packages/airflow/example_dags/example_sla_dag.py
[2023-09-05T06:32:00.258+0000] {processor.py:829} INFO - Processing file /home/airflow/.local/lib/python3.8/site-packages/airflow/example_dags/example_sla_dag.py for tasks to queue
[2023-09-05T06:32:00.260+0000] {logging_mixin.py:151} INFO - [2023-09-05T06:32:00.259+0000] {dagbag.py:539} INFO - Filling up the DagBag from /home/airflow/.local/lib/python3.8/site-packages/airflow/example_dags/example_sla_dag.py
[2023-09-05T06:32:00.283+0000] {processor.py:839} INFO - DAG(s) dict_keys(['example_sla_dag']) retrieved from /home/airflow/.local/lib/python3.8/site-packages/airflow/example_dags/example_sla_dag.py
[2023-09-05T06:32:00.316+0000] {logging_mixin.py:151} INFO - [2023-09-05T06:32:00.316+0000] {dag.py:2907} INFO - Sync 1 DAGs
[2023-09-05T06:32:00.377+0000] {logging_mixin.py:151} INFO - [2023-09-05T06:32:00.377+0000] {dag.py:3677} INFO - Setting next_dagrun for example_sla_dag to 2023-09-05T06:30:00+00:00, run_after=2023-09-05T06:32:00+00:00
[2023-09-05T06:32:00.451+0000] {processor.py:179} INFO - Processing /home/airflow/.local/lib/python3.8/site-packages/airflow/example_dags/example_sla_dag.py took 0.200 seconds
[2023-09-05T06:32:30.802+0000] {processor.py:157} INFO - Started process (PID=571) to work on /home/airflow/.local/lib/python3.8/site-packages/airflow/example_dags/example_sla_dag.py
[2023-09-05T06:32:30.803+0000] {processor.py:829} INFO - Processing file /home/airflow/.local/lib/python3.8/site-packages/airflow/example_dags/example_sla_dag.py for tasks to queue
[2023-09-05T06:32:30.805+0000] {logging_mixin.py:151} INFO - [2023-09-05T06:32:30.804+0000] {dagbag.py:539} INFO - Filling up the DagBag from /home/airflow/.local/lib/python3.8/site-packages/airflow/example_dags/example_sla_dag.py
[2023-09-05T06:32:30.816+0000] {processor.py:839} INFO - DAG(s) dict_keys(['example_sla_dag']) retrieved from /home/airflow/.local/lib/python3.8/site-packages/airflow/example_dags/example_sla_dag.py
[2023-09-05T06:32:30.831+0000] {logging_mixin.py:151} INFO - [2023-09-05T06:32:30.831+0000] {dag.py:2907} INFO - Sync 1 DAGs
[2023-09-05T06:32:30.874+0000] {logging_mixin.py:151} INFO - [2023-09-05T06:32:30.874+0000] {dag.py:3677} INFO - Setting next_dagrun for example_sla_dag to 2023-09-05T06:30:00+00:00, run_after=2023-09-05T06:32:00+00:00
[2023-09-05T06:32:30.896+0000] {processor.py:179} INFO - Processing /home/airflow/.local/lib/python3.8/site-packages/airflow/example_dags/example_sla_dag.py took 0.097 seconds
[2023-09-05T06:33:01.680+0000] {processor.py:157} INFO - Started process (PID=808) to work on /home/airflow/.local/lib/python3.8/site-packages/airflow/example_dags/example_sla_dag.py
[2023-09-05T06:33:01.682+0000] {processor.py:829} INFO - Processing file /home/airflow/.local/lib/python3.8/site-packages/airflow/example_dags/example_sla_dag.py for tasks to queue
[2023-09-05T06:33:01.683+0000] {logging_mixin.py:151} INFO - [2023-09-05T06:33:01.683+0000] {dagbag.py:539} INFO - Filling up the DagBag from /home/airflow/.local/lib/python3.8/site-packages/airflow/example_dags/example_sla_dag.py
[2023-09-05T06:33:01.692+0000] {processor.py:839} INFO - DAG(s) dict_keys(['example_sla_dag']) retrieved from /home/airflow/.local/lib/python3.8/site-packages/airflow/example_dags/example_sla_dag.py
[2023-09-05T06:33:01.704+0000] {logging_mixin.py:151} INFO - [2023-09-05T06:33:01.704+0000] {dag.py:2907} INFO - Sync 1 DAGs
[2023-09-05T06:33:01.744+0000] {logging_mixin.py:151} INFO - [2023-09-05T06:33:01.743+0000] {dag.py:3677} INFO - Setting next_dagrun for example_sla_dag to 2023-09-05T06:30:00+00:00, run_after=2023-09-05T06:32:00+00:00
[2023-09-05T06:33:01.776+0000] {processor.py:179} INFO - Processing /home/airflow/.local/lib/python3.8/site-packages/airflow/example_dags/example_sla_dag.py took 0.099 seconds
[2023-09-05T06:33:32.513+0000] {processor.py:157} INFO - Started process (PID=1046) to work on /home/airflow/.local/lib/python3.8/site-packages/airflow/example_dags/example_sla_dag.py
[2023-09-05T06:33:32.517+0000] {processor.py:829} INFO - Processing file /home/airflow/.local/lib/python3.8/site-packages/airflow/example_dags/example_sla_dag.py for tasks to queue
[2023-09-05T06:33:32.519+0000] {logging_mixin.py:151} INFO - [2023-09-05T06:33:32.519+0000] {dagbag.py:539} INFO - Filling up the DagBag from /home/airflow/.local/lib/python3.8/site-packages/airflow/example_dags/example_sla_dag.py
[2023-09-05T06:33:32.530+0000] {processor.py:839} INFO - DAG(s) dict_keys(['example_sla_dag']) retrieved from /home/airflow/.local/lib/python3.8/site-packages/airflow/example_dags/example_sla_dag.py
[2023-09-05T06:33:32.561+0000] {logging_mixin.py:151} INFO - [2023-09-05T06:33:32.561+0000] {dag.py:2907} INFO - Sync 1 DAGs
[2023-09-05T06:33:32.589+0000] {logging_mixin.py:151} INFO - [2023-09-05T06:33:32.589+0000] {dag.py:3677} INFO - Setting next_dagrun for example_sla_dag to 2023-09-05T06:30:00+00:00, run_after=2023-09-05T06:32:00+00:00
[2023-09-05T06:33:32.612+0000] {processor.py:179} INFO - Processing /home/airflow/.local/lib/python3.8/site-packages/airflow/example_dags/example_sla_dag.py took 0.102 seconds
[2023-09-05T06:34:02.940+0000] {processor.py:157} INFO - Started process (PID=1284) to work on /home/airflow/.local/lib/python3.8/site-packages/airflow/example_dags/example_sla_dag.py
[2023-09-05T06:34:02.941+0000] {processor.py:829} INFO - Processing file /home/airflow/.local/lib/python3.8/site-packages/airflow/example_dags/example_sla_dag.py for tasks to queue
[2023-09-05T06:34:02.942+0000] {logging_mixin.py:151} INFO - [2023-09-05T06:34:02.942+0000] {dagbag.py:539} INFO - Filling up the DagBag from /home/airflow/.local/lib/python3.8/site-packages/airflow/example_dags/example_sla_dag.py
[2023-09-05T06:34:02.955+0000] {processor.py:839} INFO - DAG(s) dict_keys(['example_sla_dag']) retrieved from /home/airflow/.local/lib/python3.8/site-packages/airflow/example_dags/example_sla_dag.py
[2023-09-05T06:34:02.988+0000] {logging_mixin.py:151} INFO - [2023-09-05T06:34:02.987+0000] {dag.py:2907} INFO - Sync 1 DAGs
[2023-09-05T06:34:03.019+0000] {logging_mixin.py:151} INFO - [2023-09-05T06:34:03.019+0000] {dag.py:3677} INFO - Setting next_dagrun for example_sla_dag to 2023-09-05T06:32:00+00:00, run_after=2023-09-05T06:34:00+00:00
[2023-09-05T06:34:03.041+0000] {processor.py:179} INFO - Processing /home/airflow/.local/lib/python3.8/site-packages/airflow/example_dags/example_sla_dag.py took 0.105 seconds
[2023-09-05T06:34:33.391+0000] {processor.py:157} INFO - Started process (PID=1522) to work on /home/airflow/.local/lib/python3.8/site-packages/airflow/example_dags/example_sla_dag.py
[2023-09-05T06:34:33.392+0000] {processor.py:829} INFO - Processing file /home/airflow/.local/lib/python3.8/site-packages/airflow/example_dags/example_sla_dag.py for tasks to queue
[2023-09-05T06:34:33.395+0000] {logging_mixin.py:151} INFO - [2023-09-05T06:34:33.395+0000] {dagbag.py:539} INFO - Filling up the DagBag from /home/airflow/.local/lib/python3.8/site-packages/airflow/example_dags/example_sla_dag.py
[2023-09-05T06:34:33.408+0000] {processor.py:839} INFO - DAG(s) dict_keys(['example_sla_dag']) retrieved from /home/airflow/.local/lib/python3.8/site-packages/airflow/example_dags/example_sla_dag.py
[2023-09-05T06:34:33.436+0000] {logging_mixin.py:151} INFO - [2023-09-05T06:34:33.436+0000] {dag.py:2907} INFO - Sync 1 DAGs
[2023-09-05T06:34:33.469+0000] {logging_mixin.py:151} INFO - [2023-09-05T06:34:33.469+0000] {dag.py:3677} INFO - Setting next_dagrun for example_sla_dag to 2023-09-05T06:32:00+00:00, run_after=2023-09-05T06:34:00+00:00
[2023-09-05T06:34:33.524+0000] {processor.py:179} INFO - Processing /home/airflow/.local/lib/python3.8/site-packages/airflow/example_dags/example_sla_dag.py took 0.140 seconds
[2023-09-05T06:35:03.678+0000] {processor.py:157} INFO - Started process (PID=1760) to work on /home/airflow/.local/lib/python3.8/site-packages/airflow/example_dags/example_sla_dag.py
[2023-09-05T06:35:03.679+0000] {processor.py:829} INFO - Processing file /home/airflow/.local/lib/python3.8/site-packages/airflow/example_dags/example_sla_dag.py for tasks to queue
[2023-09-05T06:35:03.681+0000] {logging_mixin.py:151} INFO - [2023-09-05T06:35:03.680+0000] {dagbag.py:539} INFO - Filling up the DagBag from /home/airflow/.local/lib/python3.8/site-packages/airflow/example_dags/example_sla_dag.py
[2023-09-05T06:35:03.695+0000] {processor.py:839} INFO - DAG(s) dict_keys(['example_sla_dag']) retrieved from /home/airflow/.local/lib/python3.8/site-packages/airflow/example_dags/example_sla_dag.py
[2023-09-05T06:35:03.724+0000] {logging_mixin.py:151} INFO - [2023-09-05T06:35:03.723+0000] {dag.py:2907} INFO - Sync 1 DAGs
[2023-09-05T06:35:03.759+0000] {logging_mixin.py:151} INFO - [2023-09-05T06:35:03.759+0000] {dag.py:3677} INFO - Setting next_dagrun for example_sla_dag to 2023-09-05T06:32:00+00:00, run_after=2023-09-05T06:34:00+00:00
[2023-09-05T06:35:03.781+0000] {processor.py:179} INFO - Processing /home/airflow/.local/lib/python3.8/site-packages/airflow/example_dags/example_sla_dag.py took 0.106 seconds
[2023-09-05T06:35:34.465+0000] {processor.py:157} INFO - Started process (PID=1998) to work on /home/airflow/.local/lib/python3.8/site-packages/airflow/example_dags/example_sla_dag.py
[2023-09-05T06:35:34.468+0000] {processor.py:829} INFO - Processing file /home/airflow/.local/lib/python3.8/site-packages/airflow/example_dags/example_sla_dag.py for tasks to queue
[2023-09-05T06:35:34.470+0000] {logging_mixin.py:151} INFO - [2023-09-05T06:35:34.470+0000] {dagbag.py:539} INFO - Filling up the DagBag from /home/airflow/.local/lib/python3.8/site-packages/airflow/example_dags/example_sla_dag.py
[2023-09-05T06:35:34.483+0000] {processor.py:839} INFO - DAG(s) dict_keys(['example_sla_dag']) retrieved from /home/airflow/.local/lib/python3.8/site-packages/airflow/example_dags/example_sla_dag.py
[2023-09-05T06:35:34.513+0000] {logging_mixin.py:151} INFO - [2023-09-05T06:35:34.512+0000] {dag.py:2907} INFO - Sync 1 DAGs
[2023-09-05T06:35:34.550+0000] {logging_mixin.py:151} INFO - [2023-09-05T06:35:34.550+0000] {dag.py:3677} INFO - Setting next_dagrun for example_sla_dag to 2023-09-05T06:32:00+00:00, run_after=2023-09-05T06:34:00+00:00
[2023-09-05T06:35:34.592+0000] {processor.py:179} INFO - Processing /home/airflow/.local/lib/python3.8/site-packages/airflow/example_dags/example_sla_dag.py took 0.131 seconds
[2023-09-05T06:36:05.234+0000] {processor.py:157} INFO - Started process (PID=2238) to work on /home/airflow/.local/lib/python3.8/site-packages/airflow/example_dags/example_sla_dag.py
[2023-09-05T06:36:05.236+0000] {processor.py:829} INFO - Processing file /home/airflow/.local/lib/python3.8/site-packages/airflow/example_dags/example_sla_dag.py for tasks to queue
[2023-09-05T06:36:05.238+0000] {logging_mixin.py:151} INFO - [2023-09-05T06:36:05.238+0000] {dagbag.py:539} INFO - Filling up the DagBag from /home/airflow/.local/lib/python3.8/site-packages/airflow/example_dags/example_sla_dag.py
[2023-09-05T06:36:05.249+0000] {processor.py:839} INFO - DAG(s) dict_keys(['example_sla_dag']) retrieved from /home/airflow/.local/lib/python3.8/site-packages/airflow/example_dags/example_sla_dag.py
[2023-09-05T06:36:05.279+0000] {logging_mixin.py:151} INFO - [2023-09-05T06:36:05.279+0000] {dag.py:2907} INFO - Sync 1 DAGs
[2023-09-05T06:36:05.313+0000] {logging_mixin.py:151} INFO - [2023-09-05T06:36:05.312+0000] {dag.py:3677} INFO - Setting next_dagrun for example_sla_dag to 2023-09-05T06:34:00+00:00, run_after=2023-09-05T06:36:00+00:00
[2023-09-05T06:36:05.342+0000] {processor.py:179} INFO - Processing /home/airflow/.local/lib/python3.8/site-packages/airflow/example_dags/example_sla_dag.py took 0.114 seconds
