[2023-09-05T06:31:55.636+0000] {processor.py:157} INFO - Started process (PID=207) to work on /home/airflow/.local/lib/python3.8/site-packages/airflow/example_dags/example_branch_labels.py
[2023-09-05T06:31:55.639+0000] {processor.py:829} INFO - Processing file /home/airflow/.local/lib/python3.8/site-packages/airflow/example_dags/example_branch_labels.py for tasks to queue
[2023-09-05T06:31:55.643+0000] {logging_mixin.py:151} INFO - [2023-09-05T06:31:55.642+0000] {dagbag.py:539} INFO - Filling up the DagBag from /home/airflow/.local/lib/python3.8/site-packages/airflow/example_dags/example_branch_labels.py
[2023-09-05T06:31:55.672+0000] {processor.py:839} INFO - DAG(s) dict_keys(['example_branch_labels']) retrieved from /home/airflow/.local/lib/python3.8/site-packages/airflow/example_dags/example_branch_labels.py
[2023-09-05T06:31:55.782+0000] {logging_mixin.py:151} INFO - [2023-09-05T06:31:55.781+0000] {dag.py:2907} INFO - Sync 1 DAGs
[2023-09-05T06:31:55.853+0000] {logging_mixin.py:151} INFO - [2023-09-05T06:31:55.853+0000] {dag.py:3677} INFO - Setting next_dagrun for example_branch_labels to 2023-09-04T00:00:00+00:00, run_after=2023-09-05T00:00:00+00:00
[2023-09-05T06:31:55.907+0000] {processor.py:179} INFO - Processing /home/airflow/.local/lib/python3.8/site-packages/airflow/example_dags/example_branch_labels.py took 0.275 seconds
[2023-09-05T06:32:26.078+0000] {processor.py:157} INFO - Started process (PID=448) to work on /home/airflow/.local/lib/python3.8/site-packages/airflow/example_dags/example_branch_labels.py
[2023-09-05T06:32:26.079+0000] {processor.py:829} INFO - Processing file /home/airflow/.local/lib/python3.8/site-packages/airflow/example_dags/example_branch_labels.py for tasks to queue
[2023-09-05T06:32:26.080+0000] {logging_mixin.py:151} INFO - [2023-09-05T06:32:26.079+0000] {dagbag.py:539} INFO - Filling up the DagBag from /home/airflow/.local/lib/python3.8/site-packages/airflow/example_dags/example_branch_labels.py
[2023-09-05T06:32:26.088+0000] {processor.py:839} INFO - DAG(s) dict_keys(['example_branch_labels']) retrieved from /home/airflow/.local/lib/python3.8/site-packages/airflow/example_dags/example_branch_labels.py
[2023-09-05T06:32:26.099+0000] {logging_mixin.py:151} INFO - [2023-09-05T06:32:26.098+0000] {dag.py:2907} INFO - Sync 1 DAGs
[2023-09-05T06:32:26.122+0000] {logging_mixin.py:151} INFO - [2023-09-05T06:32:26.122+0000] {dag.py:3677} INFO - Setting next_dagrun for example_branch_labels to 2023-09-04T00:00:00+00:00, run_after=2023-09-05T00:00:00+00:00
[2023-09-05T06:32:26.139+0000] {processor.py:179} INFO - Processing /home/airflow/.local/lib/python3.8/site-packages/airflow/example_dags/example_branch_labels.py took 0.064 seconds
[2023-09-05T06:32:57.634+0000] {processor.py:157} INFO - Started process (PID=683) to work on /home/airflow/.local/lib/python3.8/site-packages/airflow/example_dags/example_branch_labels.py
[2023-09-05T06:32:57.635+0000] {processor.py:829} INFO - Processing file /home/airflow/.local/lib/python3.8/site-packages/airflow/example_dags/example_branch_labels.py for tasks to queue
[2023-09-05T06:32:57.637+0000] {logging_mixin.py:151} INFO - [2023-09-05T06:32:57.636+0000] {dagbag.py:539} INFO - Filling up the DagBag from /home/airflow/.local/lib/python3.8/site-packages/airflow/example_dags/example_branch_labels.py
[2023-09-05T06:32:57.651+0000] {processor.py:839} INFO - DAG(s) dict_keys(['example_branch_labels']) retrieved from /home/airflow/.local/lib/python3.8/site-packages/airflow/example_dags/example_branch_labels.py
[2023-09-05T06:32:57.671+0000] {logging_mixin.py:151} INFO - [2023-09-05T06:32:57.670+0000] {dag.py:2907} INFO - Sync 1 DAGs
[2023-09-05T06:32:57.714+0000] {logging_mixin.py:151} INFO - [2023-09-05T06:32:57.714+0000] {dag.py:3677} INFO - Setting next_dagrun for example_branch_labels to 2023-09-04T00:00:00+00:00, run_after=2023-09-05T00:00:00+00:00
[2023-09-05T06:32:57.768+0000] {processor.py:179} INFO - Processing /home/airflow/.local/lib/python3.8/site-packages/airflow/example_dags/example_branch_labels.py took 0.138 seconds
[2023-09-05T06:33:28.558+0000] {processor.py:157} INFO - Started process (PID=923) to work on /home/airflow/.local/lib/python3.8/site-packages/airflow/example_dags/example_branch_labels.py
[2023-09-05T06:33:28.559+0000] {processor.py:829} INFO - Processing file /home/airflow/.local/lib/python3.8/site-packages/airflow/example_dags/example_branch_labels.py for tasks to queue
[2023-09-05T06:33:28.560+0000] {logging_mixin.py:151} INFO - [2023-09-05T06:33:28.559+0000] {dagbag.py:539} INFO - Filling up the DagBag from /home/airflow/.local/lib/python3.8/site-packages/airflow/example_dags/example_branch_labels.py
[2023-09-05T06:33:28.570+0000] {processor.py:839} INFO - DAG(s) dict_keys(['example_branch_labels']) retrieved from /home/airflow/.local/lib/python3.8/site-packages/airflow/example_dags/example_branch_labels.py
[2023-09-05T06:33:28.736+0000] {logging_mixin.py:151} INFO - [2023-09-05T06:33:28.735+0000] {dag.py:2907} INFO - Sync 1 DAGs
[2023-09-05T06:33:28.765+0000] {logging_mixin.py:151} INFO - [2023-09-05T06:33:28.764+0000] {dag.py:3677} INFO - Setting next_dagrun for example_branch_labels to 2023-09-04T00:00:00+00:00, run_after=2023-09-05T00:00:00+00:00
[2023-09-05T06:33:28.788+0000] {processor.py:179} INFO - Processing /home/airflow/.local/lib/python3.8/site-packages/airflow/example_dags/example_branch_labels.py took 0.234 seconds
[2023-09-05T06:33:59.945+0000] {processor.py:157} INFO - Started process (PID=1161) to work on /home/airflow/.local/lib/python3.8/site-packages/airflow/example_dags/example_branch_labels.py
[2023-09-05T06:33:59.946+0000] {processor.py:829} INFO - Processing file /home/airflow/.local/lib/python3.8/site-packages/airflow/example_dags/example_branch_labels.py for tasks to queue
[2023-09-05T06:33:59.947+0000] {logging_mixin.py:151} INFO - [2023-09-05T06:33:59.947+0000] {dagbag.py:539} INFO - Filling up the DagBag from /home/airflow/.local/lib/python3.8/site-packages/airflow/example_dags/example_branch_labels.py
[2023-09-05T06:33:59.957+0000] {processor.py:839} INFO - DAG(s) dict_keys(['example_branch_labels']) retrieved from /home/airflow/.local/lib/python3.8/site-packages/airflow/example_dags/example_branch_labels.py
[2023-09-05T06:33:59.981+0000] {logging_mixin.py:151} INFO - [2023-09-05T06:33:59.981+0000] {dag.py:2907} INFO - Sync 1 DAGs
[2023-09-05T06:34:00.012+0000] {logging_mixin.py:151} INFO - [2023-09-05T06:34:00.012+0000] {dag.py:3677} INFO - Setting next_dagrun for example_branch_labels to 2023-09-04T00:00:00+00:00, run_after=2023-09-05T00:00:00+00:00
[2023-09-05T06:34:00.042+0000] {processor.py:179} INFO - Processing /home/airflow/.local/lib/python3.8/site-packages/airflow/example_dags/example_branch_labels.py took 0.101 seconds
[2023-09-05T06:34:30.476+0000] {processor.py:157} INFO - Started process (PID=1397) to work on /home/airflow/.local/lib/python3.8/site-packages/airflow/example_dags/example_branch_labels.py
[2023-09-05T06:34:30.477+0000] {processor.py:829} INFO - Processing file /home/airflow/.local/lib/python3.8/site-packages/airflow/example_dags/example_branch_labels.py for tasks to queue
[2023-09-05T06:34:30.478+0000] {logging_mixin.py:151} INFO - [2023-09-05T06:34:30.478+0000] {dagbag.py:539} INFO - Filling up the DagBag from /home/airflow/.local/lib/python3.8/site-packages/airflow/example_dags/example_branch_labels.py
[2023-09-05T06:34:30.487+0000] {processor.py:839} INFO - DAG(s) dict_keys(['example_branch_labels']) retrieved from /home/airflow/.local/lib/python3.8/site-packages/airflow/example_dags/example_branch_labels.py
[2023-09-05T06:34:30.514+0000] {logging_mixin.py:151} INFO - [2023-09-05T06:34:30.514+0000] {dag.py:2907} INFO - Sync 1 DAGs
[2023-09-05T06:34:30.547+0000] {logging_mixin.py:151} INFO - [2023-09-05T06:34:30.547+0000] {dag.py:3677} INFO - Setting next_dagrun for example_branch_labels to 2023-09-04T00:00:00+00:00, run_after=2023-09-05T00:00:00+00:00
[2023-09-05T06:34:30.568+0000] {processor.py:179} INFO - Processing /home/airflow/.local/lib/python3.8/site-packages/airflow/example_dags/example_branch_labels.py took 0.095 seconds
[2023-09-05T06:35:00.862+0000] {processor.py:157} INFO - Started process (PID=1635) to work on /home/airflow/.local/lib/python3.8/site-packages/airflow/example_dags/example_branch_labels.py
[2023-09-05T06:35:00.863+0000] {processor.py:829} INFO - Processing file /home/airflow/.local/lib/python3.8/site-packages/airflow/example_dags/example_branch_labels.py for tasks to queue
[2023-09-05T06:35:00.865+0000] {logging_mixin.py:151} INFO - [2023-09-05T06:35:00.864+0000] {dagbag.py:539} INFO - Filling up the DagBag from /home/airflow/.local/lib/python3.8/site-packages/airflow/example_dags/example_branch_labels.py
[2023-09-05T06:35:00.873+0000] {processor.py:839} INFO - DAG(s) dict_keys(['example_branch_labels']) retrieved from /home/airflow/.local/lib/python3.8/site-packages/airflow/example_dags/example_branch_labels.py
[2023-09-05T06:35:00.898+0000] {logging_mixin.py:151} INFO - [2023-09-05T06:35:00.898+0000] {dag.py:2907} INFO - Sync 1 DAGs
[2023-09-05T06:35:00.927+0000] {logging_mixin.py:151} INFO - [2023-09-05T06:35:00.927+0000] {dag.py:3677} INFO - Setting next_dagrun for example_branch_labels to 2023-09-04T00:00:00+00:00, run_after=2023-09-05T00:00:00+00:00
[2023-09-05T06:35:00.951+0000] {processor.py:179} INFO - Processing /home/airflow/.local/lib/python3.8/site-packages/airflow/example_dags/example_branch_labels.py took 0.093 seconds
[2023-09-05T06:35:32.036+0000] {processor.py:157} INFO - Started process (PID=1873) to work on /home/airflow/.local/lib/python3.8/site-packages/airflow/example_dags/example_branch_labels.py
[2023-09-05T06:35:32.038+0000] {processor.py:829} INFO - Processing file /home/airflow/.local/lib/python3.8/site-packages/airflow/example_dags/example_branch_labels.py for tasks to queue
[2023-09-05T06:35:32.039+0000] {logging_mixin.py:151} INFO - [2023-09-05T06:35:32.038+0000] {dagbag.py:539} INFO - Filling up the DagBag from /home/airflow/.local/lib/python3.8/site-packages/airflow/example_dags/example_branch_labels.py
[2023-09-05T06:35:32.048+0000] {processor.py:839} INFO - DAG(s) dict_keys(['example_branch_labels']) retrieved from /home/airflow/.local/lib/python3.8/site-packages/airflow/example_dags/example_branch_labels.py
[2023-09-05T06:35:32.078+0000] {logging_mixin.py:151} INFO - [2023-09-05T06:35:32.078+0000] {dag.py:2907} INFO - Sync 1 DAGs
[2023-09-05T06:35:32.111+0000] {logging_mixin.py:151} INFO - [2023-09-05T06:35:32.111+0000] {dag.py:3677} INFO - Setting next_dagrun for example_branch_labels to 2023-09-04T00:00:00+00:00, run_after=2023-09-05T00:00:00+00:00
[2023-09-05T06:35:32.142+0000] {processor.py:179} INFO - Processing /home/airflow/.local/lib/python3.8/site-packages/airflow/example_dags/example_branch_labels.py took 0.110 seconds
[2023-09-05T06:36:02.926+0000] {processor.py:157} INFO - Started process (PID=2111) to work on /home/airflow/.local/lib/python3.8/site-packages/airflow/example_dags/example_branch_labels.py
[2023-09-05T06:36:02.928+0000] {processor.py:829} INFO - Processing file /home/airflow/.local/lib/python3.8/site-packages/airflow/example_dags/example_branch_labels.py for tasks to queue
[2023-09-05T06:36:02.930+0000] {logging_mixin.py:151} INFO - [2023-09-05T06:36:02.929+0000] {dagbag.py:539} INFO - Filling up the DagBag from /home/airflow/.local/lib/python3.8/site-packages/airflow/example_dags/example_branch_labels.py
[2023-09-05T06:36:02.940+0000] {processor.py:839} INFO - DAG(s) dict_keys(['example_branch_labels']) retrieved from /home/airflow/.local/lib/python3.8/site-packages/airflow/example_dags/example_branch_labels.py
[2023-09-05T06:36:02.972+0000] {logging_mixin.py:151} INFO - [2023-09-05T06:36:02.972+0000] {dag.py:2907} INFO - Sync 1 DAGs
[2023-09-05T06:36:03.019+0000] {logging_mixin.py:151} INFO - [2023-09-05T06:36:03.019+0000] {dag.py:3677} INFO - Setting next_dagrun for example_branch_labels to 2023-09-04T00:00:00+00:00, run_after=2023-09-05T00:00:00+00:00
[2023-09-05T06:36:03.047+0000] {processor.py:179} INFO - Processing /home/airflow/.local/lib/python3.8/site-packages/airflow/example_dags/example_branch_labels.py took 0.125 seconds
