[2023-09-05T06:31:59.958+0000] {processor.py:157} INFO - Started process (PID=322) to work on /home/airflow/.local/lib/python3.8/site-packages/airflow/example_dags/example_latest_only_with_trigger.py
[2023-09-05T06:31:59.967+0000] {processor.py:829} INFO - Processing file /home/airflow/.local/lib/python3.8/site-packages/airflow/example_dags/example_latest_only_with_trigger.py for tasks to queue
[2023-09-05T06:31:59.971+0000] {logging_mixin.py:151} INFO - [2023-09-05T06:31:59.971+0000] {dagbag.py:539} INFO - Filling up the DagBag from /home/airflow/.local/lib/python3.8/site-packages/airflow/example_dags/example_latest_only_with_trigger.py
[2023-09-05T06:31:59.982+0000] {processor.py:839} INFO - DAG(s) dict_keys(['latest_only_with_trigger']) retrieved from /home/airflow/.local/lib/python3.8/site-packages/airflow/example_dags/example_latest_only_with_trigger.py
[2023-09-05T06:32:00.046+0000] {logging_mixin.py:151} INFO - [2023-09-05T06:32:00.045+0000] {dag.py:2907} INFO - Sync 1 DAGs
[2023-09-05T06:32:00.112+0000] {logging_mixin.py:151} INFO - [2023-09-05T06:32:00.112+0000] {dag.py:3677} INFO - Setting next_dagrun for latest_only_with_trigger to 2023-09-05T02:32:00.111685+00:00, run_after=2023-09-05T06:32:00.111685+00:00
[2023-09-05T06:32:00.166+0000] {processor.py:179} INFO - Processing /home/airflow/.local/lib/python3.8/site-packages/airflow/example_dags/example_latest_only_with_trigger.py took 0.212 seconds
[2023-09-05T06:32:30.684+0000] {processor.py:157} INFO - Started process (PID=561) to work on /home/airflow/.local/lib/python3.8/site-packages/airflow/example_dags/example_latest_only_with_trigger.py
[2023-09-05T06:32:30.686+0000] {processor.py:829} INFO - Processing file /home/airflow/.local/lib/python3.8/site-packages/airflow/example_dags/example_latest_only_with_trigger.py for tasks to queue
[2023-09-05T06:32:30.687+0000] {logging_mixin.py:151} INFO - [2023-09-05T06:32:30.686+0000] {dagbag.py:539} INFO - Filling up the DagBag from /home/airflow/.local/lib/python3.8/site-packages/airflow/example_dags/example_latest_only_with_trigger.py
[2023-09-05T06:32:30.695+0000] {processor.py:839} INFO - DAG(s) dict_keys(['latest_only_with_trigger']) retrieved from /home/airflow/.local/lib/python3.8/site-packages/airflow/example_dags/example_latest_only_with_trigger.py
[2023-09-05T06:32:30.709+0000] {logging_mixin.py:151} INFO - [2023-09-05T06:32:30.709+0000] {dag.py:2907} INFO - Sync 1 DAGs
[2023-09-05T06:32:30.745+0000] {logging_mixin.py:151} INFO - [2023-09-05T06:32:30.745+0000] {dag.py:3677} INFO - Setting next_dagrun for latest_only_with_trigger to 2023-09-05T02:32:30.745008+00:00, run_after=2023-09-05T06:32:30.745008+00:00
[2023-09-05T06:32:30.767+0000] {processor.py:179} INFO - Processing /home/airflow/.local/lib/python3.8/site-packages/airflow/example_dags/example_latest_only_with_trigger.py took 0.087 seconds
[2023-09-05T06:33:01.556+0000] {processor.py:157} INFO - Started process (PID=798) to work on /home/airflow/.local/lib/python3.8/site-packages/airflow/example_dags/example_latest_only_with_trigger.py
[2023-09-05T06:33:01.558+0000] {processor.py:829} INFO - Processing file /home/airflow/.local/lib/python3.8/site-packages/airflow/example_dags/example_latest_only_with_trigger.py for tasks to queue
[2023-09-05T06:33:01.559+0000] {logging_mixin.py:151} INFO - [2023-09-05T06:33:01.559+0000] {dagbag.py:539} INFO - Filling up the DagBag from /home/airflow/.local/lib/python3.8/site-packages/airflow/example_dags/example_latest_only_with_trigger.py
[2023-09-05T06:33:01.565+0000] {processor.py:839} INFO - DAG(s) dict_keys(['latest_only_with_trigger']) retrieved from /home/airflow/.local/lib/python3.8/site-packages/airflow/example_dags/example_latest_only_with_trigger.py
[2023-09-05T06:33:01.578+0000] {logging_mixin.py:151} INFO - [2023-09-05T06:33:01.578+0000] {dag.py:2907} INFO - Sync 1 DAGs
[2023-09-05T06:33:01.605+0000] {logging_mixin.py:151} INFO - [2023-09-05T06:33:01.605+0000] {dag.py:3677} INFO - Setting next_dagrun for latest_only_with_trigger to 2023-09-05T02:33:01.604862+00:00, run_after=2023-09-05T06:33:01.604862+00:00
[2023-09-05T06:33:01.638+0000] {processor.py:179} INFO - Processing /home/airflow/.local/lib/python3.8/site-packages/airflow/example_dags/example_latest_only_with_trigger.py took 0.085 seconds
[2023-09-05T06:33:32.392+0000] {processor.py:157} INFO - Started process (PID=1036) to work on /home/airflow/.local/lib/python3.8/site-packages/airflow/example_dags/example_latest_only_with_trigger.py
[2023-09-05T06:33:32.393+0000] {processor.py:829} INFO - Processing file /home/airflow/.local/lib/python3.8/site-packages/airflow/example_dags/example_latest_only_with_trigger.py for tasks to queue
[2023-09-05T06:33:32.394+0000] {logging_mixin.py:151} INFO - [2023-09-05T06:33:32.394+0000] {dagbag.py:539} INFO - Filling up the DagBag from /home/airflow/.local/lib/python3.8/site-packages/airflow/example_dags/example_latest_only_with_trigger.py
[2023-09-05T06:33:32.403+0000] {processor.py:839} INFO - DAG(s) dict_keys(['latest_only_with_trigger']) retrieved from /home/airflow/.local/lib/python3.8/site-packages/airflow/example_dags/example_latest_only_with_trigger.py
[2023-09-05T06:33:32.430+0000] {logging_mixin.py:151} INFO - [2023-09-05T06:33:32.429+0000] {dag.py:2907} INFO - Sync 1 DAGs
[2023-09-05T06:33:32.454+0000] {logging_mixin.py:151} INFO - [2023-09-05T06:33:32.454+0000] {dag.py:3677} INFO - Setting next_dagrun for latest_only_with_trigger to 2023-09-05T02:33:32.454370+00:00, run_after=2023-09-05T06:33:32.454370+00:00
[2023-09-05T06:33:32.476+0000] {processor.py:179} INFO - Processing /home/airflow/.local/lib/python3.8/site-packages/airflow/example_dags/example_latest_only_with_trigger.py took 0.090 seconds
[2023-09-05T06:34:02.797+0000] {processor.py:157} INFO - Started process (PID=1274) to work on /home/airflow/.local/lib/python3.8/site-packages/airflow/example_dags/example_latest_only_with_trigger.py
[2023-09-05T06:34:02.799+0000] {processor.py:829} INFO - Processing file /home/airflow/.local/lib/python3.8/site-packages/airflow/example_dags/example_latest_only_with_trigger.py for tasks to queue
[2023-09-05T06:34:02.801+0000] {logging_mixin.py:151} INFO - [2023-09-05T06:34:02.801+0000] {dagbag.py:539} INFO - Filling up the DagBag from /home/airflow/.local/lib/python3.8/site-packages/airflow/example_dags/example_latest_only_with_trigger.py
[2023-09-05T06:34:02.809+0000] {processor.py:839} INFO - DAG(s) dict_keys(['latest_only_with_trigger']) retrieved from /home/airflow/.local/lib/python3.8/site-packages/airflow/example_dags/example_latest_only_with_trigger.py
[2023-09-05T06:34:02.834+0000] {logging_mixin.py:151} INFO - [2023-09-05T06:34:02.834+0000] {dag.py:2907} INFO - Sync 1 DAGs
[2023-09-05T06:34:02.864+0000] {logging_mixin.py:151} INFO - [2023-09-05T06:34:02.864+0000] {dag.py:3677} INFO - Setting next_dagrun for latest_only_with_trigger to 2023-09-05T02:34:02.864236+00:00, run_after=2023-09-05T06:34:02.864236+00:00
[2023-09-05T06:34:02.889+0000] {processor.py:179} INFO - Processing /home/airflow/.local/lib/python3.8/site-packages/airflow/example_dags/example_latest_only_with_trigger.py took 0.096 seconds
[2023-09-05T06:34:33.237+0000] {processor.py:157} INFO - Started process (PID=1512) to work on /home/airflow/.local/lib/python3.8/site-packages/airflow/example_dags/example_latest_only_with_trigger.py
[2023-09-05T06:34:33.239+0000] {processor.py:829} INFO - Processing file /home/airflow/.local/lib/python3.8/site-packages/airflow/example_dags/example_latest_only_with_trigger.py for tasks to queue
[2023-09-05T06:34:33.240+0000] {logging_mixin.py:151} INFO - [2023-09-05T06:34:33.240+0000] {dagbag.py:539} INFO - Filling up the DagBag from /home/airflow/.local/lib/python3.8/site-packages/airflow/example_dags/example_latest_only_with_trigger.py
[2023-09-05T06:34:33.250+0000] {processor.py:839} INFO - DAG(s) dict_keys(['latest_only_with_trigger']) retrieved from /home/airflow/.local/lib/python3.8/site-packages/airflow/example_dags/example_latest_only_with_trigger.py
[2023-09-05T06:34:33.279+0000] {logging_mixin.py:151} INFO - [2023-09-05T06:34:33.279+0000] {dag.py:2907} INFO - Sync 1 DAGs
[2023-09-05T06:34:33.309+0000] {logging_mixin.py:151} INFO - [2023-09-05T06:34:33.309+0000] {dag.py:3677} INFO - Setting next_dagrun for latest_only_with_trigger to 2023-09-05T02:34:33.309217+00:00, run_after=2023-09-05T06:34:33.309217+00:00
[2023-09-05T06:34:33.335+0000] {processor.py:179} INFO - Processing /home/airflow/.local/lib/python3.8/site-packages/airflow/example_dags/example_latest_only_with_trigger.py took 0.101 seconds
[2023-09-05T06:35:03.543+0000] {processor.py:157} INFO - Started process (PID=1750) to work on /home/airflow/.local/lib/python3.8/site-packages/airflow/example_dags/example_latest_only_with_trigger.py
[2023-09-05T06:35:03.545+0000] {processor.py:829} INFO - Processing file /home/airflow/.local/lib/python3.8/site-packages/airflow/example_dags/example_latest_only_with_trigger.py for tasks to queue
[2023-09-05T06:35:03.546+0000] {logging_mixin.py:151} INFO - [2023-09-05T06:35:03.546+0000] {dagbag.py:539} INFO - Filling up the DagBag from /home/airflow/.local/lib/python3.8/site-packages/airflow/example_dags/example_latest_only_with_trigger.py
[2023-09-05T06:35:03.554+0000] {processor.py:839} INFO - DAG(s) dict_keys(['latest_only_with_trigger']) retrieved from /home/airflow/.local/lib/python3.8/site-packages/airflow/example_dags/example_latest_only_with_trigger.py
[2023-09-05T06:35:03.582+0000] {logging_mixin.py:151} INFO - [2023-09-05T06:35:03.582+0000] {dag.py:2907} INFO - Sync 1 DAGs
[2023-09-05T06:35:03.615+0000] {logging_mixin.py:151} INFO - [2023-09-05T06:35:03.615+0000] {dag.py:3677} INFO - Setting next_dagrun for latest_only_with_trigger to 2023-09-05T02:35:03.615441+00:00, run_after=2023-09-05T06:35:03.615441+00:00
[2023-09-05T06:35:03.639+0000] {processor.py:179} INFO - Processing /home/airflow/.local/lib/python3.8/site-packages/airflow/example_dags/example_latest_only_with_trigger.py took 0.099 seconds
[2023-09-05T06:35:34.358+0000] {processor.py:157} INFO - Started process (PID=1990) to work on /home/airflow/.local/lib/python3.8/site-packages/airflow/example_dags/example_latest_only_with_trigger.py
[2023-09-05T06:35:34.359+0000] {processor.py:829} INFO - Processing file /home/airflow/.local/lib/python3.8/site-packages/airflow/example_dags/example_latest_only_with_trigger.py for tasks to queue
[2023-09-05T06:35:34.360+0000] {logging_mixin.py:151} INFO - [2023-09-05T06:35:34.360+0000] {dagbag.py:539} INFO - Filling up the DagBag from /home/airflow/.local/lib/python3.8/site-packages/airflow/example_dags/example_latest_only_with_trigger.py
[2023-09-05T06:35:34.367+0000] {processor.py:839} INFO - DAG(s) dict_keys(['latest_only_with_trigger']) retrieved from /home/airflow/.local/lib/python3.8/site-packages/airflow/example_dags/example_latest_only_with_trigger.py
[2023-09-05T06:35:34.386+0000] {logging_mixin.py:151} INFO - [2023-09-05T06:35:34.386+0000] {dag.py:2907} INFO - Sync 1 DAGs
[2023-09-05T06:35:34.405+0000] {logging_mixin.py:151} INFO - [2023-09-05T06:35:34.405+0000] {dag.py:3677} INFO - Setting next_dagrun for latest_only_with_trigger to 2023-09-05T02:35:34.404727+00:00, run_after=2023-09-05T06:35:34.404727+00:00
[2023-09-05T06:35:34.423+0000] {processor.py:179} INFO - Processing /home/airflow/.local/lib/python3.8/site-packages/airflow/example_dags/example_latest_only_with_trigger.py took 0.068 seconds
[2023-09-05T06:36:05.069+0000] {processor.py:157} INFO - Started process (PID=2226) to work on /home/airflow/.local/lib/python3.8/site-packages/airflow/example_dags/example_latest_only_with_trigger.py
[2023-09-05T06:36:05.071+0000] {processor.py:829} INFO - Processing file /home/airflow/.local/lib/python3.8/site-packages/airflow/example_dags/example_latest_only_with_trigger.py for tasks to queue
[2023-09-05T06:36:05.074+0000] {logging_mixin.py:151} INFO - [2023-09-05T06:36:05.073+0000] {dagbag.py:539} INFO - Filling up the DagBag from /home/airflow/.local/lib/python3.8/site-packages/airflow/example_dags/example_latest_only_with_trigger.py
[2023-09-05T06:36:05.082+0000] {processor.py:839} INFO - DAG(s) dict_keys(['latest_only_with_trigger']) retrieved from /home/airflow/.local/lib/python3.8/site-packages/airflow/example_dags/example_latest_only_with_trigger.py
[2023-09-05T06:36:05.106+0000] {logging_mixin.py:151} INFO - [2023-09-05T06:36:05.106+0000] {dag.py:2907} INFO - Sync 1 DAGs
[2023-09-05T06:36:05.136+0000] {logging_mixin.py:151} INFO - [2023-09-05T06:36:05.136+0000] {dag.py:3677} INFO - Setting next_dagrun for latest_only_with_trigger to 2023-09-05T02:36:05.136190+00:00, run_after=2023-09-05T06:36:05.136190+00:00
[2023-09-05T06:36:05.159+0000] {processor.py:179} INFO - Processing /home/airflow/.local/lib/python3.8/site-packages/airflow/example_dags/example_latest_only_with_trigger.py took 0.099 seconds
