[2023-09-05T06:32:00.339+0000] {processor.py:157} INFO - Started process (PID=337) to work on /home/airflow/.local/lib/python3.8/site-packages/airflow/example_dags/example_branch_datetime_operator.py
[2023-09-05T06:32:00.341+0000] {processor.py:829} INFO - Processing file /home/airflow/.local/lib/python3.8/site-packages/airflow/example_dags/example_branch_datetime_operator.py for tasks to queue
[2023-09-05T06:32:00.344+0000] {logging_mixin.py:151} INFO - [2023-09-05T06:32:00.343+0000] {dagbag.py:539} INFO - Filling up the DagBag from /home/airflow/.local/lib/python3.8/site-packages/airflow/example_dags/example_branch_datetime_operator.py
[2023-09-05T06:32:00.389+0000] {processor.py:839} INFO - DAG(s) dict_keys(['example_branch_datetime_operator_2', 'example_branch_datetime_operator_3', 'example_branch_datetime_operator']) retrieved from /home/airflow/.local/lib/python3.8/site-packages/airflow/example_dags/example_branch_datetime_operator.py
[2023-09-05T06:32:00.470+0000] {logging_mixin.py:151} INFO - [2023-09-05T06:32:00.470+0000] {dag.py:2907} INFO - Sync 3 DAGs
[2023-09-05T06:32:00.517+0000] {logging_mixin.py:151} INFO - [2023-09-05T06:32:00.516+0000] {dag.py:3677} INFO - Setting next_dagrun for example_branch_datetime_operator to 2023-09-04T00:00:00+00:00, run_after=2023-09-05T00:00:00+00:00
[2023-09-05T06:32:00.525+0000] {logging_mixin.py:151} INFO - [2023-09-05T06:32:00.525+0000] {dag.py:3677} INFO - Setting next_dagrun for example_branch_datetime_operator_2 to 2023-09-04T00:00:00+00:00, run_after=2023-09-05T00:00:00+00:00
[2023-09-05T06:32:00.531+0000] {logging_mixin.py:151} INFO - [2023-09-05T06:32:00.530+0000] {dag.py:3677} INFO - Setting next_dagrun for example_branch_datetime_operator_3 to 2023-09-04T00:00:00+00:00, run_after=2023-09-05T00:00:00+00:00
[2023-09-05T06:32:00.560+0000] {processor.py:179} INFO - Processing /home/airflow/.local/lib/python3.8/site-packages/airflow/example_dags/example_branch_datetime_operator.py took 0.224 seconds
[2023-09-05T06:32:30.848+0000] {processor.py:157} INFO - Started process (PID=576) to work on /home/airflow/.local/lib/python3.8/site-packages/airflow/example_dags/example_branch_datetime_operator.py
[2023-09-05T06:32:30.849+0000] {processor.py:829} INFO - Processing file /home/airflow/.local/lib/python3.8/site-packages/airflow/example_dags/example_branch_datetime_operator.py for tasks to queue
[2023-09-05T06:32:30.852+0000] {logging_mixin.py:151} INFO - [2023-09-05T06:32:30.851+0000] {dagbag.py:539} INFO - Filling up the DagBag from /home/airflow/.local/lib/python3.8/site-packages/airflow/example_dags/example_branch_datetime_operator.py
[2023-09-05T06:32:30.867+0000] {processor.py:839} INFO - DAG(s) dict_keys(['example_branch_datetime_operator_3', 'example_branch_datetime_operator_2', 'example_branch_datetime_operator']) retrieved from /home/airflow/.local/lib/python3.8/site-packages/airflow/example_dags/example_branch_datetime_operator.py
[2023-09-05T06:32:30.883+0000] {logging_mixin.py:151} INFO - [2023-09-05T06:32:30.883+0000] {dag.py:2907} INFO - Sync 3 DAGs
[2023-09-05T06:32:30.920+0000] {logging_mixin.py:151} INFO - [2023-09-05T06:32:30.920+0000] {dag.py:3677} INFO - Setting next_dagrun for example_branch_datetime_operator to 2023-09-04T00:00:00+00:00, run_after=2023-09-05T00:00:00+00:00
[2023-09-05T06:32:30.927+0000] {logging_mixin.py:151} INFO - [2023-09-05T06:32:30.927+0000] {dag.py:3677} INFO - Setting next_dagrun for example_branch_datetime_operator_2 to 2023-09-04T00:00:00+00:00, run_after=2023-09-05T00:00:00+00:00
[2023-09-05T06:32:30.931+0000] {logging_mixin.py:151} INFO - [2023-09-05T06:32:30.931+0000] {dag.py:3677} INFO - Setting next_dagrun for example_branch_datetime_operator_3 to 2023-09-04T00:00:00+00:00, run_after=2023-09-05T00:00:00+00:00
[2023-09-05T06:32:30.951+0000] {processor.py:179} INFO - Processing /home/airflow/.local/lib/python3.8/site-packages/airflow/example_dags/example_branch_datetime_operator.py took 0.108 seconds
[2023-09-05T06:33:01.756+0000] {processor.py:157} INFO - Started process (PID=813) to work on /home/airflow/.local/lib/python3.8/site-packages/airflow/example_dags/example_branch_datetime_operator.py
[2023-09-05T06:33:01.759+0000] {processor.py:829} INFO - Processing file /home/airflow/.local/lib/python3.8/site-packages/airflow/example_dags/example_branch_datetime_operator.py for tasks to queue
[2023-09-05T06:33:01.760+0000] {logging_mixin.py:151} INFO - [2023-09-05T06:33:01.760+0000] {dagbag.py:539} INFO - Filling up the DagBag from /home/airflow/.local/lib/python3.8/site-packages/airflow/example_dags/example_branch_datetime_operator.py
[2023-09-05T06:33:01.773+0000] {processor.py:839} INFO - DAG(s) dict_keys(['example_branch_datetime_operator', 'example_branch_datetime_operator_2', 'example_branch_datetime_operator_3']) retrieved from /home/airflow/.local/lib/python3.8/site-packages/airflow/example_dags/example_branch_datetime_operator.py
[2023-09-05T06:33:01.799+0000] {logging_mixin.py:151} INFO - [2023-09-05T06:33:01.799+0000] {dag.py:2907} INFO - Sync 3 DAGs
[2023-09-05T06:33:01.830+0000] {logging_mixin.py:151} INFO - [2023-09-05T06:33:01.830+0000] {dag.py:3677} INFO - Setting next_dagrun for example_branch_datetime_operator to 2023-09-04T00:00:00+00:00, run_after=2023-09-05T00:00:00+00:00
[2023-09-05T06:33:01.836+0000] {logging_mixin.py:151} INFO - [2023-09-05T06:33:01.836+0000] {dag.py:3677} INFO - Setting next_dagrun for example_branch_datetime_operator_2 to 2023-09-04T00:00:00+00:00, run_after=2023-09-05T00:00:00+00:00
[2023-09-05T06:33:01.840+0000] {logging_mixin.py:151} INFO - [2023-09-05T06:33:01.840+0000] {dag.py:3677} INFO - Setting next_dagrun for example_branch_datetime_operator_3 to 2023-09-04T00:00:00+00:00, run_after=2023-09-05T00:00:00+00:00
[2023-09-05T06:33:01.991+0000] {processor.py:179} INFO - Processing /home/airflow/.local/lib/python3.8/site-packages/airflow/example_dags/example_branch_datetime_operator.py took 0.240 seconds
[2023-09-05T06:33:32.556+0000] {processor.py:157} INFO - Started process (PID=1051) to work on /home/airflow/.local/lib/python3.8/site-packages/airflow/example_dags/example_branch_datetime_operator.py
[2023-09-05T06:33:32.557+0000] {processor.py:829} INFO - Processing file /home/airflow/.local/lib/python3.8/site-packages/airflow/example_dags/example_branch_datetime_operator.py for tasks to queue
[2023-09-05T06:33:32.559+0000] {logging_mixin.py:151} INFO - [2023-09-05T06:33:32.558+0000] {dagbag.py:539} INFO - Filling up the DagBag from /home/airflow/.local/lib/python3.8/site-packages/airflow/example_dags/example_branch_datetime_operator.py
[2023-09-05T06:33:32.571+0000] {processor.py:839} INFO - DAG(s) dict_keys(['example_branch_datetime_operator', 'example_branch_datetime_operator_2', 'example_branch_datetime_operator_3']) retrieved from /home/airflow/.local/lib/python3.8/site-packages/airflow/example_dags/example_branch_datetime_operator.py
[2023-09-05T06:33:32.608+0000] {logging_mixin.py:151} INFO - [2023-09-05T06:33:32.608+0000] {dag.py:2907} INFO - Sync 3 DAGs
[2023-09-05T06:33:32.640+0000] {logging_mixin.py:151} INFO - [2023-09-05T06:33:32.639+0000] {dag.py:3677} INFO - Setting next_dagrun for example_branch_datetime_operator to 2023-09-04T00:00:00+00:00, run_after=2023-09-05T00:00:00+00:00
[2023-09-05T06:33:32.646+0000] {logging_mixin.py:151} INFO - [2023-09-05T06:33:32.646+0000] {dag.py:3677} INFO - Setting next_dagrun for example_branch_datetime_operator_2 to 2023-09-04T00:00:00+00:00, run_after=2023-09-05T00:00:00+00:00
[2023-09-05T06:33:32.651+0000] {logging_mixin.py:151} INFO - [2023-09-05T06:33:32.651+0000] {dag.py:3677} INFO - Setting next_dagrun for example_branch_datetime_operator_3 to 2023-09-04T00:00:00+00:00, run_after=2023-09-05T00:00:00+00:00
[2023-09-05T06:33:32.674+0000] {processor.py:179} INFO - Processing /home/airflow/.local/lib/python3.8/site-packages/airflow/example_dags/example_branch_datetime_operator.py took 0.121 seconds
[2023-09-05T06:34:02.987+0000] {processor.py:157} INFO - Started process (PID=1289) to work on /home/airflow/.local/lib/python3.8/site-packages/airflow/example_dags/example_branch_datetime_operator.py
[2023-09-05T06:34:02.989+0000] {processor.py:829} INFO - Processing file /home/airflow/.local/lib/python3.8/site-packages/airflow/example_dags/example_branch_datetime_operator.py for tasks to queue
[2023-09-05T06:34:02.990+0000] {logging_mixin.py:151} INFO - [2023-09-05T06:34:02.990+0000] {dagbag.py:539} INFO - Filling up the DagBag from /home/airflow/.local/lib/python3.8/site-packages/airflow/example_dags/example_branch_datetime_operator.py
[2023-09-05T06:34:03.006+0000] {processor.py:839} INFO - DAG(s) dict_keys(['example_branch_datetime_operator', 'example_branch_datetime_operator_3', 'example_branch_datetime_operator_2']) retrieved from /home/airflow/.local/lib/python3.8/site-packages/airflow/example_dags/example_branch_datetime_operator.py
[2023-09-05T06:34:03.044+0000] {logging_mixin.py:151} INFO - [2023-09-05T06:34:03.044+0000] {dag.py:2907} INFO - Sync 3 DAGs
[2023-09-05T06:34:03.076+0000] {logging_mixin.py:151} INFO - [2023-09-05T06:34:03.076+0000] {dag.py:3677} INFO - Setting next_dagrun for example_branch_datetime_operator to 2023-09-04T00:00:00+00:00, run_after=2023-09-05T00:00:00+00:00
[2023-09-05T06:34:03.085+0000] {logging_mixin.py:151} INFO - [2023-09-05T06:34:03.084+0000] {dag.py:3677} INFO - Setting next_dagrun for example_branch_datetime_operator_2 to 2023-09-04T00:00:00+00:00, run_after=2023-09-05T00:00:00+00:00
[2023-09-05T06:34:03.088+0000] {logging_mixin.py:151} INFO - [2023-09-05T06:34:03.088+0000] {dag.py:3677} INFO - Setting next_dagrun for example_branch_datetime_operator_3 to 2023-09-04T00:00:00+00:00, run_after=2023-09-05T00:00:00+00:00
[2023-09-05T06:34:03.109+0000] {processor.py:179} INFO - Processing /home/airflow/.local/lib/python3.8/site-packages/airflow/example_dags/example_branch_datetime_operator.py took 0.126 seconds
[2023-09-05T06:34:33.412+0000] {processor.py:157} INFO - Started process (PID=1527) to work on /home/airflow/.local/lib/python3.8/site-packages/airflow/example_dags/example_branch_datetime_operator.py
[2023-09-05T06:34:33.414+0000] {processor.py:829} INFO - Processing file /home/airflow/.local/lib/python3.8/site-packages/airflow/example_dags/example_branch_datetime_operator.py for tasks to queue
[2023-09-05T06:34:33.416+0000] {logging_mixin.py:151} INFO - [2023-09-05T06:34:33.415+0000] {dagbag.py:539} INFO - Filling up the DagBag from /home/airflow/.local/lib/python3.8/site-packages/airflow/example_dags/example_branch_datetime_operator.py
[2023-09-05T06:34:33.430+0000] {processor.py:839} INFO - DAG(s) dict_keys(['example_branch_datetime_operator', 'example_branch_datetime_operator_2', 'example_branch_datetime_operator_3']) retrieved from /home/airflow/.local/lib/python3.8/site-packages/airflow/example_dags/example_branch_datetime_operator.py
[2023-09-05T06:34:33.487+0000] {logging_mixin.py:151} INFO - [2023-09-05T06:34:33.486+0000] {dag.py:2907} INFO - Sync 3 DAGs
[2023-09-05T06:34:33.564+0000] {logging_mixin.py:151} INFO - [2023-09-05T06:34:33.563+0000] {dag.py:3677} INFO - Setting next_dagrun for example_branch_datetime_operator to 2023-09-04T00:00:00+00:00, run_after=2023-09-05T00:00:00+00:00
[2023-09-05T06:34:33.571+0000] {logging_mixin.py:151} INFO - [2023-09-05T06:34:33.571+0000] {dag.py:3677} INFO - Setting next_dagrun for example_branch_datetime_operator_2 to 2023-09-04T00:00:00+00:00, run_after=2023-09-05T00:00:00+00:00
[2023-09-05T06:34:33.587+0000] {logging_mixin.py:151} INFO - [2023-09-05T06:34:33.587+0000] {dag.py:3677} INFO - Setting next_dagrun for example_branch_datetime_operator_3 to 2023-09-04T00:00:00+00:00, run_after=2023-09-05T00:00:00+00:00
[2023-09-05T06:34:33.664+0000] {processor.py:179} INFO - Processing /home/airflow/.local/lib/python3.8/site-packages/airflow/example_dags/example_branch_datetime_operator.py took 0.257 seconds
[2023-09-05T06:35:03.738+0000] {processor.py:157} INFO - Started process (PID=1765) to work on /home/airflow/.local/lib/python3.8/site-packages/airflow/example_dags/example_branch_datetime_operator.py
[2023-09-05T06:35:03.740+0000] {processor.py:829} INFO - Processing file /home/airflow/.local/lib/python3.8/site-packages/airflow/example_dags/example_branch_datetime_operator.py for tasks to queue
[2023-09-05T06:35:03.741+0000] {logging_mixin.py:151} INFO - [2023-09-05T06:35:03.741+0000] {dagbag.py:539} INFO - Filling up the DagBag from /home/airflow/.local/lib/python3.8/site-packages/airflow/example_dags/example_branch_datetime_operator.py
[2023-09-05T06:35:03.752+0000] {processor.py:839} INFO - DAG(s) dict_keys(['example_branch_datetime_operator_3', 'example_branch_datetime_operator_2', 'example_branch_datetime_operator']) retrieved from /home/airflow/.local/lib/python3.8/site-packages/airflow/example_dags/example_branch_datetime_operator.py
[2023-09-05T06:35:03.784+0000] {logging_mixin.py:151} INFO - [2023-09-05T06:35:03.783+0000] {dag.py:2907} INFO - Sync 3 DAGs
[2023-09-05T06:35:03.813+0000] {logging_mixin.py:151} INFO - [2023-09-05T06:35:03.813+0000] {dag.py:3677} INFO - Setting next_dagrun for example_branch_datetime_operator to 2023-09-04T00:00:00+00:00, run_after=2023-09-05T00:00:00+00:00
[2023-09-05T06:35:03.818+0000] {logging_mixin.py:151} INFO - [2023-09-05T06:35:03.817+0000] {dag.py:3677} INFO - Setting next_dagrun for example_branch_datetime_operator_2 to 2023-09-04T00:00:00+00:00, run_after=2023-09-05T00:00:00+00:00
[2023-09-05T06:35:03.821+0000] {logging_mixin.py:151} INFO - [2023-09-05T06:35:03.821+0000] {dag.py:3677} INFO - Setting next_dagrun for example_branch_datetime_operator_3 to 2023-09-04T00:00:00+00:00, run_after=2023-09-05T00:00:00+00:00
[2023-09-05T06:35:03.836+0000] {processor.py:179} INFO - Processing /home/airflow/.local/lib/python3.8/site-packages/airflow/example_dags/example_branch_datetime_operator.py took 0.101 seconds
[2023-09-05T06:35:34.614+0000] {processor.py:157} INFO - Started process (PID=2003) to work on /home/airflow/.local/lib/python3.8/site-packages/airflow/example_dags/example_branch_datetime_operator.py
[2023-09-05T06:35:34.619+0000] {processor.py:829} INFO - Processing file /home/airflow/.local/lib/python3.8/site-packages/airflow/example_dags/example_branch_datetime_operator.py for tasks to queue
[2023-09-05T06:35:34.627+0000] {logging_mixin.py:151} INFO - [2023-09-05T06:35:34.626+0000] {dagbag.py:539} INFO - Filling up the DagBag from /home/airflow/.local/lib/python3.8/site-packages/airflow/example_dags/example_branch_datetime_operator.py
[2023-09-05T06:35:34.646+0000] {processor.py:839} INFO - DAG(s) dict_keys(['example_branch_datetime_operator', 'example_branch_datetime_operator_2', 'example_branch_datetime_operator_3']) retrieved from /home/airflow/.local/lib/python3.8/site-packages/airflow/example_dags/example_branch_datetime_operator.py
[2023-09-05T06:35:34.698+0000] {logging_mixin.py:151} INFO - [2023-09-05T06:35:34.698+0000] {dag.py:2907} INFO - Sync 3 DAGs
[2023-09-05T06:35:34.739+0000] {logging_mixin.py:151} INFO - [2023-09-05T06:35:34.739+0000] {dag.py:3677} INFO - Setting next_dagrun for example_branch_datetime_operator to 2023-09-04T00:00:00+00:00, run_after=2023-09-05T00:00:00+00:00
[2023-09-05T06:35:34.748+0000] {logging_mixin.py:151} INFO - [2023-09-05T06:35:34.748+0000] {dag.py:3677} INFO - Setting next_dagrun for example_branch_datetime_operator_2 to 2023-09-04T00:00:00+00:00, run_after=2023-09-05T00:00:00+00:00
[2023-09-05T06:35:34.760+0000] {logging_mixin.py:151} INFO - [2023-09-05T06:35:34.760+0000] {dag.py:3677} INFO - Setting next_dagrun for example_branch_datetime_operator_3 to 2023-09-04T00:00:00+00:00, run_after=2023-09-05T00:00:00+00:00
[2023-09-05T06:35:34.808+0000] {processor.py:179} INFO - Processing /home/airflow/.local/lib/python3.8/site-packages/airflow/example_dags/example_branch_datetime_operator.py took 0.198 seconds
[2023-09-05T06:36:05.238+0000] {processor.py:157} INFO - Started process (PID=2241) to work on /home/airflow/.local/lib/python3.8/site-packages/airflow/example_dags/example_branch_datetime_operator.py
[2023-09-05T06:36:05.239+0000] {processor.py:829} INFO - Processing file /home/airflow/.local/lib/python3.8/site-packages/airflow/example_dags/example_branch_datetime_operator.py for tasks to queue
[2023-09-05T06:36:05.240+0000] {logging_mixin.py:151} INFO - [2023-09-05T06:36:05.240+0000] {dagbag.py:539} INFO - Filling up the DagBag from /home/airflow/.local/lib/python3.8/site-packages/airflow/example_dags/example_branch_datetime_operator.py
[2023-09-05T06:36:05.258+0000] {processor.py:839} INFO - DAG(s) dict_keys(['example_branch_datetime_operator_2', 'example_branch_datetime_operator_3', 'example_branch_datetime_operator']) retrieved from /home/airflow/.local/lib/python3.8/site-packages/airflow/example_dags/example_branch_datetime_operator.py
[2023-09-05T06:36:05.295+0000] {logging_mixin.py:151} INFO - [2023-09-05T06:36:05.295+0000] {dag.py:2907} INFO - Sync 3 DAGs
[2023-09-05T06:36:05.329+0000] {logging_mixin.py:151} INFO - [2023-09-05T06:36:05.329+0000] {dag.py:3677} INFO - Setting next_dagrun for example_branch_datetime_operator to 2023-09-04T00:00:00+00:00, run_after=2023-09-05T00:00:00+00:00
[2023-09-05T06:36:05.338+0000] {logging_mixin.py:151} INFO - [2023-09-05T06:36:05.338+0000] {dag.py:3677} INFO - Setting next_dagrun for example_branch_datetime_operator_2 to 2023-09-04T00:00:00+00:00, run_after=2023-09-05T00:00:00+00:00
[2023-09-05T06:36:05.342+0000] {logging_mixin.py:151} INFO - [2023-09-05T06:36:05.342+0000] {dag.py:3677} INFO - Setting next_dagrun for example_branch_datetime_operator_3 to 2023-09-04T00:00:00+00:00, run_after=2023-09-05T00:00:00+00:00
[2023-09-05T06:36:05.378+0000] {processor.py:179} INFO - Processing /home/airflow/.local/lib/python3.8/site-packages/airflow/example_dags/example_branch_datetime_operator.py took 0.145 seconds
