[2023-09-05T06:31:56.092+0000] {processor.py:157} INFO - Started process (PID=222) to work on /home/airflow/.local/lib/python3.8/site-packages/airflow/example_dags/example_short_circuit_operator.py
[2023-09-05T06:31:56.093+0000] {processor.py:829} INFO - Processing file /home/airflow/.local/lib/python3.8/site-packages/airflow/example_dags/example_short_circuit_operator.py for tasks to queue
[2023-09-05T06:31:56.095+0000] {logging_mixin.py:151} INFO - [2023-09-05T06:31:56.095+0000] {dagbag.py:539} INFO - Filling up the DagBag from /home/airflow/.local/lib/python3.8/site-packages/airflow/example_dags/example_short_circuit_operator.py
[2023-09-05T06:31:56.117+0000] {processor.py:839} INFO - DAG(s) dict_keys(['example_short_circuit_operator']) retrieved from /home/airflow/.local/lib/python3.8/site-packages/airflow/example_dags/example_short_circuit_operator.py
[2023-09-05T06:31:56.161+0000] {logging_mixin.py:151} INFO - [2023-09-05T06:31:56.159+0000] {dag.py:2907} INFO - Sync 1 DAGs
[2023-09-05T06:31:56.203+0000] {logging_mixin.py:151} INFO - [2023-09-05T06:31:56.203+0000] {dag.py:3677} INFO - Setting next_dagrun for example_short_circuit_operator to 2023-09-04T06:31:56.203247+00:00, run_after=2023-09-05T06:31:56.203247+00:00
[2023-09-05T06:31:56.249+0000] {processor.py:179} INFO - Processing /home/airflow/.local/lib/python3.8/site-packages/airflow/example_dags/example_short_circuit_operator.py took 0.161 seconds
[2023-09-05T06:32:26.316+0000] {processor.py:157} INFO - Started process (PID=461) to work on /home/airflow/.local/lib/python3.8/site-packages/airflow/example_dags/example_short_circuit_operator.py
[2023-09-05T06:32:26.318+0000] {processor.py:829} INFO - Processing file /home/airflow/.local/lib/python3.8/site-packages/airflow/example_dags/example_short_circuit_operator.py for tasks to queue
[2023-09-05T06:32:26.319+0000] {logging_mixin.py:151} INFO - [2023-09-05T06:32:26.319+0000] {dagbag.py:539} INFO - Filling up the DagBag from /home/airflow/.local/lib/python3.8/site-packages/airflow/example_dags/example_short_circuit_operator.py
[2023-09-05T06:32:26.329+0000] {processor.py:839} INFO - DAG(s) dict_keys(['example_short_circuit_operator']) retrieved from /home/airflow/.local/lib/python3.8/site-packages/airflow/example_dags/example_short_circuit_operator.py
[2023-09-05T06:32:26.342+0000] {logging_mixin.py:151} INFO - [2023-09-05T06:32:26.342+0000] {dag.py:2907} INFO - Sync 1 DAGs
[2023-09-05T06:32:26.362+0000] {logging_mixin.py:151} INFO - [2023-09-05T06:32:26.362+0000] {dag.py:3677} INFO - Setting next_dagrun for example_short_circuit_operator to 2023-09-04T06:32:26.362234+00:00, run_after=2023-09-05T06:32:26.362234+00:00
[2023-09-05T06:32:26.381+0000] {processor.py:179} INFO - Processing /home/airflow/.local/lib/python3.8/site-packages/airflow/example_dags/example_short_circuit_operator.py took 0.071 seconds
[2023-09-05T06:32:57.976+0000] {processor.py:157} INFO - Started process (PID=698) to work on /home/airflow/.local/lib/python3.8/site-packages/airflow/example_dags/example_short_circuit_operator.py
[2023-09-05T06:32:57.978+0000] {processor.py:829} INFO - Processing file /home/airflow/.local/lib/python3.8/site-packages/airflow/example_dags/example_short_circuit_operator.py for tasks to queue
[2023-09-05T06:32:57.981+0000] {logging_mixin.py:151} INFO - [2023-09-05T06:32:57.981+0000] {dagbag.py:539} INFO - Filling up the DagBag from /home/airflow/.local/lib/python3.8/site-packages/airflow/example_dags/example_short_circuit_operator.py
[2023-09-05T06:32:57.996+0000] {processor.py:839} INFO - DAG(s) dict_keys(['example_short_circuit_operator']) retrieved from /home/airflow/.local/lib/python3.8/site-packages/airflow/example_dags/example_short_circuit_operator.py
[2023-09-05T06:32:58.012+0000] {logging_mixin.py:151} INFO - [2023-09-05T06:32:58.012+0000] {dag.py:2907} INFO - Sync 1 DAGs
[2023-09-05T06:32:58.055+0000] {logging_mixin.py:151} INFO - [2023-09-05T06:32:58.055+0000] {dag.py:3677} INFO - Setting next_dagrun for example_short_circuit_operator to 2023-09-04T06:32:58.054977+00:00, run_after=2023-09-05T06:32:58.054977+00:00
[2023-09-05T06:32:58.095+0000] {processor.py:179} INFO - Processing /home/airflow/.local/lib/python3.8/site-packages/airflow/example_dags/example_short_circuit_operator.py took 0.128 seconds
[2023-09-05T06:33:29.171+0000] {processor.py:157} INFO - Started process (PID=936) to work on /home/airflow/.local/lib/python3.8/site-packages/airflow/example_dags/example_short_circuit_operator.py
[2023-09-05T06:33:29.173+0000] {processor.py:829} INFO - Processing file /home/airflow/.local/lib/python3.8/site-packages/airflow/example_dags/example_short_circuit_operator.py for tasks to queue
[2023-09-05T06:33:29.177+0000] {logging_mixin.py:151} INFO - [2023-09-05T06:33:29.174+0000] {dagbag.py:539} INFO - Filling up the DagBag from /home/airflow/.local/lib/python3.8/site-packages/airflow/example_dags/example_short_circuit_operator.py
[2023-09-05T06:33:29.414+0000] {processor.py:839} INFO - DAG(s) dict_keys(['example_short_circuit_operator']) retrieved from /home/airflow/.local/lib/python3.8/site-packages/airflow/example_dags/example_short_circuit_operator.py
[2023-09-05T06:33:29.437+0000] {logging_mixin.py:151} INFO - [2023-09-05T06:33:29.437+0000] {dag.py:2907} INFO - Sync 1 DAGs
[2023-09-05T06:33:29.459+0000] {logging_mixin.py:151} INFO - [2023-09-05T06:33:29.459+0000] {dag.py:3677} INFO - Setting next_dagrun for example_short_circuit_operator to 2023-09-04T06:33:29.458772+00:00, run_after=2023-09-05T06:33:29.458772+00:00
[2023-09-05T06:33:29.480+0000] {processor.py:179} INFO - Processing /home/airflow/.local/lib/python3.8/site-packages/airflow/example_dags/example_short_circuit_operator.py took 0.313 seconds
[2023-09-05T06:34:00.217+0000] {processor.py:157} INFO - Started process (PID=1174) to work on /home/airflow/.local/lib/python3.8/site-packages/airflow/example_dags/example_short_circuit_operator.py
[2023-09-05T06:34:00.218+0000] {processor.py:829} INFO - Processing file /home/airflow/.local/lib/python3.8/site-packages/airflow/example_dags/example_short_circuit_operator.py for tasks to queue
[2023-09-05T06:34:00.221+0000] {logging_mixin.py:151} INFO - [2023-09-05T06:34:00.220+0000] {dagbag.py:539} INFO - Filling up the DagBag from /home/airflow/.local/lib/python3.8/site-packages/airflow/example_dags/example_short_circuit_operator.py
[2023-09-05T06:34:00.233+0000] {processor.py:839} INFO - DAG(s) dict_keys(['example_short_circuit_operator']) retrieved from /home/airflow/.local/lib/python3.8/site-packages/airflow/example_dags/example_short_circuit_operator.py
[2023-09-05T06:34:00.266+0000] {logging_mixin.py:151} INFO - [2023-09-05T06:34:00.265+0000] {dag.py:2907} INFO - Sync 1 DAGs
[2023-09-05T06:34:00.296+0000] {logging_mixin.py:151} INFO - [2023-09-05T06:34:00.296+0000] {dag.py:3677} INFO - Setting next_dagrun for example_short_circuit_operator to 2023-09-04T06:34:00.295945+00:00, run_after=2023-09-05T06:34:00.295945+00:00
[2023-09-05T06:34:00.320+0000] {processor.py:179} INFO - Processing /home/airflow/.local/lib/python3.8/site-packages/airflow/example_dags/example_short_circuit_operator.py took 0.108 seconds
[2023-09-05T06:34:30.680+0000] {processor.py:157} INFO - Started process (PID=1412) to work on /home/airflow/.local/lib/python3.8/site-packages/airflow/example_dags/example_short_circuit_operator.py
[2023-09-05T06:34:30.682+0000] {processor.py:829} INFO - Processing file /home/airflow/.local/lib/python3.8/site-packages/airflow/example_dags/example_short_circuit_operator.py for tasks to queue
[2023-09-05T06:34:30.683+0000] {logging_mixin.py:151} INFO - [2023-09-05T06:34:30.682+0000] {dagbag.py:539} INFO - Filling up the DagBag from /home/airflow/.local/lib/python3.8/site-packages/airflow/example_dags/example_short_circuit_operator.py
[2023-09-05T06:34:30.697+0000] {processor.py:839} INFO - DAG(s) dict_keys(['example_short_circuit_operator']) retrieved from /home/airflow/.local/lib/python3.8/site-packages/airflow/example_dags/example_short_circuit_operator.py
[2023-09-05T06:34:30.728+0000] {logging_mixin.py:151} INFO - [2023-09-05T06:34:30.728+0000] {dag.py:2907} INFO - Sync 1 DAGs
[2023-09-05T06:34:30.758+0000] {logging_mixin.py:151} INFO - [2023-09-05T06:34:30.758+0000] {dag.py:3677} INFO - Setting next_dagrun for example_short_circuit_operator to 2023-09-04T06:34:30.757977+00:00, run_after=2023-09-05T06:34:30.757977+00:00
[2023-09-05T06:34:30.780+0000] {processor.py:179} INFO - Processing /home/airflow/.local/lib/python3.8/site-packages/airflow/example_dags/example_short_circuit_operator.py took 0.103 seconds
[2023-09-05T06:35:01.123+0000] {processor.py:157} INFO - Started process (PID=1650) to work on /home/airflow/.local/lib/python3.8/site-packages/airflow/example_dags/example_short_circuit_operator.py
[2023-09-05T06:35:01.124+0000] {processor.py:829} INFO - Processing file /home/airflow/.local/lib/python3.8/site-packages/airflow/example_dags/example_short_circuit_operator.py for tasks to queue
[2023-09-05T06:35:01.125+0000] {logging_mixin.py:151} INFO - [2023-09-05T06:35:01.125+0000] {dagbag.py:539} INFO - Filling up the DagBag from /home/airflow/.local/lib/python3.8/site-packages/airflow/example_dags/example_short_circuit_operator.py
[2023-09-05T06:35:01.136+0000] {processor.py:839} INFO - DAG(s) dict_keys(['example_short_circuit_operator']) retrieved from /home/airflow/.local/lib/python3.8/site-packages/airflow/example_dags/example_short_circuit_operator.py
[2023-09-05T06:35:01.169+0000] {logging_mixin.py:151} INFO - [2023-09-05T06:35:01.169+0000] {dag.py:2907} INFO - Sync 1 DAGs
[2023-09-05T06:35:01.195+0000] {logging_mixin.py:151} INFO - [2023-09-05T06:35:01.195+0000] {dag.py:3677} INFO - Setting next_dagrun for example_short_circuit_operator to 2023-09-04T06:35:01.195243+00:00, run_after=2023-09-05T06:35:01.195243+00:00
[2023-09-05T06:35:01.216+0000] {processor.py:179} INFO - Processing /home/airflow/.local/lib/python3.8/site-packages/airflow/example_dags/example_short_circuit_operator.py took 0.097 seconds
[2023-09-05T06:35:32.289+0000] {processor.py:157} INFO - Started process (PID=1888) to work on /home/airflow/.local/lib/python3.8/site-packages/airflow/example_dags/example_short_circuit_operator.py
[2023-09-05T06:35:32.290+0000] {processor.py:829} INFO - Processing file /home/airflow/.local/lib/python3.8/site-packages/airflow/example_dags/example_short_circuit_operator.py for tasks to queue
[2023-09-05T06:35:32.293+0000] {logging_mixin.py:151} INFO - [2023-09-05T06:35:32.292+0000] {dagbag.py:539} INFO - Filling up the DagBag from /home/airflow/.local/lib/python3.8/site-packages/airflow/example_dags/example_short_circuit_operator.py
[2023-09-05T06:35:32.306+0000] {processor.py:839} INFO - DAG(s) dict_keys(['example_short_circuit_operator']) retrieved from /home/airflow/.local/lib/python3.8/site-packages/airflow/example_dags/example_short_circuit_operator.py
[2023-09-05T06:35:32.336+0000] {logging_mixin.py:151} INFO - [2023-09-05T06:35:32.335+0000] {dag.py:2907} INFO - Sync 1 DAGs
[2023-09-05T06:35:32.370+0000] {logging_mixin.py:151} INFO - [2023-09-05T06:35:32.369+0000] {dag.py:3677} INFO - Setting next_dagrun for example_short_circuit_operator to 2023-09-04T06:35:32.369667+00:00, run_after=2023-09-05T06:35:32.369667+00:00
[2023-09-05T06:35:32.396+0000] {processor.py:179} INFO - Processing /home/airflow/.local/lib/python3.8/site-packages/airflow/example_dags/example_short_circuit_operator.py took 0.116 seconds
[2023-09-05T06:36:03.187+0000] {processor.py:157} INFO - Started process (PID=2126) to work on /home/airflow/.local/lib/python3.8/site-packages/airflow/example_dags/example_short_circuit_operator.py
[2023-09-05T06:36:03.189+0000] {processor.py:829} INFO - Processing file /home/airflow/.local/lib/python3.8/site-packages/airflow/example_dags/example_short_circuit_operator.py for tasks to queue
[2023-09-05T06:36:03.191+0000] {logging_mixin.py:151} INFO - [2023-09-05T06:36:03.190+0000] {dagbag.py:539} INFO - Filling up the DagBag from /home/airflow/.local/lib/python3.8/site-packages/airflow/example_dags/example_short_circuit_operator.py
[2023-09-05T06:36:03.209+0000] {processor.py:839} INFO - DAG(s) dict_keys(['example_short_circuit_operator']) retrieved from /home/airflow/.local/lib/python3.8/site-packages/airflow/example_dags/example_short_circuit_operator.py
[2023-09-05T06:36:03.242+0000] {logging_mixin.py:151} INFO - [2023-09-05T06:36:03.241+0000] {dag.py:2907} INFO - Sync 1 DAGs
[2023-09-05T06:36:03.271+0000] {logging_mixin.py:151} INFO - [2023-09-05T06:36:03.271+0000] {dag.py:3677} INFO - Setting next_dagrun for example_short_circuit_operator to 2023-09-04T06:36:03.271214+00:00, run_after=2023-09-05T06:36:03.271214+00:00
[2023-09-05T06:36:03.303+0000] {processor.py:179} INFO - Processing /home/airflow/.local/lib/python3.8/site-packages/airflow/example_dags/example_short_circuit_operator.py took 0.120 seconds
