[2023-09-05T06:31:53.144+0000] {processor.py:157} INFO - Started process (PID=177) to work on /home/airflow/.local/lib/python3.8/site-packages/airflow/example_dags/example_xcomargs.py
[2023-09-05T06:31:53.148+0000] {processor.py:829} INFO - Processing file /home/airflow/.local/lib/python3.8/site-packages/airflow/example_dags/example_xcomargs.py for tasks to queue
[2023-09-05T06:31:53.151+0000] {logging_mixin.py:151} INFO - [2023-09-05T06:31:53.150+0000] {dagbag.py:539} INFO - Filling up the DagBag from /home/airflow/.local/lib/python3.8/site-packages/airflow/example_dags/example_xcomargs.py
[2023-09-05T06:31:53.199+0000] {processor.py:839} INFO - DAG(s) dict_keys(['example_xcom_args', 'example_xcom_args_with_operators']) retrieved from /home/airflow/.local/lib/python3.8/site-packages/airflow/example_dags/example_xcomargs.py
[2023-09-05T06:31:53.363+0000] {logging_mixin.py:151} INFO - [2023-09-05T06:31:53.363+0000] {dag.py:2907} INFO - Sync 2 DAGs
[2023-09-05T06:31:53.417+0000] {logging_mixin.py:151} INFO - [2023-09-05T06:31:53.417+0000] {dag.py:3677} INFO - Setting next_dagrun for example_xcom_args to None, run_after=None
[2023-09-05T06:31:53.435+0000] {logging_mixin.py:151} INFO - [2023-09-05T06:31:53.435+0000] {dag.py:3677} INFO - Setting next_dagrun for example_xcom_args_with_operators to None, run_after=None
[2023-09-05T06:31:53.488+0000] {processor.py:179} INFO - Processing /home/airflow/.local/lib/python3.8/site-packages/airflow/example_dags/example_xcomargs.py took 0.352 seconds
[2023-09-05T06:32:24.219+0000] {processor.py:157} INFO - Started process (PID=413) to work on /home/airflow/.local/lib/python3.8/site-packages/airflow/example_dags/example_xcomargs.py
[2023-09-05T06:32:24.221+0000] {processor.py:829} INFO - Processing file /home/airflow/.local/lib/python3.8/site-packages/airflow/example_dags/example_xcomargs.py for tasks to queue
[2023-09-05T06:32:24.222+0000] {logging_mixin.py:151} INFO - [2023-09-05T06:32:24.222+0000] {dagbag.py:539} INFO - Filling up the DagBag from /home/airflow/.local/lib/python3.8/site-packages/airflow/example_dags/example_xcomargs.py
[2023-09-05T06:32:24.232+0000] {processor.py:839} INFO - DAG(s) dict_keys(['example_xcom_args', 'example_xcom_args_with_operators']) retrieved from /home/airflow/.local/lib/python3.8/site-packages/airflow/example_dags/example_xcomargs.py
[2023-09-05T06:32:24.244+0000] {logging_mixin.py:151} INFO - [2023-09-05T06:32:24.244+0000] {dag.py:2907} INFO - Sync 2 DAGs
[2023-09-05T06:32:24.257+0000] {logging_mixin.py:151} INFO - [2023-09-05T06:32:24.257+0000] {dag.py:3677} INFO - Setting next_dagrun for example_xcom_args to None, run_after=None
[2023-09-05T06:32:24.261+0000] {logging_mixin.py:151} INFO - [2023-09-05T06:32:24.261+0000] {dag.py:3677} INFO - Setting next_dagrun for example_xcom_args_with_operators to None, run_after=None
[2023-09-05T06:32:24.279+0000] {processor.py:179} INFO - Processing /home/airflow/.local/lib/python3.8/site-packages/airflow/example_dags/example_xcomargs.py took 0.063 seconds
[2023-09-05T06:32:54.611+0000] {processor.py:157} INFO - Started process (PID=650) to work on /home/airflow/.local/lib/python3.8/site-packages/airflow/example_dags/example_xcomargs.py
[2023-09-05T06:32:54.613+0000] {processor.py:829} INFO - Processing file /home/airflow/.local/lib/python3.8/site-packages/airflow/example_dags/example_xcomargs.py for tasks to queue
[2023-09-05T06:32:54.614+0000] {logging_mixin.py:151} INFO - [2023-09-05T06:32:54.614+0000] {dagbag.py:539} INFO - Filling up the DagBag from /home/airflow/.local/lib/python3.8/site-packages/airflow/example_dags/example_xcomargs.py
[2023-09-05T06:32:54.626+0000] {processor.py:839} INFO - DAG(s) dict_keys(['example_xcom_args', 'example_xcom_args_with_operators']) retrieved from /home/airflow/.local/lib/python3.8/site-packages/airflow/example_dags/example_xcomargs.py
[2023-09-05T06:32:54.643+0000] {logging_mixin.py:151} INFO - [2023-09-05T06:32:54.643+0000] {dag.py:2907} INFO - Sync 2 DAGs
[2023-09-05T06:32:54.664+0000] {logging_mixin.py:151} INFO - [2023-09-05T06:32:54.664+0000] {dag.py:3677} INFO - Setting next_dagrun for example_xcom_args to None, run_after=None
[2023-09-05T06:32:54.670+0000] {logging_mixin.py:151} INFO - [2023-09-05T06:32:54.670+0000] {dag.py:3677} INFO - Setting next_dagrun for example_xcom_args_with_operators to None, run_after=None
[2023-09-05T06:32:54.697+0000] {processor.py:179} INFO - Processing /home/airflow/.local/lib/python3.8/site-packages/airflow/example_dags/example_xcomargs.py took 0.089 seconds
[2023-09-05T06:33:25.153+0000] {processor.py:157} INFO - Started process (PID=888) to work on /home/airflow/.local/lib/python3.8/site-packages/airflow/example_dags/example_xcomargs.py
[2023-09-05T06:33:25.154+0000] {processor.py:829} INFO - Processing file /home/airflow/.local/lib/python3.8/site-packages/airflow/example_dags/example_xcomargs.py for tasks to queue
[2023-09-05T06:33:25.155+0000] {logging_mixin.py:151} INFO - [2023-09-05T06:33:25.155+0000] {dagbag.py:539} INFO - Filling up the DagBag from /home/airflow/.local/lib/python3.8/site-packages/airflow/example_dags/example_xcomargs.py
[2023-09-05T06:33:25.164+0000] {processor.py:839} INFO - DAG(s) dict_keys(['example_xcom_args', 'example_xcom_args_with_operators']) retrieved from /home/airflow/.local/lib/python3.8/site-packages/airflow/example_dags/example_xcomargs.py
[2023-09-05T06:33:25.185+0000] {logging_mixin.py:151} INFO - [2023-09-05T06:33:25.184+0000] {dag.py:2907} INFO - Sync 2 DAGs
[2023-09-05T06:33:25.301+0000] {logging_mixin.py:151} INFO - [2023-09-05T06:33:25.300+0000] {dag.py:3677} INFO - Setting next_dagrun for example_xcom_args to None, run_after=None
[2023-09-05T06:33:25.305+0000] {logging_mixin.py:151} INFO - [2023-09-05T06:33:25.305+0000] {dag.py:3677} INFO - Setting next_dagrun for example_xcom_args_with_operators to None, run_after=None
[2023-09-05T06:33:25.332+0000] {processor.py:179} INFO - Processing /home/airflow/.local/lib/python3.8/site-packages/airflow/example_dags/example_xcomargs.py took 0.183 seconds
[2023-09-05T06:33:55.722+0000] {processor.py:157} INFO - Started process (PID=1126) to work on /home/airflow/.local/lib/python3.8/site-packages/airflow/example_dags/example_xcomargs.py
[2023-09-05T06:33:55.723+0000] {processor.py:829} INFO - Processing file /home/airflow/.local/lib/python3.8/site-packages/airflow/example_dags/example_xcomargs.py for tasks to queue
[2023-09-05T06:33:55.724+0000] {logging_mixin.py:151} INFO - [2023-09-05T06:33:55.724+0000] {dagbag.py:539} INFO - Filling up the DagBag from /home/airflow/.local/lib/python3.8/site-packages/airflow/example_dags/example_xcomargs.py
[2023-09-05T06:33:55.741+0000] {processor.py:839} INFO - DAG(s) dict_keys(['example_xcom_args_with_operators', 'example_xcom_args']) retrieved from /home/airflow/.local/lib/python3.8/site-packages/airflow/example_dags/example_xcomargs.py
[2023-09-05T06:33:55.769+0000] {logging_mixin.py:151} INFO - [2023-09-05T06:33:55.769+0000] {dag.py:2907} INFO - Sync 2 DAGs
[2023-09-05T06:33:55.786+0000] {logging_mixin.py:151} INFO - [2023-09-05T06:33:55.786+0000] {dag.py:3677} INFO - Setting next_dagrun for example_xcom_args to None, run_after=None
[2023-09-05T06:33:55.790+0000] {logging_mixin.py:151} INFO - [2023-09-05T06:33:55.790+0000] {dag.py:3677} INFO - Setting next_dagrun for example_xcom_args_with_operators to None, run_after=None
[2023-09-05T06:33:55.809+0000] {processor.py:179} INFO - Processing /home/airflow/.local/lib/python3.8/site-packages/airflow/example_dags/example_xcomargs.py took 0.092 seconds
[2023-09-05T06:34:26.254+0000] {processor.py:157} INFO - Started process (PID=1364) to work on /home/airflow/.local/lib/python3.8/site-packages/airflow/example_dags/example_xcomargs.py
[2023-09-05T06:34:26.256+0000] {processor.py:829} INFO - Processing file /home/airflow/.local/lib/python3.8/site-packages/airflow/example_dags/example_xcomargs.py for tasks to queue
[2023-09-05T06:34:26.257+0000] {logging_mixin.py:151} INFO - [2023-09-05T06:34:26.257+0000] {dagbag.py:539} INFO - Filling up the DagBag from /home/airflow/.local/lib/python3.8/site-packages/airflow/example_dags/example_xcomargs.py
[2023-09-05T06:34:26.268+0000] {processor.py:839} INFO - DAG(s) dict_keys(['example_xcom_args_with_operators', 'example_xcom_args']) retrieved from /home/airflow/.local/lib/python3.8/site-packages/airflow/example_dags/example_xcomargs.py
[2023-09-05T06:34:26.307+0000] {logging_mixin.py:151} INFO - [2023-09-05T06:34:26.307+0000] {dag.py:2907} INFO - Sync 2 DAGs
[2023-09-05T06:34:26.325+0000] {logging_mixin.py:151} INFO - [2023-09-05T06:34:26.324+0000] {dag.py:3677} INFO - Setting next_dagrun for example_xcom_args to None, run_after=None
[2023-09-05T06:34:26.330+0000] {logging_mixin.py:151} INFO - [2023-09-05T06:34:26.330+0000] {dag.py:3677} INFO - Setting next_dagrun for example_xcom_args_with_operators to None, run_after=None
[2023-09-05T06:34:26.355+0000] {processor.py:179} INFO - Processing /home/airflow/.local/lib/python3.8/site-packages/airflow/example_dags/example_xcomargs.py took 0.104 seconds
[2023-09-05T06:34:56.800+0000] {processor.py:157} INFO - Started process (PID=1602) to work on /home/airflow/.local/lib/python3.8/site-packages/airflow/example_dags/example_xcomargs.py
[2023-09-05T06:34:56.804+0000] {processor.py:829} INFO - Processing file /home/airflow/.local/lib/python3.8/site-packages/airflow/example_dags/example_xcomargs.py for tasks to queue
[2023-09-05T06:34:56.805+0000] {logging_mixin.py:151} INFO - [2023-09-05T06:34:56.804+0000] {dagbag.py:539} INFO - Filling up the DagBag from /home/airflow/.local/lib/python3.8/site-packages/airflow/example_dags/example_xcomargs.py
[2023-09-05T06:34:56.812+0000] {processor.py:839} INFO - DAG(s) dict_keys(['example_xcom_args', 'example_xcom_args_with_operators']) retrieved from /home/airflow/.local/lib/python3.8/site-packages/airflow/example_dags/example_xcomargs.py
[2023-09-05T06:34:56.835+0000] {logging_mixin.py:151} INFO - [2023-09-05T06:34:56.835+0000] {dag.py:2907} INFO - Sync 2 DAGs
[2023-09-05T06:34:56.846+0000] {logging_mixin.py:151} INFO - [2023-09-05T06:34:56.846+0000] {dag.py:3677} INFO - Setting next_dagrun for example_xcom_args to None, run_after=None
[2023-09-05T06:34:56.849+0000] {logging_mixin.py:151} INFO - [2023-09-05T06:34:56.849+0000] {dag.py:3677} INFO - Setting next_dagrun for example_xcom_args_with_operators to None, run_after=None
[2023-09-05T06:34:56.865+0000] {processor.py:179} INFO - Processing /home/airflow/.local/lib/python3.8/site-packages/airflow/example_dags/example_xcomargs.py took 0.068 seconds
[2023-09-05T06:35:27.162+0000] {processor.py:157} INFO - Started process (PID=1840) to work on /home/airflow/.local/lib/python3.8/site-packages/airflow/example_dags/example_xcomargs.py
[2023-09-05T06:35:27.163+0000] {processor.py:829} INFO - Processing file /home/airflow/.local/lib/python3.8/site-packages/airflow/example_dags/example_xcomargs.py for tasks to queue
[2023-09-05T06:35:27.165+0000] {logging_mixin.py:151} INFO - [2023-09-05T06:35:27.164+0000] {dagbag.py:539} INFO - Filling up the DagBag from /home/airflow/.local/lib/python3.8/site-packages/airflow/example_dags/example_xcomargs.py
[2023-09-05T06:35:27.173+0000] {processor.py:839} INFO - DAG(s) dict_keys(['example_xcom_args', 'example_xcom_args_with_operators']) retrieved from /home/airflow/.local/lib/python3.8/site-packages/airflow/example_dags/example_xcomargs.py
[2023-09-05T06:35:27.200+0000] {logging_mixin.py:151} INFO - [2023-09-05T06:35:27.200+0000] {dag.py:2907} INFO - Sync 2 DAGs
[2023-09-05T06:35:27.214+0000] {logging_mixin.py:151} INFO - [2023-09-05T06:35:27.213+0000] {dag.py:3677} INFO - Setting next_dagrun for example_xcom_args to None, run_after=None
[2023-09-05T06:35:27.218+0000] {logging_mixin.py:151} INFO - [2023-09-05T06:35:27.218+0000] {dag.py:3677} INFO - Setting next_dagrun for example_xcom_args_with_operators to None, run_after=None
[2023-09-05T06:35:27.239+0000] {processor.py:179} INFO - Processing /home/airflow/.local/lib/python3.8/site-packages/airflow/example_dags/example_xcomargs.py took 0.080 seconds
[2023-09-05T06:35:57.875+0000] {processor.py:157} INFO - Started process (PID=2078) to work on /home/airflow/.local/lib/python3.8/site-packages/airflow/example_dags/example_xcomargs.py
[2023-09-05T06:35:57.879+0000] {processor.py:829} INFO - Processing file /home/airflow/.local/lib/python3.8/site-packages/airflow/example_dags/example_xcomargs.py for tasks to queue
[2023-09-05T06:35:57.882+0000] {logging_mixin.py:151} INFO - [2023-09-05T06:35:57.881+0000] {dagbag.py:539} INFO - Filling up the DagBag from /home/airflow/.local/lib/python3.8/site-packages/airflow/example_dags/example_xcomargs.py
[2023-09-05T06:35:57.893+0000] {processor.py:839} INFO - DAG(s) dict_keys(['example_xcom_args_with_operators', 'example_xcom_args']) retrieved from /home/airflow/.local/lib/python3.8/site-packages/airflow/example_dags/example_xcomargs.py
[2023-09-05T06:35:57.919+0000] {logging_mixin.py:151} INFO - [2023-09-05T06:35:57.918+0000] {dag.py:2907} INFO - Sync 2 DAGs
[2023-09-05T06:35:57.932+0000] {logging_mixin.py:151} INFO - [2023-09-05T06:35:57.932+0000] {dag.py:3677} INFO - Setting next_dagrun for example_xcom_args to None, run_after=None
[2023-09-05T06:35:57.937+0000] {logging_mixin.py:151} INFO - [2023-09-05T06:35:57.936+0000] {dag.py:3677} INFO - Setting next_dagrun for example_xcom_args_with_operators to None, run_after=None
[2023-09-05T06:35:57.957+0000] {processor.py:179} INFO - Processing /home/airflow/.local/lib/python3.8/site-packages/airflow/example_dags/example_xcomargs.py took 0.095 seconds
[2023-09-05T06:36:28.337+0000] {processor.py:157} INFO - Started process (PID=2316) to work on /home/airflow/.local/lib/python3.8/site-packages/airflow/example_dags/example_xcomargs.py
[2023-09-05T06:36:28.338+0000] {processor.py:829} INFO - Processing file /home/airflow/.local/lib/python3.8/site-packages/airflow/example_dags/example_xcomargs.py for tasks to queue
[2023-09-05T06:36:28.341+0000] {logging_mixin.py:151} INFO - [2023-09-05T06:36:28.339+0000] {dagbag.py:539} INFO - Filling up the DagBag from /home/airflow/.local/lib/python3.8/site-packages/airflow/example_dags/example_xcomargs.py
[2023-09-05T06:36:28.355+0000] {processor.py:839} INFO - DAG(s) dict_keys(['example_xcom_args', 'example_xcom_args_with_operators']) retrieved from /home/airflow/.local/lib/python3.8/site-packages/airflow/example_dags/example_xcomargs.py
[2023-09-05T06:36:28.389+0000] {logging_mixin.py:151} INFO - [2023-09-05T06:36:28.388+0000] {dag.py:2907} INFO - Sync 2 DAGs
[2023-09-05T06:36:28.416+0000] {logging_mixin.py:151} INFO - [2023-09-05T06:36:28.416+0000] {dag.py:3677} INFO - Setting next_dagrun for example_xcom_args to None, run_after=None
[2023-09-05T06:36:28.421+0000] {logging_mixin.py:151} INFO - [2023-09-05T06:36:28.420+0000] {dag.py:3677} INFO - Setting next_dagrun for example_xcom_args_with_operators to None, run_after=None
[2023-09-05T06:36:28.444+0000] {processor.py:179} INFO - Processing /home/airflow/.local/lib/python3.8/site-packages/airflow/example_dags/example_xcomargs.py took 0.110 seconds
