[2023-09-05T06:31:59.830+0000] {processor.py:157} INFO - Started process (PID=317) to work on /home/airflow/.local/lib/python3.8/site-packages/airflow/example_dags/tutorial_dag.py
[2023-09-05T06:31:59.835+0000] {processor.py:829} INFO - Processing file /home/airflow/.local/lib/python3.8/site-packages/airflow/example_dags/tutorial_dag.py for tasks to queue
[2023-09-05T06:31:59.839+0000] {logging_mixin.py:151} INFO - [2023-09-05T06:31:59.838+0000] {dagbag.py:539} INFO - Filling up the DagBag from /home/airflow/.local/lib/python3.8/site-packages/airflow/example_dags/tutorial_dag.py
[2023-09-05T06:31:59.858+0000] {processor.py:839} INFO - DAG(s) dict_keys(['tutorial_dag']) retrieved from /home/airflow/.local/lib/python3.8/site-packages/airflow/example_dags/tutorial_dag.py
[2023-09-05T06:31:59.936+0000] {logging_mixin.py:151} INFO - [2023-09-05T06:31:59.936+0000] {dag.py:2907} INFO - Sync 1 DAGs
[2023-09-05T06:31:59.976+0000] {logging_mixin.py:151} INFO - [2023-09-05T06:31:59.975+0000] {dag.py:3677} INFO - Setting next_dagrun for tutorial_dag to None, run_after=None
[2023-09-05T06:32:00.020+0000] {processor.py:179} INFO - Processing /home/airflow/.local/lib/python3.8/site-packages/airflow/example_dags/tutorial_dag.py took 0.194 seconds
[2023-09-05T06:32:30.631+0000] {processor.py:157} INFO - Started process (PID=556) to work on /home/airflow/.local/lib/python3.8/site-packages/airflow/example_dags/tutorial_dag.py
[2023-09-05T06:32:30.633+0000] {processor.py:829} INFO - Processing file /home/airflow/.local/lib/python3.8/site-packages/airflow/example_dags/tutorial_dag.py for tasks to queue
[2023-09-05T06:32:30.634+0000] {logging_mixin.py:151} INFO - [2023-09-05T06:32:30.634+0000] {dagbag.py:539} INFO - Filling up the DagBag from /home/airflow/.local/lib/python3.8/site-packages/airflow/example_dags/tutorial_dag.py
[2023-09-05T06:32:30.640+0000] {processor.py:839} INFO - DAG(s) dict_keys(['tutorial_dag']) retrieved from /home/airflow/.local/lib/python3.8/site-packages/airflow/example_dags/tutorial_dag.py
[2023-09-05T06:32:30.653+0000] {logging_mixin.py:151} INFO - [2023-09-05T06:32:30.652+0000] {dag.py:2907} INFO - Sync 1 DAGs
[2023-09-05T06:32:30.674+0000] {logging_mixin.py:151} INFO - [2023-09-05T06:32:30.674+0000] {dag.py:3677} INFO - Setting next_dagrun for tutorial_dag to None, run_after=None
[2023-09-05T06:32:30.705+0000] {processor.py:179} INFO - Processing /home/airflow/.local/lib/python3.8/site-packages/airflow/example_dags/tutorial_dag.py took 0.077 seconds
[2023-09-05T06:33:01.451+0000] {processor.py:157} INFO - Started process (PID=793) to work on /home/airflow/.local/lib/python3.8/site-packages/airflow/example_dags/tutorial_dag.py
[2023-09-05T06:33:01.452+0000] {processor.py:829} INFO - Processing file /home/airflow/.local/lib/python3.8/site-packages/airflow/example_dags/tutorial_dag.py for tasks to queue
[2023-09-05T06:33:01.454+0000] {logging_mixin.py:151} INFO - [2023-09-05T06:33:01.453+0000] {dagbag.py:539} INFO - Filling up the DagBag from /home/airflow/.local/lib/python3.8/site-packages/airflow/example_dags/tutorial_dag.py
[2023-09-05T06:33:01.460+0000] {processor.py:839} INFO - DAG(s) dict_keys(['tutorial_dag']) retrieved from /home/airflow/.local/lib/python3.8/site-packages/airflow/example_dags/tutorial_dag.py
[2023-09-05T06:33:01.474+0000] {logging_mixin.py:151} INFO - [2023-09-05T06:33:01.473+0000] {dag.py:2907} INFO - Sync 1 DAGs
[2023-09-05T06:33:01.491+0000] {logging_mixin.py:151} INFO - [2023-09-05T06:33:01.490+0000] {dag.py:3677} INFO - Setting next_dagrun for tutorial_dag to None, run_after=None
[2023-09-05T06:33:01.517+0000] {processor.py:179} INFO - Processing /home/airflow/.local/lib/python3.8/site-packages/airflow/example_dags/tutorial_dag.py took 0.070 seconds
[2023-09-05T06:33:32.307+0000] {processor.py:157} INFO - Started process (PID=1031) to work on /home/airflow/.local/lib/python3.8/site-packages/airflow/example_dags/tutorial_dag.py
[2023-09-05T06:33:32.308+0000] {processor.py:829} INFO - Processing file /home/airflow/.local/lib/python3.8/site-packages/airflow/example_dags/tutorial_dag.py for tasks to queue
[2023-09-05T06:33:32.310+0000] {logging_mixin.py:151} INFO - [2023-09-05T06:33:32.309+0000] {dagbag.py:539} INFO - Filling up the DagBag from /home/airflow/.local/lib/python3.8/site-packages/airflow/example_dags/tutorial_dag.py
[2023-09-05T06:33:32.316+0000] {processor.py:839} INFO - DAG(s) dict_keys(['tutorial_dag']) retrieved from /home/airflow/.local/lib/python3.8/site-packages/airflow/example_dags/tutorial_dag.py
[2023-09-05T06:33:32.341+0000] {logging_mixin.py:151} INFO - [2023-09-05T06:33:32.340+0000] {dag.py:2907} INFO - Sync 1 DAGs
[2023-09-05T06:33:32.358+0000] {logging_mixin.py:151} INFO - [2023-09-05T06:33:32.358+0000] {dag.py:3677} INFO - Setting next_dagrun for tutorial_dag to None, run_after=None
[2023-09-05T06:33:32.387+0000] {processor.py:179} INFO - Processing /home/airflow/.local/lib/python3.8/site-packages/airflow/example_dags/tutorial_dag.py took 0.084 seconds
[2023-09-05T06:34:02.736+0000] {processor.py:157} INFO - Started process (PID=1269) to work on /home/airflow/.local/lib/python3.8/site-packages/airflow/example_dags/tutorial_dag.py
[2023-09-05T06:34:02.737+0000] {processor.py:829} INFO - Processing file /home/airflow/.local/lib/python3.8/site-packages/airflow/example_dags/tutorial_dag.py for tasks to queue
[2023-09-05T06:34:02.739+0000] {logging_mixin.py:151} INFO - [2023-09-05T06:34:02.738+0000] {dagbag.py:539} INFO - Filling up the DagBag from /home/airflow/.local/lib/python3.8/site-packages/airflow/example_dags/tutorial_dag.py
[2023-09-05T06:34:02.745+0000] {processor.py:839} INFO - DAG(s) dict_keys(['tutorial_dag']) retrieved from /home/airflow/.local/lib/python3.8/site-packages/airflow/example_dags/tutorial_dag.py
[2023-09-05T06:34:02.772+0000] {logging_mixin.py:151} INFO - [2023-09-05T06:34:02.772+0000] {dag.py:2907} INFO - Sync 1 DAGs
[2023-09-05T06:34:02.792+0000] {logging_mixin.py:151} INFO - [2023-09-05T06:34:02.792+0000] {dag.py:3677} INFO - Setting next_dagrun for tutorial_dag to None, run_after=None
[2023-09-05T06:34:02.816+0000] {processor.py:179} INFO - Processing /home/airflow/.local/lib/python3.8/site-packages/airflow/example_dags/tutorial_dag.py took 0.084 seconds
[2023-09-05T06:34:33.161+0000] {processor.py:157} INFO - Started process (PID=1507) to work on /home/airflow/.local/lib/python3.8/site-packages/airflow/example_dags/tutorial_dag.py
[2023-09-05T06:34:33.163+0000] {processor.py:829} INFO - Processing file /home/airflow/.local/lib/python3.8/site-packages/airflow/example_dags/tutorial_dag.py for tasks to queue
[2023-09-05T06:34:33.164+0000] {logging_mixin.py:151} INFO - [2023-09-05T06:34:33.164+0000] {dagbag.py:539} INFO - Filling up the DagBag from /home/airflow/.local/lib/python3.8/site-packages/airflow/example_dags/tutorial_dag.py
[2023-09-05T06:34:33.171+0000] {processor.py:839} INFO - DAG(s) dict_keys(['tutorial_dag']) retrieved from /home/airflow/.local/lib/python3.8/site-packages/airflow/example_dags/tutorial_dag.py
[2023-09-05T06:34:33.194+0000] {logging_mixin.py:151} INFO - [2023-09-05T06:34:33.194+0000] {dag.py:2907} INFO - Sync 1 DAGs
[2023-09-05T06:34:33.216+0000] {logging_mixin.py:151} INFO - [2023-09-05T06:34:33.216+0000] {dag.py:3677} INFO - Setting next_dagrun for tutorial_dag to None, run_after=None
[2023-09-05T06:34:33.240+0000] {processor.py:179} INFO - Processing /home/airflow/.local/lib/python3.8/site-packages/airflow/example_dags/tutorial_dag.py took 0.083 seconds
[2023-09-05T06:35:03.487+0000] {processor.py:157} INFO - Started process (PID=1745) to work on /home/airflow/.local/lib/python3.8/site-packages/airflow/example_dags/tutorial_dag.py
[2023-09-05T06:35:03.489+0000] {processor.py:829} INFO - Processing file /home/airflow/.local/lib/python3.8/site-packages/airflow/example_dags/tutorial_dag.py for tasks to queue
[2023-09-05T06:35:03.491+0000] {logging_mixin.py:151} INFO - [2023-09-05T06:35:03.490+0000] {dagbag.py:539} INFO - Filling up the DagBag from /home/airflow/.local/lib/python3.8/site-packages/airflow/example_dags/tutorial_dag.py
[2023-09-05T06:35:03.497+0000] {processor.py:839} INFO - DAG(s) dict_keys(['tutorial_dag']) retrieved from /home/airflow/.local/lib/python3.8/site-packages/airflow/example_dags/tutorial_dag.py
[2023-09-05T06:35:03.524+0000] {logging_mixin.py:151} INFO - [2023-09-05T06:35:03.524+0000] {dag.py:2907} INFO - Sync 1 DAGs
[2023-09-05T06:35:03.543+0000] {logging_mixin.py:151} INFO - [2023-09-05T06:35:03.542+0000] {dag.py:3677} INFO - Setting next_dagrun for tutorial_dag to None, run_after=None
[2023-09-05T06:35:03.568+0000] {processor.py:179} INFO - Processing /home/airflow/.local/lib/python3.8/site-packages/airflow/example_dags/tutorial_dag.py took 0.084 seconds
[2023-09-05T06:35:34.241+0000] {processor.py:157} INFO - Started process (PID=1983) to work on /home/airflow/.local/lib/python3.8/site-packages/airflow/example_dags/tutorial_dag.py
[2023-09-05T06:35:34.242+0000] {processor.py:829} INFO - Processing file /home/airflow/.local/lib/python3.8/site-packages/airflow/example_dags/tutorial_dag.py for tasks to queue
[2023-09-05T06:35:34.243+0000] {logging_mixin.py:151} INFO - [2023-09-05T06:35:34.243+0000] {dagbag.py:539} INFO - Filling up the DagBag from /home/airflow/.local/lib/python3.8/site-packages/airflow/example_dags/tutorial_dag.py
[2023-09-05T06:35:34.249+0000] {processor.py:839} INFO - DAG(s) dict_keys(['tutorial_dag']) retrieved from /home/airflow/.local/lib/python3.8/site-packages/airflow/example_dags/tutorial_dag.py
[2023-09-05T06:35:34.273+0000] {logging_mixin.py:151} INFO - [2023-09-05T06:35:34.273+0000] {dag.py:2907} INFO - Sync 1 DAGs
[2023-09-05T06:35:34.287+0000] {logging_mixin.py:151} INFO - [2023-09-05T06:35:34.287+0000] {dag.py:3677} INFO - Setting next_dagrun for tutorial_dag to None, run_after=None
[2023-09-05T06:35:34.308+0000] {processor.py:179} INFO - Processing /home/airflow/.local/lib/python3.8/site-packages/airflow/example_dags/tutorial_dag.py took 0.070 seconds
[2023-09-05T06:36:04.932+0000] {processor.py:157} INFO - Started process (PID=2221) to work on /home/airflow/.local/lib/python3.8/site-packages/airflow/example_dags/tutorial_dag.py
[2023-09-05T06:36:04.933+0000] {processor.py:829} INFO - Processing file /home/airflow/.local/lib/python3.8/site-packages/airflow/example_dags/tutorial_dag.py for tasks to queue
[2023-09-05T06:36:04.935+0000] {logging_mixin.py:151} INFO - [2023-09-05T06:36:04.934+0000] {dagbag.py:539} INFO - Filling up the DagBag from /home/airflow/.local/lib/python3.8/site-packages/airflow/example_dags/tutorial_dag.py
[2023-09-05T06:36:04.942+0000] {processor.py:839} INFO - DAG(s) dict_keys(['tutorial_dag']) retrieved from /home/airflow/.local/lib/python3.8/site-packages/airflow/example_dags/tutorial_dag.py
[2023-09-05T06:36:04.971+0000] {logging_mixin.py:151} INFO - [2023-09-05T06:36:04.971+0000] {dag.py:2907} INFO - Sync 1 DAGs
[2023-09-05T06:36:04.994+0000] {logging_mixin.py:151} INFO - [2023-09-05T06:36:04.994+0000] {dag.py:3677} INFO - Setting next_dagrun for tutorial_dag to None, run_after=None
[2023-09-05T06:36:05.023+0000] {processor.py:179} INFO - Processing /home/airflow/.local/lib/python3.8/site-packages/airflow/example_dags/tutorial_dag.py took 0.094 seconds
