[2023-09-05T06:32:00.094+0000] {processor.py:157} INFO - Started process (PID=327) to work on /home/airflow/.local/lib/python3.8/site-packages/airflow/example_dags/tutorial_taskflow_api.py
[2023-09-05T06:32:00.097+0000] {processor.py:829} INFO - Processing file /home/airflow/.local/lib/python3.8/site-packages/airflow/example_dags/tutorial_taskflow_api.py for tasks to queue
[2023-09-05T06:32:00.099+0000] {logging_mixin.py:151} INFO - [2023-09-05T06:32:00.099+0000] {dagbag.py:539} INFO - Filling up the DagBag from /home/airflow/.local/lib/python3.8/site-packages/airflow/example_dags/tutorial_taskflow_api.py
[2023-09-05T06:32:00.115+0000] {processor.py:839} INFO - DAG(s) dict_keys(['tutorial_taskflow_api']) retrieved from /home/airflow/.local/lib/python3.8/site-packages/airflow/example_dags/tutorial_taskflow_api.py
[2023-09-05T06:32:00.161+0000] {logging_mixin.py:151} INFO - [2023-09-05T06:32:00.157+0000] {dag.py:2907} INFO - Sync 1 DAGs
[2023-09-05T06:32:00.189+0000] {logging_mixin.py:151} INFO - [2023-09-05T06:32:00.189+0000] {dag.py:3677} INFO - Setting next_dagrun for tutorial_taskflow_api to None, run_after=None
[2023-09-05T06:32:00.235+0000] {processor.py:179} INFO - Processing /home/airflow/.local/lib/python3.8/site-packages/airflow/example_dags/tutorial_taskflow_api.py took 0.155 seconds
[2023-09-05T06:32:30.738+0000] {processor.py:157} INFO - Started process (PID=566) to work on /home/airflow/.local/lib/python3.8/site-packages/airflow/example_dags/tutorial_taskflow_api.py
[2023-09-05T06:32:30.739+0000] {processor.py:829} INFO - Processing file /home/airflow/.local/lib/python3.8/site-packages/airflow/example_dags/tutorial_taskflow_api.py for tasks to queue
[2023-09-05T06:32:30.741+0000] {logging_mixin.py:151} INFO - [2023-09-05T06:32:30.741+0000] {dagbag.py:539} INFO - Filling up the DagBag from /home/airflow/.local/lib/python3.8/site-packages/airflow/example_dags/tutorial_taskflow_api.py
[2023-09-05T06:32:30.748+0000] {processor.py:839} INFO - DAG(s) dict_keys(['tutorial_taskflow_api']) retrieved from /home/airflow/.local/lib/python3.8/site-packages/airflow/example_dags/tutorial_taskflow_api.py
[2023-09-05T06:32:30.762+0000] {logging_mixin.py:151} INFO - [2023-09-05T06:32:30.761+0000] {dag.py:2907} INFO - Sync 1 DAGs
[2023-09-05T06:32:30.786+0000] {logging_mixin.py:151} INFO - [2023-09-05T06:32:30.786+0000] {dag.py:3677} INFO - Setting next_dagrun for tutorial_taskflow_api to None, run_after=None
[2023-09-05T06:32:30.812+0000] {processor.py:179} INFO - Processing /home/airflow/.local/lib/python3.8/site-packages/airflow/example_dags/tutorial_taskflow_api.py took 0.077 seconds
[2023-09-05T06:33:01.641+0000] {processor.py:157} INFO - Started process (PID=803) to work on /home/airflow/.local/lib/python3.8/site-packages/airflow/example_dags/tutorial_taskflow_api.py
[2023-09-05T06:33:01.643+0000] {processor.py:829} INFO - Processing file /home/airflow/.local/lib/python3.8/site-packages/airflow/example_dags/tutorial_taskflow_api.py for tasks to queue
[2023-09-05T06:33:01.644+0000] {logging_mixin.py:151} INFO - [2023-09-05T06:33:01.644+0000] {dagbag.py:539} INFO - Filling up the DagBag from /home/airflow/.local/lib/python3.8/site-packages/airflow/example_dags/tutorial_taskflow_api.py
[2023-09-05T06:33:01.653+0000] {processor.py:839} INFO - DAG(s) dict_keys(['tutorial_taskflow_api']) retrieved from /home/airflow/.local/lib/python3.8/site-packages/airflow/example_dags/tutorial_taskflow_api.py
[2023-09-05T06:33:01.675+0000] {logging_mixin.py:151} INFO - [2023-09-05T06:33:01.674+0000] {dag.py:2907} INFO - Sync 1 DAGs
[2023-09-05T06:33:01.692+0000] {logging_mixin.py:151} INFO - [2023-09-05T06:33:01.692+0000] {dag.py:3677} INFO - Setting next_dagrun for tutorial_taskflow_api to None, run_after=None
[2023-09-05T06:33:01.715+0000] {processor.py:179} INFO - Processing /home/airflow/.local/lib/python3.8/site-packages/airflow/example_dags/tutorial_taskflow_api.py took 0.077 seconds
[2023-09-05T06:33:32.428+0000] {processor.py:157} INFO - Started process (PID=1041) to work on /home/airflow/.local/lib/python3.8/site-packages/airflow/example_dags/tutorial_taskflow_api.py
[2023-09-05T06:33:32.430+0000] {processor.py:829} INFO - Processing file /home/airflow/.local/lib/python3.8/site-packages/airflow/example_dags/tutorial_taskflow_api.py for tasks to queue
[2023-09-05T06:33:32.431+0000] {logging_mixin.py:151} INFO - [2023-09-05T06:33:32.431+0000] {dagbag.py:539} INFO - Filling up the DagBag from /home/airflow/.local/lib/python3.8/site-packages/airflow/example_dags/tutorial_taskflow_api.py
[2023-09-05T06:33:32.438+0000] {processor.py:839} INFO - DAG(s) dict_keys(['tutorial_taskflow_api']) retrieved from /home/airflow/.local/lib/python3.8/site-packages/airflow/example_dags/tutorial_taskflow_api.py
[2023-09-05T06:33:32.460+0000] {logging_mixin.py:151} INFO - [2023-09-05T06:33:32.460+0000] {dag.py:2907} INFO - Sync 1 DAGs
[2023-09-05T06:33:32.475+0000] {logging_mixin.py:151} INFO - [2023-09-05T06:33:32.474+0000] {dag.py:3677} INFO - Setting next_dagrun for tutorial_taskflow_api to None, run_after=None
[2023-09-05T06:33:32.504+0000] {processor.py:179} INFO - Processing /home/airflow/.local/lib/python3.8/site-packages/airflow/example_dags/tutorial_taskflow_api.py took 0.079 seconds
[2023-09-05T06:34:02.858+0000] {processor.py:157} INFO - Started process (PID=1279) to work on /home/airflow/.local/lib/python3.8/site-packages/airflow/example_dags/tutorial_taskflow_api.py
[2023-09-05T06:34:02.859+0000] {processor.py:829} INFO - Processing file /home/airflow/.local/lib/python3.8/site-packages/airflow/example_dags/tutorial_taskflow_api.py for tasks to queue
[2023-09-05T06:34:02.860+0000] {logging_mixin.py:151} INFO - [2023-09-05T06:34:02.860+0000] {dagbag.py:539} INFO - Filling up the DagBag from /home/airflow/.local/lib/python3.8/site-packages/airflow/example_dags/tutorial_taskflow_api.py
[2023-09-05T06:34:02.870+0000] {processor.py:839} INFO - DAG(s) dict_keys(['tutorial_taskflow_api']) retrieved from /home/airflow/.local/lib/python3.8/site-packages/airflow/example_dags/tutorial_taskflow_api.py
[2023-09-05T06:34:02.902+0000] {logging_mixin.py:151} INFO - [2023-09-05T06:34:02.901+0000] {dag.py:2907} INFO - Sync 1 DAGs
[2023-09-05T06:34:02.920+0000] {logging_mixin.py:151} INFO - [2023-09-05T06:34:02.920+0000] {dag.py:3677} INFO - Setting next_dagrun for tutorial_taskflow_api to None, run_after=None
[2023-09-05T06:34:02.945+0000] {processor.py:179} INFO - Processing /home/airflow/.local/lib/python3.8/site-packages/airflow/example_dags/tutorial_taskflow_api.py took 0.091 seconds
[2023-09-05T06:34:33.277+0000] {processor.py:157} INFO - Started process (PID=1517) to work on /home/airflow/.local/lib/python3.8/site-packages/airflow/example_dags/tutorial_taskflow_api.py
[2023-09-05T06:34:33.279+0000] {processor.py:829} INFO - Processing file /home/airflow/.local/lib/python3.8/site-packages/airflow/example_dags/tutorial_taskflow_api.py for tasks to queue
[2023-09-05T06:34:33.280+0000] {logging_mixin.py:151} INFO - [2023-09-05T06:34:33.280+0000] {dagbag.py:539} INFO - Filling up the DagBag from /home/airflow/.local/lib/python3.8/site-packages/airflow/example_dags/tutorial_taskflow_api.py
[2023-09-05T06:34:33.288+0000] {processor.py:839} INFO - DAG(s) dict_keys(['tutorial_taskflow_api']) retrieved from /home/airflow/.local/lib/python3.8/site-packages/airflow/example_dags/tutorial_taskflow_api.py
[2023-09-05T06:34:33.319+0000] {logging_mixin.py:151} INFO - [2023-09-05T06:34:33.318+0000] {dag.py:2907} INFO - Sync 1 DAGs
[2023-09-05T06:34:33.337+0000] {logging_mixin.py:151} INFO - [2023-09-05T06:34:33.337+0000] {dag.py:3677} INFO - Setting next_dagrun for tutorial_taskflow_api to None, run_after=None
[2023-09-05T06:34:33.367+0000] {processor.py:179} INFO - Processing /home/airflow/.local/lib/python3.8/site-packages/airflow/example_dags/tutorial_taskflow_api.py took 0.093 seconds
[2023-09-05T06:35:03.607+0000] {processor.py:157} INFO - Started process (PID=1755) to work on /home/airflow/.local/lib/python3.8/site-packages/airflow/example_dags/tutorial_taskflow_api.py
[2023-09-05T06:35:03.610+0000] {processor.py:829} INFO - Processing file /home/airflow/.local/lib/python3.8/site-packages/airflow/example_dags/tutorial_taskflow_api.py for tasks to queue
[2023-09-05T06:35:03.612+0000] {logging_mixin.py:151} INFO - [2023-09-05T06:35:03.612+0000] {dagbag.py:539} INFO - Filling up the DagBag from /home/airflow/.local/lib/python3.8/site-packages/airflow/example_dags/tutorial_taskflow_api.py
[2023-09-05T06:35:03.620+0000] {processor.py:839} INFO - DAG(s) dict_keys(['tutorial_taskflow_api']) retrieved from /home/airflow/.local/lib/python3.8/site-packages/airflow/example_dags/tutorial_taskflow_api.py
[2023-09-05T06:35:03.643+0000] {logging_mixin.py:151} INFO - [2023-09-05T06:35:03.643+0000] {dag.py:2907} INFO - Sync 1 DAGs
[2023-09-05T06:35:03.665+0000] {logging_mixin.py:151} INFO - [2023-09-05T06:35:03.665+0000] {dag.py:3677} INFO - Setting next_dagrun for tutorial_taskflow_api to None, run_after=None
[2023-09-05T06:35:03.700+0000] {processor.py:179} INFO - Processing /home/airflow/.local/lib/python3.8/site-packages/airflow/example_dags/tutorial_taskflow_api.py took 0.097 seconds
[2023-09-05T06:35:34.465+0000] {processor.py:157} INFO - Started process (PID=1995) to work on /home/airflow/.local/lib/python3.8/site-packages/airflow/example_dags/tutorial_taskflow_api.py
[2023-09-05T06:35:34.467+0000] {processor.py:829} INFO - Processing file /home/airflow/.local/lib/python3.8/site-packages/airflow/example_dags/tutorial_taskflow_api.py for tasks to queue
[2023-09-05T06:35:34.469+0000] {logging_mixin.py:151} INFO - [2023-09-05T06:35:34.468+0000] {dagbag.py:539} INFO - Filling up the DagBag from /home/airflow/.local/lib/python3.8/site-packages/airflow/example_dags/tutorial_taskflow_api.py
[2023-09-05T06:35:34.478+0000] {processor.py:839} INFO - DAG(s) dict_keys(['tutorial_taskflow_api']) retrieved from /home/airflow/.local/lib/python3.8/site-packages/airflow/example_dags/tutorial_taskflow_api.py
[2023-09-05T06:35:34.511+0000] {logging_mixin.py:151} INFO - [2023-09-05T06:35:34.510+0000] {dag.py:2907} INFO - Sync 1 DAGs
[2023-09-05T06:35:34.529+0000] {logging_mixin.py:151} INFO - [2023-09-05T06:35:34.529+0000] {dag.py:3677} INFO - Setting next_dagrun for tutorial_taskflow_api to None, run_after=None
[2023-09-05T06:35:34.557+0000] {processor.py:179} INFO - Processing /home/airflow/.local/lib/python3.8/site-packages/airflow/example_dags/tutorial_taskflow_api.py took 0.097 seconds
[2023-09-05T06:36:05.096+0000] {processor.py:157} INFO - Started process (PID=2231) to work on /home/airflow/.local/lib/python3.8/site-packages/airflow/example_dags/tutorial_taskflow_api.py
[2023-09-05T06:36:05.097+0000] {processor.py:829} INFO - Processing file /home/airflow/.local/lib/python3.8/site-packages/airflow/example_dags/tutorial_taskflow_api.py for tasks to queue
[2023-09-05T06:36:05.100+0000] {logging_mixin.py:151} INFO - [2023-09-05T06:36:05.099+0000] {dagbag.py:539} INFO - Filling up the DagBag from /home/airflow/.local/lib/python3.8/site-packages/airflow/example_dags/tutorial_taskflow_api.py
[2023-09-05T06:36:05.109+0000] {processor.py:839} INFO - DAG(s) dict_keys(['tutorial_taskflow_api']) retrieved from /home/airflow/.local/lib/python3.8/site-packages/airflow/example_dags/tutorial_taskflow_api.py
[2023-09-05T06:36:05.132+0000] {logging_mixin.py:151} INFO - [2023-09-05T06:36:05.132+0000] {dag.py:2907} INFO - Sync 1 DAGs
[2023-09-05T06:36:05.149+0000] {logging_mixin.py:151} INFO - [2023-09-05T06:36:05.149+0000] {dag.py:3677} INFO - Setting next_dagrun for tutorial_taskflow_api to None, run_after=None
[2023-09-05T06:36:05.179+0000] {processor.py:179} INFO - Processing /home/airflow/.local/lib/python3.8/site-packages/airflow/example_dags/tutorial_taskflow_api.py took 0.088 seconds
